5.423100590705871582e-01
4.387747347354888916e-01
3.596166074275970459e-01
6.017983555793762207e-01
6.254352331161499023e-01
5.097135901451110840e-01
5.547242164611816406e-01
5.403737425804138184e-01
5.448172688484191895e-01
5.578188300132751465e-01
5.260638594627380371e-01
4.928191602230072021e-01
5.915871262550354004e-01
4.490679204463958740e-01
3.295081555843353271e-01
3.735209107398986816e-01
4.588025510311126709e-01
4.752354323863983154e-01
5.450093746185302734e-01
4.874709844589233398e-01
5.027663707733154297e-01
5.940557718276977539e-01
4.884467720985412598e-01
5.710100531578063965e-01
4.738371372222900391e-01
5.520172715187072754e-01
5.995985865592956543e-01
6.238546371459960938e-01
4.293333888053894043e-01
5.605794787406921387e-01
4.980114996433258057e-01
5.099505782127380371e-01
4.034122228622436523e-01
6.095789074897766113e-01
4.453700184822082520e-01
5.927147865295410156e-01
5.282146334648132324e-01
5.765514969825744629e-01
5.296313762664794922e-01
4.693961441516876221e-01
5.070055127143859863e-01
5.809624195098876953e-01
4.728682041168212891e-01
5.869654417037963867e-01
6.029198169708251953e-01
4.633279740810394287e-01
6.663866043090820312e-01
5.699751973152160645e-01
4.011836647987365723e-01
5.407713055610656738e-01
6.017301082611083984e-01
3.863771557807922363e-01
5.409457683563232422e-01
5.120653510093688965e-01
5.995065569877624512e-01
4.483073055744171143e-01
5.757658481597900391e-01
4.915002584457397461e-01
5.075058341026306152e-01
5.521658658981323242e-01
3.610784411430358887e-01
5.888998508453369141e-01
4.384706914424896240e-01
4.422959387302398682e-01
5.400210618972778320e-01
4.613964557647705078e-01
6.283034682273864746e-01
5.532334446907043457e-01
4.438689947128295898e-01
5.233439207077026367e-01
5.743303894996643066e-01
4.769909679889678955e-01
5.124157071113586426e-01
5.387572646141052246e-01
4.781460762023925781e-01
4.624170660972595215e-01
6.383552551269531250e-01
3.886434733867645264e-01
4.718532860279083252e-01
5.075654387474060059e-01
5.062424540519714355e-01
4.841267466545104980e-01
5.304145812988281250e-01
5.199384093284606934e-01
4.581513106822967529e-01
6.052491664886474609e-01
5.036447644233703613e-01
3.715136945247650146e-01
4.871314764022827148e-01
5.044752955436706543e-01
6.218686699867248535e-01
5.191824436187744141e-01
5.046687126159667969e-01
5.435081124305725098e-01
6.360877156257629395e-01
5.125565528869628906e-01
4.554767608642578125e-01
5.089075565338134766e-01
5.728960037231445312e-01
4.266695380210876465e-01
5.299292206764221191e-01
5.519064068794250488e-01
5.195442438125610352e-01
5.377060770988464355e-01
4.996339380741119385e-01
4.905822575092315674e-01
4.901717305183410645e-01
4.741868674755096436e-01
4.486017227172851562e-01
4.944913685321807861e-01
4.302230179309844971e-01
4.810461103916168213e-01
4.820644855499267578e-01
6.035032272338867188e-01
4.917254745960235596e-01
5.955771207809448242e-01
3.417025208473205566e-01
6.179440617561340332e-01
5.457342863082885742e-01
6.254643201828002930e-01
5.641454458236694336e-01
4.376631379127502441e-01
5.892649292945861816e-01
4.870662987232208252e-01
5.599231719970703125e-01
4.806208610534667969e-01
5.799835324287414551e-01
6.455628275871276855e-01
5.131788253784179688e-01
5.891887545585632324e-01
4.545277357101440430e-01
5.927030444145202637e-01
5.349875688552856445e-01
4.969463944435119629e-01
6.216614246368408203e-01
4.907435178756713867e-01
5.675907731056213379e-01
4.819225966930389404e-01
5.469770431518554688e-01
4.020413160324096680e-01
6.257713437080383301e-01
4.707642793655395508e-01
4.448807835578918457e-01
6.248105168342590332e-01
4.703318774700164795e-01
4.755411446094512939e-01
5.582396388053894043e-01
4.794779419898986816e-01
6.187339425086975098e-01
4.032971262931823730e-01
5.249374508857727051e-01
4.153649508953094482e-01
5.404100418090820312e-01
4.122523367404937744e-01
4.444866478443145752e-01
4.487478137016296387e-01
5.849773287773132324e-01
5.585222840309143066e-01
5.373249650001525879e-01
6.198296546936035156e-01
5.950651168823242188e-01
3.867164254188537598e-01
5.736311674118041992e-01
4.427827894687652588e-01
5.375642776489257812e-01
6.166626214981079102e-01
5.811238288879394531e-01
4.236156940460205078e-01
5.672038793563842773e-01
4.288758933544158936e-01
4.947322905063629150e-01
5.806703567504882812e-01
4.756332337856292725e-01
6.078242063522338867e-01
4.909265041351318359e-01
4.535982608795166016e-01
6.194332242012023926e-01
4.952310919761657715e-01
5.249357223510742188e-01
4.491493105888366699e-01
4.233388006687164307e-01
4.004117846488952637e-01
6.256943345069885254e-01
5.991137623786926270e-01
4.619328975677490234e-01
4.841569066047668457e-01
5.472756624221801758e-01
5.377449989318847656e-01
6.093252897262573242e-01
6.279522776603698730e-01
4.980134665966033936e-01
4.621652066707611084e-01
4.661871194839477539e-01
6.038590073585510254e-01
3.948898911476135254e-01
5.405945181846618652e-01
6.110901236534118652e-01
3.421878814697265625e-01
4.840301275253295898e-01
5.209417343139648438e-01
6.566444039344787598e-01
4.715274870395660400e-01
5.456545948982238770e-01
4.937559962272644043e-01
6.271867752075195312e-01
4.806328415870666504e-01
4.538908302783966064e-01
5.390081405639648438e-01
6.313880085945129395e-01
4.857354164123535156e-01
5.882341861724853516e-01
4.561380445957183838e-01
4.804666638374328613e-01
5.477302074432373047e-01
4.571363925933837891e-01
6.033229231834411621e-01
4.819371700286865234e-01
4.868699610233306885e-01
5.151254534721374512e-01
6.098912954330444336e-01
4.794232249259948730e-01
5.964916348457336426e-01
4.754475653171539307e-01
6.117102503776550293e-01
5.555906295776367188e-01
5.730515122413635254e-01
4.913572371006011963e-01
5.955575704574584961e-01
5.868515968322753906e-01
4.071070551872253418e-01
5.386415123939514160e-01
5.967481136322021484e-01
4.845068752765655518e-01
5.742406845092773438e-01
5.232061743736267090e-01
6.217869520187377930e-01
6.061980724334716797e-01
4.862274229526519775e-01
4.752074182033538818e-01
4.681198894977569580e-01
6.055222153663635254e-01
5.473577976226806641e-01
4.563415944576263428e-01
4.808808267116546631e-01
6.345489621162414551e-01
3.997118473052978516e-01
5.375000834465026855e-01
6.476315855979919434e-01
5.796332955360412598e-01
4.006581902503967285e-01
4.171571433544158936e-01
5.695208907127380371e-01
5.360852479934692383e-01
5.003745555877685547e-01
5.116909146308898926e-01
6.006377935409545898e-01
6.309801936149597168e-01
6.183446049690246582e-01
5.248981714248657227e-01
6.105886697769165039e-01
3.688498735427856445e-01
5.388810634613037109e-01
6.076760292053222656e-01
5.215338468551635742e-01
5.733965039253234863e-01
6.084102392196655273e-01
5.818700790405273438e-01
5.781798362731933594e-01
6.271634101867675781e-01
5.652136802673339844e-01
5.987653136253356934e-01
6.140204071998596191e-01
5.715175867080688477e-01
4.558393955230712891e-01
4.718394577503204346e-01
5.260638594627380371e-01
4.298950433731079102e-01
4.660077095031738281e-01
6.154034137725830078e-01
5.756469964981079102e-01
5.955145359039306641e-01
5.296887755393981934e-01
5.910277962684631348e-01
6.087560057640075684e-01
4.596616625785827637e-01
4.953100979328155518e-01
5.643776059150695801e-01
5.226039290428161621e-01
3.366431593894958496e-01
6.363259553909301758e-01
5.693405270576477051e-01
4.825411438941955566e-01
5.710682868957519531e-01
4.711627960205078125e-01
5.162665843963623047e-01
5.454266071319580078e-01
6.247930526733398438e-01
4.857554137706756592e-01
5.065840482711791992e-01
4.838986098766326904e-01
5.469747781753540039e-01
4.811097085475921631e-01
6.305642724037170410e-01
4.890691936016082764e-01
4.787486195564270020e-01
5.132901668548583984e-01
4.551745951175689697e-01
4.940910041332244873e-01
5.545728802680969238e-01
4.032971262931823730e-01
5.968095660209655762e-01
6.425204873085021973e-01
5.094197392463684082e-01
4.265065491199493408e-01
5.567137598991394043e-01
5.879744887351989746e-01
5.075477957725524902e-01
5.175676941871643066e-01
5.554647445678710938e-01
6.252269148826599121e-01
5.799806118011474609e-01
3.449628949165344238e-01
6.009071469306945801e-01
5.081419944763183594e-01
4.792452156543731689e-01
5.604113340377807617e-01
5.409693717956542969e-01
6.128740906715393066e-01
4.810659587383270264e-01
5.295038223266601562e-01
4.945991337299346924e-01
5.303866267204284668e-01
4.937380254268646240e-01
5.437721610069274902e-01
5.889784693717956543e-01
4.672402143478393555e-01
6.097936630249023438e-01
6.154963970184326172e-01
4.849113523960113525e-01
5.407284498214721680e-01
4.857094585895538330e-01
3.625822663307189941e-01
4.998762607574462891e-01
5.954645276069641113e-01
4.712852835655212402e-01
5.716286897659301758e-01
6.281663179397583008e-01
6.228185296058654785e-01
4.270001351833343506e-01
5.929049253463745117e-01
5.768076777458190918e-01
5.681360363960266113e-01
6.339211463928222656e-01
5.186308026313781738e-01
3.693681955337524414e-01
6.479330062866210938e-01
4.664389491081237793e-01
3.969699740409851074e-01
5.170893669128417969e-01
3.925957977771759033e-01
5.930668711662292480e-01
6.405625343322753906e-01
4.803866147994995117e-01
4.912728071212768555e-01
4.689225256443023682e-01
6.142498850822448730e-01
4.149284958839416504e-01
6.231339573860168457e-01
5.064932107925415039e-01
5.538170933723449707e-01
4.895483255386352539e-01
6.421148777008056641e-01
5.244261622428894043e-01
4.643395841121673584e-01
4.050602316856384277e-01
5.743782520294189453e-01
6.402337551116943359e-01
6.199897527694702148e-01
5.694469213485717773e-01
4.814928472042083740e-01
5.855640172958374023e-01
6.605708003044128418e-01
4.155450463294982910e-01
5.760694742202758789e-01
4.698690772056579590e-01
4.822510480880737305e-01
5.028808116912841797e-01
4.567952454090118408e-01
6.050971150398254395e-01
5.711452364921569824e-01
4.686025679111480713e-01
5.877128243446350098e-01
5.324843525886535645e-01
6.278318762779235840e-01
4.827341437339782715e-01
6.078906655311584473e-01
5.322743654251098633e-01
6.058793663978576660e-01
4.145806133747100830e-01
4.599123299121856689e-01
5.697966814041137695e-01
4.378217756748199463e-01
3.436360955238342285e-01
6.158698797225952148e-01
5.920619964599609375e-01
4.599460065364837646e-01
5.817309617996215820e-01
8.177846670150756836e-01
5.599667429924011230e-01
4.821452498435974121e-01
3.980149626731872559e-01
7.845133543014526367e-01
6.047008037567138672e-01
4.259025156497955322e-01
2.701779305934906006e-01
2.995977103710174561e-01
4.000301957130432129e-01
7.491874694824218750e-01
5.905285477638244629e-01
4.153858423233032227e-01
4.088883101940155029e-01
5.893766880035400391e-01
7.796641588211059570e-01
7.557975053787231445e-01
6.560927033424377441e-01
8.127499818801879883e-01
6.112007498741149902e-01
6.103138923645019531e-01
3.651640117168426514e-01
7.059121727943420410e-01
7.190526723861694336e-01
5.559839010238647461e-01
4.383233785629272461e-01
6.066121459007263184e-01
5.041944980621337891e-01
6.224982142448425293e-01
5.157511234283447266e-01
6.029218435287475586e-01
6.841191649436950684e-01
5.086737871170043945e-01
7.153962850570678711e-01
6.086826920509338379e-01
5.136439800262451172e-01
6.377409100532531738e-01
5.718593597412109375e-01
4.897771477699279785e-01
6.165097355842590332e-01
5.922625660896301270e-01
3.422510325908660889e-01
8.199289441108703613e-01
6.141561269760131836e-01
4.474558234214782715e-01
4.833489060401916504e-01
4.140090346336364746e-01
6.689939498901367188e-01
4.375020861625671387e-01
5.024176836013793945e-01
5.235196948051452637e-01
7.268725037574768066e-01
7.550879120826721191e-01
3.309335708618164062e-01
5.965116024017333984e-01
3.643838465213775635e-01
3.792635202407836914e-01
5.739039182662963867e-01
3.970042169094085693e-01
4.954058527946472168e-01
5.594049096107482910e-01
3.924463391304016113e-01
5.299763083457946777e-01
7.266148924827575684e-01
4.232942163944244385e-01
5.870801806449890137e-01
6.961594820022583008e-01
4.475325942039489746e-01
7.414897084236145020e-01
6.034125089645385742e-01
4.745164513587951660e-01
7.340410947799682617e-01
4.451622068881988525e-01
4.004378318786621094e-01
5.284368395805358887e-01
6.863681077957153320e-01
8.247309327125549316e-01
5.022106766700744629e-01
6.292899250984191895e-01
5.518839359283447266e-01
3.826329708099365234e-01
5.324500203132629395e-01
5.670894980430603027e-01
6.076620817184448242e-01
6.012907028198242188e-01
5.050091147422790527e-01
8.221292495727539062e-01
5.950104594230651855e-01
7.549387216567993164e-01
7.828936576843261719e-01
7.931783199310302734e-01
5.727835893630981445e-01
4.545665681362152100e-01
5.883091092109680176e-01
5.745416283607482910e-01
7.187501192092895508e-01
6.215441823005676270e-01
7.507369518280029297e-01
7.951266169548034668e-01
4.536852836608886719e-01
7.666841745376586914e-01
4.922474622726440430e-01
6.087368726730346680e-01
3.873614668846130371e-01
5.182495713233947754e-01
7.350049614906311035e-01
5.734983086585998535e-01
7.084603309631347656e-01
6.177392601966857910e-01
3.650093674659729004e-01
6.082017421722412109e-01
4.419015645980834961e-01
6.137183904647827148e-01
7.866432666778564453e-01
4.755090475082397461e-01
6.912833452224731445e-01
4.095770716667175293e-01
6.437823176383972168e-01
3.892628848552703857e-01
7.448083162307739258e-01
5.193948745727539062e-01
4.252802133560180664e-01
5.778508782386779785e-01
4.239207208156585693e-01
5.885899662971496582e-01
4.891273677349090576e-01
4.881705641746520996e-01
5.572463870048522949e-01
7.061828970909118652e-01
5.989840030670166016e-01
7.110027670860290527e-01
5.120421648025512695e-01
4.002369642257690430e-01
5.935809612274169922e-01
7.645147442817687988e-01
5.694497227668762207e-01
6.094887852668762207e-01
4.300479292869567871e-01
5.048286318778991699e-01
8.236538171768188477e-01
5.409278273582458496e-01
6.225795745849609375e-01
3.962113559246063232e-01
6.185353994369506836e-01
3.656753897666931152e-01
7.644330859184265137e-01
3.825754523277282715e-01
5.162537097930908203e-01
3.603248298168182373e-01
7.507454752922058105e-01
7.622244358062744141e-01
6.909444332122802734e-01
6.066769361495971680e-01
5.524013042449951172e-01
5.285766720771789551e-01
5.995845198631286621e-01
5.442259311676025391e-01
6.538770794868469238e-01
5.953084826469421387e-01
6.007676124572753906e-01
4.306101500988006592e-01
7.001534700393676758e-01
3.562951087951660156e-01
3.820774257183074951e-01
5.780251622200012207e-01
7.101691961288452148e-01
5.781506299972534180e-01
7.303416132926940918e-01
3.938411474227905273e-01
5.981730818748474121e-01
5.548109412193298340e-01
5.821168422698974609e-01
3.917824029922485352e-01
4.264496862888336182e-01
3.538109958171844482e-01
5.919718742370605469e-01
5.973199605941772461e-01
4.307872653007507324e-01
4.865655601024627686e-01
5.741790533065795898e-01
7.206649184226989746e-01
5.672852396965026855e-01
4.792695045471191406e-01
7.274348139762878418e-01
7.250026464462280273e-01
8.377764225006103516e-01
6.156226992607116699e-01
4.291735291481018066e-01
5.689200758934020996e-01
5.854984521865844727e-01
4.484613239765167236e-01
7.102905511856079102e-01
4.887564778327941895e-01
5.977458357810974121e-01
5.054604411125183105e-01
5.898395776748657227e-01
7.347993850708007812e-01
5.975358486175537109e-01
7.265120744705200195e-01
5.069131851196289062e-01
6.450183987617492676e-01
5.774886608123779297e-01
6.751715540885925293e-01
5.919548273086547852e-01
3.674702346324920654e-01
7.074091434478759766e-01
5.518988370895385742e-01
3.678257465362548828e-01
5.824189186096191406e-01
7.958138585090637207e-01
7.571483254432678223e-01
5.859024524688720703e-01
6.109056472778320312e-01
4.077169597148895264e-01
4.486894905567169189e-01
5.407814979553222656e-01
6.031233668327331543e-01
5.758860111236572266e-01
7.609791159629821777e-01
5.176017880439758301e-01
5.973576903343200684e-01
6.124071478843688965e-01
4.335339665412902832e-01
8.274536728858947754e-01
6.295541524887084961e-01
7.384251952171325684e-01
6.001194119453430176e-01
5.045477151870727539e-01
6.702432036399841309e-01
5.963494181632995605e-01
5.347795486450195312e-01
7.718846201896667480e-01
7.336278557777404785e-01
6.169587373733520508e-01
7.762885689735412598e-01
4.498472511768341064e-01
5.147680640220642090e-01
5.887721180915832520e-01
3.868566453456878662e-01
7.360309362411499023e-01
6.216003298759460449e-01
5.957823395729064941e-01
3.992627263069152832e-01
3.559074997901916504e-01
6.091352701187133789e-01
6.032711267471313477e-01
7.176607847213745117e-01
4.021726250648498535e-01
7.457942366600036621e-01
4.649371802806854248e-01
6.117855310440063477e-01
5.394326448440551758e-01
6.045141816139221191e-01
4.434034526348114014e-01
5.891224741935729980e-01
5.643662214279174805e-01
5.969204902648925781e-01
7.753547430038452148e-01
5.560819506645202637e-01
5.919936299324035645e-01
5.319157838821411133e-01
6.050503253936767578e-01
6.162110567092895508e-01
6.289556026458740234e-01
6.015667915344238281e-01
6.406972408294677734e-01
3.661673069000244141e-01
7.779265046119689941e-01
3.980149626731872559e-01
3.618743419647216797e-01
4.456887841224670410e-01
5.900787115097045898e-01
5.943177938461303711e-01
7.624710798263549805e-01
8.242720365524291992e-01
5.845507383346557617e-01
6.225879192352294922e-01
7.386108040809631348e-01
7.175647020339965820e-01
6.165236830711364746e-01
4.981299936771392822e-01
3.193557262420654297e-01
5.869789123535156250e-01
5.975540280342102051e-01
7.479972243309020996e-01
5.793256163597106934e-01
7.444256544113159180e-01
5.327610969543457031e-01
7.175802588462829590e-01
6.006569266319274902e-01
4.330516457557678223e-01
4.520829916000366211e-01
7.334271669387817383e-01
5.716463327407836914e-01
4.993402361869812012e-01
6.030765771865844727e-01
5.108791589736938477e-01
4.322325587272644043e-01
5.392342209815979004e-01
4.499568045139312744e-01
5.335577726364135742e-01
4.664685130119323730e-01
3.962113559246063232e-01
6.168718338012695312e-01
6.229981184005737305e-01
4.372724294662475586e-01
4.909654259681701660e-01
8.206095695495605469e-01
5.868750810623168945e-01
5.899888277053833008e-01
4.356627464294433594e-01
5.767143368721008301e-01
5.813210606575012207e-01
5.935388803482055664e-01
3.504034876823425293e-01
6.024108529090881348e-01
4.253765344619750977e-01
7.250477075576782227e-01
5.809655785560607910e-01
8.074898123741149902e-01
6.224477291107177734e-01
5.378510355949401855e-01
4.961266517639160156e-01
7.890112996101379395e-01
5.582054257392883301e-01
7.673062682151794434e-01
4.656352400779724121e-01
5.625666975975036621e-01
7.973083853721618652e-01
5.848860144615173340e-01
6.026012897491455078e-01
7.977451682090759277e-01
5.590074658393859863e-01
4.326917529106140137e-01
4.931083321571350098e-01
4.961138367652893066e-01
6.482943892478942871e-01
7.828779220581054688e-01
5.966152548789978027e-01
6.084952354431152344e-01
6.019339561462402344e-01
3.491233587265014648e-01
5.995780825614929199e-01
7.307615876197814941e-01
4.586637616157531738e-01
6.414663791656494141e-01
3.845902681350708008e-01
3.541968464851379395e-01
6.053956747055053711e-01
4.951697289943695068e-01
3.342448770999908447e-01
5.402218103408813477e-01
4.324266314506530762e-01
6.064350008964538574e-01
6.135771870613098145e-01
7.239686250686645508e-01
5.658816695213317871e-01
4.645116031169891357e-01
6.047361493110656738e-01
4.438683390617370605e-01
5.928825736045837402e-01
5.448415875434875488e-01
4.186702370643615723e-01
5.816419124603271484e-01
6.007533073425292969e-01
5.521752238273620605e-01
4.606698751449584961e-01
3.442163765430450439e-01
6.346901655197143555e-01
5.928248167037963867e-01
6.324294209480285645e-01
6.418186426162719727e-01
4.838869273662567139e-01
5.924034714698791504e-01
6.304901838302612305e-01
4.435731470584869385e-01
5.878734588623046875e-01
4.970459043979644775e-01
7.592431902885437012e-01
7.332820892333984375e-01
5.038756132125854492e-01
6.116610765457153320e-01
5.866013765335083008e-01
3.986533880233764648e-01
5.484244227409362793e-01
7.016263008117675781e-01
6.048595905303955078e-01
8.377220034599304199e-01
5.432033538818359375e-01
7.006830573081970215e-01
6.191049814224243164e-01
3.544117808341979980e-01
4.905835092067718506e-01
4.863777756690979004e-01
5.016391277313232422e-01
3.383164107799530029e-01
6.342802047729492188e-01
6.319300532341003418e-01
5.061897635459899902e-01
6.116392612457275391e-01
6.063322424888610840e-01
5.635467767715454102e-01
5.810465216636657715e-01
5.265949964523315430e-01
6.251900792121887207e-01
5.584872961044311523e-01
4.854840040206909180e-01
3.356531858444213867e-01
3.719693422317504883e-01
4.618542492389678955e-01
6.034446358680725098e-01
5.600916147232055664e-01
4.990877211093902588e-01
3.685722053050994873e-01
5.522201061248779297e-01
6.039686203002929688e-01
6.322517991065979004e-01
5.653086900711059570e-01
6.163479089736938477e-01
6.411752700805664062e-01
6.126593351364135742e-01
4.781793951988220215e-01
5.900486111640930176e-01
6.049715280532836914e-01
4.760511517524719238e-01
4.443792104721069336e-01
6.517729759216308594e-01
4.615197479724884033e-01
6.367309093475341797e-01
5.399670600891113281e-01
5.402044057846069336e-01
5.748164653778076172e-01
4.717851579189300537e-01
6.477086544036865234e-01
6.414807438850402832e-01
4.625136852264404297e-01
5.626199245452880859e-01
7.007819414138793945e-01
5.313312411308288574e-01
6.727346777915954590e-01
5.909760594367980957e-01
3.954805731773376465e-01
6.038913130760192871e-01
6.611140966415405273e-01
5.013617277145385742e-01
4.864137172698974609e-01
5.277172923088073730e-01
5.716904401779174805e-01
4.716771543025970459e-01
5.186169147491455078e-01
5.020651221275329590e-01
5.959740281105041504e-01
5.942522883415222168e-01
3.688679039478302002e-01
6.345698237419128418e-01
4.348610639572143555e-01
4.188258051872253418e-01
5.851938724517822266e-01
5.100893974304199219e-01
5.627103447914123535e-01
5.875990986824035645e-01
3.703332841396331787e-01
4.757458865642547607e-01
6.579343080520629883e-01
4.271900653839111328e-01
5.074147582054138184e-01
5.886568427085876465e-01
5.055799484252929688e-01
5.867745280265808105e-01
5.998305082321166992e-01
4.554171562194824219e-01
6.112070679664611816e-01
4.610835909843444824e-01
4.591743350028991699e-01
4.786102175712585449e-01
5.501145124435424805e-01
5.749806761741638184e-01
4.838666319847106934e-01
6.481516957283020020e-01
4.858447015285491943e-01
3.967570662498474121e-01
5.357405543327331543e-01
5.144795775413513184e-01
6.889407634735107422e-01
5.762174725532531738e-01
4.902527332305908203e-01
6.071059703826904297e-01
6.963944435119628906e-01
6.476748585700988770e-01
5.686947703361511230e-01
6.496261954307556152e-01
5.939866900444030762e-01
4.578933119773864746e-01
5.471372604370117188e-01
5.950366854667663574e-01
5.530275702476501465e-01
5.965652465820312500e-01
6.049015522003173828e-01
6.386104226112365723e-01
5.172225236892700195e-01
6.362010836601257324e-01
4.635246396064758301e-01
5.694122910499572754e-01
4.024865329265594482e-01
4.896330237388610840e-01
6.288141012191772461e-01
6.557345390319824219e-01
5.696039199829101562e-01
5.875787138938903809e-01
3.389557600021362305e-01
6.069503426551818848e-01
5.314286351203918457e-01
6.729367971420288086e-01
5.958522558212280273e-01
4.357762336730957031e-01
6.484664082527160645e-01
4.786103069782257080e-01
5.528929233551025391e-01
4.405936300754547119e-01
6.196739077568054199e-01
5.005990266799926758e-01
4.960521757602691650e-01
6.537734866142272949e-01
4.907955527305603027e-01
6.475466489791870117e-01
4.763640165328979492e-01
5.802966356277465820e-01
6.711137294769287109e-01
5.770924091339111328e-01
5.809184908866882324e-01
5.777967572212219238e-01
5.085988640785217285e-01
4.025791883468627930e-01
6.803157329559326172e-01
6.391792297363281250e-01
4.363219439983367920e-01
6.700503826141357422e-01
4.525609314441680908e-01
4.969958662986755371e-01
6.255803108215332031e-01
4.934398531913757324e-01
6.088689565658569336e-01
4.326122999191284180e-01
5.590032339096069336e-01
4.536049664020538330e-01
6.151849031448364258e-01
4.350337386131286621e-01
4.556991159915924072e-01
4.195787310600280762e-01
6.144461631774902344e-01
5.495085120201110840e-01
5.574622154235839844e-01
6.654825806617736816e-01
6.072869300842285156e-01
4.763159453868865967e-01
6.219857335090637207e-01
4.825502634048461914e-01
5.953942537307739258e-01
6.793361306190490723e-01
6.343502998352050781e-01
4.384092390537261963e-01
6.147615909576416016e-01
4.007244706153869629e-01
4.773060083389282227e-01
5.884345173835754395e-01
5.851103663444519043e-01
6.583240032196044922e-01
5.957728028297424316e-01
3.954356908798217773e-01
6.271311640739440918e-01
5.042104721069335938e-01
5.049787759780883789e-01
4.406758248805999756e-01
4.266349673271179199e-01
3.721339404582977295e-01
6.691634654998779297e-01
6.625185012817382812e-01
5.269398093223571777e-01
4.649635553359985352e-01
5.317140817642211914e-01
6.320017576217651367e-01
6.629354953765869141e-01
5.767526626586914062e-01
6.031316518783569336e-01
6.115055680274963379e-01
5.765781998634338379e-01
6.587828397750854492e-01
4.436807632446289062e-01
5.272642970085144043e-01
6.465700268745422363e-01
4.451814293861389160e-01
5.834609270095825195e-01
4.844919741153717041e-01
6.574118733406066895e-01
4.809570610523223877e-01
5.975132584571838379e-01
5.836071372032165527e-01
6.866422891616821289e-01
6.345979571342468262e-01
4.751286506652832031e-01
5.582170486450195312e-01
6.837826371192932129e-01
5.603254437446594238e-01
5.417247414588928223e-01
3.558880388736724854e-01
5.241408348083496094e-01
4.983610510826110840e-01
4.453084468841552734e-01
5.459470152854919434e-01
6.046297550201416016e-01
5.865300297737121582e-01
5.018681883811950684e-01
6.658545732498168945e-01
4.628435075283050537e-01
5.589225888252258301e-01
4.848169088363647461e-01
6.881518959999084473e-01
5.235725641250610352e-01
6.198081970214843750e-01
5.388907790184020996e-01
6.200892925262451172e-01
6.355566978454589844e-01
4.592788219451904297e-01
5.800108313560485840e-01
6.509086489677429199e-01
5.870542526245117188e-01
6.514357924461364746e-01
5.474746823310852051e-01
6.152312159538269043e-01
6.739761829376220703e-01
5.078413486480712891e-01
5.931599736213684082e-01
6.087046861648559570e-01
6.035511493682861328e-01
6.071531176567077637e-01
4.849428832530975342e-01
4.767625629901885986e-01
6.655097007751464844e-01
4.578732252120971680e-01
5.828947424888610840e-01
6.334492564201354980e-01
6.418604254722595215e-01
3.752788603305816650e-01
4.073840081691741943e-01
5.267670750617980957e-01
5.664246082305908203e-01
5.920046567916870117e-01
4.061896502971649170e-01
6.189026832580566406e-01
4.363816678524017334e-01
6.614233851432800293e-01
5.467176437377929688e-01
6.581530570983886719e-01
3.977654576301574707e-01
5.117987990379333496e-01
6.345459222793579102e-01
5.621392726898193359e-01
6.053676605224609375e-01
5.527719855308532715e-01
6.034023761749267578e-01
5.373454689979553223e-01
6.740951538085937500e-01
6.352002024650573730e-01
6.651645898818969727e-01
5.650500655174255371e-01
5.880417227745056152e-01
4.854913353919982910e-01
6.329271793365478516e-01
5.265949964523315430e-01
3.988110423088073730e-01
5.497235059738159180e-01
6.628947257995605469e-01
5.765864849090576172e-01
6.610672473907470703e-01
5.824733376502990723e-01
6.493420600891113281e-01
6.627457141876220703e-01
6.309614777565002441e-01
5.873358845710754395e-01
5.537275671958923340e-01
5.173081755638122559e-01
3.356266915798187256e-01
6.819479465484619141e-01
5.531736612319946289e-01
5.915603637695312500e-01
6.451815962791442871e-01
6.060636043548583984e-01
5.238959193229675293e-01
5.895483493804931641e-01
6.746984720230102539e-01
4.936654567718505859e-01
4.752049744129180908e-01
6.156184673309326172e-01
5.128754377365112305e-01
4.625032842159271240e-01
6.132982969284057617e-01
5.213085412979125977e-01
4.748546481132507324e-01
5.718561410903930664e-01
4.754782021045684814e-01
4.725321829319000244e-01
4.561198949813842773e-01
4.326122999191284180e-01
6.575430631637573242e-01
6.677414774894714355e-01
4.407451152801513672e-01
4.577093422412872314e-01
6.404588818550109863e-01
6.367011666297912598e-01
5.026355981826782227e-01
4.851935207843780518e-01
5.585681200027465820e-01
6.849869489669799805e-01
6.408033370971679688e-01
4.302871227264404297e-01
6.664305925369262695e-01
4.548748433589935303e-01
5.879109501838684082e-01
5.095010399818420410e-01
5.996263623237609863e-01
6.292666196823120117e-01
5.080868601799011230e-01
5.925018191337585449e-01
5.936181545257568359e-01
5.474193096160888672e-01
6.184945106506347656e-01
5.321850776672363281e-01
6.373018026351928711e-01
5.667108297348022461e-01
6.905173659324645996e-01
5.597785711288452148e-01
6.105840206146240234e-01
5.240548849105834961e-01
4.209632873535156250e-01
3.425458371639251709e-01
5.131371617317199707e-01
5.688053965568542480e-01
5.753927230834960938e-01
6.253453493118286133e-01
6.829211711883544922e-01
6.210289001464843750e-01
4.902662634849548340e-01
6.407518386840820312e-01
6.163260936737060547e-01
4.938290119171142578e-01
5.877858400344848633e-01
4.604460299015045166e-01
3.724993169307708740e-01
6.524747610092163086e-01
5.066660046577453613e-01
4.186586737632751465e-01
5.569047331809997559e-01
3.861286938190460205e-01
6.555736064910888672e-01
6.870330572128295898e-01
6.058841347694396973e-01
4.975663721561431885e-01
5.414474010467529297e-01
6.426090598106384277e-01
4.511948823928833008e-01
6.794342994689941406e-01
5.863026380538940430e-01
4.337158203125000000e-01
5.573011040687561035e-01
6.587701439857482910e-01
5.726642608642578125e-01
5.236778259277343750e-01
4.129624664783477783e-01
5.779813528060913086e-01
6.959943175315856934e-01
6.703237295150756836e-01
6.160089969635009766e-01
4.923508763313293457e-01
6.363499760627746582e-01
6.813554167747497559e-01
4.542506337165832520e-01
6.276471614837646484e-01
5.042486190795898438e-01
6.091616153717041016e-01
6.214094758033752441e-01
4.951929450035095215e-01
5.891164541244506836e-01
5.617762804031372070e-01
4.600802063941955566e-01
6.073173880577087402e-01
5.546773672103881836e-01
6.714333295822143555e-01
6.233350634574890137e-01
6.726599931716918945e-01
5.776044130325317383e-01
5.518012642860412598e-01
3.732579648494720459e-01
4.982418417930603027e-01
7.129336595535278320e-01
5.879227519035339355e-01
2.496907860040664673e-01
4.859174787998199463e-01
4.613444507122039795e-01
5.243777632713317871e-01
4.586134850978851318e-01
6.006784439086914062e-01
5.189927816390991211e-01
4.835657477378845215e-01
3.724008202552795410e-01
5.531203150749206543e-01
4.536902606487274170e-01
3.212237358093261719e-01
3.618623912334442139e-01
3.125581741333007812e-01
4.640426635742187500e-01
5.165603160858154297e-01
5.270971059799194336e-01
5.233299136161804199e-01
3.295607268810272217e-01
6.691862344741821289e-01
5.067352652549743652e-01
6.495894193649291992e-01
5.632054209709167480e-01
5.526213049888610840e-01
4.516728520393371582e-01
4.626253843307495117e-01
4.731657505035400391e-01
5.916767120361328125e-01
5.206934809684753418e-01
6.816830039024353027e-01
3.695186376571655273e-01
4.823410511016845703e-01
4.318124353885650635e-01
4.817109107971191406e-01
6.176589727401733398e-01
6.831672787666320801e-01
6.448722481727600098e-01
4.034454226493835449e-01
5.917369723320007324e-01
4.642711579799652100e-01
4.044149219989776611e-01
6.202346682548522949e-01
4.495623707771301270e-01
3.600594401359558105e-01
4.899149835109710693e-01
4.424373209476470947e-01
4.100744426250457764e-01
5.649744868278503418e-01
4.745923578739166260e-01
3.192435503005981445e-01
5.492696762084960938e-01
3.182253837585449219e-01
7.145746350288391113e-01
4.821150302886962891e-01
5.055229663848876953e-01
4.161436557769775391e-01
5.377371311187744141e-01
6.228662133216857910e-01
2.426001280546188354e-01
4.502530694007873535e-01
2.938902378082275391e-01
3.065954148769378662e-01
4.982758760452270508e-01
3.241349756717681885e-01
4.592438340187072754e-01
6.217012405395507812e-01
4.706249237060546875e-01
6.227271556854248047e-01
6.254933476448059082e-01
5.209528803825378418e-01
5.286490917205810547e-01
6.346850395202636719e-01
4.647967219352722168e-01
5.001572966575622559e-01
6.145760416984558105e-01
3.224291503429412842e-01
5.057852864265441895e-01
4.746716916561126709e-01
3.400788009166717529e-01
4.085908234119415283e-01
5.893797278404235840e-01
5.479561090469360352e-01
4.152072668075561523e-01
4.796065688133239746e-01
4.328573644161224365e-01
3.362771570682525635e-01
5.923464298248291016e-01
4.969261586666107178e-01
4.929202497005462646e-01
5.112071037292480469e-01
4.795362055301666260e-01
5.699122548103332520e-01
4.869517385959625244e-01
5.669597387313842773e-01
4.992442131042480469e-01
5.509494543075561523e-01
4.554584324359893799e-01
5.165135264396667480e-01
5.217136740684509277e-01
5.526645183563232422e-01
5.774984359741210938e-01
4.719627499580383301e-01
5.406579375267028809e-01
5.173586606979370117e-01
5.047261118888854980e-01
5.195520520210266113e-01
4.001258909702301025e-01
5.121188163757324219e-01
5.006142258644104004e-01
4.786033928394317627e-01
5.305976867675781250e-01
4.531677961349487305e-01
5.146158337593078613e-01
7.161912322044372559e-01
3.132308125495910645e-01
4.659881889820098877e-01
4.043125212192535400e-01
4.893244802951812744e-01
6.054435968399047852e-01
4.341494143009185791e-01
4.993535280227661133e-01
3.578964471817016602e-01
6.841360330581665039e-01
5.129224061965942383e-01
6.298239231109619141e-01
5.940179824829101562e-01
5.298649072647094727e-01
4.432866275310516357e-01
4.939256906509399414e-01
4.707838296890258789e-01
5.333572030067443848e-01
4.067567586898803711e-01
4.630475640296936035e-01
5.182027816772460938e-01
4.518897831439971924e-01
5.074967145919799805e-01
4.649381935596466064e-01
3.347249329090118408e-01
4.747981727123260498e-01
5.048057436943054199e-01
5.943005681037902832e-01
4.798762202262878418e-01
5.361632108688354492e-01
3.983204066753387451e-01
5.670548677444458008e-01
4.144234359264373779e-01
4.590039849281311035e-01
3.588178455829620361e-01
5.595048069953918457e-01
3.335194289684295654e-01
6.190162897109985352e-01
2.402538806200027466e-01
4.142610132694244385e-01
3.275582790374755859e-01
6.297220587730407715e-01
5.599126219749450684e-01
6.126318573951721191e-01
4.857260286808013916e-01
6.708111763000488281e-01
3.795025348663330078e-01
4.481729269027709961e-01
3.925449252128601074e-01
5.832612514495849609e-01
4.806891679763793945e-01
4.574324786663055420e-01
3.582316935062408447e-01
6.252313256263732910e-01
4.444506764411926270e-01
4.480793774127960205e-01
5.425145626068115234e-01
5.186538100242614746e-01
4.693978726863861084e-01
5.163841843605041504e-01
4.978196322917938232e-01
4.693209528923034668e-01
4.885586202144622803e-01
5.482712388038635254e-01
3.313001096248626709e-01
3.649528920650482178e-01
4.496675431728363037e-01
4.786600768566131592e-01
4.447008371353149414e-01
3.164810240268707275e-01
4.415288865566253662e-01
6.809933185577392578e-01
5.157909393310546875e-01
4.643141925334930420e-01
4.280803203582763672e-01
5.365719199180603027e-01
5.049353837966918945e-01
5.168989896774291992e-01
4.847003817558288574e-01
3.508073389530181885e-01
6.915522813796997070e-01
4.705409109592437744e-01
2.643053233623504639e-01
5.154795646667480469e-01
5.264093875885009766e-01
4.805104136466979980e-01
4.169447124004364014e-01
4.394004344940185547e-01
5.252817273139953613e-01
4.799205362796783447e-01
5.179683566093444824e-01
4.289220273494720459e-01
5.981465578079223633e-01
4.712157249450683594e-01
6.287648081779479980e-01
4.459009170532226562e-01
4.113077223300933838e-01
4.715994298458099365e-01
4.860156476497650146e-01
4.643710553646087646e-01
6.853097081184387207e-01
4.929594993591308594e-01
4.897802174091339111e-01
6.607810258865356445e-01
4.856842756271362305e-01
3.372568786144256592e-01
4.338160157203674316e-01
4.103480279445648193e-01
4.719690978527069092e-01
6.549252867698669434e-01
6.429453492164611816e-01
4.812739789485931396e-01
4.640765488147735596e-01
4.725086987018585205e-01
3.604868650436401367e-01
5.492175817489624023e-01
4.754160344600677490e-01
5.212479829788208008e-01
4.685596823692321777e-01
4.561806321144104004e-01
7.327619194984436035e-01
4.674771130084991455e-01
4.893471598625183105e-01
5.041431188583374023e-01
4.940687716007232666e-01
4.820838868618011475e-01
6.399872899055480957e-01
4.685607850551605225e-01
4.741503000259399414e-01
4.977001249790191650e-01
2.504709064960479736e-01
6.419391632080078125e-01
4.793317019939422607e-01
4.679809510707855225e-01
5.136197805404663086e-01
4.669670760631561279e-01
7.141246199607849121e-01
5.139692425727844238e-01
5.233277678489685059e-01
4.564560055732727051e-01
6.234980821609497070e-01
4.579099118709564209e-01
4.894531071186065674e-01
5.158759951591491699e-01
4.790338873863220215e-01
3.960940837860107422e-01
4.209074676036834717e-01
4.473093450069427490e-01
4.856909513473510742e-01
6.065112352371215820e-01
5.137980580329895020e-01
4.611596167087554932e-01
5.399748086929321289e-01
4.918644726276397705e-01
4.569435119628906250e-01
4.856284260749816895e-01
6.995671391487121582e-01
6.800377368927001953e-01
4.536882042884826660e-01
5.198723077774047852e-01
3.724008202552795410e-01
2.857010364532470703e-01
3.552971184253692627e-01
4.842196404933929443e-01
4.473147690296173096e-01
6.132565140724182129e-01
5.512304306030273438e-01
4.420204162597656250e-01
4.739405810832977295e-01
5.085195302963256836e-01
4.987538456916809082e-01
7.078620791435241699e-01
4.794475138187408447e-01
2.224651724100112915e-01
4.844133555889129639e-01
6.212714314460754395e-01
5.340751409530639648e-01
4.360012412071228027e-01
4.980090260505676270e-01
4.995059370994567871e-01
5.974553227424621582e-01
4.770539999008178711e-01
5.521583557128906250e-01
5.408342480659484863e-01
5.164321064949035645e-01
6.495062708854675293e-01
5.159690976142883301e-01
4.706580638885498047e-01
4.182198941707611084e-01
4.150070548057556152e-01
6.001826524734497070e-01
3.338680267333984375e-01
4.318138957023620605e-01
4.281699657440185547e-01
3.588178455829620361e-01
4.715137779712677002e-01
4.952462613582611084e-01
5.124654173851013184e-01
4.102647602558135986e-01
6.164032220840454102e-01
4.568595588207244873e-01
6.688668727874755859e-01
5.571492314338684082e-01
5.067015886306762695e-01
4.805372953414916992e-01
4.753838181495666504e-01
2.639686763286590576e-01
5.040194988250732422e-01
4.464423954486846924e-01
5.027610659599304199e-01
6.950641870498657227e-01
6.073272824287414551e-01
4.766949415206909180e-01
4.656674861907958984e-01
4.723470211029052734e-01
5.178555250167846680e-01
5.021187663078308105e-01
5.392894744873046875e-01
4.829033613204956055e-01
4.672548472881317139e-01
5.091738700866699219e-01
4.542805850505828857e-01
6.808210015296936035e-01
5.230466723442077637e-01
5.177662372589111328e-01
5.129162073135375977e-01
4.791785478591918945e-01
3.985177278518676758e-01
6.878761053085327148e-01
5.021645426750183105e-01
4.630472362041473389e-01
4.827214777469635010e-01
4.625181853771209717e-01
3.182902038097381592e-01
4.792625606060028076e-01
5.963060259819030762e-01
4.598322808742523193e-01
6.690796613693237305e-01
5.154593586921691895e-01
2.882960736751556396e-01
4.855739772319793701e-01
4.252185225486755371e-01
4.983075559139251709e-01
5.018464326858520508e-01
3.748136758804321289e-01
4.746183156967163086e-01
5.016828775405883789e-01
5.095696449279785156e-01
4.710682928562164307e-01
4.750004708766937256e-01
4.669995307922363281e-01
3.729683458805084229e-01
4.821267426013946533e-01
4.812912940979003906e-01
4.740525782108306885e-01
4.367340207099914551e-01
4.954161345958709717e-01
4.623494446277618408e-01
4.620978534221649170e-01
3.225712776184082031e-01
6.543599367141723633e-01
4.715036153793334961e-01
4.848449826240539551e-01
6.713368296623229980e-01
4.807131588459014893e-01
4.702180624008178711e-01
4.915868341922760010e-01
3.730693459510803223e-01
4.650421440601348877e-01
3.730914592742919922e-01
5.251309275627136230e-01
5.414941906929016113e-01
4.473721683025360107e-01
4.527898132801055908e-01
6.816288232803344727e-01
3.752574026584625244e-01
5.062470436096191406e-01
5.931390523910522461e-01
4.865755736827850342e-01
5.457990765571594238e-01
4.535465538501739502e-01
5.439428091049194336e-01
6.648568511009216309e-01
4.392350912094116211e-01
4.382946193218231201e-01
4.501274824142456055e-01
3.473014831542968750e-01
2.840668559074401855e-01
5.081982016563415527e-01
5.022067427635192871e-01
4.339190423488616943e-01
4.488685131072998047e-01
4.846440255641937256e-01
4.973311722278594971e-01
5.354767441749572754e-01
4.354403913021087646e-01
3.870236277580261230e-01
4.766423702239990234e-01
3.685778379440307617e-01
2.540174126625061035e-01
2.978311777114868164e-01
3.067800402641296387e-01
4.437923729419708252e-01
4.910155236721038818e-01
3.974927365779876709e-01
5.002327561378479004e-01
4.672066867351531982e-01
4.255771040916442871e-01
4.953626096248626709e-01
4.470095932483673096e-01
4.513242244720458984e-01
5.216129422187805176e-01
5.085704326629638672e-01
3.900359570980072021e-01
4.873924255371093750e-01
4.277198016643524170e-01
4.147191345691680908e-01
2.344914525747299194e-01
4.939836263656616211e-01
3.192100226879119873e-01
5.020072460174560547e-01
3.915467858314514160e-01
4.846124351024627686e-01
4.469742178916931152e-01
3.539901077747344971e-01
4.557488560676574707e-01
4.856256544589996338e-01
3.531152307987213135e-01
4.498736262321472168e-01
4.998740851879119873e-01
3.382067382335662842e-01
5.686800479888916016e-01
4.503487646579742432e-01
3.931005299091339111e-01
4.965976476669311523e-01
4.993381202220916748e-01
3.393078744411468506e-01
4.681617319583892822e-01
4.455927312374114990e-01
4.739229381084442139e-01
4.001983702182769775e-01
3.716490864753723145e-01
4.052520990371704102e-01
4.413650631904602051e-01
5.297406911849975586e-01
3.187549114227294922e-01
4.988052845001220703e-01
3.579548299312591553e-01
4.133811891078948975e-01
5.266366600990295410e-01
3.627757430076599121e-01
6.306370496749877930e-01
4.877959191799163818e-01
4.023358821868896484e-01
3.688591420650482178e-01
4.558604657649993896e-01
3.763126730918884277e-01
4.110029637813568115e-01
4.503285586833953857e-01
3.880429565906524658e-01
4.139825701713562012e-01
6.120842695236206055e-01
3.078300654888153076e-01
4.332197010517120361e-01
4.470190703868865967e-01
5.431681871414184570e-01
3.558917045593261719e-01
4.732978045940399170e-01
4.840815365314483643e-01
3.196420967578887939e-01
5.276797413825988770e-01
4.182743430137634277e-01
3.412258327007293701e-01
4.821450114250183105e-01
4.515723586082458496e-01
5.359610915184020996e-01
4.885142147541046143e-01
4.311166405677795410e-01
5.020619630813598633e-01
5.581380128860473633e-01
4.575186371803283691e-01
3.864808380603790283e-01
4.283905625343322754e-01
4.672034382820129395e-01
3.776505589485168457e-01
4.559373557567596436e-01
4.716533124446868896e-01
4.453109502792358398e-01
4.853117167949676514e-01
4.457762539386749268e-01
4.471379518508911133e-01
4.598343372344970703e-01
4.294123053550720215e-01
3.234326243400573730e-01
4.311040639877319336e-01
3.332881927490234375e-01
4.374720454216003418e-01
3.939534127712249756e-01
5.053059458732604980e-01
4.198160469532012939e-01
4.727022349834442139e-01
3.029054999351501465e-01
5.154278278350830078e-01
4.169620573520660400e-01
5.262317657470703125e-01
5.018903613090515137e-01
3.968340456485748291e-01
5.050058364868164062e-01
4.626595079898834229e-01
4.357712268829345703e-01
3.619461655616760254e-01
4.997509121894836426e-01
4.501971006393432617e-01
4.372963905334472656e-01
5.155118107795715332e-01
4.120572209358215332e-01
4.962100684642791748e-01
4.530189633369445801e-01
5.532737374305725098e-01
5.057649016380310059e-01
4.154298305511474609e-01
4.605969190597534180e-01
4.069510996341705322e-01
3.446075320243835449e-01
3.229899704456329346e-01
5.186577439308166504e-01
4.361249506473541260e-01
3.461789488792419434e-01
5.396805405616760254e-01
3.940368294715881348e-01
3.360785543918609619e-01
4.493285417556762695e-01
3.503803312778472900e-01
4.975970089435577393e-01
3.440172076225280762e-01
4.297455549240112305e-01
3.348897695541381836e-01
4.759144484996795654e-01
3.844711184501647949e-01
3.483871221542358398e-01
4.224305450916290283e-01
4.952112138271331787e-01
5.012093186378479004e-01
4.580420553684234619e-01
5.395512580871582031e-01
4.138087630271911621e-01
3.141054511070251465e-01
4.778217077255249023e-01
3.671653866767883301e-01
4.496854543685913086e-01
5.188666582107543945e-01
4.938989877700805664e-01
2.899987399578094482e-01
4.785838723182678223e-01
4.170991480350494385e-01
3.997567892074584961e-01
4.701782464981079102e-01
4.160446524620056152e-01
5.170159935951232910e-01
4.105085432529449463e-01
4.620300531387329102e-01
5.053058862686157227e-01
4.599153995513916016e-01
4.249771535396575928e-01
3.831080794334411621e-01
2.664242088794708252e-01
3.430497348308563232e-01
5.383248925209045410e-01
5.177636742591857910e-01
4.042269885540008545e-01
3.643261492252349854e-01
4.731378555297851562e-01
4.369569718837738037e-01
5.152316689491271973e-01
4.010239541530609131e-01
4.323150515556335449e-01
4.224553406238555908e-01
4.218340814113616943e-01
5.137820839881896973e-01
2.318664491176605225e-01
4.249468147754669189e-01
4.862089753150939941e-01
3.060634434223175049e-01
4.290837943553924561e-01
4.624896347522735596e-01
5.637565255165100098e-01
3.521587252616882324e-01
4.420337080955505371e-01
4.206702411174774170e-01
5.470122098922729492e-01
3.856200575828552246e-01
3.439293503761291504e-01
4.331868886947631836e-01
5.770928263664245605e-01
3.910447359085083008e-01
4.839013814926147461e-01
3.158114850521087646e-01
4.130976200103759766e-01
5.522335767745971680e-01
3.468431234359741211e-01
4.614901840686798096e-01
4.440207481384277344e-01
4.088737368583679199e-01
4.273686707019805908e-01
5.237504839897155762e-01
4.313600063323974609e-01
6.009426712989807129e-01
3.319799900054931641e-01
5.097973942756652832e-01
4.001748561859130859e-01
5.118148326873779297e-01
4.848369657993316650e-01
5.101335048675537109e-01
4.793917834758758545e-01
2.405219078063964844e-01
4.865580797195434570e-01
4.983296096324920654e-01
4.396119713783264160e-01
4.785169064998626709e-01
4.812187254428863525e-01
4.918321669101715088e-01
4.986050128936767578e-01
4.574687480926513672e-01
4.112451970577239990e-01
4.349102377891540527e-01
4.991073012351989746e-01
4.476164579391479492e-01
4.038251936435699463e-01
4.437947273254394531e-01
5.578617453575134277e-01
3.752632439136505127e-01
4.826502799987792969e-01
5.349810123443603516e-01
4.857727587223052979e-01
3.250004649162292480e-01
3.013202250003814697e-01
4.600520730018615723e-01
4.778802990913391113e-01
4.324855804443359375e-01
4.283905029296875000e-01
5.091199278831481934e-01
4.287296235561370850e-01
5.150863528251647949e-01
4.819290041923522949e-01
5.029034018516540527e-01
2.402531653642654419e-01
4.313657283782958984e-01
4.940308332443237305e-01
5.005030035972595215e-01
5.180704593658447266e-01
5.960481762886047363e-01
4.693086445331573486e-01
3.717873990535736084e-01
5.227349996566772461e-01
4.845091402530670166e-01
4.963644444942474365e-01
4.555080831050872803e-01
4.157690107822418213e-01
3.325411975383758545e-01
3.994826972484588623e-01
4.354403913021087646e-01
4.631935358047485352e-01
4.160000085830688477e-01
5.313540697097778320e-01
4.657014906406402588e-01
4.960171878337860107e-01
4.781806170940399170e-01
5.123455524444580078e-01
5.249361991882324219e-01
4.245491921901702881e-01
4.100397527217864990e-01
4.160276353359222412e-01
4.831182658672332764e-01
3.616462349891662598e-01
5.470578670501708984e-01
4.044652283191680908e-01
4.327841401100158691e-01
4.741093516349792480e-01
4.295291304588317871e-01
4.596986174583435059e-01
4.532596170902252197e-01
5.439876317977905273e-01
3.576385974884033203e-01
4.289760291576385498e-01
4.374144673347473145e-01
4.402644932270050049e-01
3.535255193710327148e-01
5.333959460258483887e-01
3.552803695201873779e-01
3.551839888095855713e-01
4.709462523460388184e-01
3.533861935138702393e-01
3.871358036994934082e-01
5.472574234008789062e-01
3.440172076225280762e-01
5.033286213874816895e-01
5.552258491516113281e-01
3.983152508735656738e-01
3.075981438159942627e-01
4.788048863410949707e-01
4.614165723323822021e-01
4.393849074840545654e-01
4.920417368412017822e-01
4.934378266334533691e-01
5.509384870529174805e-01
4.743528962135314941e-01
2.957910895347595215e-01
4.795912206172943115e-01
4.155511260032653809e-01
4.239590764045715332e-01
4.879531264305114746e-01
4.777479469776153564e-01
4.907469153404235840e-01
4.168981909751892090e-01
4.584962725639343262e-01
4.291541576385498047e-01
4.799561798572540283e-01
3.971883058547973633e-01
4.436403810977935791e-01
4.762957096099853516e-01
3.781406283378601074e-01
5.127356052398681641e-01
4.462929069995880127e-01
4.223107695579528809e-01
3.979716598987579346e-01
3.753071129322052002e-01
3.047572374343872070e-01
3.314207196235656738e-01
4.810346662998199463e-01
4.013928771018981934e-01
4.621662497520446777e-01
5.288146138191223145e-01
5.347976088523864746e-01
3.687281310558319092e-01
4.907188117504119873e-01
5.030117630958557129e-01
5.252485275268554688e-01
5.066349506378173828e-01
3.956069648265838623e-01
2.763018310070037842e-01
5.415595769882202148e-01
3.252609074115753174e-01
3.332292735576629639e-01
4.756709039211273193e-01
3.487612009048461914e-01
4.907236993312835693e-01
5.399134755134582520e-01
4.356503784656524658e-01
4.482362866401672363e-01
3.722906708717346191e-01
4.930371344089508057e-01
2.572238147258758545e-01
5.517131090164184570e-01
4.334608316421508789e-01
3.858497440814971924e-01
5.390514731407165527e-01
5.316590666770935059e-01
4.784678816795349121e-01
3.616421520709991455e-01
3.714348971843719482e-01
4.876060187816619873e-01
5.631484985351562500e-01
5.231288671493530273e-01
4.823457002639770508e-01
3.624975979328155518e-01
4.882063865661621094e-01
5.570173263549804688e-01
2.572437822818756104e-01
4.778366684913635254e-01
3.734004199504852295e-01
3.927190899848937988e-01
4.024609625339508057e-01
4.116542041301727295e-01
4.835216999053955078e-01
4.220050275325775146e-01
3.704663515090942383e-01
5.351595878601074219e-01
4.845546185970306396e-01
5.477639436721801758e-01
3.989022076129913330e-01
5.459054112434387207e-01
4.774749875068664551e-01
5.069828033447265625e-01
2.915356457233428955e-01
4.047828018665313721e-01
5.562397241592407227e-01
4.360783696174621582e-01
3.187291324138641357e-01
6.951485276222229004e-01
6.744232773780822754e-01
5.491003990173339844e-01
6.365559697151184082e-01
5.295665860176086426e-01
5.959755182266235352e-01
6.558690071105957031e-01
4.441617727279663086e-01
5.278334617614746094e-01
6.321743726730346680e-01
3.853984773159027100e-01
3.272866606712341309e-01
3.350019454956054688e-01
4.037705361843109131e-01
5.234659910202026367e-01
5.771089792251586914e-01
5.000354051589965820e-01
5.153189897537231445e-01
6.910410523414611816e-01
5.162624716758728027e-01
6.172232627868652344e-01
5.641865730285644531e-01
5.260422825813293457e-01
6.864556074142456055e-01
6.572383642196655273e-01
4.661370515823364258e-01
7.068182229995727539e-01
5.209857225418090820e-01
5.487315654754638672e-01
4.087086617946624756e-01
6.831218004226684570e-01
4.752793908119201660e-01
6.597614884376525879e-01
5.547190308570861816e-01
7.233689427375793457e-01
5.629155635833740234e-01
5.416285395622253418e-01
5.481656193733215332e-01
6.574179530143737793e-01
5.067641139030456543e-01
6.227014064788818359e-01
6.722465157508850098e-01
4.620558321475982666e-01
7.072801589965820312e-01
6.278241872787475586e-01
3.958154022693634033e-01
5.520197153091430664e-01
6.491550803184509277e-01
4.033097326755523682e-01
5.564869046211242676e-01
4.556786715984344482e-01
6.526925563812255859e-01
5.064529776573181152e-01
5.103619098663330078e-01
5.755637884140014648e-01
5.244000554084777832e-01
6.186296343803405762e-01
3.573793172836303711e-01
6.654362678527832031e-01
3.762432038784027100e-01
3.980859220027923584e-01
5.888578295707702637e-01
4.032369256019592285e-01
6.807413697242736816e-01
5.647742152214050293e-01
4.659357070922851562e-01
5.058444738388061523e-01
6.788135170936584473e-01
5.408536791801452637e-01
5.875674486160278320e-01
6.714341640472412109e-01
4.708187580108642578e-01
4.984778463840484619e-01
6.787466406822204590e-01
3.998344838619232178e-01
5.232861042022705078e-01
5.413057804107666016e-01
5.282596945762634277e-01
5.274546146392822266e-01
5.595458149909973145e-01
5.242640972137451172e-01
4.861410558223724365e-01
6.500843167304992676e-01
5.923541784286499023e-01
3.427342474460601807e-01
5.487229228019714355e-01
5.661948919296264648e-01
6.855291724205017090e-01
5.000075101852416992e-01
5.567731261253356934e-01
5.542718768119812012e-01
7.036725878715515137e-01
5.469037890434265137e-01
4.964760243892669678e-01
5.359336137771606445e-01
6.388344764709472656e-01
3.828366398811340332e-01
5.458194613456726074e-01
6.362158656120300293e-01
6.403635740280151367e-01
6.068878769874572754e-01
5.191281437873840332e-01
5.220738649368286133e-01
4.951727986335754395e-01
4.986925125122070312e-01
5.028858780860900879e-01
5.203331112861633301e-01
4.151041209697723389e-01
5.533897876739501953e-01
5.012347102165222168e-01
6.845428347587585449e-01
5.111325383186340332e-01
6.073265671730041504e-01
3.814547061920166016e-01
6.524381637573242188e-01
5.034636259078979492e-01
6.883422136306762695e-01
6.930690407752990723e-01
4.902184009552001953e-01
6.092585921287536621e-01
5.026695728302001953e-01
5.833132266998291016e-01
4.747771024703979492e-01
7.044712305068969727e-01
5.669640302658081055e-01
5.414915680885314941e-01
7.103796601295471191e-01
4.839460253715515137e-01
6.648575067520141602e-01
5.117968916893005371e-01
6.323809623718261719e-01
7.119214534759521484e-01
5.200315117835998535e-01
5.955623984336853027e-01
5.033571124076843262e-01
4.515368640422821045e-01
4.193968176841735840e-01
7.097145318984985352e-01
5.056677460670471191e-01
4.386833906173706055e-01
7.066716551780700684e-01
4.972035884857177734e-01
4.918533563613891602e-01
5.296381711959838867e-01
4.927803874015808105e-01
6.548833250999450684e-01
4.001112878322601318e-01
4.900927245616912842e-01
3.424495756626129150e-01
6.621285080909729004e-01
4.143707156181335449e-01
5.043538212776184082e-01
4.343785643577575684e-01
7.010149359703063965e-01
5.441966056823730469e-01
5.576029419898986816e-01
6.869829297065734863e-01
5.864958167076110840e-01
4.326224327087402344e-01
6.355118751525878906e-01
5.080192089080810547e-01
5.665506720542907715e-01
6.776588559150695801e-01
6.818308234214782715e-01
4.333743751049041748e-01
7.369928359985351562e-01
4.774619638919830322e-01
5.232008099555969238e-01
5.939502120018005371e-01
5.005702376365661621e-01
7.159271240234375000e-01
5.074798464775085449e-01
4.498769640922546387e-01
6.791543364524841309e-01
5.555003285408020020e-01
4.930978417396545410e-01
3.743229210376739502e-01
4.159336686134338379e-01
4.198975265026092529e-01
6.930970549583435059e-01
6.947734951972961426e-01
5.169127583503723145e-01
4.380590319633483887e-01
6.451030373573303223e-01
5.292624831199645996e-01
7.277108430862426758e-01
5.264906287193298340e-01
5.252285003662109375e-01
5.102425217628479004e-01
4.696740806102752686e-01
6.746677160263061523e-01
3.960227370262145996e-01
5.767533183097839355e-01
6.946292519569396973e-01
3.973557353019714355e-01
5.214330554008483887e-01
5.702076554298400879e-01
7.019878029823303223e-01
5.170891880989074707e-01
6.246833205223083496e-01
5.113658905029296875e-01
7.024140357971191406e-01
4.919502139091491699e-01
4.948962926864624023e-01
5.870268940925598145e-01
7.049082517623901367e-01
5.220830440521240234e-01
6.391102075576782227e-01
4.060641527175903320e-01
4.883570075035095215e-01
6.265772581100463867e-01
4.911869466304779053e-01
6.076191067695617676e-01
5.233294367790222168e-01
4.972912967205047607e-01
5.442147254943847656e-01
6.802925467491149902e-01
4.683661758899688721e-01
7.507529258728027344e-01
4.915486276149749756e-01
6.797947287559509277e-01
6.552899479866027832e-01
7.071477174758911133e-01
5.292533636093139648e-01
6.853145956993103027e-01
6.717254519462585449e-01
4.045025706291198730e-01
5.432392954826354980e-01
6.652225852012634277e-01
4.972845315933227539e-01
6.577205061912536621e-01
5.864883065223693848e-01
6.712276339530944824e-01
6.725907325744628906e-01
5.434182286262512207e-01
5.019785761833190918e-01
5.218484997749328613e-01
6.311646103858947754e-01
5.671330094337463379e-01
4.865712821483612061e-01
5.459626317024230957e-01
6.993873119354248047e-01
4.240887165069580078e-01
6.636256575584411621e-01
6.739869117736816406e-01
6.566623449325561523e-01
3.539702296257019043e-01
4.001391828060150146e-01
5.886418819427490234e-01
5.698667764663696289e-01
5.266037583351135254e-01
5.050358176231384277e-01
6.964632868766784668e-01
4.823504984378814697e-01
6.707888245582580566e-01
5.558266639709472656e-01
6.791676878929138184e-01
3.663255870342254639e-01
5.810587406158447266e-01
7.087451815605163574e-01
5.630806088447570801e-01
7.070315480232238770e-01
7.179327607154846191e-01
6.105676889419555664e-01
5.046254992485046387e-01
7.016649842262268066e-01
5.778477787971496582e-01
6.514591574668884277e-01
5.973414778709411621e-01
5.836963653564453125e-01
4.276050627231597900e-01
4.938938915729522705e-01
4.441617727279663086e-01
3.905003964900970459e-01
4.332298636436462402e-01
6.812896728515625000e-01
6.210497617721557617e-01
7.261489629745483398e-01
5.323895812034606934e-01
6.811866760253906250e-01
7.045843005180358887e-01
5.116470456123352051e-01
5.326173901557922363e-01
5.945867896080017090e-01
5.973989367485046387e-01
3.230405151844024658e-01
7.113384008407592773e-01
5.427047014236450195e-01
4.944609999656677246e-01
6.537825465202331543e-01
5.143743753433227539e-01
5.738520622253417969e-01
6.532472968101501465e-01
7.027648091316223145e-01
4.721609055995941162e-01
5.053410530090332031e-01
5.000043511390686035e-01
6.778460144996643066e-01
5.241990685462951660e-01
6.721422672271728516e-01
5.044543147087097168e-01
4.950171709060668945e-01
5.479262471199035645e-01
4.122909605503082275e-01
5.711860656738281250e-01
5.736334919929504395e-01
4.001112878322601318e-01
6.450576782226562500e-01
7.137011289596557617e-01
5.735206604003906250e-01
4.619674086570739746e-01
5.994895696640014648e-01
6.599031090736389160e-01
5.501305460929870605e-01
5.465142726898193359e-01
6.083869934082031250e-01
7.022366523742675781e-01
6.556365489959716797e-01
3.599376976490020752e-01
6.583862304687500000e-01
5.621433854103088379e-01
5.204360485076904297e-01
7.085424661636352539e-01
6.511465907096862793e-01
6.396808028221130371e-01
5.231234431266784668e-01
5.845593810081481934e-01
5.274361371994018555e-01
5.906983613967895508e-01
5.228888392448425293e-01
5.792291760444641113e-01
6.732936501502990723e-01
4.913441836833953857e-01
6.823177337646484375e-01
6.277276277542114258e-01
5.109151601791381836e-01
4.817826151847839355e-01
5.891134142875671387e-01
3.551016449928283691e-01
4.991634488105773926e-01
6.572859883308410645e-01
5.015712380409240723e-01
6.305847167968750000e-01
6.970382928848266602e-01
6.940464973449707031e-01
4.254022538661956787e-01
6.515169143676757812e-01
7.145870327949523926e-01
6.579145193099975586e-01
6.593101620674133301e-01
5.552706122398376465e-01
3.235877752304077148e-01
7.114165425300598145e-01
4.855730831623077393e-01
3.943681418895721436e-01
5.625569820404052734e-01
4.434399008750915527e-01
6.525053977966308594e-01
6.999871730804443359e-01
5.302783250808715820e-01
5.492547750473022461e-01
5.348637700080871582e-01
6.607853770256042480e-01
4.044510424137115479e-01
7.015025019645690918e-01
5.164270997047424316e-01
4.517179429531097412e-01
5.446749329566955566e-01
6.904755830764770508e-01
5.453410148620605469e-01
5.150816440582275391e-01
3.919765055179595947e-01
5.974389910697937012e-01
7.038562893867492676e-01
6.924142837524414062e-01
6.110578775405883789e-01
4.703296422958374023e-01
6.509529948234558105e-01
6.862857937812805176e-01
4.046679735183715820e-01
6.479884982109069824e-01
4.704222083091735840e-01
5.033150315284729004e-01
4.935699999332427979e-01
5.108225941658020020e-01
6.499813199043273926e-01
5.800971388816833496e-01
4.296241104602813721e-01
6.811003088951110840e-01
5.643236637115478516e-01
7.062766551971435547e-01
5.362117290496826172e-01
6.516973376274108887e-01
5.900775790214538574e-01
6.869745850563049316e-01
4.330087900161743164e-01
5.090302824974060059e-01
