5.660493373870849609e-01
4.938358962535858154e-01
3.383371829986572266e-01
5.823832750320434570e-01
5.826647281646728516e-01
4.948548674583435059e-01
5.504629611968994141e-01
5.338360667228698730e-01
5.041674971580505371e-01
6.094076633453369141e-01
4.767693281173706055e-01
4.943099021911621094e-01
5.419653058052062988e-01
4.007270038127899170e-01
3.028055131435394287e-01
3.521510958671569824e-01
4.323284029960632324e-01
4.946502447128295898e-01
4.935764372348785400e-01
4.646953940391540527e-01
4.420960247516632080e-01
6.313464045524597168e-01
4.704557359218597412e-01
5.882104039192199707e-01
5.031991004943847656e-01
5.542747378349304199e-01
5.664893984794616699e-01
5.738395452499389648e-01
4.019637107849121094e-01
5.567290782928466797e-01
4.873097836971282959e-01
5.466724634170532227e-01
3.617102801799774170e-01
5.916952490806579590e-01
4.044055044651031494e-01
5.741305947303771973e-01
5.516853332519531250e-01
5.860744714736938477e-01
5.403312444686889648e-01
4.280197024345397949e-01
5.389623045921325684e-01
5.593418478965759277e-01
4.326089918613433838e-01
6.149125695228576660e-01
5.636762976646423340e-01
3.930165469646453857e-01
6.120879054069519043e-01
5.358268618583679199e-01
3.582813143730163574e-01
5.171876549720764160e-01
5.714445710182189941e-01
3.538545072078704834e-01
5.133277177810668945e-01
4.686422944068908691e-01
6.387771964073181152e-01
4.611591994762420654e-01
5.728520750999450684e-01
4.599701762199401855e-01
5.067955255508422852e-01
5.537233948707580566e-01
3.173159658908843994e-01
5.572168827056884766e-01
3.973353207111358643e-01
3.881660103797912598e-01
4.959177076816558838e-01
4.181989133358001709e-01
6.177956461906433105e-01
5.629386901855468750e-01
4.372611045837402344e-01
5.342420935630798340e-01
5.833690762519836426e-01
4.441319108009338379e-01
5.283778309822082520e-01
5.586627721786499023e-01
4.754846990108489990e-01
4.676325321197509766e-01
6.527921557426452637e-01
3.411024212837219238e-01
4.866316616535186768e-01
4.837231338024139404e-01
4.968209564685821533e-01
4.409744441509246826e-01
5.200845003128051758e-01
5.010465979576110840e-01
4.267917275428771973e-01
5.801134109497070312e-01
4.544667601585388184e-01
3.442727029323577881e-01
4.747390449047088623e-01
4.647621512413024902e-01
6.021581292152404785e-01
5.002447962760925293e-01
4.572109878063201904e-01
5.173922777175903320e-01
6.114178299903869629e-01
5.155094265937805176e-01
4.576472342014312744e-01
5.169468522071838379e-01
5.659288167953491211e-01
4.076668024063110352e-01
5.062968730926513672e-01
5.541965365409851074e-01
5.016528964042663574e-01
5.057509541511535645e-01
4.980700612068176270e-01
4.916406273841857910e-01
4.802300333976745605e-01
4.943440556526184082e-01
4.136199653148651123e-01
4.791227281093597412e-01
4.065847396850585938e-01
4.372866153717041016e-01
5.089431405067443848e-01
5.791566967964172363e-01
4.796333611011505127e-01
6.270105838775634766e-01
2.992008924484252930e-01
5.729147195816040039e-01
5.120289325714111328e-01
5.966132879257202148e-01
5.649433732032775879e-01
3.917380869388580322e-01
5.616309046745300293e-01
4.732335507869720459e-01
5.414909720420837402e-01
4.565038681030273438e-01
5.923518538475036621e-01
6.462020874023437500e-01
5.053607225418090820e-01
5.568421483039855957e-01
4.265815615653991699e-01
5.725144147872924805e-01
5.368971824645996094e-01
4.599005579948425293e-01
5.782750844955444336e-01
4.849353730678558350e-01
5.422540903091430664e-01
4.696423709392547607e-01
5.275834202766418457e-01
3.736138343811035156e-01
5.895470976829528809e-01
4.901914894580841064e-01
4.498792588710784912e-01
5.912734866142272949e-01
4.564093351364135742e-01
4.287779331207275391e-01
5.607783794403076172e-01
4.501216113567352295e-01
5.654206275939941406e-01
3.987925052642822266e-01
5.132297277450561523e-01
3.861030638217926025e-01
5.572186112403869629e-01
3.819212615489959717e-01
3.985798358917236328e-01
4.602456688880920410e-01
6.005019545555114746e-01
5.282849669456481934e-01
5.176514983177185059e-01
5.965190529823303223e-01
6.141328811645507812e-01
3.706788122653961182e-01
5.520604848861694336e-01
3.872338533401489258e-01
5.628831386566162109e-01
6.036106348037719727e-01
5.578579306602478027e-01
3.688236474990844727e-01
5.761766433715820312e-01
4.104713499546051025e-01
4.676229059696197510e-01
5.767148733139038086e-01
4.737060368061065674e-01
5.811163783073425293e-01
4.828404188156127930e-01
4.502494037151336670e-01
5.756246447563171387e-01
4.485721588134765625e-01
5.218880176544189453e-01
4.286202490329742432e-01
3.765499591827392578e-01
4.178559482097625732e-01
5.949706435203552246e-01
5.563477873802185059e-01
4.331883490085601807e-01
4.234840869903564453e-01
5.808113813400268555e-01
5.144287943840026855e-01
5.681909918785095215e-01
6.051602363586425781e-01
4.923333525657653809e-01
4.735426902770996094e-01
4.583997130393981934e-01
5.802991390228271484e-01
3.584128916263580322e-01
5.593833923339843750e-01
5.762320756912231445e-01
3.012252748012542725e-01
4.819238781929016113e-01
5.085825324058532715e-01
5.907991528511047363e-01
4.347742795944213867e-01
5.379777550697326660e-01
4.936740398406982422e-01
6.027975678443908691e-01
5.056644678115844727e-01
4.160892069339752197e-01
5.639337897300720215e-01
5.998188257217407227e-01
4.978583157062530518e-01
5.407349467277526855e-01
4.017987251281738281e-01
4.664820432662963867e-01
5.436803698539733887e-01
4.258978962898254395e-01
6.296094655990600586e-01
4.745948910713195801e-01
4.647241830825805664e-01
5.289462208747863770e-01
5.946468710899353027e-01
4.893933534622192383e-01
6.222368478775024414e-01
4.465192556381225586e-01
5.813328027725219727e-01
5.774084925651550293e-01
5.750070214271545410e-01
4.707774817943572998e-01
5.620729923248291016e-01
5.721318721771240234e-01
3.736722171306610107e-01
5.135145187377929688e-01
5.738627910614013672e-01
4.857710301876068115e-01
5.610440373420715332e-01
4.620229601860046387e-01
6.442953944206237793e-01
5.768455266952514648e-01
4.298732578754425049e-01
4.693179428577423096e-01
4.828947186470031738e-01
5.720062255859375000e-01
5.356378555297851562e-01
4.434029757976531982e-01
4.312088489532470703e-01
6.100111007690429688e-01
3.885066807270050049e-01
5.539319515228271484e-01
5.894212126731872559e-01
5.617282390594482422e-01
3.676095008850097656e-01
3.922090232372283936e-01
6.107462048530578613e-01
4.876204431056976318e-01
4.899048507213592529e-01
4.624711871147155762e-01
6.133321523666381836e-01
6.054970622062683105e-01
5.993583202362060547e-01
4.925704598426818848e-01
5.889773368835449219e-01
3.359968066215515137e-01
5.057345628738403320e-01
5.598079562187194824e-01
4.797181487083435059e-01
5.756543278694152832e-01
5.996848344802856445e-01
5.528359413146972656e-01
5.672678351402282715e-01
5.985180139541625977e-01
5.450901389122009277e-01
5.770667791366577148e-01
6.274407505989074707e-01
5.885844230651855469e-01
4.339452385902404785e-01
4.724599421024322510e-01
4.767693281173706055e-01
4.289887547492980957e-01
4.504860639572143555e-01
5.972405672073364258e-01
5.380354523658752441e-01
6.011486649513244629e-01
5.014870762825012207e-01
5.552048683166503906e-01
5.760144591331481934e-01
4.753003716468811035e-01
4.865723252296447754e-01
6.041871905326843262e-01
4.762960970401763916e-01
2.951828539371490479e-01
5.989062786102294922e-01
5.742924809455871582e-01
4.928869307041168213e-01
5.450233817100524902e-01
4.815443158149719238e-01
4.604472219944000244e-01
5.491300821304321289e-01
5.869572162628173828e-01
4.632639586925506592e-01
5.048322677612304688e-01
4.971461892127990723e-01
5.642676949501037598e-01
4.521381855010986328e-01
5.793039202690124512e-01
4.462131857872009277e-01
4.620786011219024658e-01
4.991572499275207520e-01
4.129965007305145264e-01
4.457007944583892822e-01
5.450144410133361816e-01
3.987925052642822266e-01
5.729115009307861328e-01
5.915881395339965820e-01
5.043601989746093750e-01
3.931836783885955811e-01
5.690163969993591309e-01
5.634084343910217285e-01
5.228075981140136719e-01
5.234550237655639648e-01
5.019112825393676758e-01
6.029638051986694336e-01
5.598993301391601562e-01
3.303272426128387451e-01
5.686752200126647949e-01
4.837715029716491699e-01
4.688036143779754639e-01
5.727866888046264648e-01
5.393165946006774902e-01
5.761842131614685059e-01
4.361675083637237549e-01
5.120630860328674316e-01
4.907359182834625244e-01
4.827961921691894531e-01
4.986307621002197266e-01
5.461283326148986816e-01
5.520042777061462402e-01
4.620172679424285889e-01
5.723956227302551270e-01
6.483507752418518066e-01
4.731074869632720947e-01
5.586441755294799805e-01
4.843723177909851074e-01
3.512230217456817627e-01
4.212295114994049072e-01
6.387717723846435547e-01
4.646685421466827393e-01
5.535858273506164551e-01
6.001692414283752441e-01
5.652371048927307129e-01
4.007531106472015381e-01
5.797768235206604004e-01
5.824795961380004883e-01
5.720393061637878418e-01
6.823582649230957031e-01
5.067164301872253418e-01
3.267681002616882324e-01
5.986602306365966797e-01
4.257999360561370850e-01
3.974165022373199463e-01
4.719363749027252197e-01
3.795738816261291504e-01
5.779994130134582520e-01
6.181473731994628906e-01
4.927502274513244629e-01
4.315223693847656250e-01
4.587584435939788818e-01
5.711134672164916992e-01
3.788655996322631836e-01
5.965973734855651855e-01
5.099033713340759277e-01
5.367394089698791504e-01
5.053471326828002930e-01
6.056792736053466797e-01
4.895920753479003906e-01
4.259116351604461670e-01
4.405114352703094482e-01
6.053074002265930176e-01
6.035258769989013672e-01
5.884287357330322266e-01
5.846188664436340332e-01
4.595952928066253662e-01
5.746344327926635742e-01
6.040551662445068359e-01
3.796454668045043945e-01
5.687318444252014160e-01
3.886700570583343506e-01
4.876107871532440186e-01
4.985902011394500732e-01
4.107030332088470459e-01
5.455687046051025391e-01
5.818188190460205078e-01
4.599379599094390869e-01
5.948581695556640625e-01
5.296795964241027832e-01
5.999078750610351562e-01
4.853957593441009521e-01
5.491949319839477539e-01
5.116637349128723145e-01
6.442671418190002441e-01
3.963653743267059326e-01
4.055009484291076660e-01
5.700092315673828125e-01
4.050321578979492188e-01
3.158951103687286377e-01
6.638851761817932129e-01
6.375072598457336426e-01
4.510510563850402832e-01
6.134602427482604980e-01
8.295624852180480957e-01
5.665060281753540039e-01
5.114663243293762207e-01
4.027678370475769043e-01
8.073684573173522949e-01
6.339852213859558105e-01
4.204393327236175537e-01
2.707593441009521484e-01
3.288704156875610352e-01
3.783087134361267090e-01
7.953782081604003906e-01
6.244366765022277832e-01
4.273858368396759033e-01
4.454027116298675537e-01
5.879980921745300293e-01
7.726867198944091797e-01
7.566680312156677246e-01
6.606792807579040527e-01
8.279193639755249023e-01
6.475416421890258789e-01
6.449746489524841309e-01
3.595380783081054688e-01
6.955168843269348145e-01
7.807876467704772949e-01
5.606539845466613770e-01
4.312953948974609375e-01
6.497739553451538086e-01
4.953926801681518555e-01
6.646832823753356934e-01
5.049903392791748047e-01
6.090034842491149902e-01
6.837466955184936523e-01
4.872035980224609375e-01
7.759308218955993652e-01
6.379695534706115723e-01
5.026817321777343750e-01
6.320977807044982910e-01
5.999124646186828613e-01
4.819670617580413818e-01
6.585473418235778809e-01
6.176202297210693359e-01
3.621841967105865479e-01
8.300958871841430664e-01
6.640363931655883789e-01
4.142661690711975098e-01
5.064256191253662109e-01
4.271178543567657471e-01
6.655933856964111328e-01
4.475770890712738037e-01
4.964420199394226074e-01
5.053033828735351562e-01
7.880471944808959961e-01
7.380887866020202637e-01
3.287083506584167480e-01
6.424057483673095703e-01
3.826839625835418701e-01
4.038383662700653076e-01
6.043764352798461914e-01
3.950692713260650635e-01
5.339814424514770508e-01
5.589259266853332520e-01
4.114640057086944580e-01
5.168012380599975586e-01
7.047349214553833008e-01
4.579386115074157715e-01
5.964703559875488281e-01
6.818241477012634277e-01
4.871508181095123291e-01
7.330334782600402832e-01
6.244053840637207031e-01
4.435108006000518799e-01
7.764545083045959473e-01
4.688324928283691406e-01
3.947229683399200439e-01
5.109812021255493164e-01
6.851345896720886230e-01
8.170927166938781738e-01
4.961872100830078125e-01
6.838403344154357910e-01
5.455251932144165039e-01
4.216389358043670654e-01
5.543383955955505371e-01
5.825471878051757812e-01
6.602997183799743652e-01
6.395842432975769043e-01
5.379437208175659180e-01
8.353863954544067383e-01
6.441038846969604492e-01
7.867739796638488770e-01
7.868113517761230469e-01
8.089048266410827637e-01
6.142083406448364258e-01
4.876399934291839600e-01
6.026106476783752441e-01
6.187350749969482422e-01
6.954630017280578613e-01
6.357672214508056641e-01
7.777079343795776367e-01
8.196091651916503906e-01
4.894168376922607422e-01
7.847359180450439453e-01
4.721727967262268066e-01
6.297916769981384277e-01
3.836789727210998535e-01
5.386651158332824707e-01
7.759265899658203125e-01
6.118180155754089355e-01
7.741788625717163086e-01
6.173014044761657715e-01
4.195444583892822266e-01
6.490094065666198730e-01
4.574547708034515381e-01
6.685661673545837402e-01
7.686483263969421387e-01
4.964173734188079834e-01
7.220586538314819336e-01
4.288753569126129150e-01
6.385033726692199707e-01
4.070962965488433838e-01
7.492009997367858887e-01
4.895745515823364258e-01
4.546041786670684814e-01
6.057936549186706543e-01
4.368311464786529541e-01
6.378145813941955566e-01
4.821397364139556885e-01
5.509090423583984375e-01
5.942490696907043457e-01
7.744134068489074707e-01
6.451256871223449707e-01
7.676940560340881348e-01
4.955372512340545654e-01
3.963950872421264648e-01
6.358575820922851562e-01
7.713011503219604492e-01
5.620305538177490234e-01
6.524317860603332520e-01
4.681311249732971191e-01
4.950771629810333252e-01
8.273013234138488770e-01
5.263843536376953125e-01
6.347743868827819824e-01
4.739750027656555176e-01
6.095594167709350586e-01
3.870370388031005859e-01
7.594057321548461914e-01
3.797644078731536865e-01
5.004341006278991699e-01
3.822377622127532959e-01
7.345601320266723633e-01
7.288641929626464844e-01
6.888474225997924805e-01
6.572743058204650879e-01
5.540378093719482422e-01
5.184981226921081543e-01
6.447881460189819336e-01
5.261633992195129395e-01
6.482563614845275879e-01
6.370175480842590332e-01
6.369721889495849609e-01
4.307609796524047852e-01
6.800889968872070312e-01
3.893412649631500244e-01
4.198122024536132812e-01
5.909354090690612793e-01
7.608043551445007324e-01
6.188448071479797363e-01
7.460315823554992676e-01
4.112840890884399414e-01
6.423485875129699707e-01
5.742163658142089844e-01
5.734421014785766602e-01
4.027774333953857422e-01
4.251572787761688232e-01
3.404519855976104736e-01
6.379573345184326172e-01
6.287833452224731445e-01
4.403582811355590820e-01
4.741208851337432861e-01
5.815861225128173828e-01
7.113239169120788574e-01
5.948495268821716309e-01
4.717920124530792236e-01
7.836873531341552734e-01
7.265498042106628418e-01
8.031519651412963867e-01
6.674325466156005859e-01
4.166648089885711670e-01
5.669128298759460449e-01
6.183230280876159668e-01
4.356527328491210938e-01
7.781674861907958984e-01
4.963327944278717041e-01
6.307376027107238770e-01
4.923784732818603516e-01
6.339190006256103516e-01
7.671668529510498047e-01
6.446320414543151855e-01
7.651537656784057617e-01
5.065048336982727051e-01
6.251430511474609375e-01
6.172274351119995117e-01
6.835213303565979004e-01
6.201898455619812012e-01
3.647044003009796143e-01
7.010679841041564941e-01
5.994526743888854980e-01
3.552107512950897217e-01
5.817948579788208008e-01
8.059555888175964355e-01
7.509210705757141113e-01
5.663545727729797363e-01
6.645625233650207520e-01
3.888812959194183350e-01
4.732813835144042969e-01
5.143395662307739258e-01
6.366683840751647949e-01
5.788773894309997559e-01
7.618432044982910156e-01
5.397399663925170898e-01
6.334298253059387207e-01
6.500573754310607910e-01
4.252629280090332031e-01
8.149905204772949219e-01
6.701315641403198242e-01
7.620072960853576660e-01
6.449645161628723145e-01
5.314269065856933594e-01
6.604041457176208496e-01
6.347013711929321289e-01
5.676083564758300781e-01
7.992211580276489258e-01
7.700517177581787109e-01
6.582980155944824219e-01
7.558800578117370605e-01
4.430980980396270752e-01
5.457785129547119141e-01
6.335054636001586914e-01
4.132137596607208252e-01
7.260863780975341797e-01
6.672008633613586426e-01
6.337455511093139648e-01
3.944118916988372803e-01
3.439587652683258057e-01
5.958936214447021484e-01
6.373709440231323242e-01
7.852173447608947754e-01
4.287157356739044189e-01
7.455640435218811035e-01
4.874119162559509277e-01
6.563919186592102051e-01
5.886182188987731934e-01
6.508579254150390625e-01
4.234611988067626953e-01
6.128401756286621094e-01
6.006857156753540039e-01
6.325062513351440430e-01
7.855736613273620605e-01
6.265072822570800781e-01
6.364663839340209961e-01
5.220578908920288086e-01
6.564980745315551758e-01
6.467186808586120605e-01
6.597251892089843750e-01
6.035146117210388184e-01
6.520453691482543945e-01
3.687675297260284424e-01
7.901133298873901367e-01
4.027678370475769043e-01
3.771253526210784912e-01
4.988983869552612305e-01
6.355966925621032715e-01
6.273745298385620117e-01
7.381934523582458496e-01
8.083289265632629395e-01
6.158455610275268555e-01
6.555292606353759766e-01
7.408517003059387207e-01
7.409915924072265625e-01
6.085458397865295410e-01
5.299977660179138184e-01
3.163170516490936279e-01
6.295187473297119141e-01
5.940343141555786133e-01
7.764171361923217773e-01
6.002892255783081055e-01
7.304144501686096191e-01
5.634065270423889160e-01
7.157291173934936523e-01
6.541119217872619629e-01
4.446206092834472656e-01
4.954801797866821289e-01
7.512676119804382324e-01
5.790614485740661621e-01
5.161862969398498535e-01
6.380501985549926758e-01
5.095151662826538086e-01
4.290897548198699951e-01
5.659343600273132324e-01
4.115554690361022949e-01
5.224264860153198242e-01
5.079873800277709961e-01
4.739750027656555176e-01
6.707687377929687500e-01
6.685422658920288086e-01
4.624347984790802002e-01
4.876044392585754395e-01
8.093497157096862793e-01
6.251890063285827637e-01
5.764623284339904785e-01
4.823780953884124756e-01
6.033461689949035645e-01
6.259005069732666016e-01
6.330013871192932129e-01
3.169159889221191406e-01
6.438003778457641602e-01
4.455562829971313477e-01
7.685283422470092773e-01
5.823459625244140625e-01
8.038120269775390625e-01
6.682646274566650391e-01
5.436313748359680176e-01
5.176539421081542969e-01
8.196986913681030273e-01
5.893028378486633301e-01
7.761718630790710449e-01
4.538443684577941895e-01
6.047139167785644531e-01
7.865514755249023438e-01
6.143274307250976562e-01
5.801607370376586914e-01
7.860003709793090820e-01
5.397842526435852051e-01
4.519310593605041504e-01
4.278647303581237793e-01
4.979566931724548340e-01
6.510653495788574219e-01
7.858276367187500000e-01
6.356974244117736816e-01
6.605402231216430664e-01
6.413826942443847656e-01
3.517193496227264404e-01
6.404607295989990234e-01
7.352132201194763184e-01
4.618842303752899170e-01
6.397991180419921875e-01
4.191306233406066895e-01
3.105999529361724854e-01
6.491091847419738770e-01
4.903777539730072021e-01
3.569681942462921143e-01
5.484260916709899902e-01
4.368878602981567383e-01
6.488687992095947266e-01
6.650704145431518555e-01
7.688010334968566895e-01
5.769488811492919922e-01
4.658066928386688232e-01
6.478243470191955566e-01
4.383001029491424561e-01
6.332889795303344727e-01
5.273003578186035156e-01
4.167732596397399902e-01
6.217312216758728027e-01
6.521242260932922363e-01
5.749757289886474609e-01
4.687376320362091064e-01
3.807685673236846924e-01
6.534187197685241699e-01
6.361581683158874512e-01
6.764168739318847656e-01
6.551904082298278809e-01
4.360035657882690430e-01
6.431654691696166992e-01
6.803395152091979980e-01
4.388180673122406006e-01
6.343734860420227051e-01
4.872295856475830078e-01
7.836062908172607422e-01
7.713455557823181152e-01
5.522522926330566406e-01
6.318683028221130371e-01
5.725876092910766602e-01
4.244378805160522461e-01
5.705025792121887207e-01
6.985200047492980957e-01
6.509048342704772949e-01
8.309347629547119141e-01
5.494630932807922363e-01
6.922974586486816406e-01
6.043261885643005371e-01
3.585087060928344727e-01
4.966495931148529053e-01
4.648630321025848389e-01
4.513413012027740479e-01
4.205670058727264404e-01
6.129795908927917480e-01
6.036655902862548828e-01
5.497384071350097656e-01
5.574004054069519043e-01
6.324293017387390137e-01
5.956050157546997070e-01
5.874726772308349609e-01
5.633425712585449219e-01
6.264526247978210449e-01
5.554504990577697754e-01
5.777198672294616699e-01
3.550304472446441650e-01
4.289108216762542725e-01
4.937368929386138916e-01
5.933986902236938477e-01
6.117369532585144043e-01
4.991616606712341309e-01
4.582285881042480469e-01
5.141975283622741699e-01
6.244171261787414551e-01
6.431877017021179199e-01
5.210701227188110352e-01
6.285051703453063965e-01
6.310725212097167969e-01
5.998297333717346191e-01
5.342841744422912598e-01
6.078754067420959473e-01
6.050745844841003418e-01
4.680311977863311768e-01
4.351231157779693604e-01
6.111451983451843262e-01
4.812742769718170166e-01
6.176939010620117188e-01
4.820035696029663086e-01
5.179654955863952637e-01
5.690463185310363770e-01
4.978788495063781738e-01
5.706143975257873535e-01
5.903183221817016602e-01
4.879643619060516357e-01
5.557197332382202148e-01
6.591075062751770020e-01
5.292913317680358887e-01
6.631508469581604004e-01
5.471269488334655762e-01
3.885365128517150879e-01
6.447257399559020996e-01
6.405364871025085449e-01
5.509527921676635742e-01
4.935484230518341064e-01
5.793877840042114258e-01
5.301156640052795410e-01
4.817023873329162598e-01
5.326855778694152832e-01
5.048442482948303223e-01
5.912163257598876953e-01
6.190997958183288574e-01
4.717020392417907715e-01
6.126620769500732422e-01
4.615910351276397705e-01
4.648566842079162598e-01
6.350617408752441406e-01
5.779581665992736816e-01
6.191750764846801758e-01
4.939948022365570068e-01
3.843675851821899414e-01
4.940659105777740479e-01
6.572277545928955078e-01
4.048882424831390381e-01
5.033127069473266602e-01
5.863230824470520020e-01
4.522660970687866211e-01
5.859857797622680664e-01
6.201193332672119141e-01
4.564162790775299072e-01
5.996115207672119141e-01
4.907141923904418945e-01
5.071063637733459473e-01
4.940984249114990234e-01
5.572658777236938477e-01
6.141442060470581055e-01
4.826279282569885254e-01
6.469541192054748535e-01
5.428659915924072266e-01
5.038563609123229980e-01
5.734483599662780762e-01
5.424088835716247559e-01
6.734511256217956543e-01
6.319096684455871582e-01
5.163117051124572754e-01
6.501183509826660156e-01
6.856831908226013184e-01
6.562038660049438477e-01
5.715343952178955078e-01
6.488079428672790527e-01
5.535877943038940430e-01
4.849530756473541260e-01
5.858015418052673340e-01
5.282755494117736816e-01
5.969014763832092285e-01
5.928699374198913574e-01
6.002638339996337891e-01
6.518907546997070312e-01
4.749004542827606201e-01
6.086477637290954590e-01
4.679190814495086670e-01
5.734742283821105957e-01
3.787262439727783203e-01
5.342001914978027344e-01
5.826734900474548340e-01
6.081772446632385254e-01
5.655009746551513672e-01
5.635954737663269043e-01
4.296657741069793701e-01
5.916833877563476562e-01
5.273522734642028809e-01
6.682976484298706055e-01
6.140269637107849121e-01
4.786655008792877197e-01
6.525470018386840820e-01
5.344784855842590332e-01
5.232909917831420898e-01
4.532319903373718262e-01
6.301591992378234863e-01
4.765926897525787354e-01
4.858487248420715332e-01
6.237791180610656738e-01
5.674345493316650391e-01
6.228982210159301758e-01
4.919767975807189941e-01
6.101676821708679199e-01
6.560348868370056152e-01
5.671342611312866211e-01
5.516839623451232910e-01
5.706079006195068359e-01
5.255665779113769531e-01
4.296398460865020752e-01
6.568754911422729492e-01
6.142742633819580078e-01
4.254782795906066895e-01
6.495951414108276367e-01
4.309619069099426270e-01
5.170406103134155273e-01
6.311375498771667480e-01
5.192785263061523438e-01
5.919917821884155273e-01
4.775358438491821289e-01
5.620104074478149414e-01
4.536797702312469482e-01
6.186417937278747559e-01
4.298035800457000732e-01
4.909881651401519775e-01
4.999478757381439209e-01
6.278166770935058594e-01
5.669547915458679199e-01
5.668438076972961426e-01
6.600382328033447266e-01
6.043837666511535645e-01
4.928778707981109619e-01
5.796550512313842773e-01
5.139469504356384277e-01
6.092781424522399902e-01
6.465694904327392578e-01
5.999466180801391602e-01
4.450275897979736328e-01
6.165638566017150879e-01
4.124003350734710693e-01
4.905861616134643555e-01
6.066160202026367188e-01
5.742942690849304199e-01
6.170589923858642578e-01
5.831962823867797852e-01
4.015735089778900146e-01
6.169059276580810547e-01
5.480382442474365234e-01
5.245852470397949219e-01
4.869483709335327148e-01
4.300882816314697266e-01
3.931321799755096436e-01
6.696737408638000488e-01
6.465830802917480469e-01
5.945129394531250000e-01
5.106770396232604980e-01
5.250449180603027344e-01
6.626389622688293457e-01
6.569492220878601074e-01
5.784841179847717285e-01
5.995063781738281250e-01
6.091820597648620605e-01
5.840420126914978027e-01
6.427949070930480957e-01
4.410210847854614258e-01
4.924238622188568115e-01
6.200689077377319336e-01
5.232072472572326660e-01
5.708045959472656250e-01
4.633340835571289062e-01
6.705331802368164062e-01
5.005691051483154297e-01
5.498357415199279785e-01
5.866784453392028809e-01
6.687650680541992188e-01
5.793719291687011719e-01
4.943535029888153076e-01
5.595161318778991699e-01
6.866130232810974121e-01
5.610480904579162598e-01
5.443508028984069824e-01
4.143652915954589844e-01
5.351274013519287109e-01
5.395172834396362305e-01
4.297897815704345703e-01
5.274822711944580078e-01
6.297642588615417480e-01
6.007174849510192871e-01
5.023716092109680176e-01
6.508772969245910645e-01
5.487235188484191895e-01
5.451108217239379883e-01
5.003556013107299805e-01
6.577717661857604980e-01
4.830403625965118408e-01
6.191421747207641602e-01
5.802853107452392578e-01
6.121106743812561035e-01
5.946365594863891602e-01
4.544886648654937744e-01
6.227339506149291992e-01
6.200927495956420898e-01
5.840896368026733398e-01
5.911472439765930176e-01
5.823293924331665039e-01
5.950655341148376465e-01
6.405056118965148926e-01
5.412039160728454590e-01
6.011668443679809570e-01
6.013641953468322754e-01
5.825247764587402344e-01
6.347119808197021484e-01
5.470718741416931152e-01
5.163684487342834473e-01
6.600459814071655273e-01
4.885112047195434570e-01
5.970324873924255371e-01
6.282073259353637695e-01
5.936053395271301270e-01
3.744688928127288818e-01
4.295774400234222412e-01
5.156226158142089844e-01
6.165236830711364746e-01
5.902534723281860352e-01
4.472576677799224854e-01
6.345927715301513672e-01
4.684638082981109619e-01
6.486473083496093750e-01
5.695033073425292969e-01
6.236637830734252930e-01
4.189780056476593018e-01
5.012950897216796875e-01
6.298093795776367188e-01
6.254221200942993164e-01
6.258720755577087402e-01
5.706577301025390625e-01
5.668607354164123535e-01
5.463730096817016602e-01
6.623401045799255371e-01
6.365160346031188965e-01
6.240013241767883301e-01
5.493623018264770508e-01
5.425093770027160645e-01
4.951710700988769531e-01
6.068335771560668945e-01
5.633425712585449219e-01
4.698552787303924561e-01
5.706598162651062012e-01
6.439729928970336914e-01
5.556427240371704102e-01
6.823188066482543945e-01
6.318116188049316406e-01
6.203159689903259277e-01
6.409459114074707031e-01
6.188533902168273926e-01
5.938777327537536621e-01
5.194225311279296875e-01
5.411621928215026855e-01
3.336563110351562500e-01
6.840757131576538086e-01
5.635579824447631836e-01
5.907673835754394531e-01
5.899538993835449219e-01
6.039090156555175781e-01
5.584645271301269531e-01
6.044194698333740234e-01
6.856678724288940430e-01
5.005705356597900391e-01
4.430052042007446289e-01
6.171855926513671875e-01
4.777809083461761475e-01
4.834231138229370117e-01
6.078087091445922852e-01
5.412653684616088867e-01
4.979790449142456055e-01
5.997816920280456543e-01
5.388988852500915527e-01
5.184380412101745605e-01
5.204644203186035156e-01
4.775358438491821289e-01
6.374840140342712402e-01
6.814919114112854004e-01
4.554659724235534668e-01
4.687319993972778320e-01
6.564583182334899902e-01
5.825872421264648438e-01
5.005013942718505859e-01
4.377677738666534424e-01
5.788061022758483887e-01
6.707332730293273926e-01
6.006255745887756348e-01
4.642373919486999512e-01
6.305311322212219238e-01
4.525749087333679199e-01
5.896838307380676270e-01
4.951730668544769287e-01
6.339544057846069336e-01
6.013860702514648438e-01
5.465953350067138672e-01
6.023181080818176270e-01
6.117717623710632324e-01
5.885415077209472656e-01
6.185209155082702637e-01
5.231752395629882812e-01
5.988861322402954102e-01
5.754871368408203125e-01
6.604933738708496094e-01
5.475079417228698730e-01
6.286358237266540527e-01
5.459451675415039062e-01
4.176242053508758545e-01
3.977254927158355713e-01
5.171568393707275391e-01
5.180387496948242188e-01
5.784277319908142090e-01
5.839064121246337891e-01
6.654824614524841309e-01
6.450065970420837402e-01
5.729758739471435547e-01
6.066601276397705078e-01
6.172692775726318359e-01
4.918878972530364990e-01
5.807388424873352051e-01
4.544270932674407959e-01
4.829720556735992432e-01
6.519047021865844727e-01
5.224102139472961426e-01
3.670704960823059082e-01
5.904165506362915039e-01
4.128689169883728027e-01
6.162274479866027832e-01
6.649272441864013672e-01
5.939773321151733398e-01
5.478567481040954590e-01
4.923748075962066650e-01
6.168216466903686523e-01
4.637662470340728760e-01
6.702929139137268066e-01
5.886435508728027344e-01
4.705531001091003418e-01
6.221749186515808105e-01
6.642744541168212891e-01
6.339415907859802246e-01
5.797326564788818359e-01
4.403029680252075195e-01
5.298275947570800781e-01
6.929084658622741699e-01
6.638407707214355469e-01
5.829017758369445801e-01
5.033276081085205078e-01
6.042324900627136230e-01
6.918541789054870605e-01
4.644916355609893799e-01
5.804719328880310059e-01
5.202690958976745605e-01
6.164316534996032715e-01
6.327496767044067383e-01
5.252735614776611328e-01
5.873481035232543945e-01
5.857978463172912598e-01
5.285727381706237793e-01
6.004623174667358398e-01
5.636378526687622070e-01
6.671549081802368164e-01
6.255725622177124023e-01
7.087085247039794922e-01
5.783171653747558594e-01
5.192305445671081543e-01
4.119176566600799561e-01
5.226485133171081543e-01
7.051802873611450195e-01
5.795657634735107422e-01
3.020050525665283203e-01
5.267109274864196777e-01
4.978990554809570312e-01
5.311049222946166992e-01
4.861101508140563965e-01
7.156472206115722656e-01
5.592843890190124512e-01
4.780734181404113770e-01
4.208737909793853760e-01
6.604778170585632324e-01
4.914849102497100830e-01
3.930513858795166016e-01
3.623256981372833252e-01
3.316534459590911865e-01
4.801071584224700928e-01
6.371551752090454102e-01
5.900047421455383301e-01
5.258243680000305176e-01
3.699605762958526611e-01
6.561401486396789551e-01
6.239393949508666992e-01
7.080439329147338867e-01
6.248975992202758789e-01
6.650733947753906250e-01
4.956170320510864258e-01
5.070035457611083984e-01
4.519263505935668945e-01
6.165524125099182129e-01
6.095257997512817383e-01
6.730720400810241699e-01
3.986531198024749756e-01
5.194190740585327148e-01
4.770677685737609863e-01
5.265708565711975098e-01
6.232130527496337891e-01
6.835885047912597656e-01
6.847304105758666992e-01
4.531153738498687744e-01
6.893480420112609863e-01
4.971593618392944336e-01
4.487814903259277344e-01
6.372383832931518555e-01
4.838406443595886230e-01
4.027761816978454590e-01
5.383744239807128906e-01
4.705478847026824951e-01
4.186034500598907471e-01
6.900420784950256348e-01
5.320707559585571289e-01
3.724535405635833740e-01
5.457342863082885742e-01
3.819525241851806641e-01
7.233058214187622070e-01
5.095412731170654297e-01
5.290433168411254883e-01
4.564638435840606689e-01
6.358088850975036621e-01
6.771579980850219727e-01
2.938754558563232422e-01
4.919029772281646729e-01
3.438447713851928711e-01
3.526331484317779541e-01
5.544448494911193848e-01
3.921856284141540527e-01
4.843611717224121094e-01
6.310132145881652832e-01
4.673675000667572021e-01
6.414749622344970703e-01
6.613867878913879395e-01
5.037776827812194824e-01
5.445284247398376465e-01
6.513388156890869141e-01
4.893827736377716064e-01
6.068379878997802734e-01
6.523073911666870117e-01
3.650436401367187500e-01
6.120125651359558105e-01
4.874755740165710449e-01
3.506814539432525635e-01
4.475300312042236328e-01
6.491613984107971191e-01
6.635949015617370605e-01
4.549433588981628418e-01
5.432488918304443359e-01
4.663714766502380371e-01
3.788684010505676270e-01
6.040931940078735352e-01
5.386698842048645020e-01
5.477546453475952148e-01
5.719535946846008301e-01
5.137870907783508301e-01
6.951646804809570312e-01
5.379544496536254883e-01
6.650974750518798828e-01
6.093574166297912598e-01
6.543881297111511230e-01
4.877027869224548340e-01
5.388923883438110352e-01
5.811218619346618652e-01
6.009841561317443848e-01
6.113874912261962891e-01
5.459702014923095703e-01
6.301551461219787598e-01
6.524840593338012695e-01
5.328904390335083008e-01
6.377390623092651367e-01
4.428514242172241211e-01
5.673238635063171387e-01
4.978604018688201904e-01
5.207702517509460449e-01
6.233887076377868652e-01
4.908455908298492432e-01
6.071547865867614746e-01
7.140451669692993164e-01
3.442821502685546875e-01
5.151273608207702637e-01
4.222614467144012451e-01
5.399345755577087402e-01
6.525173187255859375e-01
4.764801263809204102e-01
5.667929649353027344e-01
3.895148634910583496e-01
6.963242888450622559e-01
5.025674700736999512e-01
6.606019735336303711e-01
5.835751295089721680e-01
5.240991115570068359e-01
4.666650593280792236e-01
4.903193414211273193e-01
5.148472189903259277e-01
5.566019415855407715e-01
4.731172323226928711e-01
4.894320964813232422e-01
6.044508814811706543e-01
5.040205717086791992e-01
6.025529503822326660e-01
4.945042133331298828e-01
3.569991588592529297e-01
5.126491785049438477e-01
6.324207186698913574e-01
6.643201708793640137e-01
5.228531360626220703e-01
5.600072741508483887e-01
4.428983032703399658e-01
6.795772314071655273e-01
4.752141833305358887e-01
4.911707043647766113e-01
3.857233524322509766e-01
6.249487996101379395e-01
3.693034946918487549e-01
6.954624652862548828e-01
3.113395273685455322e-01
4.589454233646392822e-01
3.582337498664855957e-01
6.600258946418762207e-01
6.485470533370971680e-01
6.688979864120483398e-01
5.368466973304748535e-01
6.889274120330810547e-01
4.307222068309783936e-01
5.001919865608215332e-01
4.522957801818847656e-01
6.586442589759826660e-01
5.304246544837951660e-01
4.865926504135131836e-01
3.931944072246551514e-01
6.509960293769836426e-01
4.561162889003753662e-01
4.476819038391113281e-01
5.987239480018615723e-01
5.970665812492370605e-01
4.931820929050445557e-01
6.087157726287841797e-01
5.130442976951599121e-01
5.042107105255126953e-01
5.312463045120239258e-01
5.962498188018798828e-01
3.791573047637939453e-01
4.000648260116577148e-01
4.629349410533905029e-01
5.249620079994201660e-01
4.812844991683959961e-01
3.625555038452148438e-01
4.556944370269775391e-01
6.808695197105407715e-01
6.135216951370239258e-01
4.832732677459716797e-01
4.855031967163085938e-01
6.271908879280090332e-01
6.119537949562072754e-01
6.620388627052307129e-01
5.292250514030456543e-01
3.821967840194702148e-01
6.766766905784606934e-01
4.987386465072631836e-01
3.359421789646148682e-01
6.036426424980163574e-01
5.349233150482177734e-01
5.216566920280456543e-01
4.662535488605499268e-01
4.807831346988677979e-01
6.198949217796325684e-01
5.295936465263366699e-01
6.152263283729553223e-01
4.780217409133911133e-01
6.405044198036193848e-01
5.172718167304992676e-01
6.726877689361572266e-01
4.805324077606201172e-01
3.989455699920654297e-01
5.790765881538391113e-01
5.234101414680480957e-01
4.419505894184112549e-01
6.891143918037414551e-01
6.276246309280395508e-01
6.046329736709594727e-01
6.752024888992309570e-01
5.408938527107238770e-01
3.530876338481903076e-01
4.421867430210113525e-01
4.659539163112640381e-01
5.142067074775695801e-01
6.351268887519836426e-01
7.043781876564025879e-01
5.233161449432373047e-01
5.014253258705139160e-01
5.019708871841430664e-01
3.952973186969757080e-01
6.586087942123413086e-01
5.199047327041625977e-01
6.064018011093139648e-01
5.089032649993896484e-01
4.897404015064239502e-01
7.228212356567382812e-01
5.036253333091735840e-01
5.319656133651733398e-01
6.284918785095214844e-01
6.024635434150695801e-01
5.308902859687805176e-01
7.223818302154541016e-01
4.843018651008605957e-01
5.163260102272033691e-01
5.401282310485839844e-01
3.017947077751159668e-01
6.948750019073486328e-01
5.281045436859130859e-01
5.026834607124328613e-01
4.963736236095428467e-01
4.483638107776641846e-01
7.199125885963439941e-01
5.809604525566101074e-01
6.144993305206298828e-01
4.439483880996704102e-01
6.597436070442199707e-01
4.822530150413513184e-01
5.312171578407287598e-01
5.685284733772277832e-01
5.223755836486816406e-01
4.272661805152893066e-01
4.633179903030395508e-01
4.754037261009216309e-01
5.606151223182678223e-01
6.637803316116333008e-01
5.115582942962646484e-01
5.090010166168212891e-01
5.642796158790588379e-01
5.341731309890747070e-01
5.297601222991943359e-01
5.245736241340637207e-01
6.939957737922668457e-01
6.971535682678222656e-01
4.573877453804016113e-01
6.339046359062194824e-01
4.208737909793853760e-01
3.567420840263366699e-01
4.057253003120422363e-01
5.307767987251281738e-01
4.810900092124938965e-01
6.460673213005065918e-01
6.731453537940979004e-01
4.729456603527069092e-01
5.121132135391235352e-01
6.127825975418090820e-01
5.815137028694152832e-01
7.215276360511779785e-01
5.025416612625122070e-01
2.869596481323242188e-01
5.214971899986267090e-01
6.555293798446655273e-01
6.393233537673950195e-01
4.618664681911468506e-01
6.118032336235046387e-01
5.431622266769409180e-01
6.365370750427246094e-01
5.249462723731994629e-01
5.560581684112548828e-01
5.442230105400085449e-01
6.329805850982666016e-01
6.404753327369689941e-01
5.619739294052124023e-01
5.120642185211181641e-01
4.637784957885742188e-01
4.300400614738464355e-01
6.265833973884582520e-01
3.868960142135620117e-01
4.637013673782348633e-01
4.750634133815765381e-01
3.857233524322509766e-01
5.316578149795532227e-01
5.409359931945800781e-01
5.016669631004333496e-01
4.587836265563964844e-01
7.096212506294250488e-01
4.933096170425415039e-01
6.893077492713928223e-01
5.795686244964599609e-01
5.468865036964416504e-01
5.239910483360290527e-01
5.099754333496093750e-01
3.066632449626922607e-01
5.349724292755126953e-01
4.374353885650634766e-01
6.001134514808654785e-01
6.898157596588134766e-01
6.629776954650878906e-01
5.254569053649902344e-01
5.161187648773193359e-01
4.963299036026000977e-01
6.376333236694335938e-01
5.542813539505004883e-01
6.324235200881958008e-01
5.146685242652893066e-01
4.884558916091918945e-01
6.228417754173278809e-01
4.911633729934692383e-01
6.909545063972473145e-01
6.408698558807373047e-01
5.597575902938842773e-01
5.043753385543823242e-01
5.078935623168945312e-01
4.310477674007415771e-01
7.013398408889770508e-01
6.072769761085510254e-01
5.059484243392944336e-01
5.328689217567443848e-01
5.000863671302795410e-01
3.643046319484710693e-01
5.246842503547668457e-01
6.361536979675292969e-01
4.757941365242004395e-01
6.841299533843994141e-01
5.034255385398864746e-01
3.111732304096221924e-01
5.172988176345825195e-01
4.732512831687927246e-01
4.841341972351074219e-01
5.400816798210144043e-01
4.293385446071624756e-01
5.244335532188415527e-01
5.484797954559326172e-01
6.089161634445190430e-01
5.303874015808105469e-01
4.878421127796173096e-01
5.082063674926757812e-01
4.085229337215423584e-01
5.269854664802551270e-01
5.197147727012634277e-01
4.847162067890167236e-01
5.107653737068176270e-01
5.319747924804687500e-01
5.292325615882873535e-01
4.784745275974273682e-01
3.482074141502380371e-01
6.942911148071289062e-01
5.218479037284851074e-01
5.305407643318176270e-01
7.130777239799499512e-01
4.872010350227355957e-01
5.197677612304687500e-01
5.467423200607299805e-01
4.102789461612701416e-01
5.075076222419738770e-01
4.114870429039001465e-01
6.309309601783752441e-01
6.684870123863220215e-01
5.051067471504211426e-01
4.833334386348724365e-01
6.663874387741088867e-01
4.265304207801818848e-01
5.467036366462707520e-01
6.585219502449035645e-01
5.339104533195495605e-01
6.571818590164184570e-01
4.975729286670684814e-01
6.391426920890808105e-01
6.712935566902160645e-01
4.209507405757904053e-01
4.893067777156829834e-01
4.911006689071655273e-01
3.499506711959838867e-01
2.808746099472045898e-01
4.900936782360076904e-01
4.757420420646667480e-01
4.134241044521331787e-01
4.440035820007324219e-01
4.955858290195465088e-01
4.507314562797546387e-01
5.511252880096435547e-01
4.715458750724792480e-01
3.786989450454711914e-01
4.580833315849304199e-01
3.630160093307495117e-01
2.646077871322631836e-01
2.914675176143646240e-01
2.926665246486663818e-01
4.436057209968566895e-01
4.437502026557922363e-01
4.126212000846862793e-01
4.782392084598541260e-01
4.897672533988952637e-01
4.299927651882171631e-01
5.274636745452880859e-01
4.639946222305297852e-01
4.650746881961822510e-01
4.826891720294952393e-01
4.902470409870147705e-01
3.683304488658905029e-01
5.115288496017456055e-01
4.192347526550292969e-01
4.007433354854583740e-01
2.037344127893447876e-01
4.791126251220703125e-01
2.953985035419464111e-01
4.833790659904479980e-01
4.036037921905517578e-01
5.027694702148437500e-01
4.659121334552764893e-01
3.305322527885437012e-01
4.740593731403350830e-01
4.575798511505126953e-01
3.289528191089630127e-01
4.724440276622772217e-01
4.785617589950561523e-01
2.936069667339324951e-01
5.412396788597106934e-01
4.270731806755065918e-01
3.723623752593994141e-01
5.107632875442504883e-01
4.684074223041534424e-01
3.246284127235412598e-01
4.744424819946289062e-01
4.328209161758422852e-01
5.031350255012512207e-01
3.996683061122894287e-01
3.641318678855895996e-01
4.084865450859069824e-01
4.391285181045532227e-01
5.422064065933227539e-01
2.752671241760253906e-01
4.675965905189514160e-01
3.652457296848297119e-01
4.133667945861816406e-01
4.669361412525177002e-01
3.583079576492309570e-01
6.583269834518432617e-01
4.904901385307312012e-01
4.167207181453704834e-01
3.635844290256500244e-01
4.853051304817199707e-01
3.277047574520111084e-01
4.518211185932159424e-01
4.834882915019989014e-01
4.238105714321136475e-01
4.124333560466766357e-01
5.978418588638305664e-01
2.860557734966278076e-01
4.359825849533081055e-01
4.154568910598754883e-01
5.040494203567504883e-01
3.305549919605255127e-01
4.919061958789825439e-01
4.913139343261718750e-01
3.037078082561492920e-01
5.038150548934936523e-01
4.012118279933929443e-01
2.878846824169158936e-01
4.677233695983886719e-01
4.143351912498474121e-01
5.215179324150085449e-01
4.867150187492370605e-01
3.582801818847656250e-01
5.140808820724487305e-01
5.456853508949279785e-01
4.599267244338989258e-01
3.936291933059692383e-01
4.246167242527008057e-01
4.542481303215026855e-01
3.818705677986145020e-01
4.096996784210205078e-01
4.806368052959442139e-01
4.430147111415863037e-01
4.780015945434570312e-01
4.456864595413208008e-01
4.403273165225982666e-01
4.153527021408081055e-01
4.558176100254058838e-01
2.968333959579467773e-01
3.993708789348602295e-01
3.631958365440368652e-01
3.820665478706359863e-01
4.069067537784576416e-01
4.862084090709686279e-01
4.085864424705505371e-01
4.932080209255218506e-01
2.690111994743347168e-01
4.851544201374053955e-01
3.694089055061340332e-01
5.106582641601562500e-01
5.232314467430114746e-01
3.430627882480621338e-01
4.750893712043762207e-01
4.012228846549987793e-01
4.334749877452850342e-01
3.383512496948242188e-01
5.409457683563232422e-01
4.328953027725219727e-01
4.245580136775970459e-01
4.797879755496978760e-01
3.852376341819763184e-01
4.815142154693603516e-01
4.332978129386901855e-01
5.171405673027038574e-01
4.763711690902709961e-01
4.119109511375427246e-01
4.415762126445770264e-01
3.981651663780212402e-01
3.169894814491271973e-01
2.676799595355987549e-01
4.890161454677581787e-01
4.677890539169311523e-01
3.438567221164703369e-01
5.156302452087402344e-01
3.716089427471160889e-01
2.956833243370056152e-01
4.669887423515319824e-01
3.168743848800659180e-01
4.665837585926055908e-01
3.290178477764129639e-01
4.057849943637847900e-01
3.624133467674255371e-01
4.872352778911590576e-01
3.907088339328765869e-01
3.235642313957214355e-01
4.161059856414794922e-01
5.271223187446594238e-01
5.225012898445129395e-01
4.760496318340301514e-01
5.278736352920532227e-01
4.234414100646972656e-01
2.800477147102355957e-01
4.545654356479644775e-01
3.358601629734039307e-01
4.154801368713378906e-01
5.104233026504516602e-01
4.616657495498657227e-01
2.468754351139068604e-01
4.999989867210388184e-01
4.172425270080566406e-01
3.962029218673706055e-01
4.537950456142425537e-01
4.018241167068481445e-01
4.889455735683441162e-01
4.149442315101623535e-01
4.924959540367126465e-01
4.649085998535156250e-01
4.203297495841979980e-01
3.990367352962493896e-01
4.277321398258209229e-01
2.327382117509841919e-01
3.681895434856414795e-01
5.262598395347595215e-01
4.751615822315216064e-01
3.437503278255462646e-01
3.404197096824645996e-01
4.423964917659759521e-01
4.389196336269378662e-01
4.819363057613372803e-01
4.232442080974578857e-01
4.277135729789733887e-01
4.244162142276763916e-01
4.297913610935211182e-01
4.940827488899230957e-01
1.948740333318710327e-01
4.293642938137054443e-01
4.613046944141387939e-01
2.900806665420532227e-01
4.225283861160278320e-01
4.817822575569152832e-01
5.420025587081909180e-01
3.280993700027465820e-01
4.235121309757232666e-01
4.227636754512786865e-01
5.358151197433471680e-01
3.994248509407043457e-01
3.194159567356109619e-01
4.470783174037933350e-01
5.707505941390991211e-01
4.209062159061431885e-01
4.609105587005615234e-01
2.675352096557617188e-01
4.179713726043701172e-01
5.417150259017944336e-01
3.273417651653289795e-01
4.497878253459930420e-01
4.359106123447418213e-01
4.005194008350372314e-01
4.252281188964843750e-01
5.136044621467590332e-01
3.886731266975402832e-01
6.239748001098632812e-01
3.009957373142242432e-01
4.803279638290405273e-01
4.176678359508514404e-01
5.370998978614807129e-01
4.447231888771057129e-01
4.806145429611206055e-01
4.603419899940490723e-01
1.993547976016998291e-01
4.950099885463714600e-01
4.745895564556121826e-01
4.294369816780090332e-01
4.573695659637451172e-01
4.102559089660644531e-01
5.096728801727294922e-01
4.696207940578460693e-01
4.056936204433441162e-01
4.096867442131042480e-01
4.356174170970916748e-01
4.758661687374114990e-01
4.503910541534423828e-01
3.915320634841918945e-01
3.846988081932067871e-01
5.504488348960876465e-01
3.514208197593688965e-01
5.078631639480590820e-01
5.061951875686645508e-01
4.702205955982208252e-01
3.287259340286254883e-01
2.699385285377502441e-01
4.968781173229217529e-01
4.306365251541137695e-01
4.221451282501220703e-01
3.740564882755279541e-01
5.515977144241333008e-01
4.407857656478881836e-01
4.948826730251312256e-01
4.216265380382537842e-01
4.816111028194427490e-01
2.145278453826904297e-01
4.105896949768066406e-01
4.654938280582427979e-01
4.584157168865203857e-01
5.493142604827880859e-01
5.901066064834594727e-01
4.581720530986785889e-01
3.607272207736968994e-01
5.061073303222656250e-01
4.698183238506317139e-01
4.719378054141998291e-01
4.462635219097137451e-01
4.239946305751800537e-01
3.245004415512084961e-01
4.072250425815582275e-01
4.715458750724792480e-01
4.601466059684753418e-01
4.114750325679779053e-01
5.242982506752014160e-01
4.489808976650238037e-01
5.247316956520080566e-01
4.863134920597076416e-01
4.726853668689727783e-01
4.953508079051971436e-01
4.263269007205963135e-01
3.996323943138122559e-01
4.339776039123535156e-01
4.276660680770874023e-01
3.715963661670684814e-01
5.207106471061706543e-01
3.862054646015167236e-01
4.546405673027038574e-01
4.474698305130004883e-01
4.273317158222198486e-01
3.990191817283630371e-01
4.923145174980163574e-01
5.227550268173217773e-01
3.280961811542510986e-01
3.995082378387451172e-01
4.355972409248352051e-01
4.542503952980041504e-01
3.168776035308837891e-01
5.086037516593933105e-01
3.222719728946685791e-01
2.923813760280609131e-01
4.604208767414093018e-01
3.482142984867095947e-01
3.540538847446441650e-01
5.379396080970764160e-01
3.290178477764129639e-01
4.805281162261962891e-01
5.246824026107788086e-01
3.638963103294372559e-01
2.838137447834014893e-01
5.138189792633056641e-01
4.362424910068511963e-01
4.517518579959869385e-01
4.664184153079986572e-01
4.495697915554046631e-01
5.392946004867553711e-01
4.622881412506103516e-01
2.727741003036499023e-01
4.627856016159057617e-01
3.911553025245666504e-01
4.086771905422210693e-01
5.131738185882568359e-01
5.047746300697326660e-01
4.711916446685791016e-01
3.678486943244934082e-01
4.856877923011779785e-01
4.328673779964447021e-01
4.210048913955688477e-01
3.889175355434417725e-01
4.536345303058624268e-01
4.526576697826385498e-01
3.855266571044921875e-01
4.822568595409393311e-01
4.666023850440979004e-01
4.305150806903839111e-01
3.820280134677886963e-01
3.612833321094512939e-01
2.777845859527587891e-01
2.842941880226135254e-01
5.025629997253417969e-01
4.032038152217864990e-01
4.489203393459320068e-01
5.078729987144470215e-01
4.975472390651702881e-01
3.374226093292236328e-01
4.792033135890960693e-01
5.279074311256408691e-01
4.970895349979400635e-01
5.167105793952941895e-01
3.718436360359191895e-01
2.714629769325256348e-01
5.036623477935791016e-01
2.919948101043701172e-01
3.389832079410552979e-01
4.267839193344116211e-01
3.258062601089477539e-01
4.792424440383911133e-01
5.194500088691711426e-01
4.332128763198852539e-01
3.959447741508483887e-01
4.106050431728363037e-01
4.652857184410095215e-01
2.147428095340728760e-01
5.371791124343872070e-01
3.992066681385040283e-01
3.866117000579833984e-01
5.321376323699951172e-01
5.008746981620788574e-01
4.053243398666381836e-01
3.455136120319366455e-01
3.859031498432159424e-01
5.037379264831542969e-01
5.435472726821899414e-01
4.961616098880767822e-01
4.808360338211059570e-01
3.253465890884399414e-01
4.789825081825256348e-01
5.278020501136779785e-01
2.152986526489257812e-01
4.672546386718750000e-01
3.147996962070465088e-01
3.847417235374450684e-01
4.209996759891510010e-01
3.555082678794860840e-01
4.530956745147705078e-01
3.960440754890441895e-01
3.902657330036163330e-01
5.360885262489318848e-01
5.106974244117736816e-01
5.280538797378540039e-01
4.079277217388153076e-01
5.269123911857604980e-01
4.968935847282409668e-01
5.353261828422546387e-01
2.662844359874725342e-01
3.621082901954650879e-01
6.470023393630981445e-01
5.001747012138366699e-01
3.603295683860778809e-01
6.816536784172058105e-01
6.502098441123962402e-01
6.166754961013793945e-01
6.026492714881896973e-01
5.864161252975463867e-01
6.387848854064941406e-01
6.482827067375183105e-01
4.468892216682434082e-01
5.859130620956420898e-01
6.072757840156555176e-01
4.083276391029357910e-01
3.659438490867614746e-01
3.725207746028900146e-01
4.403470754623413086e-01
5.560960769653320312e-01
6.468514800071716309e-01
5.348354578018188477e-01
5.072700977325439453e-01
7.436537742614746094e-01
5.661708116531372070e-01
6.519228219985961914e-01
5.920925736427307129e-01
5.632033348083496094e-01
6.606756448745727539e-01
6.261385679244995117e-01
4.954438209533691406e-01
7.330944538116455078e-01
5.531307458877563477e-01
6.351999044418334961e-01
4.597175717353820801e-01
6.583777666091918945e-01
5.466381907463073730e-01
6.523429751396179199e-01
6.145796179771423340e-01
7.964531183242797852e-01
6.272721886634826660e-01
5.916565060615539551e-01
6.154823303222656250e-01
6.378523707389831543e-01
5.685303211212158203e-01
6.465450525283813477e-01
6.385161280632019043e-01
4.827071726322174072e-01
6.710722446441650391e-01
6.167793273925781250e-01
4.277347028255462646e-01
6.125012636184692383e-01
6.385084986686706543e-01
4.008482992649078369e-01
5.896561741828918457e-01
4.400566220283508301e-01
7.325668931007385254e-01
5.488331317901611328e-01
5.642185211181640625e-01
5.977513194084167480e-01
5.603125095367431641e-01
6.592878103256225586e-01
3.668975830078125000e-01
6.338647007942199707e-01
4.126591980457305908e-01
4.308778345584869385e-01
6.168812513351440430e-01
4.329041838645935059e-01
6.210517287254333496e-01
6.279894113540649414e-01
4.878115952014923096e-01
6.154583096504211426e-01
7.003963589668273926e-01
6.148095130920410156e-01
5.848600864410400391e-01
7.046111226081848145e-01
4.887385368347167969e-01
5.340436697006225586e-01
7.440711855888366699e-01
4.460471272468566895e-01
5.513082742691040039e-01
5.880966186523437500e-01
5.160081982612609863e-01
5.784859657287597656e-01
6.237708926200866699e-01
5.810050964355468750e-01
5.420553088188171387e-01
6.434178352355957031e-01
6.153355240821838379e-01
3.901548981666564941e-01
6.118947863578796387e-01
6.146827340126037598e-01
6.721014976501464844e-01
5.417797565460205078e-01
5.934350490570068359e-01
6.086727380752563477e-01
6.744962930679321289e-01
5.968795418739318848e-01
5.307121276855468750e-01
5.742563605308532715e-01
6.135690808296203613e-01
4.400555491447448730e-01
6.368768215179443359e-01
7.257841229438781738e-01
6.714029908180236816e-01
6.651822924613952637e-01
5.540143847465515137e-01
5.738936662673950195e-01
5.429161190986633301e-01
5.265439748764038086e-01
5.532007217407226562e-01
5.757371187210083008e-01
4.651551246643066406e-01
5.967576503753662109e-01
5.303683876991271973e-01
6.335865855216979980e-01
5.482277274131774902e-01
6.829981207847595215e-01
3.944364488124847412e-01
6.325209140777587891e-01
5.237229466438293457e-01
6.775442361831665039e-01
7.290334701538085938e-01
5.497896671295166016e-01
6.175076961517333984e-01
5.311509966850280762e-01
6.831117272377014160e-01
5.234030485153198242e-01
7.307951450347900391e-01
5.919114351272583008e-01
5.593462586402893066e-01
6.494549512863159180e-01
5.419070720672607422e-01
6.497697830200195312e-01
5.984457731246948242e-01
6.395165920257568359e-01
6.634566783905029297e-01
5.499910116195678711e-01
5.967921018600463867e-01
5.371544361114501953e-01
4.790551066398620605e-01
4.323309659957885742e-01
6.683664917945861816e-01
5.326595306396484375e-01
5.089767575263977051e-01
6.847125887870788574e-01
5.520632266998291016e-01
5.380309820175170898e-01
5.654221177101135254e-01
5.576927065849304199e-01
6.356661319732666016e-01
4.367555975914001465e-01
5.709227323532104492e-01
3.827285170555114746e-01
7.253865003585815430e-01
4.025241434574127197e-01
5.546669960021972656e-01
4.426322281360626221e-01
7.311777472496032715e-01
5.786073207855224609e-01
6.322332620620727539e-01
6.667510271072387695e-01
6.502399444580078125e-01
4.619385600090026855e-01
6.103805899620056152e-01
5.100304484367370605e-01
6.413196921348571777e-01
6.513680815696716309e-01
6.487284898757934570e-01
4.758837521076202393e-01
7.607682347297668457e-01
5.167060494422912598e-01
5.122458934783935547e-01
6.325930356979370117e-01
5.396709442138671875e-01
6.710992455482482910e-01
5.347105264663696289e-01
5.025960206985473633e-01
6.532419919967651367e-01
6.023443937301635742e-01
5.636293292045593262e-01
3.876867890357971191e-01
4.681254923343658447e-01
4.588907957077026367e-01
6.688042879104614258e-01
6.560993790626525879e-01
5.011029839515686035e-01
4.605622589588165283e-01
7.043877243995666504e-01
5.584531426429748535e-01
6.665515899658203125e-01
5.089824795722961426e-01
5.598828196525573730e-01
5.459851026535034180e-01
5.054042935371398926e-01
6.749713420867919922e-01
4.534117579460144043e-01
6.585407257080078125e-01
6.433594226837158203e-01
4.005602896213531494e-01
5.549253821372985840e-01
5.899618268013000488e-01
6.515401005744934082e-01
5.725480914115905762e-01
6.051512956619262695e-01
5.424367189407348633e-01
6.721324920654296875e-01
5.132657289505004883e-01
5.616870522499084473e-01
6.162931919097900391e-01
6.596243381500244141e-01
5.819200873374938965e-01
6.040101051330566406e-01
4.350210726261138916e-01
5.106696486473083496e-01
6.430222988128662109e-01
4.898249506950378418e-01
6.880440711975097656e-01
5.633794069290161133e-01
5.482597947120666504e-01
6.203685998916625977e-01
6.703244447708129883e-01
4.656659066677093506e-01
6.678382158279418945e-01
5.586031079292297363e-01
6.580904126167297363e-01
7.029148936271667480e-01
7.713075280189514160e-01
5.607670545578002930e-01
6.352182626724243164e-01
6.550516486167907715e-01
4.668336510658264160e-01
6.008434295654296875e-01
6.568936109542846680e-01
5.336433649063110352e-01
6.410722136497497559e-01
6.138969659805297852e-01
7.247831821441650391e-01
6.551579236984252930e-01
5.927298665046691895e-01
5.484480857849121094e-01
5.466682314872741699e-01
6.312701106071472168e-01
6.387995481491088867e-01
5.546866059303283691e-01
6.083753108978271484e-01
6.792092919349670410e-01
4.344433844089508057e-01
7.169924378395080566e-01
6.533866524696350098e-01
6.344779729843139648e-01
4.132027924060821533e-01
4.610368013381958008e-01
6.694689393043518066e-01
6.304929256439208984e-01
5.615906119346618652e-01
5.440490245819091797e-01
7.155039310455322266e-01
5.186531543731689453e-01
6.750428080558776855e-01
6.404220461845397949e-01
6.570618748664855957e-01
4.115453362464904785e-01
5.775570273399353027e-01
6.584950089454650879e-01
6.056315302848815918e-01
7.397915124893188477e-01
7.535842061042785645e-01
5.921615958213806152e-01
5.418103337287902832e-01
6.832240223884582520e-01
5.904911756515502930e-01
6.478219032287597656e-01
6.974260210990905762e-01
6.702654361724853516e-01
4.822194576263427734e-01
5.485457181930541992e-01
4.468892216682434082e-01
4.181327223777770996e-01
4.456855654716491699e-01
6.628745198249816895e-01
5.923290848731994629e-01
7.373382449150085449e-01
5.897070169448852539e-01
6.422483921051025391e-01
6.738137602806091309e-01
5.491633415222167969e-01
5.445632338523864746e-01
6.884991526603698730e-01
6.299209594726562500e-01
3.843457400798797607e-01
6.897354125976562500e-01
6.589516401290893555e-01
5.201084017753601074e-01
6.097917556762695312e-01
5.353118181228637695e-01
6.221897602081298828e-01
6.881629228591918945e-01
6.766630411148071289e-01
5.399459600448608398e-01
5.424265861511230469e-01
5.408511161804199219e-01
7.265808582305908203e-01
5.688496232032775879e-01
6.353027224540710449e-01
5.555972456932067871e-01
5.291523337364196777e-01
6.025237441062927246e-01
4.166685938835144043e-01
6.147944331169128418e-01
5.939036011695861816e-01
4.367555975914001465e-01
6.408758163452148438e-01
6.863345503807067871e-01
6.068780422210693359e-01
5.343033075332641602e-01
6.500856876373291016e-01
6.236705780029296875e-01
6.251035928726196289e-01
6.182923913002014160e-01
6.482961177825927734e-01
6.685232520103454590e-01
6.386763453483581543e-01
3.703319132328033447e-01
6.542919278144836426e-01
5.688751935958862305e-01
5.461374521255493164e-01
7.822791337966918945e-01
6.803738474845886230e-01
6.300954222679138184e-01
5.675427317619323730e-01
5.806773304939270020e-01
5.666025876998901367e-01
6.436662077903747559e-01
5.727023482322692871e-01
6.075463294982910156e-01
6.338056921958923340e-01
5.314853191375732422e-01
6.520699262619018555e-01
6.958749294281005859e-01
5.604987740516662598e-01
5.336840748786926270e-01
6.320201158523559570e-01
4.586784243583679199e-01
5.319560170173645020e-01
7.307003140449523926e-01
5.315479636192321777e-01
6.253393292427062988e-01
6.751224398612976074e-01
6.568759679794311523e-01
4.287032783031463623e-01
6.427707672119140625e-01
7.411746978759765625e-01
6.863148212432861328e-01
7.338909506797790527e-01
5.814230442047119141e-01
3.416477739810943604e-01
6.803303956985473633e-01
5.564421415328979492e-01
4.434974789619445801e-01
6.001713275909423828e-01
4.985149800777435303e-01
6.368622183799743652e-01
6.934713721275329590e-01
5.592358112335205078e-01
5.936319828033447266e-01
5.602155327796936035e-01
6.420023441314697266e-01
4.717816710472106934e-01
6.691801548004150391e-01
5.687175989151000977e-01
4.858829975128173828e-01
5.583908557891845703e-01
6.797263622283935547e-01
6.036188006401062012e-01
5.443884730339050293e-01
4.215806424617767334e-01
7.032549977302551270e-01
6.643795371055603027e-01
6.762216687202453613e-01
6.701669096946716309e-01
5.275515913963317871e-01
6.410093903541564941e-01
6.630803346633911133e-01
4.729619920253753662e-01
6.274179816246032715e-01
4.998896121978759766e-01
5.358020067214965820e-01
5.334380269050598145e-01
5.693119168281555176e-01
6.267270445823669434e-01
6.481397747993469238e-01
4.790806472301483154e-01
7.516106963157653809e-01
6.409522891044616699e-01
6.843616366386413574e-01
5.903086066246032715e-01
6.274693012237548828e-01
6.549320816993713379e-01
7.377508282661437988e-01
5.138478279113769531e-01
5.375233292579650879e-01
