8.363085389137268066e-01
8.343309760093688965e-01
8.309742808341979980e-01
7.914971113204956055e-01
7.693223357200622559e-01
8.326288461685180664e-01
8.063192963600158691e-01
7.310985326766967773e-01
8.021171689033508301e-01
7.946258187294006348e-01
7.561697959899902344e-01
8.028796911239624023e-01
7.847110033035278320e-01
8.592572808265686035e-01
7.692715525627136230e-01
8.444480299949645996e-01
7.825923562049865723e-01
8.237050175666809082e-01
8.195372819900512695e-01
8.078427314758300781e-01
8.357733488082885742e-01
8.204515576362609863e-01
8.286352753639221191e-01
6.916589736938476562e-01
7.478305697441101074e-01
7.776248455047607422e-01
6.676557064056396484e-01
7.025955915451049805e-01
6.886830925941467285e-01
6.232296228408813477e-01
6.247711777687072754e-01
6.413336992263793945e-01
6.231090426445007324e-01
5.702083110809326172e-01
6.584250330924987793e-01
6.704711318016052246e-01
6.234146356582641602e-01
6.550992727279663086e-01
6.143400073051452637e-01
6.662944555282592773e-01
6.617486476898193359e-01
7.050225138664245605e-01
6.526907086372375488e-01
6.427242159843444824e-01
6.636011600494384766e-01
6.020807623863220215e-01
6.650404930114746094e-01
6.484654545783996582e-01
6.453588604927062988e-01
6.384178400039672852e-01
6.060533523559570312e-01
6.069951653480529785e-01
8.086943626403808594e-01
8.685073852539062500e-01
8.020480275154113770e-01
7.937479019165039062e-01
8.396459817886352539e-01
8.424042463302612305e-01
8.124492764472961426e-01
7.279178500175476074e-01
8.021153211593627930e-01
7.545978426933288574e-01
7.732017636299133301e-01
8.319483995437622070e-01
7.846749424934387207e-01
8.516287207603454590e-01
8.604871630668640137e-01
8.503725528717041016e-01
7.973178625106811523e-01
8.383270502090454102e-01
8.313323259353637695e-01
7.954584956169128418e-01
8.311190605163574219e-01
8.018609285354614258e-01
7.958028912544250488e-01
8.327175378799438477e-01
8.055263161659240723e-01
7.533757090568542480e-01
8.239174485206604004e-01
8.700082898139953613e-01
8.104279041290283203e-01
7.981547713279724121e-01
8.425140976905822754e-01
8.359920978546142578e-01
8.154814243316650391e-01
7.289257645606994629e-01
8.095371127128601074e-01
7.706727385520935059e-01
7.856755256652832031e-01
8.402076959609985352e-01
7.896078824996948242e-01
8.491340875625610352e-01
8.591561317443847656e-01
8.515254855155944824e-01
8.129670023918151855e-01
8.452783226966857910e-01
8.463365435600280762e-01
7.959030866622924805e-01
8.370938301086425781e-01
8.168295025825500488e-01
7.967692017555236816e-01
8.275279402732849121e-01
8.083169460296630859e-01
7.549358606338500977e-01
6.119724512100219727e-01
6.286396384239196777e-01
6.192599534988403320e-01
5.550888776779174805e-01
5.569652915000915527e-01
5.803496241569519043e-01
5.577650666236877441e-01
4.959548115730285645e-01
5.970405936241149902e-01
6.314148902893066406e-01
5.714015960693359375e-01
5.958278775215148926e-01
5.427412986755371094e-01
5.990765094757080078e-01
5.993615388870239258e-01
6.339534521102905273e-01
5.978298783302307129e-01
5.697270631790161133e-01
6.128568649291992188e-01
5.490263700485229492e-01
5.967251658439636230e-01
6.003160476684570312e-01
5.715984106063842773e-01
5.878873467445373535e-01
5.296078324317932129e-01
5.381386876106262207e-01
8.079777359962463379e-01
8.059770464897155762e-01
7.816780209541320801e-01
7.837618589401245117e-01
7.583833336830139160e-01
8.164288997650146484e-01
7.950333356857299805e-01
7.122955918312072754e-01
7.853817939758300781e-01
7.769287824630737305e-01
7.656207084655761719e-01
7.822638750076293945e-01
7.595592141151428223e-01
8.280087113380432129e-01
7.736827731132507324e-01
8.021548986434936523e-01
7.906842231750488281e-01
8.079857826232910156e-01
8.033662438392639160e-01
7.993546128273010254e-01
8.247405886650085449e-01
7.850635051727294922e-01
8.167091608047485352e-01
6.755287647247314453e-01
7.537987828254699707e-01
7.672638297080993652e-01
8.244192600250244141e-01
8.676995635032653809e-01
8.079226016998291016e-01
7.963882088661193848e-01
8.289458751678466797e-01
8.436853885650634766e-01
8.145173788070678711e-01
7.252837419509887695e-01
8.094462752342224121e-01
7.801441550254821777e-01
7.778994441032409668e-01
8.359916210174560547e-01
7.842649817466735840e-01
8.484938740730285645e-01
8.699937462806701660e-01
8.489301204681396484e-01
8.127005100250244141e-01
8.356808423995971680e-01
8.480358719825744629e-01
8.004810214042663574e-01
8.284454941749572754e-01
8.160800337791442871e-01
7.922321557998657227e-01
8.302648067474365234e-01
7.927144765853881836e-01
7.514050006866455078e-01
8.063417077064514160e-01
8.813916444778442383e-01
8.080329298973083496e-01
8.000047802925109863e-01
7.878624200820922852e-01
8.948146700859069824e-01
8.016332983970642090e-01
7.279484272003173828e-01
8.152214288711547852e-01
7.850466966629028320e-01
7.557028532028198242e-01
8.159722089767456055e-01
7.838374972343444824e-01
8.880401849746704102e-01
8.355304002761840820e-01
8.731496930122375488e-01
7.790241837501525879e-01
8.260300159454345703e-01
8.312938213348388672e-01
7.978705763816833496e-01
8.567717671394348145e-01
7.958965301513671875e-01
8.269973397254943848e-01
7.515692710876464844e-01
8.103699684143066406e-01
7.643874287605285645e-01
7.892469167709350586e-01
8.408186435699462891e-01
7.954773306846618652e-01
7.506473064422607422e-01
7.844508886337280273e-01
8.021400570869445801e-01
7.759789228439331055e-01
6.901382803916931152e-01
7.696884870529174805e-01
7.553555369377136230e-01
7.352322340011596680e-01
7.905043363571166992e-01
7.480000257492065430e-01
8.278189897537231445e-01
8.180409669876098633e-01
8.366864323616027832e-01
7.674489021301269531e-01
7.943013310432434082e-01
8.093906641006469727e-01
7.539147734642028809e-01
7.913699746131896973e-01
7.802634835243225098e-01
7.580145001411437988e-01
7.800665497779846191e-01
7.570971846580505371e-01
7.110562920570373535e-01
4.725744426250457764e-01
4.505906403064727783e-01
4.892446398735046387e-01
4.599514007568359375e-01
4.546032547950744629e-01
4.483028948307037354e-01
4.680810868740081787e-01
4.693880379199981689e-01
4.588130712509155273e-01
4.247100949287414551e-01
4.366815388202667236e-01
4.641021192073822021e-01
4.634857475757598877e-01
4.570798873901367188e-01
4.276635348796844482e-01
4.500095248222351074e-01
4.260884225368499756e-01
4.745568633079528809e-01
4.585985839366912842e-01
4.505008459091186523e-01
4.809990525245666504e-01
4.793427884578704834e-01
4.767394959926605225e-01
4.255680143833160400e-01
4.247913658618927002e-01
4.467389285564422607e-01
6.877259016036987305e-01
7.108727693557739258e-01
6.882265806198120117e-01
6.468135714530944824e-01
6.459760665893554688e-01
6.725898981094360352e-01
6.479443311691284180e-01
5.820479989051818848e-01
6.839205622673034668e-01
6.927434802055358887e-01
6.484009623527526855e-01
6.758141517639160156e-01
6.273607611656188965e-01
6.891826987266540527e-01
6.747869253158569336e-01
7.279255986213684082e-01
6.703254580497741699e-01
6.588466763496398926e-01
6.835353374481201172e-01
6.399689912796020508e-01
6.865299344062805176e-01
6.755823493003845215e-01
6.707947850227355957e-01
6.497985124588012695e-01
6.260913610458374023e-01
6.227328181266784668e-01
8.984390497207641602e-01
8.800376653671264648e-01
8.420917391777038574e-01
8.522868752479553223e-01
8.749496340751647949e-01
8.511128425598144531e-01
8.822916746139526367e-01
7.568534016609191895e-01
8.768854141235351562e-01
8.312043547630310059e-01
7.920476794242858887e-01
8.650285005569458008e-01
8.161095380783081055e-01
8.651943802833557129e-01
8.473842144012451172e-01
8.708928823471069336e-01
8.517287969589233398e-01
8.730614781379699707e-01
8.918916583061218262e-01
8.655782938003540039e-01
8.581488132476806641e-01
8.906351923942565918e-01
8.528271913528442383e-01
7.526685595512390137e-01
7.956035137176513672e-01
7.946641445159912109e-01
8.274862170219421387e-01
8.427243828773498535e-01
7.701319456100463867e-01
7.768668532371520996e-01
8.041884899139404297e-01
8.037563562393188477e-01
8.036563992500305176e-01
7.367096543312072754e-01
8.079122900962829590e-01
7.681964635848999023e-01
7.670800089836120605e-01
7.932822108268737793e-01
7.940652370452880859e-01
8.164950609207153320e-01
7.918627262115478516e-01
8.006777763366699219e-01
7.989435195922851562e-01
8.298401236534118652e-01
8.241271972656250000e-01
8.033844232559204102e-01
8.297868371009826660e-01
8.022035956382751465e-01
8.071146011352539062e-01
7.331992387771606445e-01
7.795950770378112793e-01
7.636941671371459961e-01
4.682446122169494629e-01
4.973562955856323242e-01
4.434326291084289551e-01
4.545405209064483643e-01
5.585299730300903320e-01
4.678988456726074219e-01
5.183373689651489258e-01
5.049571394920349121e-01
4.643061757087707520e-01
4.122088253498077393e-01
5.212171673774719238e-01
4.824944734573364258e-01
4.899351298809051514e-01
4.779267907142639160e-01
4.893434643745422363e-01
4.783496558666229248e-01
5.291980504989624023e-01
5.191037058830261230e-01
4.748206436634063721e-01
4.749164879322052002e-01
5.113221406936645508e-01
4.722478091716766357e-01
4.944398999214172363e-01
4.746816456317901611e-01
5.237547755241394043e-01
4.402551054954528809e-01
7.027705311775207520e-01
7.620892524719238281e-01
7.212061285972595215e-01
6.685380339622497559e-01
6.909096240997314453e-01
7.149624824523925781e-01
6.992139816284179688e-01
6.415400505065917969e-01
6.718188524246215820e-01
6.781046390533447266e-01
6.777699589729309082e-01
6.972590684890747070e-01
6.665939092636108398e-01
7.434623837471008301e-01
7.733108401298522949e-01
7.664082050323486328e-01
6.794531345367431641e-01
7.042956352233886719e-01
7.068209648132324219e-01
6.812807917594909668e-01
7.235350012779235840e-01
6.913845539093017578e-01
6.914643645286560059e-01
7.937573790550231934e-01
7.273898720741271973e-01
6.315451264381408691e-01
8.043162226676940918e-01
8.542820811271667480e-01
8.018518090248107910e-01
7.689912915229797363e-01
7.999826073646545410e-01
8.168622255325317383e-01
7.931709885597229004e-01
7.076454162597656250e-01
7.857779264450073242e-01
7.690187096595764160e-01
7.501596212387084961e-01
8.080255985260009766e-01
7.617949247360229492e-01
8.381499052047729492e-01
8.384602069854736328e-01
8.442202210426330566e-01
7.875990867614746094e-01
8.117548227310180664e-01
8.268542289733886719e-01
7.760056257247924805e-01
8.061939477920532227e-01
7.958458662033081055e-01
7.747453451156616211e-01
7.926997542381286621e-01
7.734295725822448730e-01
7.299945354461669922e-01
8.306393623352050781e-01
8.744078278541564941e-01
8.199594616889953613e-01
7.987641692161560059e-01
8.418937325477600098e-01
8.388866782188415527e-01
8.264539241790771484e-01
7.388968467712402344e-01
8.132647871971130371e-01
7.746239304542541504e-01
7.902796268463134766e-01
8.426402807235717773e-01
7.977800965309143066e-01
8.554094433784484863e-01
8.556672930717468262e-01
8.564499616622924805e-01
8.180123567581176758e-01
8.507984876632690430e-01
8.518467545509338379e-01
8.055122494697570801e-01
8.419111967086791992e-01
8.219234943389892578e-01
8.057289123535156250e-01
8.235682249069213867e-01
8.051971793174743652e-01
7.601031064987182617e-01
8.227204084396362305e-01
8.632003068923950195e-01
8.271697759628295898e-01
8.119647502899169922e-01
8.107733130455017090e-01
8.558626174926757812e-01
8.398045301437377930e-01
7.817801237106323242e-01
8.203083872795104980e-01
7.510570287704467773e-01
7.752143144607543945e-01
8.313084244728088379e-01
8.315749168395996094e-01
8.873059153556823730e-01
8.513268232345581055e-01
8.539316058158874512e-01
7.894449830055236816e-01
8.566401004791259766e-01
8.459219932556152344e-01
8.382924795150756836e-01
8.697171211242675781e-01
8.036949634552001953e-01
8.528637290000915527e-01
7.517207264900207520e-01
8.560993671417236328e-01
8.054283261299133301e-01
7.046598792076110840e-01
7.615123391151428223e-01
7.414995431900024414e-01
6.985586285591125488e-01
6.635816097259521484e-01
7.009412646293640137e-01
6.901597380638122559e-01
6.265256404876708984e-01
7.149677872657775879e-01
6.767224073410034180e-01
6.518377065658569336e-01
7.221230268478393555e-01
6.664854884147644043e-01
7.594978213310241699e-01
7.200798988342285156e-01
7.829393148422241211e-01
6.617430448532104492e-01
7.066004872322082520e-01
7.102353572845458984e-01
6.889912486076354980e-01
7.235162854194641113e-01
6.957606077194213867e-01
7.244473695755004883e-01
6.990131139755249023e-01
6.756556034088134766e-01
6.591931581497192383e-01
8.080904483795166016e-01
7.940995693206787109e-01
7.809541225433349609e-01
7.851489782333374023e-01
7.576900124549865723e-01
8.192785978317260742e-01
8.080976605415344238e-01
7.284995913505554199e-01
7.894157171249389648e-01
7.601450085639953613e-01
7.520679235458374023e-01
7.850723862648010254e-01
7.740538716316223145e-01
8.243799209594726562e-01
7.792094945907592773e-01
7.889477610588073730e-01
7.737058997154235840e-01
8.126060366630554199e-01
8.056036829948425293e-01
8.184270858764648438e-01
8.216729164123535156e-01
7.873347997665405273e-01
8.160721063613891602e-01
6.740251779556274414e-01
7.579576373100280762e-01
7.700815796852111816e-01
8.746386170387268066e-01
9.196367263793945312e-01
8.083714246749877930e-01
9.079970121383666992e-01
8.871865272521972656e-01
8.518757820129394531e-01
8.943328261375427246e-01
7.915074229240417480e-01
9.180849790573120117e-01
8.008512854576110840e-01
8.154807090759277344e-01
9.214184880256652832e-01
8.509828448295593262e-01
8.828216195106506348e-01
9.043068885803222656e-01
8.936814069747924805e-01
8.952171802520751953e-01
9.091038107872009277e-01
9.109968543052673340e-01
8.651156425476074219e-01
9.112514257431030273e-01
8.621242046356201172e-01
8.928846120834350586e-01
7.608007788658142090e-01
8.590575456619262695e-01
8.026421070098876953e-01
8.109027743339538574e-01
8.602448701858520508e-01
8.026656508445739746e-01
7.736939191818237305e-01
8.054485917091369629e-01
8.180885910987854004e-01
7.951114773750305176e-01
7.056396603584289551e-01
7.982218265533447266e-01
7.781510949134826660e-01
7.574717998504638672e-01
8.200503587722778320e-01
7.639955282211303711e-01
8.409613966941833496e-01
8.385927677154541016e-01
8.546852469444274902e-01
7.996475100517272949e-01
8.158837556838989258e-01
8.347595334053039551e-01
7.746323347091674805e-01
8.134722709655761719e-01
8.050931096076965332e-01
7.806734442710876465e-01
7.927474975585937500e-01
7.687820196151733398e-01
7.276113629341125488e-01
6.688465476036071777e-01
6.981813907623291016e-01
6.800156831741333008e-01
6.286793351173400879e-01
6.324071884155273438e-01
6.445848345756530762e-01
6.240130066871643066e-01
5.673762559890747070e-01
6.660072803497314453e-01
6.790494322776794434e-01
6.244993209838867188e-01
6.610049605369567871e-01
6.142311096191406250e-01
6.650920510292053223e-01
6.595170497894287109e-01
7.000374794006347656e-01
6.556731462478637695e-01
6.477444767951965332e-01
6.717068552970886230e-01
6.066694855690002441e-01
6.695647239685058594e-01
6.549472212791442871e-01
6.439362764358520508e-01
6.356576085090637207e-01
6.047374606132507324e-01
6.091501712799072266e-01
6.198955774307250977e-01
6.706659793853759766e-01
6.470471024513244629e-01
5.918834805488586426e-01
5.913969278335571289e-01
6.015865802764892578e-01
5.864045023918151855e-01
5.447793006896972656e-01
6.261930465698242188e-01
6.000089049339294434e-01
6.049325466156005859e-01
6.408372521400451660e-01
5.902702212333679199e-01
6.538330912590026855e-01
6.229455471038818359e-01
7.028329968452453613e-01
6.176351308822631836e-01
6.202705502510070801e-01
6.412620544433593750e-01
5.676096677780151367e-01
6.411704421043395996e-01
6.097986102104187012e-01
6.123144030570983887e-01
6.435984969139099121e-01
5.874366164207458496e-01
5.453073382377624512e-01
8.097967505455017090e-01
8.620531558990478516e-01
8.042650222778320312e-01
7.808708548545837402e-01
8.235775232315063477e-01
8.247787356376647949e-01
8.020319938659667969e-01
7.217276096343994141e-01
7.926868200302124023e-01
7.553976774215698242e-01
7.767365574836730957e-01
8.235201835632324219e-01
7.779265046119689941e-01
8.418169021606445312e-01
8.437734246253967285e-01
8.513200283050537109e-01
7.974144816398620605e-01
8.292953968048095703e-01
8.320958614349365234e-01
7.828095555305480957e-01
8.279486298561096191e-01
7.998585104942321777e-01
7.899957299232482910e-01
8.277193307876586914e-01
7.949720621109008789e-01
7.427673339843750000e-01
8.152818679809570312e-01
8.750534653663635254e-01
8.053515553474426270e-01
7.986735105514526367e-01
8.450887203216552734e-01
8.409276604652404785e-01
8.159290552139282227e-01
7.321497201919555664e-01
8.110798001289367676e-01
7.647823095321655273e-01
7.793915271759033203e-01
8.414851427078247070e-01
7.899850606918334961e-01
8.552582859992980957e-01
8.638077974319458008e-01
8.559418320655822754e-01
8.085216879844665527e-01
8.448447585105895996e-01
8.413019776344299316e-01
7.969527244567871094e-01
8.387890458106994629e-01
8.084365129470825195e-01
8.009992241859436035e-01
8.303977251052856445e-01
8.120028376579284668e-01
7.570028901100158691e-01
8.220643997192382812e-01
8.698297739028930664e-01
8.071930408477783203e-01
7.978391051292419434e-01
8.404569625854492188e-01
8.367703557014465332e-01
8.152762055397033691e-01
7.270601987838745117e-01
8.106121420860290527e-01
7.728853225708007812e-01
7.850124239921569824e-01
8.393567204475402832e-01
7.853286862373352051e-01
8.513294458389282227e-01
8.570558428764343262e-01
8.556018471717834473e-01
8.153722882270812988e-01
8.442476391792297363e-01
8.473402857780456543e-01
7.966016530990600586e-01
8.404117226600646973e-01
8.160732984542846680e-01
7.983661293983459473e-01
8.255325555801391602e-01
8.047364950180053711e-01
7.545511126518249512e-01
8.458230495452880859e-01
8.981668949127197266e-01
8.239688277244567871e-01
8.511769771575927734e-01
8.360511660575866699e-01
8.701617121696472168e-01
8.718038201332092285e-01
8.020806312561035156e-01
8.671160936355590820e-01
7.884449362754821777e-01
7.718884944915771484e-01
8.690371513366699219e-01
8.477312326431274414e-01
9.079009890556335449e-01
8.560038805007934570e-01
9.058984518051147461e-01
8.225452899932861328e-01
8.800161480903625488e-01
8.719561696052551270e-01
8.661432266235351562e-01
9.126120805740356445e-01
8.220026493072509766e-01
9.003306627273559570e-01
7.434615492820739746e-01
8.707945346832275391e-01
8.079826831817626953e-01
