5.558729767799377441e-01
4.477290809154510498e-01
5.253905057907104492e-01
6.388925909996032715e-01
5.526882410049438477e-01
7.077342271804809570e-01
6.020168662071228027e-01
5.754802227020263672e-01
5.906057357788085938e-01
6.913484930992126465e-01
6.343190073966979980e-01
7.736362814903259277e-01
6.413561701774597168e-01
6.620698571205139160e-01
5.929840803146362305e-01
5.454855561256408691e-01
6.133335232734680176e-01
6.513507962226867676e-01
5.824468731880187988e-01
5.834655761718750000e-01
5.921634435653686523e-01
6.163967251777648926e-01
4.970738291740417480e-01
5.079931020736694336e-01
7.059280872344970703e-01
4.833883643150329590e-01
6.827750802040100098e-01
5.811833143234252930e-01
4.807617068290710449e-01
5.282375216484069824e-01
5.537116527557373047e-01
5.820095539093017578e-01
5.747272372245788574e-01
6.519560217857360840e-01
6.143109798431396484e-01
6.435286998748779297e-01
6.321492791175842285e-01
6.011307835578918457e-01
6.131888031959533691e-01
5.544433593750000000e-01
4.566303789615631104e-01
5.557864904403686523e-01
5.831114649772644043e-01
4.706721603870391846e-01
5.120536088943481445e-01
5.072035789489746094e-01
6.008520722389221191e-01
7.028941512107849121e-01
6.072753667831420898e-01
7.884745597839355469e-01
6.369324326515197754e-01
6.816398501396179199e-01
6.789879202842712402e-01
7.446150183677673340e-01
7.107496857643127441e-01
6.913605332374572754e-01
6.980795860290527344e-01
6.565445661544799805e-01
6.843345761299133301e-01
4.732766747474670410e-01
6.383151412010192871e-01
7.223153710365295410e-01
6.462053060531616211e-01
6.729475855827331543e-01
6.498935222625732422e-01
7.283425927162170410e-01
5.721617341041564941e-01
4.538176655769348145e-01
7.741903066635131836e-01
5.483083128929138184e-01
7.361490726470947266e-01
6.442317962646484375e-01
4.944043159484863281e-01
6.453585624694824219e-01
6.005580425262451172e-01
6.156984567642211914e-01
6.730638742446899414e-01
7.328660488128662109e-01
6.679634451866149902e-01
6.676065325736999512e-01
6.958519816398620605e-01
7.191956639289855957e-01
7.300629615783691406e-01
6.740632057189941406e-01
4.131655693054199219e-01
6.329081654548645020e-01
4.880604743957519531e-01
5.520794987678527832e-01
5.133173465728759766e-01
4.776440858840942383e-01
5.792249441146850586e-01
6.863667368888854980e-01
6.420001983642578125e-01
7.157561182975769043e-01
6.340748071670532227e-01
6.321004629135131836e-01
6.401642560958862305e-01
7.697689533233642578e-01
7.211047410964965820e-01
7.944652438163757324e-01
6.832333803176879883e-01
6.908448934555053711e-01
6.234923005104064941e-01
4.967918097972869873e-01
6.122331619262695312e-01
7.268205285072326660e-01
6.308534741401672363e-01
6.706840991973876953e-01
5.773776769638061523e-01
6.777374148368835449e-01
5.339303016662597656e-01
4.640188217163085938e-01
7.085029482841491699e-01
5.364094376564025879e-01
6.624334454536437988e-01
6.229712963104248047e-01
4.453773498535156250e-01
6.218457221984863281e-01
5.882213711738586426e-01
6.333665847778320312e-01
6.420973539352416992e-01
7.015963196754455566e-01
6.729026436805725098e-01
6.664670705795288086e-01
6.587476134300231934e-01
6.620565652847290039e-01
6.778556108474731445e-01
5.949962139129638672e-01
4.496698677539825439e-01
5.961324572563171387e-01
5.194973349571228027e-01
4.929796457290649414e-01
5.339428782463073730e-01
3.901665806770324707e-01
4.904924631118774414e-01
5.904917716979980469e-01
5.881599783897399902e-01
6.646021604537963867e-01
5.541447997093200684e-01
5.804097652435302734e-01
6.335666179656982422e-01
6.095012426376342773e-01
7.435163259506225586e-01
7.541484832763671875e-01
6.359546780586242676e-01
5.901826024055480957e-01
5.057861804962158203e-01
4.900660216808319092e-01
5.819082856178283691e-01
5.911831855773925781e-01
5.562376379966735840e-01
6.503910422325134277e-01
4.969722032546997070e-01
5.732081532478332520e-01
4.884794652462005615e-01
4.238302111625671387e-01
6.463979482650756836e-01
5.334483385086059570e-01
6.793454289436340332e-01
5.600307583808898926e-01
4.415217041969299316e-01
5.462524890899658203e-01
5.193958878517150879e-01
6.487436890602111816e-01
5.843697786331176758e-01
5.756139755249023438e-01
6.260339021682739258e-01
5.963770747184753418e-01
6.588435769081115723e-01
6.167888641357421875e-01
6.142140626907348633e-01
5.095102190971374512e-01
4.548481106758117676e-01
5.033987760543823242e-01
5.221944451332092285e-01
4.849511981010437012e-01
5.153243541717529297e-01
5.446455478668212891e-01
5.366272926330566406e-01
6.238548159599304199e-01
5.416066050529479980e-01
6.229062080383300781e-01
5.855278968811035156e-01
5.355088710784912109e-01
5.618819594383239746e-01
5.884206295013427734e-01
5.880748629570007324e-01
6.767243146896362305e-01
6.126419305801391602e-01
5.742007493972778320e-01
5.485789179801940918e-01
4.942069053649902344e-01
5.551896095275878906e-01
5.717380046844482422e-01
5.521588921546936035e-01
5.729196667671203613e-01
6.193484067916870117e-01
5.767220854759216309e-01
5.091415047645568848e-01
4.882023036479949951e-01
6.027824878692626953e-01
4.829247891902923584e-01
5.943092703819274902e-01
5.822433829307556152e-01
4.008587300777435303e-01
4.983834922313690186e-01
5.160298347473144531e-01
5.316331982612609863e-01
5.667024850845336914e-01
5.679607391357421875e-01
5.671026110649108887e-01
6.095315814018249512e-01
5.570431947708129883e-01
5.657803416252136230e-01
5.836797952651977539e-01
5.146388411521911621e-01
4.511296451091766357e-01
5.483762621879577637e-01
5.454633831977844238e-01
4.492595195770263672e-01
5.168782472610473633e-01
4.264422357082366943e-01
5.026128292083740234e-01
6.324343085289001465e-01
5.621628165245056152e-01
7.107369899749755859e-01
5.883267521858215332e-01
6.022444963455200195e-01
5.584261417388916016e-01
6.678633689880371094e-01
6.797564625740051270e-01
8.082298040390014648e-01
6.674651503562927246e-01
6.156036853790283203e-01
5.788071155548095703e-01
4.645804464817047119e-01
5.919711589813232422e-01
6.274306178092956543e-01
5.528705716133117676e-01
6.401945948600769043e-01
5.113316774368286133e-01
6.612539291381835938e-01
5.043722987174987793e-01
4.590460360050201416e-01
6.843275427818298340e-01
4.669110774993896484e-01
6.772214770317077637e-01
5.592991709709167480e-01
4.390679597854614258e-01
5.571374893188476562e-01
5.434508323669433594e-01
5.748894810676574707e-01
5.781599283218383789e-01
5.988360643386840820e-01
5.919923782348632812e-01
6.053525805473327637e-01
5.723630785942077637e-01
5.760141611099243164e-01
5.694348812103271484e-01
5.454831123352050781e-01
4.538137316703796387e-01
5.318361520767211914e-01
5.288274884223937988e-01
4.447638094425201416e-01
5.131540298461914062e-01
4.183486700057983398e-01
4.945712089538574219e-01
6.077659130096435547e-01
5.547649860382080078e-01
7.095922231674194336e-01
5.795304775238037109e-01
5.581744909286499023e-01
6.286895871162414551e-01
6.448178291320800781e-01
7.359521985054016113e-01
7.799174785614013672e-01
6.541006565093994141e-01
6.170355081558227539e-01
5.344893336296081543e-01
5.167288780212402344e-01
6.125946640968322754e-01
5.995731353759765625e-01
5.770800709724426270e-01
6.058769822120666504e-01
5.370428562164306641e-01
6.000960469245910645e-01
4.838614165782928467e-01
4.440607130527496338e-01
6.825144290924072266e-01
5.164381861686706543e-01
6.797531247138977051e-01
5.888330936431884766e-01
4.340670406818389893e-01
5.302412509918212891e-01
5.218325257301330566e-01
6.137943267822265625e-01
6.011562943458557129e-01
6.011763215065002441e-01
6.186797022819519043e-01
6.193140745162963867e-01
6.244096159934997559e-01
6.533773541450500488e-01
6.587619185447692871e-01
5.314261913299560547e-01
4.607429206371307373e-01
5.353464484214782715e-01
5.256078243255615234e-01
4.990307390689849854e-01
5.959543585777282715e-01
4.295071363449096680e-01
5.291855335235595703e-01
5.656306743621826172e-01
5.269050002098083496e-01
5.988510847091674805e-01
5.419391989707946777e-01
5.151342153549194336e-01
5.995433330535888672e-01
5.377489924430847168e-01
6.562467217445373535e-01
6.743702292442321777e-01
5.949214100837707520e-01
5.888250470161437988e-01
4.961894750595092773e-01
5.242898464202880859e-01
6.083060503005981445e-01
5.625838637351989746e-01
6.204707622528076172e-01
6.210799813270568848e-01
5.278145074844360352e-01
5.360559821128845215e-01
4.770035445690155029e-01
4.559140503406524658e-01
5.714319944381713867e-01
5.391348600387573242e-01
6.347898840904235840e-01
5.383081436157226562e-01
4.562149345874786377e-01
4.566589295864105225e-01
5.617843866348266602e-01
5.922867655754089355e-01
6.239315271377563477e-01
5.643842816352844238e-01
6.766570806503295898e-01
6.359390616416931152e-01
5.742365717887878418e-01
5.777836441993713379e-01
5.894467830657958984e-01
4.945537149906158447e-01
5.159047842025756836e-01
5.148954391479492188e-01
5.331386923789978027e-01
5.543810129165649414e-01
5.632831454277038574e-01
4.509854018688201904e-01
5.461180210113525391e-01
6.542813181877136230e-01
5.567373037338256836e-01
7.499342560768127441e-01
6.141346096992492676e-01
5.968346595764160156e-01
6.546354293823242188e-01
6.511917710304260254e-01
7.602672576904296875e-01
8.100829124450683594e-01
6.544102430343627930e-01
6.736476421356201172e-01
5.747687816619873047e-01
5.531702637672424316e-01
6.290630698204040527e-01
6.490301489830017090e-01
6.116281747817993164e-01
6.363822817802429199e-01
5.506065487861633301e-01
6.297760605812072754e-01
5.332174897193908691e-01
4.753999710083007812e-01
7.169421315193176270e-01
5.476873517036437988e-01
6.972357630729675293e-01
6.103232502937316895e-01
4.765930771827697754e-01
5.592780113220214844e-01
5.589193105697631836e-01
6.377753615379333496e-01
6.274924278259277344e-01
6.388066411018371582e-01
6.690160632133483887e-01
6.619356274604797363e-01
6.308760643005371094e-01
6.665245294570922852e-01
6.705972552299499512e-01
5.701003670692443848e-01
4.915298223495483398e-01
5.569451451301574707e-01
5.512478947639465332e-01
5.242389440536499023e-01
5.538322329521179199e-01
4.350368976593017578e-01
5.450734496116638184e-01
6.295849084854125977e-01
5.571757555007934570e-01
7.061355710029602051e-01
5.837256908416748047e-01
5.611902475357055664e-01
6.621077656745910645e-01
6.242842674255371094e-01
7.182453870773315430e-01
7.821416854858398438e-01
6.423604488372802734e-01
6.449344158172607422e-01
5.500127673149108887e-01
5.350545048713684082e-01
6.178392171859741211e-01
6.150664687156677246e-01
6.157495975494384766e-01
6.154175400733947754e-01
5.486764311790466309e-01
5.960587263107299805e-01
5.046963691711425781e-01
4.677805304527282715e-01
6.664285659790039062e-01
5.664270520210266113e-01
6.951888203620910645e-01
5.816490650177001953e-01
4.222919642925262451e-01
5.181010365486145020e-01
5.574323534965515137e-01
6.312705874443054199e-01
6.328592896461486816e-01
6.319344043731689453e-01
6.603350043296813965e-01
6.249546408653259277e-01
6.199294328689575195e-01
6.442203521728515625e-01
6.295061707496643066e-01
5.446690917015075684e-01
5.294269919395446777e-01
5.517150759696960449e-01
5.376874804496765137e-01
5.334731936454772949e-01
4.953072667121887207e-01
4.647565186023712158e-01
5.372112989425659180e-01
6.596358418464660645e-01
5.970664024353027344e-01
7.363530993461608887e-01
6.072735786437988281e-01
6.240912079811096191e-01
5.915627479553222656e-01
7.362237572669982910e-01
6.818099021911621094e-01
7.879616618156433105e-01
6.753655672073364258e-01
6.627150177955627441e-01
6.318592429161071777e-01
4.799081683158874512e-01
5.958389043807983398e-01
6.682364344596862793e-01
5.752755999565124512e-01
6.446263194084167480e-01
5.598527193069458008e-01
6.919376254081726074e-01
5.162724852561950684e-01
4.604461491107940674e-01
7.325826883316040039e-01
4.819292426109313965e-01
6.700513958930969238e-01
6.098499894142150879e-01
4.418088495731353760e-01
5.825602412223815918e-01
5.706389546394348145e-01
5.885856151580810547e-01
5.859265327453613281e-01
6.374075412750244141e-01
6.107656955718994141e-01
6.385213136672973633e-01
6.223203539848327637e-01
6.169821619987487793e-01
6.135740876197814941e-01
5.751880407333374023e-01
4.279846251010894775e-01
5.615229606628417969e-01
5.299808979034423828e-01
4.458992779254913330e-01
5.715238451957702637e-01
4.172409176826477051e-01
5.106495022773742676e-01
6.331285834312438965e-01
5.689529180526733398e-01
6.843783259391784668e-01
5.863895416259765625e-01
5.860098004341125488e-01
6.323249936103820801e-01
6.314900517463684082e-01
7.377066612243652344e-01
7.378239631652832031e-01
6.324431896209716797e-01
6.482533216476440430e-01
5.482751131057739258e-01
5.072037577629089355e-01
6.053112149238586426e-01
6.541928648948669434e-01
6.076365709304809570e-01
6.671140789985656738e-01
5.244103670120239258e-01
6.443623304367065430e-01
5.128493309020996094e-01
4.408302605152130127e-01
6.915202736854553223e-01
5.222397446632385254e-01
6.888374090194702148e-01
6.044921278953552246e-01
5.261297225952148438e-01
5.238223075866699219e-01
5.455860495567321777e-01
6.225880980491638184e-01
5.806388258934020996e-01
6.437420845031738281e-01
6.786648035049438477e-01
6.667628884315490723e-01
6.510701775550842285e-01
6.559364795684814453e-01
6.843146085739135742e-01
5.697739720344543457e-01
4.843159019947052002e-01
5.194543004035949707e-01
5.153387784957885742e-01
5.031711459159851074e-01
5.218556523323059082e-01
4.408656954765319824e-01
4.724379181861877441e-01
6.226336359977722168e-01
5.506030917167663574e-01
6.622518301010131836e-01
5.736173391342163086e-01
5.462275147438049316e-01
6.256694793701171875e-01
5.929559469223022461e-01
7.185500264167785645e-01
7.118314504623413086e-01
6.606504321098327637e-01
6.010029315948486328e-01
5.297187566757202148e-01
4.677932858467102051e-01
5.954132676124572754e-01
5.893192291259765625e-01
5.448665618896484375e-01
6.432591080665588379e-01
4.770112931728363037e-01
6.262759566307067871e-01
4.722942113876342773e-01
4.105784893035888672e-01
6.305313110351562500e-01
5.093712210655212402e-01
6.094571948051452637e-01
5.830687284469604492e-01
4.155617356300354004e-01
5.440522432327270508e-01
5.749723911285400391e-01
6.037971973419189453e-01
5.968475341796875000e-01
5.706242918968200684e-01
6.104314327239990234e-01
6.128474473953247070e-01
5.784500241279602051e-01
6.203863024711608887e-01
6.285191178321838379e-01
5.384129285812377930e-01
4.690987169742584229e-01
4.983691275119781494e-01
4.720360338687896729e-01
5.463602542877197266e-01
5.030066967010498047e-01
4.077219963073730469e-01
5.166418552398681641e-01
6.428321599960327148e-01
5.971310734748840332e-01
6.396635174751281738e-01
6.137731671333312988e-01
5.837460160255432129e-01
5.895748734474182129e-01
6.054097414016723633e-01
6.966363191604614258e-01
7.624028921127319336e-01
6.641190052032470703e-01
6.086603999137878418e-01
5.281407237052917480e-01
4.534906446933746338e-01
5.761417746543884277e-01
6.020513772964477539e-01
5.414588451385498047e-01
6.371852159500122070e-01
5.101792216300964355e-01
6.329460740089416504e-01
4.875805675983428955e-01
4.285373687744140625e-01
6.127891540527343750e-01
5.065625309944152832e-01
6.073533296585083008e-01
5.745735168457031250e-01
4.340954422950744629e-01
5.560485124588012695e-01
5.087651610374450684e-01
5.708993673324584961e-01
5.713545083999633789e-01
5.714637041091918945e-01
5.870922803878784180e-01
5.969001054763793945e-01
5.676192641258239746e-01
5.477919578552246094e-01
5.823950171470642090e-01
5.240035057067871094e-01
4.303303956985473633e-01
5.261744856834411621e-01
4.914547204971313477e-01
4.521768987178802490e-01
5.194264054298400879e-01
4.068999886512756348e-01
5.329385399818420410e-01
6.275177597999572754e-01
6.103743910789489746e-01
6.841894984245300293e-01
5.979983806610107422e-01
5.904152989387512207e-01
6.278131008148193359e-01
6.438657641410827637e-01
6.995852589607238770e-01
8.099890947341918945e-01
6.856318712234497070e-01
6.318902373313903809e-01
5.448864698410034180e-01
4.924492835998535156e-01
6.031403541564941406e-01
6.464992165565490723e-01
6.059117913246154785e-01
6.373211145401000977e-01
5.374050736427307129e-01
6.175233125686645508e-01
4.778328239917755127e-01
4.500511586666107178e-01
6.435188651084899902e-01
5.196151733398437500e-01
6.491013765335083008e-01
5.974086523056030273e-01
4.419929087162017822e-01
5.737340450286865234e-01
5.283138751983642578e-01
6.133317947387695312e-01
6.253706812858581543e-01
6.203891038894653320e-01
6.187900900840759277e-01
6.142990589141845703e-01
6.208512783050537109e-01
5.744686722755432129e-01
6.005275845527648926e-01
5.284458398818969727e-01
4.592524170875549316e-01
5.337680578231811523e-01
5.475510358810424805e-01
4.585397839546203613e-01
5.374479293823242188e-01
4.724698662757873535e-01
5.492863059043884277e-01
6.839178204536437988e-01
6.017857193946838379e-01
7.756082415580749512e-01
6.357598900794982910e-01
6.418667435646057129e-01
6.117377877235412598e-01
7.328694462776184082e-01
6.977977752685546875e-01
8.088595867156982422e-01
6.990950703620910645e-01
6.931719779968261719e-01
6.472940444946289062e-01
5.211024284362792969e-01
6.255662441253662109e-01
6.887211799621582031e-01
6.294564604759216309e-01
6.533356904983520508e-01
5.718070864677429199e-01
7.060359716415405273e-01
5.573301911354064941e-01
4.886849522590637207e-01
7.706623673439025879e-01
5.249271988868713379e-01
7.026867270469665527e-01
6.307932734489440918e-01
4.854507148265838623e-01
5.976820588111877441e-01
5.744916796684265137e-01
6.136661767959594727e-01
6.146110296249389648e-01
6.631513237953186035e-01
6.431143879890441895e-01
6.774051785469055176e-01
6.368678808212280273e-01
6.450035572052001953e-01
6.524946689605712891e-01
6.072278022766113281e-01
4.696760773658752441e-01
5.780949592590332031e-01
5.489426851272583008e-01
4.817772805690765381e-01
5.377584695816040039e-01
4.972833693027496338e-01
6.074596047401428223e-01
7.047139406204223633e-01
5.919235944747924805e-01
6.699089407920837402e-01
6.396622657775878906e-01
6.021128296852111816e-01
6.207358241081237793e-01
6.344639658927917480e-01
6.300559043884277344e-01
7.377696037292480469e-01
6.583771109580993652e-01
6.727860569953918457e-01
5.941059589385986328e-01
5.021932721138000488e-01
6.444514393806457520e-01
6.624133586883544922e-01
6.394335031509399414e-01
6.279456615447998047e-01
6.164729595184326172e-01
6.602542400360107422e-01
5.621649622917175293e-01
4.903356432914733887e-01
6.530199050903320312e-01
5.431313514709472656e-01
6.460735201835632324e-01
6.659505367279052734e-01
4.460299015045166016e-01
5.569028258323669434e-01
5.745713710784912109e-01
5.819941759109497070e-01
6.645168066024780273e-01
6.538237929344177246e-01
6.178026199340820312e-01
6.542409658432006836e-01
6.135845184326171875e-01
5.991927981376647949e-01
6.274808645248413086e-01
5.932232737541198730e-01
4.668660163879394531e-01
5.707891583442687988e-01
5.588238239288330078e-01
4.700112640857696533e-01
5.977455377578735352e-01
4.066676795482635498e-01
5.122618675231933594e-01
5.744588375091552734e-01
5.200188159942626953e-01
6.527541875839233398e-01
5.690096020698547363e-01
5.264197587966918945e-01
5.451795458793640137e-01
5.832193493843078613e-01
6.866771578788757324e-01
7.655456066131591797e-01
6.123458147048950195e-01
6.297011375427246094e-01
4.840619564056396484e-01
5.271813869476318359e-01
5.621231794357299805e-01
5.891067385673522949e-01
5.393664240837097168e-01
5.555531978607177734e-01
5.019062757492065430e-01
5.556385517120361328e-01
4.582672417163848877e-01
4.865769743919372559e-01
6.186805963516235352e-01
4.959160387516021729e-01
6.610273122787475586e-01
5.237044692039489746e-01
4.906276464462280273e-01
4.811547398567199707e-01
5.206922888755798340e-01
5.643550753593444824e-01
5.774579048156738281e-01
5.523035526275634766e-01
5.835872292518615723e-01
5.965043306350708008e-01
5.689839720726013184e-01
5.560827255249023438e-01
5.878174304962158203e-01
4.988074302673339844e-01
4.430294334888458252e-01
5.314359068870544434e-01
5.822311043739318848e-01
4.563362598419189453e-01
5.242785811424255371e-01
4.585455954074859619e-01
5.638708472251892090e-01
6.350061297416687012e-01
5.673044919967651367e-01
6.975694298744201660e-01
6.068391203880310059e-01
5.854377746582031250e-01
6.693050265312194824e-01
6.630106568336486816e-01
6.940516233444213867e-01
7.038524150848388672e-01
6.575207114219665527e-01
6.536633372306823730e-01
5.991840362548828125e-01
5.219953060150146484e-01
6.489282846450805664e-01
6.762710213661193848e-01
7.040752172470092773e-01
6.451966762542724609e-01
5.565929412841796875e-01
6.664533615112304688e-01
5.520958900451660156e-01
4.977916181087493896e-01
6.734824776649475098e-01
5.893613100051879883e-01
6.475859880447387695e-01
6.006045937538146973e-01
4.341640174388885498e-01
5.401297211647033691e-01
6.033294796943664551e-01
6.444446444511413574e-01
6.840001940727233887e-01
7.115149497985839844e-01
6.748724579811096191e-01
6.590136885643005371e-01
6.023949384689331055e-01
6.374826431274414062e-01
6.839777827262878418e-01
6.129420399665832520e-01
5.213574171066284180e-01
5.913613438606262207e-01
4.866476655006408691e-01
5.225217342376708984e-01
5.277971625328063965e-01
4.270179569721221924e-01
5.005189776420593262e-01
6.006042957305908203e-01
5.967449545860290527e-01
6.299389600753784180e-01
5.539363622665405273e-01
5.789703130722045898e-01
5.780497193336486816e-01
5.889918804168701172e-01
6.527161002159118652e-01
6.853435635566711426e-01
6.808571219444274902e-01
6.322466135025024414e-01
5.389813780784606934e-01
4.842685163021087646e-01
5.859000682830810547e-01
5.979697108268737793e-01
6.465184092521667480e-01
6.712998747825622559e-01
4.887602329254150391e-01
6.137055158615112305e-01
5.146389603614807129e-01
4.149340391159057617e-01
6.292244195938110352e-01
5.125665068626403809e-01
6.647454500198364258e-01
5.567652583122253418e-01
5.014765858650207520e-01
5.525546669960021973e-01
5.195939540863037109e-01
5.801280140876770020e-01
5.751605629920959473e-01
5.814364552497863770e-01
5.861166119575500488e-01
6.729481816291809082e-01
5.724278092384338379e-01
5.894132256507873535e-01
5.931095480918884277e-01
5.684810280799865723e-01
4.850307106971740723e-01
5.351932644844055176e-01
4.672984778881072998e-01
5.173990130424499512e-01
4.933045804500579834e-01
3.568941354751586914e-01
4.405315816402435303e-01
5.670540928840637207e-01
4.345601797103881836e-01
5.153478980064392090e-01
5.230579376220703125e-01
5.603857040405273438e-01
4.453905522823333740e-01
4.520162343978881836e-01
5.256777405738830566e-01
6.049538850784301758e-01
5.303335785865783691e-01
4.887984991073608398e-01
4.199531376361846924e-01
3.823091089725494385e-01
4.932317435741424561e-01
4.675311148166656494e-01
4.404124021530151367e-01
5.386033058166503906e-01
4.775615930557250977e-01
4.978493452072143555e-01
4.503400027751922607e-01
4.289845526218414307e-01
4.808490872383117676e-01
3.947633802890777588e-01
5.393310189247131348e-01
4.856036603450775146e-01
3.990082740783691406e-01
3.872419893741607666e-01
4.104983210563659668e-01
4.756575524806976318e-01
4.753843843936920166e-01
4.397854804992675781e-01
4.677993357181549072e-01
4.998265504837036133e-01
4.471824169158935547e-01
4.307428002357482910e-01
4.515624344348907471e-01
4.248570799827575684e-01
3.861148357391357422e-01
4.574054777622222900e-01
4.852227270603179932e-01
4.264920353889465332e-01
5.159864425659179688e-01
4.722534418106079102e-01
5.861639380455017090e-01
6.618565917015075684e-01
6.130320429801940918e-01
6.795798540115356445e-01
5.803019404411315918e-01
6.128683686256408691e-01
6.349751353263854980e-01
6.961262822151184082e-01
6.982442140579223633e-01
7.319949269294738770e-01
6.598001718521118164e-01
6.506839990615844727e-01
6.126129031181335449e-01
4.866065084934234619e-01
6.244323253631591797e-01
6.753613948822021484e-01
6.395647525787353516e-01
6.888298392295837402e-01
5.531004667282104492e-01
6.653565168380737305e-01
5.516750812530517578e-01
5.079822540283203125e-01
6.617454290390014648e-01
5.592640042304992676e-01
6.333997249603271484e-01
5.871180891990661621e-01
4.106522202491760254e-01
5.647246837615966797e-01
6.030525565147399902e-01
6.292727589607238770e-01
6.697514653205871582e-01
6.958819627761840820e-01
6.622074842453002930e-01
6.614544987678527832e-01
6.212423443794250488e-01
6.387637257575988770e-01
6.777109503746032715e-01
5.922769904136657715e-01
4.606489539146423340e-01
6.284700632095336914e-01
4.943992495536804199e-01
5.184701681137084961e-01
4.855206012725830078e-01
4.223907291889190674e-01
5.405411720275878906e-01
5.582063794136047363e-01
5.321589708328247070e-01
5.963072776794433594e-01
4.886780381202697754e-01
5.014015436172485352e-01
5.773500800132751465e-01
5.467620491981506348e-01
6.264193058013916016e-01
6.692810058593750000e-01
5.556458830833435059e-01
5.836839675903320312e-01
5.013874769210815430e-01
4.822787344455718994e-01
5.295602679252624512e-01
5.438542962074279785e-01
5.414000749588012695e-01
5.474836230278015137e-01
4.492339193820953369e-01
5.135707259178161621e-01
4.629848003387451172e-01
4.414809048175811768e-01
5.596535205841064453e-01
6.386192440986633301e-01
6.043689846992492676e-01
5.195357203483581543e-01
3.417218327522277832e-01
4.592363834381103516e-01
5.444101691246032715e-01
5.576009154319763184e-01
5.881305336952209473e-01
5.459592342376708984e-01
5.685210227966308594e-01
5.533899068832397461e-01
5.266288518905639648e-01
5.255268216133117676e-01
5.559441447257995605e-01
4.736043512821197510e-01
4.668132364749908447e-01
5.031498074531555176e-01
4.628578722476959229e-01
4.680130779743194580e-01
5.373036861419677734e-01
4.982644319534301758e-01
6.135947704315185547e-01
7.190289497375488281e-01
6.455530524253845215e-01
6.578377485275268555e-01
6.328483223915100098e-01
6.491723656654357910e-01
6.086727380752563477e-01
6.390774846076965332e-01
6.978313326835632324e-01
7.437704801559448242e-01
6.946236491203308105e-01
6.555260419845581055e-01
5.732827186584472656e-01
4.738276600837707520e-01
6.318759322166442871e-01
6.436557769775390625e-01
6.102004051208496094e-01
6.973677277565002441e-01
6.070954203605651855e-01
6.792604327201843262e-01
5.771402716636657715e-01
4.677443504333496094e-01
6.183508038520812988e-01
5.376083850860595703e-01
6.457154750823974609e-01
6.401326060295104980e-01
4.223483204841613770e-01
6.042736172676086426e-01
5.844835638999938965e-01
6.109600067138671875e-01
6.818246841430664062e-01
6.346223950386047363e-01
6.153708100318908691e-01
6.325666904449462891e-01
6.108617782592773438e-01
5.925041437149047852e-01
6.266446709632873535e-01
5.845382213592529297e-01
4.755136668682098389e-01
6.069333553314208984e-01
5.368680357933044434e-01
5.578504204750061035e-01
5.756492614746093750e-01
4.777259528636932373e-01
5.711897611618041992e-01
6.709131598472595215e-01
5.695480108261108398e-01
6.862326264381408691e-01
6.034414768218994141e-01
5.524694919586181641e-01
6.804520487785339355e-01
6.675347089767456055e-01
7.580109834671020508e-01
7.286428213119506836e-01
6.407750248908996582e-01
6.509782075881958008e-01
5.878893733024597168e-01
5.589081048965454102e-01
6.605852842330932617e-01
6.580386161804199219e-01
6.182174682617187500e-01
6.533101201057434082e-01
5.767047405242919922e-01
6.262605786323547363e-01
5.261451005935668945e-01
5.677479505538940430e-01
6.878993511199951172e-01
5.357202291488647461e-01
6.147688627243041992e-01
6.198793649673461914e-01
4.628059566020965576e-01
5.502232909202575684e-01
6.044442653656005859e-01
6.580261588096618652e-01
6.490322351455688477e-01
6.619815230369567871e-01
6.922501325607299805e-01
6.681371331214904785e-01
6.344088315963745117e-01
6.919205188751220703e-01
7.523823380470275879e-01
5.916574001312255859e-01
4.486128687858581543e-01
6.383637189865112305e-01
5.355230569839477539e-01
5.741319656372070312e-01
4.994467794895172119e-01
4.674080014228820801e-01
5.227520465850830078e-01
6.101303100585937500e-01
5.615916252136230469e-01
6.190718412399291992e-01
5.769016742706298828e-01
5.302863121032714844e-01
5.498805642127990723e-01
5.647362470626831055e-01
6.359909176826477051e-01
6.700469851493835449e-01
6.249058246612548828e-01
6.014214158058166504e-01
5.442883372306823730e-01
4.590200185775756836e-01
6.088016629219055176e-01
5.896412134170532227e-01
5.900377035140991211e-01
6.192620396614074707e-01
5.322629213333129883e-01
6.241644024848937988e-01
5.210467576980590820e-01
4.141748547554016113e-01
5.985443592071533203e-01
4.752978384494781494e-01
5.804675221443176270e-01
6.599811315536499023e-01
3.677326738834381104e-01
4.882745444774627686e-01
5.638387799263000488e-01
5.497725009918212891e-01
6.415936946868896484e-01
5.990983843803405762e-01
6.067690849304199219e-01
6.011305451393127441e-01
5.341027975082397461e-01
5.728079080581665039e-01
5.833311080932617188e-01
5.603179931640625000e-01
5.128023624420166016e-01
4.925559163093566895e-01
4.479961693286895752e-01
5.078635811805725098e-01
5.654825568199157715e-01
4.313795268535614014e-01
5.159979462623596191e-01
6.005632281303405762e-01
5.229091644287109375e-01
6.957721114158630371e-01
5.686234235763549805e-01
5.824658870697021484e-01
5.757724642753601074e-01
6.206833720207214355e-01
6.597399711608886719e-01
7.341884970664978027e-01
6.243503093719482422e-01
6.454210877418518066e-01
5.438936352729797363e-01
5.404648780822753906e-01
5.763155817985534668e-01
6.112284660339355469e-01
5.920825600624084473e-01
5.942313671112060547e-01
5.458757877349853516e-01
6.320735812187194824e-01
4.995411932468414307e-01
5.015080571174621582e-01
6.687041521072387695e-01
5.034201145172119141e-01
6.975750327110290527e-01
5.819298028945922852e-01
4.951995313167572021e-01
5.206580758094787598e-01
5.255437493324279785e-01
6.053209900856018066e-01
5.689951181411743164e-01
6.415165662765502930e-01
6.133778691291809082e-01
6.240785717964172363e-01
5.923623442649841309e-01
6.157923340797424316e-01
6.086467504501342773e-01
5.358866453170776367e-01
5.025377273559570312e-01
5.450904965400695801e-01
5.625213980674743652e-01
4.407138526439666748e-01
5.906407237052917480e-01
4.009554386138916016e-01
4.842764437198638916e-01
5.504928827285766602e-01
4.783214628696441650e-01
6.157763004302978516e-01
5.729320645332336426e-01
5.158714056015014648e-01
5.398015379905700684e-01
5.068109035491943359e-01
5.962103009223937988e-01
6.853834390640258789e-01
5.482405424118041992e-01
5.580882430076599121e-01
4.702552556991577148e-01
5.318041443824768066e-01
5.668060183525085449e-01
5.323608517646789551e-01
5.743811130523681641e-01
5.548968911170959473e-01
5.073941349983215332e-01
5.308717489242553711e-01
4.731335341930389404e-01
4.932858645915985107e-01
5.821396112442016602e-01
4.700940549373626709e-01
6.661447882652282715e-01
5.311030149459838867e-01
4.834649860858917236e-01
4.451201558113098145e-01
4.998758733272552490e-01
5.488387346267700195e-01
5.751834511756896973e-01
5.249855518341064453e-01
5.571516156196594238e-01
5.846571326255798340e-01
5.448237061500549316e-01
5.507262945175170898e-01
5.287001729011535645e-01
4.399388432502746582e-01
5.280598998069763184e-01
4.842618405818939209e-01
5.997236371040344238e-01
4.546647965908050537e-01
5.827532410621643066e-01
4.676318168640136719e-01
5.926309227943420410e-01
6.849910616874694824e-01
5.752056241035461426e-01
6.880174875259399414e-01
5.964854955673217773e-01
5.880852937698364258e-01
6.879057288169860840e-01
6.726104021072387695e-01
7.771198153495788574e-01
7.446068525314331055e-01
6.646255254745483398e-01
6.784124970436096191e-01
6.015732288360595703e-01
5.724454522132873535e-01
6.443933248519897461e-01
6.716203689575195312e-01
6.880314350128173828e-01
6.953195333480834961e-01
5.942685008049011230e-01
6.487881541252136230e-01
5.738880634307861328e-01
5.274649858474731445e-01
6.946061849594116211e-01
6.153268814086914062e-01
6.708779931068420410e-01
6.089940667152404785e-01
4.648045003414154053e-01
5.499716997146606445e-01
6.121764183044433594e-01
6.837380528450012207e-01
6.796277165412902832e-01
7.198609113693237305e-01
7.665078639984130859e-01
7.029465436935424805e-01
6.420167088508605957e-01
7.108157277107238770e-01
7.498698234558105469e-01
6.222292184829711914e-01
5.209783911705017090e-01
6.157496571540832520e-01
5.041599273681640625e-01
5.901358723640441895e-01
5.516546964645385742e-01
4.313460290431976318e-01
4.784273803234100342e-01
6.057311892509460449e-01
6.347408890724182129e-01
6.289007663726806641e-01
6.009399890899658203e-01
5.858139395713806152e-01
5.938512086868286133e-01
5.950635075569152832e-01
6.524955034255981445e-01
6.773341298103332520e-01
6.439980268478393555e-01
7.026384472846984863e-01
5.477770566940307617e-01
4.863016903400421143e-01
5.716882944107055664e-01
5.909982323646545410e-01
6.472959518432617188e-01
6.645890474319458008e-01
4.982824027538299561e-01
6.281940937042236328e-01
5.030590891838073730e-01
3.851429820060729980e-01
6.512454748153686523e-01
4.823167324066162109e-01
6.651462912559509277e-01
5.584411621093750000e-01
5.039381980895996094e-01
5.664467811584472656e-01
5.173106789588928223e-01
5.849723219871520996e-01
5.679469108581542969e-01
5.951272249221801758e-01
6.014326810836791992e-01
7.575269937515258789e-01
5.614145398139953613e-01
5.947096943855285645e-01
5.925446152687072754e-01
5.584761500358581543e-01
4.943019449710845947e-01
5.363591909408569336e-01
4.514328539371490479e-01
4.991557300090789795e-01
5.777611136436462402e-01
4.327607452869415283e-01
5.545869469642639160e-01
6.136391162872314453e-01
5.771416425704956055e-01
7.124388813972473145e-01
5.990399718284606934e-01
5.911003351211547852e-01
6.329249739646911621e-01
6.272179484367370605e-01
7.254631519317626953e-01
7.884771823883056641e-01
6.550868153572082520e-01
6.563103199005126953e-01
5.496792197227478027e-01
5.595173239707946777e-01
6.278820037841796875e-01
6.149569749832153320e-01
6.129518151283264160e-01
6.385602355003356934e-01
5.617662668228149414e-01
6.065455675125122070e-01
5.233207345008850098e-01
5.072132349014282227e-01
6.681582927703857422e-01
5.656161904335021973e-01
7.096581459045410156e-01
5.865198373794555664e-01
4.451774954795837402e-01
5.567497014999389648e-01
5.476462244987487793e-01
6.560221314430236816e-01
6.533899903297424316e-01
6.264461874961853027e-01
6.283987760543823242e-01
6.110475063323974609e-01
6.144390702247619629e-01
6.173698306083679199e-01
6.255147457122802734e-01
5.493082404136657715e-01
5.383530259132385254e-01
5.914524793624877930e-01
5.818651318550109863e-01
5.319738984107971191e-01
4.888850748538970947e-01
4.348062574863433838e-01
6.302174925804138184e-01
5.696046352386474609e-01
5.021013021469116211e-01
6.274561882019042969e-01
5.376706719398498535e-01
5.133810639381408691e-01
6.043933033943176270e-01
5.845909714698791504e-01
6.688308715820312500e-01
6.874599456787109375e-01
5.712894797325134277e-01
5.967575907707214355e-01
5.281362533569335938e-01
5.075246095657348633e-01
5.805755257606506348e-01
5.919399857521057129e-01
5.568056106567382812e-01
5.715827941894531250e-01
5.196225047111511230e-01
5.374243855476379395e-01
4.851581156253814697e-01
4.621346592903137207e-01
6.012521386146545410e-01
5.476860404014587402e-01
6.060669422149658203e-01
5.538901686668395996e-01
3.790127635002136230e-01
4.604739248752593994e-01
5.503060817718505859e-01
6.149539947509765625e-01
5.837179422378540039e-01
6.025961637496948242e-01
6.276509761810302734e-01
5.753039121627807617e-01
5.679676532745361328e-01
5.923396944999694824e-01
6.037619709968566895e-01
4.921579360961914062e-01
4.974797070026397705e-01
5.194334983825683594e-01
5.027438402175903320e-01
5.031113028526306152e-01
5.385987758636474609e-01
4.892612695693969727e-01
5.960605740547180176e-01
6.886177659034729004e-01
6.389840245246887207e-01
6.728858351707458496e-01
6.146860122680664062e-01
6.023955941200256348e-01
6.577761173248291016e-01
6.800803542137145996e-01
6.965934038162231445e-01
7.286254167556762695e-01
6.768346428871154785e-01
6.932097673416137695e-01
6.279212832450866699e-01
5.245034098625183105e-01
6.549802422523498535e-01
6.864356994628906250e-01
6.791323423385620117e-01
6.684148311614990234e-01
5.912451148033142090e-01
6.597731709480285645e-01
5.338746905326843262e-01
5.436117649078369141e-01
6.726052165031433105e-01
5.854208469390869141e-01
6.172624230384826660e-01
6.460896730422973633e-01
4.509668350219726562e-01
5.652350187301635742e-01
6.116729378700256348e-01
6.374773383140563965e-01
6.994119286537170410e-01
7.186498641967773438e-01
7.008512616157531738e-01
6.874517202377319336e-01
6.239491701126098633e-01
6.584804654121398926e-01
7.103925943374633789e-01
6.194115877151489258e-01
4.703741669654846191e-01
6.768862009048461914e-01
5.113574862480163574e-01
5.367543101310729980e-01
5.098289251327514648e-01
4.630079865455627441e-01
5.208110809326171875e-01
5.982988476753234863e-01
5.528655648231506348e-01
6.322117447853088379e-01
5.589655637741088867e-01
6.128217577934265137e-01
6.165764331817626953e-01
5.679098963737487793e-01
6.878599524497985840e-01
6.888607144355773926e-01
6.317033171653747559e-01
6.061203479766845703e-01
5.473106503486633301e-01
5.357292294502258301e-01
6.218838095664978027e-01
5.897388458251953125e-01
5.886281132698059082e-01
6.408472657203674316e-01
5.039619207382202148e-01
5.717408657073974609e-01
4.934780597686767578e-01
4.273916184902191162e-01
5.952395200729370117e-01
5.795702934265136719e-01
6.327791810035705566e-01
5.716899037361145020e-01
3.966534137725830078e-01
5.789458751678466797e-01
5.997258424758911133e-01
7.010397315025329590e-01
6.110394001007080078e-01
6.069468259811401367e-01
6.199699044227600098e-01
5.930706858634948730e-01
5.817195177078247070e-01
5.815339684486389160e-01
5.968312621116638184e-01
5.230523347854614258e-01
4.857081472873687744e-01
5.035015940666198730e-01
4.971797466278076172e-01
5.399333834648132324e-01
6.230459213256835938e-01
4.671836495399475098e-01
5.826860070228576660e-01
7.014009952545166016e-01
5.660454630851745605e-01
6.602345108985900879e-01
6.157995462417602539e-01
5.737438201904296875e-01
6.299028396606445312e-01
6.597762703895568848e-01
7.215148806571960449e-01
7.102069258689880371e-01
6.071078181266784668e-01
6.555498838424682617e-01
5.796810388565063477e-01
5.476606488227844238e-01
6.622107625007629395e-01
6.538540124893188477e-01
6.405780911445617676e-01
6.440612673759460449e-01
6.135639548301696777e-01
6.412548422813415527e-01
5.286080241203308105e-01
4.991139173507690430e-01
6.708500981330871582e-01
5.015389323234558105e-01
6.336488127708435059e-01
6.498256325721740723e-01
4.947450160980224609e-01
5.098981857299804688e-01
6.000933647155761719e-01
6.012940406799316406e-01
6.533514857292175293e-01
6.519872546195983887e-01
7.515842318534851074e-01
6.826028823852539062e-01
6.191102862358093262e-01
6.767225861549377441e-01
7.082440257072448730e-01
5.989318490028381348e-01
4.643750488758087158e-01
5.852687358856201172e-01
5.355630517005920410e-01
5.766553282737731934e-01
4.710505902767181396e-01
3.808282911777496338e-01
4.438039064407348633e-01
5.536730885505676270e-01
5.283577442169189453e-01
5.985530614852905273e-01
5.778620243072509766e-01
5.225855112075805664e-01
6.167508363723754883e-01
5.661032199859619141e-01
6.493425369262695312e-01
6.762546300888061523e-01
5.728456974029541016e-01
5.485728979110717773e-01
4.892809391021728516e-01
4.346205294132232666e-01
5.697466731071472168e-01
5.637468099594116211e-01
5.412399172782897949e-01
5.984473228454589844e-01
4.848991334438323975e-01
5.402269363403320312e-01
4.175392389297485352e-01
3.982134461402893066e-01
5.715007781982421875e-01
4.877848625183105469e-01
5.891175866127014160e-01
5.443736910820007324e-01
3.906309306621551514e-01
4.672997593879699707e-01
4.989068806171417236e-01
5.748724341392517090e-01
5.597492456436157227e-01
5.535668134689331055e-01
5.788957476615905762e-01
5.748124122619628906e-01
5.518468022346496582e-01
5.731927156448364258e-01
5.781002044677734375e-01
4.750472307205200195e-01
4.442559182643890381e-01
4.674805998802185059e-01
4.832007884979248047e-01
4.944460988044738770e-01
5.069622397422790527e-01
4.265221953392028809e-01
5.577236413955688477e-01
5.639587640762329102e-01
5.186177492141723633e-01
6.147602200508117676e-01
5.654726028442382812e-01
5.154263377189636230e-01
5.319672822952270508e-01
5.601293444633483887e-01
5.770575404167175293e-01
6.642807722091674805e-01
5.977835059165954590e-01
5.647919178009033203e-01
5.064188241958618164e-01
5.045872926712036133e-01
5.862311720848083496e-01
5.386550426483154297e-01
5.463925004005432129e-01
5.238401889801025391e-01
5.010114908218383789e-01
5.358543395996093750e-01
4.579100012779235840e-01
4.579797089099884033e-01
5.690903067588806152e-01
5.343442559242248535e-01
6.141620874404907227e-01
5.362346768379211426e-01
4.265225827693939209e-01
4.885992407798767090e-01
5.412542819976806641e-01
5.583730936050415039e-01
5.644125938415527344e-01
5.330127477645874023e-01
5.533813238143920898e-01
5.481047034263610840e-01
5.512189269065856934e-01
5.371865630149841309e-01
5.157491564750671387e-01
4.566504657268524170e-01
4.836911857128143311e-01
5.077400803565979004e-01
5.257911086082458496e-01
4.732334911823272705e-01
4.818060696125030518e-01
4.753667414188385010e-01
5.078359246253967285e-01
6.023525595664978027e-01
5.572925209999084473e-01
6.039811968803405762e-01
5.594440698623657227e-01
5.322148799896240234e-01
6.942676305770874023e-01
6.002988815307617188e-01
6.977998018264770508e-01
6.997345685958862305e-01
6.001177430152893066e-01
6.060926914215087891e-01
5.536940097808837891e-01
4.500313401222229004e-01
6.419934630393981934e-01
6.101144552230834961e-01
5.693223476409912109e-01
6.396235823631286621e-01
5.134865641593933105e-01
5.870701074600219727e-01
4.899528026580810547e-01
4.201413691043853760e-01
6.037850379943847656e-01
5.669248104095458984e-01
6.033377647399902344e-01
5.745841264724731445e-01
3.885933458805084229e-01
4.897443652153015137e-01
5.722241997718811035e-01
6.454119086265563965e-01
6.172620058059692383e-01
6.383147239685058594e-01
6.089606285095214844e-01
6.048368215560913086e-01
5.759636759757995605e-01
6.454505324363708496e-01
6.756917238235473633e-01
5.346415042877197266e-01
4.585451483726501465e-01
5.234286189079284668e-01
4.931940436363220215e-01
5.902262926101684570e-01
5.966358780860900879e-01
4.502754509449005127e-01
5.384534597396850586e-01
6.331809759140014648e-01
5.469310879707336426e-01
6.614629626274108887e-01
6.210524439811706543e-01
5.646529793739318848e-01
6.093475222587585449e-01
6.415121555328369141e-01
6.552520394325256348e-01
7.176478505134582520e-01
6.300782561302185059e-01
6.345614194869995117e-01
5.491068959236145020e-01
5.329416990280151367e-01
6.181546449661254883e-01
6.131046414375305176e-01
6.347565650939941406e-01
6.276682019233703613e-01
5.784818530082702637e-01
5.899267196655273438e-01
5.131914019584655762e-01
4.790919423103332520e-01
6.715893149375915527e-01
5.074875950813293457e-01
6.805667877197265625e-01
5.929252505302429199e-01
5.243676900863647461e-01
5.099111199378967285e-01
5.663827061653137207e-01
5.725780129432678223e-01
5.984224677085876465e-01
6.184611320495605469e-01
6.527708768844604492e-01
7.156311869621276855e-01
6.103370189666748047e-01
6.370469927787780762e-01
6.210650205612182617e-01
5.397937893867492676e-01
5.202094912528991699e-01
5.511467456817626953e-01
5.510468482971191406e-01
5.226876139640808105e-01
6.005455851554870605e-01
4.666723608970642090e-01
5.862576961517333984e-01
6.754419207572937012e-01
5.644622445106506348e-01
7.132733464241027832e-01
6.195131540298461914e-01
5.835074782371520996e-01
6.493029594421386719e-01
6.424083113670349121e-01
7.372409105300903320e-01
7.812557220458984375e-01
6.521670222282409668e-01
6.889019012451171875e-01
5.989031791687011719e-01
6.166429519653320312e-01
6.363465785980224609e-01
6.720111370086669922e-01
6.481839418411254883e-01
6.515414714813232422e-01
5.765600204467773438e-01
6.558047533035278320e-01
5.514144301414489746e-01
5.339912772178649902e-01
6.979395151138305664e-01
5.750956535339355469e-01
6.843338608741760254e-01
6.008467674255371094e-01
4.586732089519500732e-01
5.479391813278198242e-01
5.922731757164001465e-01
6.950078010559082031e-01
6.551876068115234375e-01
7.066682577133178711e-01
6.917521953582763672e-01
6.821804046630859375e-01
6.118956804275512695e-01
6.813217401504516602e-01
7.155124545097351074e-01
6.008316278457641602e-01
5.236260294914245605e-01
6.021872758865356445e-01
5.470957159996032715e-01
5.548874139785766602e-01
5.959179401397705078e-01
4.596332311630249023e-01
5.601485371589660645e-01
6.494222283363342285e-01
5.888237953186035156e-01
7.034978270530700684e-01
6.117237210273742676e-01
5.787818431854248047e-01
6.140226721763610840e-01
6.284903287887573242e-01
7.151585221290588379e-01
7.899274826049804688e-01
6.794750690460205078e-01
6.878142356872558594e-01
5.674013495445251465e-01
5.306990742683410645e-01
6.224510073661804199e-01
6.490108370780944824e-01
6.207414865493774414e-01
6.296097636222839355e-01
5.406851172447204590e-01
6.204507350921630859e-01
5.263509154319763184e-01
4.984792470932006836e-01
6.744180917739868164e-01
5.668830871582031250e-01
6.870911121368408203e-01
6.067110896110534668e-01
4.836359024047851562e-01
5.427559018135070801e-01
5.839053392410278320e-01
6.070606112480163574e-01
6.495733857154846191e-01
6.186275482177734375e-01
6.454767584800720215e-01
6.496745347976684570e-01
6.132067441940307617e-01
6.085421442985534668e-01
6.311884522438049316e-01
5.643865466117858887e-01
5.103124380111694336e-01
5.620065331459045410e-01
5.797024965286254883e-01
5.032569766044616699e-01
5.557680726051330566e-01
4.049684703350067139e-01
4.964065849781036377e-01
5.982617139816284180e-01
5.266027450561523438e-01
6.849405169486999512e-01
5.789271593093872070e-01
5.678177475929260254e-01
5.831378102302551270e-01
6.941257715225219727e-01
5.984730720520019531e-01
7.127079367637634277e-01
5.952463150024414062e-01
6.153035759925842285e-01
5.890648365020751953e-01
5.110980868339538574e-01
5.856398940086364746e-01
6.477865576744079590e-01
5.648020505905151367e-01
5.733277201652526855e-01
5.719329118728637695e-01
6.121742725372314453e-01
4.636494219303131104e-01
5.172374844551086426e-01
6.896382570266723633e-01
4.478539526462554932e-01
7.055374383926391602e-01
5.726174116134643555e-01
5.216165781021118164e-01
4.898042082786560059e-01
5.427402257919311523e-01
5.459901690483093262e-01
5.512444376945495605e-01
6.176503300666809082e-01
5.986899733543395996e-01
6.204680800437927246e-01
6.100862026214599609e-01
5.908280611038208008e-01
6.047477722167968750e-01
5.479263663291931152e-01
4.888595938682556152e-01
5.644033551216125488e-01
5.799481868743896484e-01
4.825485944747924805e-01
5.651698112487792969e-01
4.907779991626739502e-01
5.474880337715148926e-01
6.824101209640502930e-01
5.700042843818664551e-01
7.391248941421508789e-01
6.421289443969726562e-01
6.308709383010864258e-01
6.938853263854980469e-01
6.955183148384094238e-01
7.275958657264709473e-01
7.589880228042602539e-01
6.661233901977539062e-01
6.767588853836059570e-01
6.260908246040344238e-01
5.318639278411865234e-01
6.595636010169982910e-01
6.635832190513610840e-01
6.519181132316589355e-01
6.820032596588134766e-01
5.747821927070617676e-01
6.791774034500122070e-01
5.754615068435668945e-01
4.783516228199005127e-01
7.435736656188964844e-01
5.396541953086853027e-01
7.171068787574768066e-01
6.190440654754638672e-01
4.818509519100189209e-01
5.537977218627929688e-01
6.064646840095520020e-01
6.339530944824218750e-01
6.287828087806701660e-01
6.974396109580993652e-01
7.290217876434326172e-01
7.059368491172790527e-01
6.727229952812194824e-01
7.498242259025573730e-01
6.878095865249633789e-01
5.979518890380859375e-01
5.059829950332641602e-01
5.741007328033447266e-01
5.291610360145568848e-01
5.597334504127502441e-01
5.896768569946289062e-01
4.378641545772552490e-01
5.401991605758666992e-01
6.162807941436767578e-01
5.799995660781860352e-01
6.223614215850830078e-01
5.788859128952026367e-01
5.724512934684753418e-01
6.027034521102905273e-01
5.687828660011291504e-01
6.490911841392517090e-01
7.217200398445129395e-01
6.448770761489868164e-01
6.511554121971130371e-01
5.485352277755737305e-01
5.144125223159790039e-01
6.001681089401245117e-01
5.900503396987915039e-01
6.819242835044860840e-01
6.500807404518127441e-01
5.506688952445983887e-01
6.287117004394531250e-01
5.166670680046081543e-01
4.758560955524444580e-01
6.135985851287841797e-01
5.516861677169799805e-01
6.775166988372802734e-01
5.761942863464355469e-01
4.865266382694244385e-01
5.110899209976196289e-01
5.214418172836303711e-01
6.008278727531433105e-01
6.377380490303039551e-01
6.387314796447753906e-01
6.477202773094177246e-01
6.864526271820068359e-01
5.764144659042358398e-01
6.111103296279907227e-01
6.165717840194702148e-01
5.640261173248291016e-01
5.191701650619506836e-01
5.527688860893249512e-01
5.055693387985229492e-01
5.374921560287475586e-01
5.020493865013122559e-01
4.154426455497741699e-01
5.010206103324890137e-01
6.201508641242980957e-01
6.075113415718078613e-01
6.724289655685424805e-01
5.735651254653930664e-01
5.873324275016784668e-01
6.234079003334045410e-01
6.677162647247314453e-01
8.132074475288391113e-01
7.955454587936401367e-01
6.509242653846740723e-01
6.232750415802001953e-01
5.474069118499755859e-01
4.630508124828338623e-01
5.996726751327514648e-01
6.072328090667724609e-01
5.734646320343017578e-01
7.015228271484375000e-01
5.343976020812988281e-01
6.242880225181579590e-01
5.238797664642333984e-01
4.283122718334197998e-01
6.728539466857910156e-01
5.076026916503906250e-01
6.622760891914367676e-01
5.977693796157836914e-01
4.455769956111907959e-01
5.775467753410339355e-01
5.111946463584899902e-01
6.395262479782104492e-01
5.899981856346130371e-01
6.163856983184814453e-01
6.236826777458190918e-01
6.392088532447814941e-01
6.009155511856079102e-01
6.710503101348876953e-01
6.889862418174743652e-01
5.355768203735351562e-01
4.670625329017639160e-01
5.447307825088500977e-01
4.915823638439178467e-01
5.446775555610656738e-01
