7.938797473907470703e-01
7.766802310943603516e-01
7.095548510551452637e-01
7.871140241622924805e-01
6.182942986488342285e-01
7.792212963104248047e-01
7.772408723831176758e-01
6.387072205543518066e-01
7.518823146820068359e-01
8.085171580314636230e-01
8.037796616554260254e-01
6.845280528068542480e-01
8.131004571914672852e-01
8.075022101402282715e-01
8.119767904281616211e-01
7.551177144050598145e-01
7.624971270561218262e-01
7.746318578720092773e-01
8.222892284393310547e-01
8.195096254348754883e-01
6.753216981887817383e-01
7.727353572845458984e-01
8.136655688285827637e-01
8.332957625389099121e-01
8.304093480110168457e-01
9.561834931373596191e-01
8.127002120018005371e-01
8.893122076988220215e-01
8.704706430435180664e-01
9.355463385581970215e-01
7.985546588897705078e-01
9.380347728729248047e-01
9.011970162391662598e-01
7.669543027877807617e-01
9.115082025527954102e-01
8.504287004470825195e-01
9.625021219253540039e-01
7.946256399154663086e-01
8.312979340553283691e-01
8.199408054351806641e-01
8.403523564338684082e-01
9.149773120880126953e-01
8.855787515640258789e-01
9.541461467742919922e-01
8.451133370399475098e-01
8.572408556938171387e-01
7.819569110870361328e-01
8.863265514373779297e-01
8.612858653068542480e-01
8.374516367912292480e-01
8.390168547630310059e-01
7.613915205001831055e-01
8.893969058990478516e-01
8.316980004310607910e-01
7.732324600219726562e-01
8.550304174423217773e-01
6.638750433921813965e-01
8.384822010993957520e-01
8.552602529525756836e-01
6.811310052871704102e-01
8.454362750053405762e-01
9.024659395217895508e-01
8.516992926597595215e-01
7.285091876983642578e-01
9.052855372428894043e-01
8.991321921348571777e-01
9.655497074127197266e-01
8.250524401664733887e-01
8.228179216384887695e-01
8.409547209739685059e-01
9.725331664085388184e-01
9.111027717590332031e-01
7.477205395698547363e-01
8.487016558647155762e-01
9.202782511711120605e-01
9.677242040634155273e-01
9.686670303344726562e-01
7.797836661338806152e-01
8.892620801925659180e-01
8.305198550224304199e-01
7.744788527488708496e-01
8.513700962066650391e-01
6.584779620170593262e-01
8.349361419677734375e-01
8.538216948509216309e-01
6.778262853622436523e-01
8.440313339233398438e-01
8.946231007575988770e-01
8.509538173675537109e-01
7.237894535064697266e-01
9.009070396423339844e-01
8.939300775527954102e-01
9.624862074851989746e-01
8.258493542671203613e-01
8.214862942695617676e-01
8.372679948806762695e-01
9.734235405921936035e-01
9.071994423866271973e-01
7.443261742591857910e-01
8.470923304557800293e-01
9.155603647232055664e-01
9.681776165962219238e-01
9.692807793617248535e-01
7.827136516571044922e-01
8.918692469596862793e-01
8.199788928031921387e-01
7.601969838142395020e-01
8.343605399131774902e-01
6.676305532455444336e-01
8.252282738685607910e-01
8.475516438484191895e-01
6.593766808509826660e-01
8.421449661254882812e-01
8.617241382598876953e-01
8.348370194435119629e-01
7.151244282722473145e-01
8.679530024528503418e-01
8.661701679229736328e-01
9.615182280540466309e-01
8.123157024383544922e-01
8.081622719764709473e-01
8.325970172882080078e-01
9.705870151519775391e-01
8.645644783973693848e-01
7.252101302146911621e-01
8.381792306900024414e-01
8.810116648674011230e-01
9.522949457168579102e-01
9.559726715087890625e-01
7.659015655517578125e-01
8.168488144874572754e-01
8.879316449165344238e-01
8.543626070022583008e-01
9.308142662048339844e-01
7.862859368324279785e-01
9.264727830886840820e-01
8.973202109336853027e-01
7.394039034843444824e-01
9.044172167778015137e-01
8.402655124664306641e-01
9.634902477264404297e-01
7.785161733627319336e-01
8.350347876548767090e-01
8.306660056114196777e-01
8.502751588821411133e-01
9.076782464981079102e-01
8.804696798324584961e-01
9.522150158882141113e-01
8.550260663032531738e-01
8.472293019294738770e-01
7.589038014411926270e-01
8.862012624740600586e-01
8.656076192855834961e-01
8.490242958068847656e-01
8.491115570068359375e-01
7.606265544891357422e-01
8.899274468421936035e-01
8.252140283584594727e-01
7.727470397949218750e-01
8.511226177215576172e-01
6.674073934555053711e-01
8.374536037445068359e-01
8.557527661323547363e-01
6.787469387054443359e-01
8.469882607460021973e-01
8.967006206512451172e-01
8.470745682716369629e-01
7.269609570503234863e-01
8.961901664733886719e-01
8.913389444351196289e-01
9.625484347343444824e-01
8.231641650199890137e-01
8.168680667877197266e-01
8.400373458862304688e-01
9.710840582847595215e-01
9.027069807052612305e-01
7.461960911750793457e-01
8.432576656341552734e-01
9.104784727096557617e-01
9.586153030395507812e-01
9.607586860656738281e-01
7.709755301475524902e-01
8.150680065155029297e-01
9.599853157997131348e-01
8.627045154571533203e-01
8.731672763824462891e-01
7.905477881431579590e-01
8.764753937721252441e-01
8.652695417404174805e-01
7.689863443374633789e-01
8.961941003799438477e-01
8.359714746475219727e-01
8.897701501846313477e-01
8.438056707382202148e-01
8.152950406074523926e-01
8.196245431900024414e-01
8.581682443618774414e-01
8.892512321472167969e-01
9.536446332931518555e-01
9.006637930870056152e-01
8.586474657058715820e-01
8.366187810897827148e-01
7.883232831954956055e-01
9.678860306739807129e-01
8.556302189826965332e-01
8.372065424919128418e-01
8.456643819808959961e-01
7.178566455841064453e-01
8.874289989471435547e-01
8.257706761360168457e-01
7.646341919898986816e-01
8.388637304306030273e-01
6.658945679664611816e-01
8.263105750083923340e-01
8.493694067001342773e-01
6.616368293762207031e-01
8.443769812583923340e-01
8.637173771858215332e-01
8.424583077430725098e-01
7.162525653839111328e-01
8.700118064880371094e-01
8.646654486656188965e-01
9.576982855796813965e-01
8.178579211235046387e-01
8.141080737113952637e-01
8.359376192092895508e-01
9.686193466186523438e-01
8.726949095726013184e-01
7.258680462837219238e-01
8.430667519569396973e-01
8.868342041969299316e-01
9.542415738105773926e-01
9.574491977691650391e-01
7.667879462242126465e-01
8.883306384086608887e-01
8.251532316207885742e-01
7.683848142623901367e-01
8.461515903472900391e-01
6.580948233604431152e-01
8.318830132484436035e-01
8.492799401283264160e-01
6.718744635581970215e-01
8.441722989082336426e-01
8.899568915367126465e-01
8.441213369369506836e-01
7.218835949897766113e-01
8.949552178382873535e-01
8.883337974548339844e-01
9.609046578407287598e-01
8.194640874862670898e-01
8.138581514358520508e-01
8.355487585067749023e-01
9.706659317016601562e-01
8.966351747512817383e-01
7.397251129150390625e-01
8.414301276206970215e-01
9.073757529258728027e-01
9.609361886978149414e-01
9.629734158515930176e-01
7.796522974967956543e-01
8.138052225112915039e-01
9.606761336326599121e-01
8.629649877548217773e-01
8.735126256942749023e-01
7.914739251136779785e-01
8.769596815109252930e-01
8.645925521850585938e-01
7.698215842247009277e-01
8.965287208557128906e-01
8.359514474868774414e-01
8.900215029716491699e-01
8.443490862846374512e-01
8.151967525482177734e-01
8.195021748542785645e-01
8.566123843193054199e-01
8.895940184593200684e-01
9.547803401947021484e-01
9.007069468498229980e-01
8.571637868881225586e-01
8.364394307136535645e-01
7.882847189903259277e-01
9.685277342796325684e-01
8.552852272987365723e-01
8.359330892562866211e-01
8.443701267242431641e-01
7.175837159156799316e-01
8.069643974304199219e-01
9.533483982086181641e-01
8.485321402549743652e-01
8.540429472923278809e-01
7.921005487442016602e-01
8.574867844581604004e-01
8.473420739173889160e-01
7.502117753028869629e-01
8.870606422424316406e-01
8.163244724273681641e-01
8.785617947578430176e-01
8.326265811920166016e-01
8.036863207817077637e-01
8.076081871986389160e-01
8.457345366477966309e-01
8.778259754180908203e-01
9.476295113563537598e-01
8.924416899681091309e-01
8.487581014633178711e-01
8.143395781517028809e-01
7.666491270065307617e-01
9.618245959281921387e-01
8.379423618316650391e-01
8.246107101440429688e-01
8.334925174713134766e-01
7.080713510513305664e-01
8.596314191818237305e-01
8.797615766525268555e-01
9.106190800666809082e-01
9.032763838768005371e-01
7.645549178123474121e-01
9.050448536872863770e-01
9.262738227844238281e-01
7.605412006378173828e-01
9.391086697578430176e-01
8.931291699409484863e-01
9.117447137832641602e-01
8.005325198173522949e-01
8.764353990554809570e-01
8.739067316055297852e-01
8.951213359832763672e-01
9.338850975036621094e-01
8.771876692771911621e-01
9.142940640449523926e-01
8.978428840637207031e-01
8.944735527038574219e-01
8.111741542816162109e-01
8.902412056922912598e-01
9.009203910827636719e-01
8.771920800209045410e-01
8.844447135925292969e-01
7.700793147087097168e-01
8.183737397193908691e-01
9.555615782737731934e-01
8.495776057243347168e-01
8.589320778846740723e-01
7.938767671585083008e-01
8.624519705772399902e-01
8.508711457252502441e-01
7.689550518989562988e-01
8.863455653190612793e-01
8.267693519592285156e-01
8.805505633354187012e-01
8.431012630462646484e-01
8.142498731613159180e-01
8.152298331260681152e-01
8.543858528137207031e-01
8.761234283447265625e-01
9.517413973808288574e-01
8.897846341133117676e-01
8.564326763153076172e-01
8.244552016258239746e-01
7.850272059440612793e-01
9.639995098114013672e-01
8.472889065742492676e-01
8.333927392959594727e-01
8.418194055557250977e-01
7.131835222244262695e-01
7.939861416816711426e-01
8.659874200820922852e-01
8.376370072364807129e-01
9.135784506797790527e-01
7.943218946456909180e-01
9.102130532264709473e-01
8.739998340606689453e-01
7.252522110939025879e-01
8.873067498207092285e-01
8.070591688156127930e-01
9.437402486801147461e-01
7.608176469802856445e-01
8.076412677764892578e-01
8.002865910530090332e-01
8.240038752555847168e-01
8.895234465599060059e-01
8.589982986450195312e-01
9.336360692977905273e-01
8.286780714988708496e-01
8.113613724708557129e-01
7.415233254432678223e-01
8.630965352058410645e-01
8.321828246116638184e-01
8.176114559173583984e-01
8.174490928649902344e-01
7.472196817398071289e-01
8.170532584190368652e-01
8.864992260932922363e-01
8.533552885055541992e-01
9.288567900657653809e-01
7.900295853614807129e-01
9.262631535530090332e-01
8.862686157226562500e-01
7.361128926277160645e-01
9.015373587608337402e-01
8.300966620445251465e-01
9.570567011833190918e-01
7.782080769538879395e-01
8.316329121589660645e-01
8.336380124092102051e-01
8.535012602806091309e-01
8.995254039764404297e-01
8.759953975677490234e-01
9.507836699485778809e-01
8.554229140281677246e-01
8.303980231285095215e-01
7.562236189842224121e-01
8.852197527885437012e-01
8.518820405006408691e-01
8.476344347000122070e-01
8.477919101715087891e-01
7.625305056571960449e-01
7.941921949386596680e-01
8.563714027404785156e-01
9.229124784469604492e-01
9.034100174903869629e-01
7.902611494064331055e-01
9.087009429931640625e-01
8.931677937507629395e-01
7.926394939422607422e-01
9.242490530014038086e-01
8.718420863151550293e-01
8.953694105148315430e-01
8.052217364311218262e-01
8.311548233032226562e-01
8.216698169708251953e-01
8.274502754211425781e-01
9.243140220642089844e-01
8.651860952377319336e-01
8.977954387664794922e-01
8.275686502456665039e-01
8.723781704902648926e-01
8.249573707580566406e-01
8.641103506088256836e-01
8.627072572708129883e-01
8.103845119476318359e-01
8.175112605094909668e-01
7.293041944503784180e-01
8.966672420501708984e-01
8.359324932098388672e-01
7.667936086654663086e-01
8.466132283210754395e-01
6.704729199409484863e-01
8.340815901756286621e-01
8.520534634590148926e-01
6.659125685691833496e-01
8.467435240745544434e-01
8.627634048461914062e-01
8.470931649208068848e-01
7.220141291618347168e-01
8.767662048339843750e-01
8.762884736061096191e-01
9.691537022590637207e-01
8.191473484039306641e-01
8.209685683250427246e-01
8.401497602462768555e-01
9.766800403594970703e-01
8.685603737831115723e-01
7.268931269645690918e-01
8.503500819206237793e-01
8.929339051246643066e-01
9.666638374328613281e-01
9.694149494171142578e-01
7.869278788566589355e-01
7.763439416885375977e-01
8.469681143760681152e-01
9.235927462577819824e-01
8.936280012130737305e-01
7.943589687347412109e-01
9.014133214950561523e-01
8.815685510635375977e-01
7.975952029228210449e-01
9.150416851043701172e-01
8.585591912269592285e-01
8.840622305870056152e-01
8.030799627304077148e-01
8.113646507263183594e-01
8.016906976699829102e-01
8.056159615516662598e-01
9.171739816665649414e-01
8.576121926307678223e-01
8.875339031219482422e-01
8.056939244270324707e-01
8.597214818000793457e-01
8.242021203041076660e-01
8.522138595581054688e-01
8.466190695762634277e-01
7.877883911132812500e-01
7.951600551605224609e-01
7.149424552917480469e-01
8.963224887847900391e-01
8.206658363342285156e-01
7.656418085098266602e-01
8.443880677223205566e-01
6.666384935379028320e-01
8.307359218597412109e-01
8.503683209419250488e-01
6.766219139099121094e-01
8.349231481552124023e-01
8.896234631538391113e-01
8.414127230644226074e-01
7.248950004577636719e-01
8.944417238235473633e-01
8.907769918441772461e-01
9.653718471527099609e-01
8.152289986610412598e-01
8.129709362983703613e-01
8.319349884986877441e-01
9.725946187973022461e-01
8.967096805572509766e-01
7.440271377563476562e-01
8.397456407546997070e-01
9.114958643913269043e-01
9.620249867439270020e-01
9.629682302474975586e-01
7.690855860710144043e-01
8.865347504615783691e-01
8.236226439476013184e-01
7.678548097610473633e-01
8.440924286842346191e-01
6.580650806427001953e-01
8.299737572669982910e-01
8.498106598854064941e-01
6.679180264472961426e-01
8.440498113632202148e-01
8.873683810234069824e-01
8.435080051422119141e-01
7.175388336181640625e-01
8.899449706077575684e-01
8.828721642494201660e-01
9.599415063858032227e-01
8.193990588188171387e-01
8.128520846366882324e-01
8.348654508590698242e-01
9.698392152786254883e-01
8.962019085884094238e-01
7.365079522132873535e-01
8.404774069786071777e-01
9.052084088325500488e-01
9.597285985946655273e-01
9.616696834564208984e-01
7.764172554016113281e-01
8.992125391960144043e-01
8.391300439834594727e-01
7.697991132736206055e-01
8.478845357894897461e-01
6.719130873680114746e-01
8.343074917793273926e-01
8.540373444557189941e-01
6.681602001190185547e-01
8.473119735717773438e-01
8.655161857604980469e-01
8.514127135276794434e-01
7.245655655860900879e-01
8.794451951980590820e-01
8.792161941528320312e-01
9.715343117713928223e-01
8.213328719139099121e-01
8.236716389656066895e-01
8.432161211967468262e-01
9.781396985054016113e-01
8.715470433235168457e-01
7.292775511741638184e-01
8.527337312698364258e-01
8.960602283477783203e-01
9.704054594039916992e-01
9.727309346199035645e-01
7.901031970977783203e-01
8.853648304939270020e-01
8.236062526702880859e-01
7.768123149871826172e-01
8.521782755851745605e-01
6.770554184913635254e-01
8.383508920669555664e-01
8.551371097564697266e-01
6.825135946273803711e-01
8.465179800987243652e-01
8.965178132057189941e-01
8.471546769142150879e-01
7.303307056427001953e-01
8.921301960945129395e-01
8.883223533630371094e-01
9.593681097030639648e-01
8.255698680877685547e-01
8.184595704078674316e-01
8.421874046325683594e-01
9.662926197052001953e-01
9.021879434585571289e-01
7.487249374389648438e-01
8.448063731193542480e-01
9.088692665100097656e-01
9.508751034736633301e-01
9.534482955932617188e-01
7.570503950119018555e-01
8.892111778259277344e-01
8.234613537788391113e-01
7.699601650238037109e-01
8.492604494094848633e-01
6.620814204216003418e-01
8.358914256095886230e-01
8.537275791168212891e-01
6.790633797645568848e-01
8.434580564498901367e-01
9.037178754806518555e-01
8.450154066085815430e-01
7.275167703628540039e-01
9.005978703498840332e-01
8.964152932167053223e-01
9.603799581527709961e-01
8.200310468673706055e-01
8.149093985557556152e-01
8.390221595764160156e-01
9.676970839500427246e-01
9.087641239166259766e-01
7.462130784988403320e-01
8.418564796447753906e-01
9.115885496139526367e-01
9.565364718437194824e-01
9.584107995033264160e-01
7.767606973648071289e-01
8.952999711036682129e-01
8.311721682548522949e-01
7.713080644607543945e-01
8.494032025337219238e-01
6.634141802787780762e-01
8.354117274284362793e-01
8.533865809440612793e-01
6.793258786201477051e-01
8.456090092658996582e-01
8.952815532684326172e-01
8.475094437599182129e-01
7.281178236007690430e-01
9.024201035499572754e-01
8.970562219619750977e-01
9.678113460540771484e-01
8.220902681350708008e-01
8.191024661064147949e-01
8.381971120834350586e-01
9.750006794929504395e-01
9.014066457748413086e-01
7.472171783447265625e-01
8.470627069473266602e-01
9.163502454757690430e-01
9.674531221389770508e-01
9.692476391792297363e-01
7.812123298645019531e-01
8.904802203178405762e-01
8.261560201644897461e-01
7.639555335044860840e-01
8.449696302413940430e-01
6.576836705207824707e-01
8.306213021278381348e-01
8.509249687194824219e-01
6.598630547523498535e-01
8.445682525634765625e-01
8.723832964897155762e-01
8.448168039321899414e-01
7.142822146415710449e-01
8.795277476310729980e-01
8.760867714881896973e-01
9.642866253852844238e-01
8.179963231086730957e-01
8.125105500221252441e-01
8.369693756103515625e-01
9.740744829177856445e-01
8.797923326492309570e-01
7.256841659545898438e-01
8.414499163627624512e-01
8.956003785133361816e-01
9.658812284469604492e-01
9.671764373779296875e-01
7.761667966842651367e-01
