6.975855231285095215e-01
4.193350672721862793e-01
6.110780239105224609e-01
5.088068246841430664e-01
5.308856964111328125e-01
5.872541069984436035e-01
5.611574649810791016e-01
6.359229087829589844e-01
6.080120205879211426e-01
4.676591753959655762e-01
6.416475176811218262e-01
5.991598367691040039e-01
6.005911827087402344e-01
5.538378953933715820e-01
5.176283717155456543e-01
4.723419845104217529e-01
4.177815914154052734e-01
5.857830643653869629e-01
5.720126032829284668e-01
5.568769574165344238e-01
5.782647132873535156e-01
4.942115247249603271e-01
5.816794633865356445e-01
6.033966541290283203e-01
6.162214279174804688e-01
6.008394360542297363e-01
5.958046317100524902e-01
5.875115394592285156e-01
5.104005336761474609e-01
5.772973299026489258e-01
5.371318459510803223e-01
5.942297577857971191e-01
5.445762872695922852e-01
6.269572973251342773e-01
3.038420379161834717e-01
6.604607105255126953e-01
5.483982563018798828e-01
6.770406961441040039e-01
6.529569029808044434e-01
5.451145172119140625e-01
6.425596475601196289e-01
5.692953467369079590e-01
5.209749341011047363e-01
6.098309755325317383e-01
5.654274225234985352e-01
5.698906779289245605e-01
6.100117564201354980e-01
7.389255762100219727e-01
6.512436270713806152e-01
5.839992165565490723e-01
5.433955192565917969e-01
6.750215291976928711e-01
5.674796700477600098e-01
6.495836973190307617e-01
6.450989246368408203e-01
5.214976668357849121e-01
5.002537369728088379e-01
5.596621036529541016e-01
5.950027704238891602e-01
6.153658628463745117e-01
6.057863831520080566e-01
5.984389185905456543e-01
5.716788768768310547e-01
5.837144255638122559e-01
6.598981618881225586e-01
6.415786743164062500e-01
6.126332879066467285e-01
6.626393198966979980e-01
6.232362389564514160e-01
6.249154210090637207e-01
5.764982104301452637e-01
5.748463273048400879e-01
5.846312642097473145e-01
4.777601957321166992e-01
6.113420128822326660e-01
4.126899838447570801e-01
6.422496438026428223e-01
4.559911787509918213e-01
6.488769650459289551e-01
6.372777223587036133e-01
6.305948495864868164e-01
6.174141764640808105e-01
5.571313500404357910e-01
4.481462240219116211e-01
5.788311958312988281e-01
5.391377210617065430e-01
5.147416591644287109e-01
6.332057118415832520e-01
6.369197368621826172e-01
6.275135874748229980e-01
5.364609956741333008e-01
5.106557607650756836e-01
6.170951724052429199e-01
6.443016529083251953e-01
6.102789640426635742e-01
5.929889678955078125e-01
5.128660202026367188e-01
4.483143687248229980e-01
4.938970506191253662e-01
5.632622241973876953e-01
5.981174111366271973e-01
5.489528179168701172e-01
5.655571818351745605e-01
5.561693310737609863e-01
5.459008812904357910e-01
6.351825594902038574e-01
5.685872435569763184e-01
5.968028306961059570e-01
5.888279676437377930e-01
6.087423563003540039e-01
6.289415955543518066e-01
5.582696199417114258e-01
5.668351650238037109e-01
6.027967333793640137e-01
4.863859117031097412e-01
6.952074766159057617e-01
4.006591141223907471e-01
5.984981060028076172e-01
5.029290914535522461e-01
6.284572482109069824e-01
6.143938899040222168e-01
5.360565185546875000e-01
6.263811588287353516e-01
4.379685819149017334e-01
3.978324234485626221e-01
5.113713741302490234e-01
4.532174468040466309e-01
4.039510190486907959e-01
5.031507015228271484e-01
5.877054929733276367e-01
5.371316075325012207e-01
4.709848165512084961e-01
4.326409101486206055e-01
5.580105781555175781e-01
5.203605890274047852e-01
5.229580998420715332e-01
5.017728805541992188e-01
4.096156358718872070e-01
4.127067327499389648e-01
3.983493745326995850e-01
4.500855803489685059e-01
5.206855535507202148e-01
4.866508543491363525e-01
4.853847324848175049e-01
4.752426445484161377e-01
4.574737548828125000e-01
5.757889151573181152e-01
4.929574728012084961e-01
4.970652163028717041e-01
5.124066472053527832e-01
5.164185762405395508e-01
4.933708310127258301e-01
4.567016065120697021e-01
4.835908710956573486e-01
4.694642126560211182e-01
4.405745863914489746e-01
4.852979779243469238e-01
3.861262500286102295e-01
5.090760588645935059e-01
4.739608466625213623e-01
5.610657930374145508e-01
5.134976506233215332e-01
5.146546363830566406e-01
5.216305851936340332e-01
5.693615674972534180e-01
4.523601531982421875e-01
6.222955584526062012e-01
5.590854883193969727e-01
5.566309094429016113e-01
6.075742244720458984e-01
7.940526008605957031e-01
6.569610834121704102e-01
5.532710552215576172e-01
5.248273015022277832e-01
6.160137057304382324e-01
6.562663912773132324e-01
6.330472826957702637e-01
6.781406998634338379e-01
5.511463284492492676e-01
4.543502926826477051e-01
5.363357663154602051e-01
5.463948249816894531e-01
6.500153541564941406e-01
5.791617035865783691e-01
6.539928317070007324e-01
5.467865467071533203e-01
5.877431035041809082e-01
6.208946108818054199e-01
6.179398298263549805e-01
6.143293976783752441e-01
6.714786291122436523e-01
6.678992509841918945e-01
6.131032705307006836e-01
5.736332535743713379e-01
6.014204025268554688e-01
5.756399631500244141e-01
4.843912124633789062e-01
5.852685570716857910e-01
4.472834467887878418e-01
6.615412235260009766e-01
5.290460586547851562e-01
6.336358785629272461e-01
6.932902932167053223e-01
5.891279578208923340e-01
6.363440155982971191e-01
2.505825161933898926e-01
1.876772344112396240e-01
2.535659968852996826e-01
3.242791593074798584e-01
2.015234082937240601e-01
2.410270273685455322e-01
2.354189902544021606e-01
2.758020460605621338e-01
2.232822328805923462e-01
4.682562351226806641e-01
2.673925459384918213e-01
2.528129518032073975e-01
2.937131524085998535e-01
2.341564446687698364e-01
2.623969614505767822e-01
3.165988028049468994e-01
3.137797117233276367e-01
2.298052608966827393e-01
2.620949745178222656e-01
2.760562002658843994e-01
2.919689118862152100e-01
3.687869310379028320e-01
2.351255118846893311e-01
3.267234265804290771e-01
2.530602216720581055e-01
3.212897479534149170e-01
2.543835639953613281e-01
2.550023794174194336e-01
3.497209548950195312e-01
2.433550655841827393e-01
3.107397258281707764e-01
2.286341488361358643e-01
2.868474125862121582e-01
2.532719671726226807e-01
3.082009553909301758e-01
2.418192178010940552e-01
3.324066996574401855e-01
2.886038124561309814e-01
2.287403047084808350e-01
3.444708287715911865e-01
2.472609728574752808e-01
3.911369144916534424e-01
3.983187377452850342e-01
4.673537313938140869e-01
4.335829913616180420e-01
4.439088106155395508e-01
4.396027028560638428e-01
5.394241809844970703e-01
4.731253385543823242e-01
4.622566699981689453e-01
4.943482577800750732e-01
4.851165413856506348e-01
5.020906925201416016e-01
4.883897304534912109e-01
4.527454674243927002e-01
4.115346074104309082e-01
4.328715205192565918e-01
3.696698248386383057e-01
4.916286170482635498e-01
4.748405516147613525e-01
4.600926637649536133e-01
4.880313873291015625e-01
4.560790061950683594e-01
4.512450397014617920e-01
4.925646781921386719e-01
4.661913514137268066e-01
4.702083766460418701e-01
4.772062897682189941e-01
4.886999726295471191e-01
6.625531315803527832e-01
4.314795434474945068e-01
4.532985389232635498e-01
4.378033280372619629e-01
4.656482040882110596e-01
4.849301874637603760e-01
3.477332890033721924e-01
4.970196187496185303e-01
4.501923322677612305e-01
5.024665594100952148e-01
4.987719655036926270e-01
4.815392792224884033e-01
4.730943143367767334e-01
6.084384322166442871e-01
4.513145387172698975e-01
6.372194886207580566e-01
5.526472926139831543e-01
5.395928621292114258e-01
6.274518370628356934e-01
7.945585846900939941e-01
6.532747149467468262e-01
5.992925763130187988e-01
5.240987539291381836e-01
6.445230841636657715e-01
6.181815862655639648e-01
6.478297114372253418e-01
6.423225402832031250e-01
5.346436500549316406e-01
5.427066087722778320e-01
5.240700840950012207e-01
5.765365362167358398e-01
6.112284660339355469e-01
5.565896630287170410e-01
6.218480467796325684e-01
5.580888390541076660e-01
6.291026473045349121e-01
6.704737544059753418e-01
6.141614913940429688e-01
6.130861639976501465e-01
6.882558465003967285e-01
6.113755106925964355e-01
5.933026075363159180e-01
5.932134389877319336e-01
5.886891484260559082e-01
6.000122427940368652e-01
4.535171091556549072e-01
5.834190845489501953e-01
4.144178628921508789e-01
6.485377550125122070e-01
4.890280663967132568e-01
6.486860513687133789e-01
6.692944765090942383e-01
5.985333323478698730e-01
6.236096620559692383e-01
5.010562539100646973e-01
3.600077331066131592e-01
5.502920150756835938e-01
5.803851485252380371e-01
4.314488768577575684e-01
5.059503316879272461e-01
4.929714202880859375e-01
5.563201904296875000e-01
4.629412591457366943e-01
4.320634901523590088e-01
5.165385603904724121e-01
4.917099773883819580e-01
5.680960416793823242e-01
4.669540822505950928e-01
4.813599586486816406e-01
4.374757707118988037e-01
4.244107902050018311e-01
4.552913010120391846e-01
6.126329302787780762e-01
5.660504102706909180e-01
5.387455224990844727e-01
5.337579846382141113e-01
5.140126347541809082e-01
5.533041357994079590e-01
5.964650511741638184e-01
5.139897465705871582e-01
4.743847846984863281e-01
5.627595186233520508e-01
4.683613777160644531e-01
4.908070862293243408e-01
5.491241216659545898e-01
4.895861744880676270e-01
5.469456315040588379e-01
5.272437930107116699e-01
3.302832841873168945e-01
5.536477565765380859e-01
6.306005716323852539e-01
5.795129537582397461e-01
5.422660112380981445e-01
5.045177340507507324e-01
5.663518309593200684e-01
4.590572714805603027e-01
2.894760668277740479e-01
4.392923712730407715e-01
4.444173574447631836e-01
3.529447317123413086e-01
4.310798645019531250e-01
5.064858794212341309e-01
4.758433401584625244e-01
4.047599732875823975e-01
3.954121172428131104e-01
4.726204574108123779e-01
4.672729671001434326e-01
5.038835406303405762e-01
4.630481302738189697e-01
3.992268741130828857e-01
3.339695930480957031e-01
4.976086616516113281e-01
4.038605391979217529e-01
4.861561059951782227e-01
4.783981144428253174e-01
4.286437928676605225e-01
4.880727827548980713e-01
4.049645662307739258e-01
4.951473772525787354e-01
4.783115684986114502e-01
4.419579803943634033e-01
4.654742181301116943e-01
4.689826965332031250e-01
4.465126693248748779e-01
3.950351476669311523e-01
6.475556492805480957e-01
4.206088185310363770e-01
4.357810020446777344e-01
4.638611376285552979e-01
3.962866961956024170e-01
4.666765034198760986e-01
4.405983686447143555e-01
4.781082868576049805e-01
4.662889838218688965e-01
4.311333596706390381e-01
4.388531744480133057e-01
4.212584197521209717e-01
2.682976722717285156e-01
4.565860629081726074e-01
5.532410144805908203e-01
3.337679803371429443e-01
4.293554723262786865e-01
4.570490419864654541e-01
5.020236968994140625e-01
3.685523569583892822e-01
4.448620975017547607e-01
4.630677998065948486e-01
4.402968287467956543e-01
4.762645959854125977e-01
4.300937056541442871e-01
4.223864674568176270e-01
3.949666619300842285e-01
4.888355433940887451e-01
3.783697187900543213e-01
4.806611537933349609e-01
5.005715489387512207e-01
4.497656226158142090e-01
6.956538558006286621e-01
4.358586966991424561e-01
5.148192644119262695e-01
4.467267394065856934e-01
4.265057444572448730e-01
4.376234710216522217e-01
4.646854102611541748e-01
4.397419393062591553e-01
4.259225726127624512e-01
4.753834903240203857e-01
4.200540482997894287e-01
4.393109083175659180e-01
4.178983271121978760e-01
3.863977491855621338e-01
4.457607269287109375e-01
4.394291937351226807e-01
4.715003371238708496e-01
4.239906668663024902e-01
4.611706137657165527e-01
4.765411615371704102e-01
5.989587903022766113e-01
4.788114130496978760e-01
6.474798321723937988e-01
5.876611471176147461e-01
5.749071836471557617e-01
6.365937590599060059e-01
8.018999695777893066e-01
6.822150349617004395e-01
5.904480814933776855e-01
5.550509691238403320e-01
6.283863782882690430e-01
6.572563648223876953e-01
6.716922521591186523e-01
6.944364905357360840e-01
5.980396866798400879e-01
4.797351360321044922e-01
5.707233548164367676e-01
5.690649747848510742e-01
6.483001112937927246e-01
6.150766611099243164e-01
6.676952838897705078e-01
5.892913341522216797e-01
6.240413784980773926e-01
6.636268496513366699e-01
6.331443786621093750e-01
6.489301919937133789e-01
6.917061209678649902e-01
6.948768496513366699e-01
6.289652585983276367e-01
6.022956371307373047e-01
6.314337849617004395e-01
5.964424014091491699e-01
5.312362909317016602e-01
6.116071939468383789e-01
4.722135961055755615e-01
6.831617951393127441e-01
5.456983447074890137e-01
6.488615274429321289e-01
6.735783219337463379e-01
5.960198640823364258e-01
6.617775559425354004e-01
4.707233905792236328e-01
4.798084795475006104e-01
5.009710788726806641e-01
4.278227686882019043e-01
4.929226338863372803e-01
5.074486732482910156e-01
4.860995113849639893e-01
5.111704468727111816e-01
5.002632141113281250e-01
4.892924427986145020e-01
5.325491428375244141e-01
4.833776354789733887e-01
5.367084145545959473e-01
4.608129262924194336e-01
4.691567420959472656e-01
4.449988901615142822e-01
3.971047103404998779e-01
5.368531346321105957e-01
5.004012584686279297e-01
4.854671955108642578e-01
5.011942982673645020e-01
5.097268223762512207e-01
4.709409773349761963e-01
5.521977543830871582e-01
5.235475301742553711e-01
5.597043037414550781e-01
5.088734626770019531e-01
5.449425578117370605e-01
4.861920773983001709e-01
4.533332884311676025e-01
4.799128770828247070e-01
5.068499445915222168e-01
7.886459231376647949e-01
5.502171516418457031e-01
4.027207791805267334e-01
5.045433640480041504e-01
5.660707950592041016e-01
5.470237731933593750e-01
5.105888247489929199e-01
5.536956191062927246e-01
5.176888704299926758e-01
6.291648149490356445e-01
4.065135419368743896e-01
6.057225465774536133e-01
4.853664934635162354e-01
5.113229751586914062e-01
5.849866867065429688e-01
5.623077154159545898e-01
5.878043770790100098e-01
5.413980484008789062e-01
4.784736931324005127e-01
5.692347884178161621e-01
6.080626249313354492e-01
6.375960707664489746e-01
5.938380956649780273e-01
4.759720563888549805e-01
4.780783355236053467e-01
4.061423838138580322e-01
5.376406311988830566e-01
5.914088487625122070e-01
5.230467319488525391e-01
5.762349367141723633e-01
4.821074306964874268e-01
5.533862113952636719e-01
6.220770478248596191e-01
5.659186840057373047e-01
5.761228799819946289e-01
5.844611525535583496e-01
5.774666666984558105e-01
5.236560106277465820e-01
5.708646178245544434e-01
5.534155964851379395e-01
5.983313918113708496e-01
5.434586405754089355e-01
5.884656906127929688e-01
3.546961545944213867e-01
6.218325495719909668e-01
5.617293715476989746e-01
6.181531548500061035e-01
7.289987206459045410e-01
5.454205870628356934e-01
6.128219962120056152e-01
4.828396141529083252e-01
2.728282511234283447e-01
4.656686484813690186e-01
4.280529320240020752e-01
3.901799321174621582e-01
4.332824051380157471e-01
4.580900967121124268e-01
4.898242354393005371e-01
4.194016456604003906e-01
4.380568563938140869e-01
3.943680822849273682e-01
4.661809802055358887e-01
5.192702412605285645e-01
4.436951875686645508e-01
4.470956921577453613e-01
3.647217154502868652e-01
3.760025203227996826e-01
3.579891622066497803e-01
4.940721988677978516e-01
4.351317584514617920e-01
5.143711566925048828e-01
4.559439420700073242e-01
4.413370788097381592e-01
4.771484732627868652e-01
4.486060738563537598e-01
4.508467018604278564e-01
4.693070352077484131e-01
4.862240552902221680e-01
4.220559000968933105e-01
4.186533093452453613e-01
4.841828942298889160e-01
4.159197509288787842e-01
4.561794102191925049e-01
4.406638145446777344e-01
3.465577065944671631e-01
4.990034103393554688e-01
5.025949478149414062e-01
4.767459332942962646e-01
4.912878274917602539e-01
4.245898127555847168e-01
4.840665757656097412e-01
5.997577905654907227e-01
5.200669169425964355e-01
6.521889567375183105e-01
5.841290354728698730e-01
5.616275668144226074e-01
6.382996439933776855e-01
6.988232731819152832e-01
6.713399887084960938e-01
5.853646993637084961e-01
5.740264058113098145e-01
6.706126332283020020e-01
6.398993730545043945e-01
6.534504890441894531e-01
6.997216343879699707e-01
5.866286158561706543e-01
5.223097801208496094e-01
5.307692885398864746e-01
5.965458154678344727e-01
6.418669223785400391e-01
6.138030290603637695e-01
6.629727482795715332e-01
5.941151976585388184e-01
6.074336767196655273e-01
6.761593818664550781e-01
6.220180988311767578e-01
6.343155503273010254e-01
6.765119433403015137e-01
6.612027287483215332e-01
6.501933336257934570e-01
5.790691375732421875e-01
6.218265295028686523e-01
5.998133420944213867e-01
5.167391896247863770e-01
5.918388962745666504e-01
4.628699719905853271e-01
6.403489112854003906e-01
5.450643897056579590e-01
6.623470187187194824e-01
6.654770374298095703e-01
6.462818384170532227e-01
6.535819172859191895e-01
5.575870275497436523e-01
4.619677066802978516e-01
6.332896351814270020e-01
5.989795923233032227e-01
5.722163319587707520e-01
6.133747696876525879e-01
6.703445315361022949e-01
6.469036340713500977e-01
5.381949543952941895e-01
5.435802936553955078e-01
5.867479443550109863e-01
6.075183749198913574e-01
6.296667456626892090e-01
6.014430522918701172e-01
5.508186221122741699e-01
5.015459060668945312e-01
5.259562730789184570e-01
5.436245203018188477e-01
6.264042258262634277e-01
5.931970477104187012e-01
6.581183075904846191e-01
6.159377098083496094e-01
6.009276509284973145e-01
6.347157955169677734e-01
5.953224897384643555e-01
5.895678997039794922e-01
6.143331527709960938e-01
6.596250534057617188e-01
5.764263868331909180e-01
5.974521636962890625e-01
6.025725007057189941e-01
5.781101584434509277e-01
5.493638515472412109e-01
5.705149173736572266e-01
4.356787502765655518e-01
6.305323243141174316e-01
5.546026825904846191e-01
6.283255219459533691e-01
6.163321733474731445e-01
6.007074713706970215e-01
6.294908523559570312e-01
5.496454834938049316e-01
6.358400583267211914e-01
6.127052307128906250e-01
5.599803328514099121e-01
5.907464027404785156e-01
5.839991569519042969e-01
6.716849207878112793e-01
6.614982485771179199e-01
5.881682634353637695e-01
5.884445309638977051e-01
5.933982729911804199e-01
5.961847305297851562e-01
6.388676166534423828e-01
6.394625902175903320e-01
5.143070816993713379e-01
4.909009337425231934e-01
4.989083707332611084e-01
6.063101887702941895e-01
6.009929776191711426e-01
5.924386382102966309e-01
6.113585829734802246e-01
5.797445774078369141e-01
5.723859071731567383e-01
6.549196839332580566e-01
6.121310591697692871e-01
6.246206164360046387e-01
6.456237435340881348e-01
6.557022929191589355e-01
6.090985536575317383e-01
5.502328276634216309e-01
5.712657570838928223e-01
5.723631381988525391e-01
5.389052629470825195e-01
6.017220616340637207e-01
4.808019101619720459e-01
6.106885075569152832e-01
4.758806824684143066e-01
6.063851118087768555e-01
6.284027099609375000e-01
6.155937910079956055e-01
6.248894333839416504e-01
5.695778727531433105e-01
4.166900217533111572e-01
6.363114118576049805e-01
5.313278436660766602e-01
4.927442669868469238e-01
6.835405826568603516e-01
7.074972391128540039e-01
6.553968787193298340e-01
5.603837966918945312e-01
5.225938558578491211e-01
6.486693620681762695e-01
6.368504762649536133e-01
5.811957120895385742e-01
5.680241584777832031e-01
5.315151214599609375e-01
4.989964067935943604e-01
4.933220148086547852e-01
5.754461884498596191e-01
6.053110361099243164e-01
5.487990379333496094e-01
5.817280411720275879e-01
5.609999895095825195e-01
6.042961478233337402e-01
6.450434923171997070e-01
6.052774190902709961e-01
5.851806402206420898e-01
5.956087112426757812e-01
6.175647974014282227e-01
5.481032133102416992e-01
6.174011826515197754e-01
5.539313554763793945e-01
6.714927554130554199e-01
5.149180293083190918e-01
6.086598038673400879e-01
4.007055163383483887e-01
6.610255837440490723e-01
5.549293160438537598e-01
6.703127622604370117e-01
6.242009401321411133e-01
5.238640904426574707e-01
6.742340922355651855e-01
5.465521216392517090e-01
5.511340498924255371e-01
5.805939435958862305e-01
5.290264487266540527e-01
5.202062129974365234e-01
5.398168563842773438e-01
6.274190545082092285e-01
6.015130877494812012e-01
5.329392552375793457e-01
5.233770608901977539e-01
5.572957396507263184e-01
5.368689894676208496e-01
6.172705888748168945e-01
6.114346981048583984e-01
4.881208539009094238e-01
4.671247601509094238e-01
4.617478549480438232e-01
5.004494190216064453e-01
5.782115459442138672e-01
5.593479871749877930e-01
5.837661623954772949e-01
5.099802017211914062e-01
5.230607390403747559e-01
5.979205369949340820e-01
5.818966031074523926e-01
5.571499466896057129e-01
6.021370291709899902e-01
5.774044990539550781e-01
5.625869631767272949e-01
5.091909766197204590e-01
5.835404396057128906e-01
5.234667658805847168e-01
4.791655540466308594e-01
5.372335314750671387e-01
4.569285213947296143e-01
5.549479126930236816e-01
4.696731567382812500e-01
5.241367220878601074e-01
5.841722488403320312e-01
5.407279729843139648e-01
5.774832963943481445e-01
5.592405200004577637e-01
4.724554717540740967e-01
6.400531530380249023e-01
5.591047406196594238e-01
5.590142607688903809e-01
6.328769922256469727e-01
5.368929505348205566e-01
6.538421511650085449e-01
5.419780611991882324e-01
5.319184064865112305e-01
6.314698457717895508e-01
5.909237861633300781e-01
6.312208175659179688e-01
5.321355462074279785e-01
5.601937174797058105e-01
4.959257245063781738e-01
4.363739192485809326e-01
5.640996098518371582e-01
6.029727458953857422e-01
6.205479502677917480e-01
6.364923119544982910e-01
5.651839971542358398e-01
5.938181281089782715e-01
6.560278534889221191e-01
6.405407786369323730e-01
6.072567105293273926e-01
5.743446350097656250e-01
5.966181159019470215e-01
5.410130620002746582e-01
6.064934730529785156e-01
5.291057229042053223e-01
6.365196108818054199e-01
5.662524700164794922e-01
6.266112327575683594e-01
3.080001473426818848e-01
6.362546682357788086e-01
5.842868089675903320e-01
6.387701034545898438e-01
5.992797017097473145e-01
5.649901032447814941e-01
6.839609146118164062e-01
4.830110371112823486e-01
4.144132137298583984e-01
5.323003530502319336e-01
4.770565629005432129e-01
4.866218566894531250e-01
5.149975419044494629e-01
6.236673593521118164e-01
5.553911328315734863e-01
5.050214529037475586e-01
4.704465866088867188e-01
5.884022712707519531e-01
5.067580342292785645e-01
5.357781648635864258e-01
4.950945377349853516e-01
4.421924948692321777e-01
4.636589288711547852e-01
4.318414926528930664e-01
5.626406073570251465e-01
5.199860930442810059e-01
4.813386499881744385e-01
5.212626457214355469e-01
5.310499072074890137e-01
5.318439006805419922e-01
5.888839364051818848e-01
5.211133956909179688e-01
5.915040373802185059e-01
5.802441835403442383e-01
5.672499537467956543e-01
5.065276026725769043e-01
4.745569527149200439e-01
4.974116086959838867e-01
4.940623939037322998e-01
4.137132465839385986e-01
5.427501201629638672e-01
3.422075808048248291e-01
5.336825251579284668e-01
4.131036996841430664e-01
5.959578752517700195e-01
5.095304846763610840e-01
5.914890170097351074e-01
5.201323032379150391e-01
4.308223426342010498e-01
3.738262951374053955e-01
4.457993507385253906e-01
5.036429166793823242e-01
3.817236423492431641e-01
4.469057619571685791e-01
5.246702432632446289e-01
4.723859727382659912e-01
3.811191022396087646e-01
4.034136533737182617e-01
4.112099409103393555e-01
4.395959675312042236e-01
4.956443309783935547e-01
4.451445937156677246e-01
4.267753958702087402e-01
3.542742133140563965e-01
4.707299172878265381e-01
4.092703163623809814e-01
5.185901522636413574e-01
5.203042030334472656e-01
4.681647419929504395e-01
5.398128032684326172e-01
4.136357903480529785e-01
4.904829561710357666e-01
5.795323252677917480e-01
4.643929004669189453e-01
4.442604184150695801e-01
5.306311249732971191e-01
4.539539217948913574e-01
3.850191235542297363e-01
4.780694544315338135e-01
4.199655950069427490e-01
4.635550677776336670e-01
4.534507393836975098e-01
4.174197912216186523e-01
4.372713565826416016e-01
4.834886491298675537e-01
4.550247788429260254e-01
4.583699703216552734e-01
4.189764857292175293e-01
4.462919533252716064e-01
5.434743762016296387e-01
4.265853166580200195e-01
6.146380305290222168e-01
5.479610562324523926e-01
5.180227756500244141e-01
6.521791815757751465e-01
5.197095274925231934e-01
6.543595790863037109e-01
5.247052311897277832e-01
5.566622018814086914e-01
5.944252610206604004e-01
6.452903747558593750e-01
5.757163763046264648e-01
5.951349139213562012e-01
5.341234207153320312e-01
4.463552236557006836e-01
4.359939098358154297e-01
5.562212467193603516e-01
6.071517467498779297e-01
5.784941911697387695e-01
6.244868040084838867e-01
5.594044327735900879e-01
5.745310783386230469e-01
6.122364401817321777e-01
5.842801332473754883e-01
6.374148726463317871e-01
5.479030609130859375e-01
6.507685780525207520e-01
5.610837340354919434e-01
5.804526805877685547e-01
5.634585618972778320e-01
6.478611230850219727e-01
6.077590584754943848e-01
6.507362127304077148e-01
4.180267155170440674e-01
6.636885404586791992e-01
7.621964812278747559e-01
6.480311155319213867e-01
6.342626214027404785e-01
5.395117998123168945e-01
6.433225274085998535e-01
6.097851395606994629e-01
4.617098867893218994e-01
6.692009568214416504e-01
6.311287879943847656e-01
5.925042629241943359e-01
6.517383456230163574e-01
8.067281842231750488e-01
7.255545854568481445e-01
6.041353940963745117e-01
5.727937817573547363e-01
6.292383074760437012e-01
6.774060130119323730e-01
6.769679784774780273e-01
6.546210050582885742e-01
5.746052861213684082e-01
5.154718160629272461e-01
6.251579523086547852e-01
6.104454398155212402e-01
6.429066061973571777e-01
6.310397386550903320e-01
6.686469912528991699e-01
6.531725525856018066e-01
6.704669594764709473e-01
6.988152861595153809e-01
6.176931858062744141e-01
6.548997163772583008e-01
7.117266654968261719e-01
6.906252503395080566e-01
6.417458653450012207e-01
6.558288335800170898e-01
6.343001127243041992e-01
6.320679783821105957e-01
4.936781227588653564e-01
6.333949565887451172e-01
4.373149871826171875e-01
7.304917573928833008e-01
4.764980375766754150e-01
6.850222349166870117e-01
7.015585303306579590e-01
6.161350607872009277e-01
6.875737905502319336e-01
4.562999010086059570e-01
3.175947666168212891e-01
4.927966892719268799e-01
5.669977068901062012e-01
4.001591801643371582e-01
4.669664800167083740e-01
4.715688526630401611e-01
5.221179723739624023e-01
4.160701632499694824e-01
4.374391734600067139e-01
4.742255508899688721e-01
4.444922804832458496e-01
4.949025809764862061e-01
4.311988353729248047e-01
4.312329590320587158e-01
3.756555914878845215e-01
4.668317437171936035e-01
4.418839514255523682e-01
5.339470505714416504e-01
6.699656844139099121e-01
4.912661612033843994e-01
6.110109686851501465e-01
4.766221046447753906e-01
4.900779426097869873e-01
5.372582077980041504e-01
4.948430955410003662e-01
4.568407535552978516e-01
5.175709128379821777e-01
4.598544538021087646e-01
4.512084126472473145e-01
4.971503615379333496e-01
4.561588466167449951e-01
4.742884337902069092e-01
4.745921194553375244e-01
3.113591969013214111e-01
5.053856968879699707e-01
4.611339271068572998e-01
5.177106261253356934e-01
4.562212526798248291e-01
4.927199184894561768e-01
4.886453151702880859e-01
5.574587583541870117e-01
4.229040145874023438e-01
5.694620609283447266e-01
5.221555233001708984e-01
5.214346051216125488e-01
6.134440302848815918e-01
7.519858479499816895e-01
6.292527914047241211e-01
5.563721656799316406e-01
5.154044032096862793e-01
6.625196337699890137e-01
6.234728097915649414e-01
5.930558443069458008e-01
6.298958659172058105e-01
5.283672809600830078e-01
4.794728159904479980e-01
5.477185249328613281e-01
5.747036933898925781e-01
5.752707123756408691e-01
5.508617758750915527e-01
5.810045003890991211e-01
5.412477850914001465e-01
5.512781143188476562e-01
6.112117171287536621e-01
5.672369599342346191e-01
6.093026995658874512e-01
6.363818645477294922e-01
6.014360785484313965e-01
5.803327560424804688e-01
5.439655780792236328e-01
5.554250478744506836e-01
5.838101506233215332e-01
4.258743524551391602e-01
5.662779211997985840e-01
3.879172801971435547e-01
6.250098347663879395e-01
4.521296620368957520e-01
6.246166229248046875e-01
6.253851652145385742e-01
5.546752214431762695e-01
5.976223945617675781e-01
5.049176812171936035e-01
4.330563843250274658e-01
6.010345816612243652e-01
5.305538177490234375e-01
5.074411034584045410e-01
5.562546253204345703e-01
6.658385992050170898e-01
6.627091169357299805e-01
5.393279790878295898e-01
5.093255639076232910e-01
6.017742156982421875e-01
5.913336873054504395e-01
6.084011793136596680e-01
5.292240977287292480e-01
5.188199281692504883e-01
4.727582037448883057e-01
6.005448698997497559e-01
5.332437753677368164e-01
6.024572849273681641e-01
5.613635778427124023e-01
5.611847043037414551e-01
5.948678255081176758e-01
5.576454997062683105e-01
6.296669244766235352e-01
5.956442952156066895e-01
5.713266134262084961e-01
5.959330201148986816e-01
6.103788018226623535e-01
5.582110881805419922e-01
5.524176955223083496e-01
5.690795183181762695e-01
5.473268032073974609e-01
5.191622972488403320e-01
5.643690228462219238e-01
4.116514027118682861e-01
6.509270668029785156e-01
5.279197096824645996e-01
6.127501130104064941e-01
6.039157509803771973e-01
5.528306961059570312e-01
6.441456675529479980e-01
5.741937160491943359e-01
4.375499188899993896e-01
6.073485612869262695e-01
5.593054294586181641e-01
5.438793301582336426e-01
6.141362190246582031e-01
7.900014519691467285e-01
6.605753302574157715e-01
5.510669350624084473e-01
5.302982926368713379e-01
6.113320589065551758e-01
6.394925713539123535e-01
6.438751816749572754e-01
6.836372613906860352e-01
5.562795400619506836e-01
4.597746431827545166e-01
5.687544941902160645e-01
5.402737855911254883e-01
6.186338067054748535e-01
5.880231261253356934e-01
6.384282112121582031e-01
5.668074488639831543e-01
5.908681750297546387e-01
6.254945397377014160e-01
6.094238758087158203e-01
6.003836989402770996e-01
6.600673794746398926e-01
6.505894660949707031e-01
5.859622955322265625e-01
5.788698792457580566e-01
6.043483614921569824e-01
5.817314982414245605e-01
4.694775640964508057e-01
5.684344172477722168e-01
4.449299275875091553e-01
6.625537872314453125e-01
5.075817704200744629e-01
6.205551624298095703e-01
6.786489486694335938e-01
5.770714879035949707e-01
6.337705850601196289e-01
5.856657028198242188e-01
5.073288083076477051e-01
6.228919029235839844e-01
5.222051143646240234e-01
5.969673991203308105e-01
5.651214718818664551e-01
7.687750458717346191e-01
6.366452574729919434e-01
5.912256836891174316e-01
4.839198291301727295e-01
6.085432767868041992e-01
6.418638825416564941e-01
6.571311950683593750e-01
5.977504849433898926e-01
5.122396349906921387e-01
4.806783199310302734e-01
5.319435596466064453e-01
5.610817670822143555e-01
5.858228802680969238e-01
5.475749373435974121e-01
5.926760435104370117e-01
5.640497207641601562e-01
5.940615534782409668e-01
6.336707472801208496e-01
5.932688117027282715e-01
5.699128508567810059e-01
7.181038260459899902e-01
6.019568443298339844e-01
5.897450447082519531e-01
5.691089034080505371e-01
5.595962405204772949e-01
5.409396886825561523e-01
4.475630223751068115e-01
5.675982832908630371e-01
3.626947402954101562e-01
6.327431201934814453e-01
4.330427050590515137e-01
6.136860251426696777e-01
6.839817166328430176e-01
5.750343799591064453e-01
6.094945073127746582e-01
5.184042453765869141e-01
4.559873044490814209e-01
5.454422831535339355e-01
5.098766684532165527e-01
5.085198879241943359e-01
5.443878173828125000e-01
5.721935033798217773e-01
6.043013334274291992e-01
5.265933871269226074e-01
5.377019643783569336e-01
5.263622999191284180e-01
5.657779574394226074e-01
5.542940497398376465e-01
5.454577803611755371e-01
5.322186946868896484e-01
5.041627883911132812e-01
5.211326479911804199e-01
4.648187160491943359e-01
5.134858489036560059e-01
4.840690493583679199e-01
5.499897599220275879e-01
5.707192420959472656e-01
5.337830781936645508e-01
5.954633951187133789e-01
5.182504057884216309e-01
5.372347831726074219e-01
5.620494484901428223e-01
5.535503625869750977e-01
5.196314454078674316e-01
5.268725156784057617e-01
5.262855887413024902e-01
5.215468406677246094e-01
4.886138439178466797e-01
5.123301148414611816e-01
4.561510682106018066e-01
5.753172636032104492e-01
5.111060738563537598e-01
5.444858670234680176e-01
5.634555816650390625e-01
5.111309289932250977e-01
6.130625605583190918e-01
5.701313018798828125e-01
4.545142054557800293e-01
6.534659266471862793e-01
5.721130371093750000e-01
5.394983291625976562e-01
5.866867303848266602e-01
6.569540500640869141e-01
6.426600813865661621e-01
5.423960089683532715e-01
5.158570408821105957e-01
6.106330752372741699e-01
6.758841276168823242e-01
6.315680742263793945e-01
6.384889483451843262e-01
5.083046555519104004e-01
4.754454493522644043e-01
4.950963854789733887e-01
5.203024744987487793e-01
6.713396906852722168e-01
5.747711062431335449e-01
6.486750841140747070e-01
5.563986897468566895e-01
5.818102359771728516e-01
6.480347514152526855e-01
5.343294143676757812e-01
6.109490990638732910e-01
6.472939252853393555e-01
6.474950313568115234e-01
5.926930904388427734e-01
5.900831222534179688e-01
5.767431855201721191e-01
5.685042142868041992e-01
5.092682242393493652e-01
5.685898065567016602e-01
4.205119907855987549e-01
6.239910125732421875e-01
5.489800572395324707e-01
6.321068406105041504e-01
6.620314121246337891e-01
5.996071100234985352e-01
6.242915391921997070e-01
3.861211538314819336e-01
4.592690467834472656e-01
4.313190281391143799e-01
4.016950726509094238e-01
3.705714344978332520e-01
4.042541682720184326e-01
4.783704578876495361e-01
4.539811909198760986e-01
3.769667446613311768e-01
3.778410553932189941e-01
4.365146756172180176e-01
4.441069960594177246e-01
4.643386304378509521e-01
4.499879181385040283e-01
3.345375061035156250e-01
3.557671904563903809e-01
3.929449319839477539e-01
3.662046194076538086e-01
4.199572801589965820e-01
3.824926614761352539e-01
4.086774289608001709e-01
4.232712090015411377e-01
3.814487159252166748e-01
4.620063900947570801e-01
4.534959793090820312e-01
3.925072848796844482e-01
4.611677229404449463e-01
4.327050447463989258e-01
4.405051469802856445e-01
3.931851387023925781e-01
4.123220145702362061e-01
3.877062499523162842e-01
4.040591418743133545e-01
4.205126464366912842e-01
3.581210076808929443e-01
4.256689548492431641e-01
3.699425756931304932e-01
4.368622899055480957e-01
4.708317816257476807e-01
3.966183662414550781e-01
4.449925422668457031e-01
3.988364040851593018e-01
3.483233451843261719e-01
4.754841029644012451e-01
4.143430888652801514e-01
3.931656479835510254e-01
5.154784321784973145e-01
4.282450377941131592e-01
4.858555197715759277e-01
4.329664707183837891e-01
4.345513880252838135e-01
5.918724536895751953e-01
4.699316024780273438e-01
4.619792699813842773e-01
4.443424344062805176e-01
4.462675452232360840e-01
4.684172868728637695e-01
3.721234500408172607e-01
5.445983409881591797e-01
4.737683832645416260e-01
4.550286233425140381e-01
4.492495954036712646e-01
4.339077770709991455e-01
4.659009277820587158e-01
5.237661004066467285e-01
4.441373348236083984e-01
5.591976046562194824e-01
4.241370558738708496e-01
4.927897453308105469e-01
4.795273840427398682e-01
4.419415593147277832e-01
4.306621551513671875e-01
4.987989962100982666e-01
4.940881431102752686e-01
5.399042367935180664e-01
3.504803478717803955e-01
4.639811813831329346e-01
5.649837851524353027e-01
5.498578548431396484e-01
4.313571155071258545e-01
6.295445561408996582e-01
4.878376126289367676e-01
6.303810477256774902e-01
4.323541522026062012e-01
6.643014550209045410e-01
5.420593023300170898e-01
5.335729122161865234e-01
5.968376994132995605e-01
5.367801189422607422e-01
6.486631631851196289e-01
5.895158052444458008e-01
4.814539253711700439e-01
6.190099716186523438e-01
5.997011065483093262e-01
6.948306560516357422e-01
5.535789728164672852e-01
5.323299169540405273e-01
4.840754568576812744e-01
4.213405847549438477e-01
5.204457044601440430e-01
6.247599720954895020e-01
5.631489157676696777e-01
5.850514173507690430e-01
5.070128440856933594e-01
6.000288724899291992e-01
6.552537679672241211e-01
6.017650961875915527e-01
5.805506706237792969e-01
6.166862845420837402e-01
5.835775732994079590e-01
5.117847919464111328e-01
6.149429082870483398e-01
5.710504055023193359e-01
6.012061238288879395e-01
5.442905426025390625e-01
6.132831573486328125e-01
3.309589624404907227e-01
6.580638885498046875e-01
5.865914821624755859e-01
6.421506404876708984e-01
6.599918603897094727e-01
5.276221632957458496e-01
6.738091111183166504e-01
5.256922841072082520e-01
4.020199477672576904e-01
6.397424340248107910e-01
5.558200478553771973e-01
4.976390898227691650e-01
6.605545282363891602e-01
5.288618803024291992e-01
6.354119777679443359e-01
5.349805355072021484e-01
5.012498497962951660e-01
6.648822426795959473e-01
5.939481258392333984e-01
5.878687500953674316e-01
5.533348321914672852e-01
4.982061088085174561e-01
5.095705389976501465e-01
4.378570914268493652e-01
5.711828470230102539e-01
5.874914526939392090e-01
6.014496088027954102e-01
5.554249286651611328e-01
5.748205780982971191e-01
6.183977723121643066e-01
6.104885339736938477e-01
6.163844466209411621e-01
6.034882068634033203e-01
5.425646901130676270e-01
6.069993972778320312e-01
5.307234525680541992e-01
5.838874578475952148e-01
5.292773842811584473e-01
6.778399944305419922e-01
5.897385478019714355e-01
6.359752416610717773e-01
3.831561505794525146e-01
6.280125975608825684e-01
6.385131478309631348e-01
6.566894054412841797e-01
5.559828877449035645e-01
5.220230221748352051e-01
6.543737649917602539e-01
5.918554067611694336e-01
4.538818001747131348e-01
6.215426325798034668e-01
5.506204366683959961e-01
5.476014614105224609e-01
6.251969337463378906e-01
7.407410144805908203e-01
6.896235346794128418e-01
5.755926370620727539e-01
5.341287851333618164e-01
6.122747063636779785e-01
7.055181264877319336e-01
6.204755902290344238e-01
6.553590297698974609e-01
5.668609738349914551e-01
4.932641386985778809e-01
5.793418288230895996e-01
5.612886548042297363e-01
5.912997722625732422e-01
5.632827877998352051e-01
6.105536222457885742e-01
6.007291078567504883e-01
6.019786000251770020e-01
6.636409759521484375e-01
5.918152928352355957e-01
5.891302227973937988e-01
6.653387546539306641e-01
6.199566125869750977e-01
5.823925137519836426e-01
6.370619535446166992e-01
6.043049693107604980e-01
6.222704052925109863e-01
4.763641059398651123e-01
5.888996720314025879e-01
4.473301470279693604e-01
6.784210801124572754e-01
5.105663537979125977e-01
6.267496943473815918e-01
6.957921385765075684e-01
5.634375214576721191e-01
6.918304562568664551e-01
4.436009526252746582e-01
3.275752663612365723e-01
4.797224998474121094e-01
4.487973153591156006e-01
4.107276201248168945e-01
4.890126585960388184e-01
4.278692007064819336e-01
5.028934478759765625e-01
4.375900924205780029e-01
4.496956467628479004e-01
5.465412139892578125e-01
4.879093170166015625e-01
5.211636424064636230e-01
4.625716507434844971e-01
6.681653857231140137e-01
4.606262743473052979e-01
3.918578028678894043e-01
4.561922848224639893e-01
4.937608540058135986e-01
4.834425449371337891e-01
4.979327321052551270e-01
5.132550001144409180e-01
4.530981481075286865e-01
5.532526373863220215e-01
4.399427771568298340e-01
5.352283716201782227e-01
4.761097431182861328e-01
4.626725316047668457e-01
4.807003736495971680e-01
4.448696970939636230e-01
4.527019858360290527e-01
4.926672875881195068e-01
5.222024917602539062e-01
4.902011454105377197e-01
3.536398708820343018e-01
4.857279658317565918e-01
5.479331612586975098e-01
4.990811944007873535e-01
4.338058531284332275e-01
5.085663795471191406e-01
5.149008631706237793e-01
5.622182488441467285e-01
4.300196170806884766e-01
5.936689376831054688e-01
5.204108953475952148e-01
5.143513679504394531e-01
6.123088002204895020e-01
7.701603174209594727e-01
6.547154784202575684e-01
5.391042828559875488e-01
5.174264907836914062e-01
6.202664971351623535e-01
6.512588858604431152e-01
6.018147468566894531e-01
6.591098904609680176e-01
5.262137651443481445e-01
4.773521423339843750e-01
5.262555480003356934e-01
5.343171358108520508e-01
5.855278968811035156e-01
5.347045063972473145e-01
5.977529287338256836e-01
5.430015325546264648e-01
5.682189464569091797e-01
6.216635107994079590e-01
5.805500149726867676e-01
5.770540237426757812e-01
6.311101317405700684e-01
6.051549911499023438e-01
5.752261877059936523e-01
5.759905576705932617e-01
5.688723325729370117e-01
5.942922234535217285e-01
4.434869587421417236e-01
5.615576505661010742e-01
4.163563251495361328e-01
6.463960409164428711e-01
4.913045465946197510e-01
6.223447918891906738e-01
6.761550903320312500e-01
5.394262671470642090e-01
6.328544020652770996e-01
5.063097476959228516e-01
4.221138656139373779e-01
5.373722910881042480e-01
4.891231656074523926e-01
4.692480266094207764e-01
5.496880412101745605e-01
6.639699935913085938e-01
5.822674632072448730e-01
4.948907792568206787e-01
5.068008899688720703e-01
5.734835863113403320e-01
5.537313222885131836e-01
5.494436025619506836e-01
5.549867153167724609e-01
4.934124648571014404e-01
4.421994388103485107e-01
4.696200788021087646e-01
4.931398034095764160e-01
5.562129616737365723e-01
4.921190142631530762e-01
5.506629943847656250e-01
5.132780671119689941e-01
5.018886327743530273e-01
5.709219574928283691e-01
5.543076395988464355e-01
5.608230829238891602e-01
5.552946925163269043e-01
5.866448879241943359e-01
5.447344779968261719e-01
4.950717687606811523e-01
5.399808287620544434e-01
5.353335738182067871e-01
4.768317043781280518e-01
5.331529974937438965e-01
4.268068969249725342e-01
5.822411775588989258e-01
5.036116838455200195e-01
6.041248440742492676e-01
5.673814415931701660e-01
4.882873296737670898e-01
5.772743225097656250e-01
6.205632686614990234e-01
5.257389545440673828e-01
6.664139628410339355e-01
6.270660758018493652e-01
5.549877285957336426e-01
6.672950983047485352e-01
7.452865242958068848e-01
6.981585025787353516e-01
5.594120621681213379e-01
5.895087122917175293e-01
6.339250206947326660e-01
7.125080823898315430e-01
6.781003475189208984e-01
7.143142223358154297e-01
5.853309631347656250e-01
5.042187571525573730e-01
5.711800456047058105e-01
5.816834568977355957e-01
6.764993071556091309e-01
6.429182887077331543e-01
6.963993906974792480e-01
6.090046167373657227e-01
6.392102241516113281e-01
6.919243335723876953e-01
6.222473382949829102e-01
6.229345798492431641e-01
6.818462014198303223e-01
6.809617280960083008e-01
6.848142147064208984e-01
6.273778080940246582e-01
6.421648263931274414e-01
6.244880557060241699e-01
5.077078342437744141e-01
6.137074828147888184e-01
4.729941189289093018e-01
6.593114733695983887e-01
5.282118320465087891e-01
6.408309936523437500e-01
6.755753159523010254e-01
6.338485479354858398e-01
6.432891488075256348e-01
3.444211483001708984e-01
3.433874249458312988e-01
4.268289208412170410e-01
3.702610135078430176e-01
3.485428392887115479e-01
4.181413650512695312e-01
4.029480516910552979e-01
4.397897124290466309e-01
3.827835917472839355e-01
4.176629185676574707e-01
4.769723117351531982e-01
3.920135796070098877e-01
4.391128420829772949e-01
4.485614597797393799e-01
4.190302491188049316e-01
4.302534759044647217e-01
3.520781993865966797e-01
3.981591165065765381e-01
4.565286636352539062e-01
4.240996539592742920e-01
4.162534773349761963e-01
4.166700839996337891e-01
4.118919670581817627e-01
4.507066309452056885e-01
3.973941206932067871e-01
4.410839974880218506e-01
4.299369752407073975e-01
4.359005987644195557e-01
4.753722250461578369e-01
3.692442476749420166e-01
3.591454923152923584e-01
3.894309699535369873e-01
4.081496298313140869e-01
4.327471852302551270e-01
3.715530931949615479e-01
4.302215874195098877e-01
4.730765521526336670e-01
4.419145584106445312e-01
4.036988914012908936e-01
4.751809239387512207e-01
4.370782971382141113e-01
4.589621126651763916e-01
3.269715905189514160e-01
6.058551073074340820e-01
5.193338394165039062e-01
4.056753516197204590e-01
5.605961084365844727e-01
4.964202344417572021e-01
5.961648821830749512e-01
4.680705964565277100e-01
4.424488544464111328e-01
5.632504820823669434e-01
5.420490503311157227e-01
5.097967386245727539e-01
5.496925115585327148e-01
4.566236734390258789e-01
4.396673738956451416e-01
4.334585368633270264e-01
4.566425085067749023e-01
5.448112487792968750e-01
5.173695683479309082e-01
5.326434969902038574e-01
5.279413461685180664e-01
6.044250726699829102e-01
6.379488706588745117e-01
4.646299779415130615e-01
5.151218771934509277e-01
5.308622717857360840e-01
5.187931060791015625e-01
4.922320544719696045e-01
5.621292591094970703e-01
5.025936365127563477e-01
5.403915643692016602e-01
4.429607391357421875e-01
5.077115297317504883e-01
3.849951624870300293e-01
5.470792055130004883e-01
5.246671438217163086e-01
5.776505470275878906e-01
5.080473423004150391e-01
5.085470080375671387e-01
5.921775102615356445e-01
3.702616393566131592e-01
2.492652088403701782e-01
4.531838595867156982e-01
5.720738768577575684e-01
3.338196575641632080e-01
4.074452817440032959e-01
4.411030113697052002e-01
4.423404037952423096e-01
3.449282050132751465e-01
3.724059760570526123e-01
4.253376424312591553e-01
3.888508975505828857e-01
4.417490959167480469e-01
3.959411978721618652e-01
3.256618082523345947e-01
3.831994533538818359e-01
4.180340170860290527e-01
3.416170775890350342e-01
4.557467997074127197e-01
4.653473198413848877e-01
4.139955341815948486e-01
5.817828774452209473e-01
4.510562121868133545e-01
4.576506018638610840e-01
4.130673408508300781e-01
4.013974070549011230e-01
4.184865653514862061e-01
4.383217096328735352e-01
4.190782606601715088e-01
3.996607661247253418e-01
4.449059367179870605e-01
3.883018791675567627e-01
3.761509060859680176e-01
3.840272724628448486e-01
3.508810698986053467e-01
4.051271378993988037e-01
4.084258973598480225e-01
4.567144513130187988e-01
3.930483460426330566e-01
4.279603958129882812e-01
4.233615398406982422e-01
3.185772001743316650e-01
2.606082260608673096e-01
3.553129732608795166e-01
4.355515837669372559e-01
2.990659177303314209e-01
3.182532191276550293e-01
4.173701405525207520e-01
4.107378721237182617e-01
3.089511990547180176e-01
3.636775910854339600e-01
3.502897024154663086e-01
3.319468498229980469e-01
3.850281238555908203e-01
3.359813690185546875e-01
2.894111871719360352e-01
3.090478777885437012e-01
6.678065657615661621e-01
2.942879498004913330e-01
3.654919862747192383e-01
4.305442273616790771e-01
3.364956974983215332e-01
5.439380407333374023e-01
3.148922622203826904e-01
3.919340670108795166e-01
3.603372275829315186e-01
3.424614071846008301e-01
3.556632697582244873e-01
3.727318346500396729e-01
3.436439931392669678e-01
3.316871225833892822e-01
3.848487138748168945e-01
3.054842352867126465e-01
3.321824669837951660e-01
3.251385688781738281e-01
3.164972364902496338e-01
3.866116404533386230e-01
3.126194775104522705e-01
3.666322529315948486e-01
3.698791861534118652e-01
3.579809069633483887e-01
3.726150095462799072e-01
4.474244117736816406e-01
3.411881327629089355e-01
5.305274724960327148e-01
5.024664998054504395e-01
4.490042626857757568e-01
4.825985133647918701e-01
5.035266280174255371e-01
5.838865637779235840e-01
4.636569917201995850e-01
4.770914614200592041e-01
5.198941826820373535e-01
4.710443317890167236e-01
5.142703652381896973e-01
4.270743131637573242e-01
4.303392171859741211e-01
4.048586189746856689e-01
5.230900049209594727e-01
4.786317348480224609e-01
5.184968113899230957e-01
5.107519626617431641e-01
5.097365379333496094e-01
5.553367137908935547e-01
4.888841807842254639e-01
5.085713863372802734e-01
6.296684741973876953e-01
4.915314912796020508e-01
4.929618537425994873e-01
5.787457823753356934e-01
4.635882079601287842e-01
4.616294503211975098e-01
5.188633799552917480e-01
4.725348353385925293e-01
5.262286067008972168e-01
5.440823435783386230e-01
4.066065251827239990e-01
5.838468670845031738e-01
5.780363678932189941e-01
5.762942433357238770e-01
5.121840238571166992e-01
4.656202197074890137e-01
5.754571557044982910e-01
