4.509721994400024414e-01
2.827885746955871582e-01
3.348113596439361572e-01
3.887433111667633057e-01
3.693833351135253906e-01
4.242367744445800781e-01
3.754706978797912598e-01
3.440354764461517334e-01
3.694319128990173340e-01
4.930755496025085449e-01
4.233960509300231934e-01
5.222088098526000977e-01
4.265862405300140381e-01
4.729515910148620605e-01
3.449298441410064697e-01
4.164634943008422852e-01
3.656014800071716309e-01
4.560793638229370117e-01
3.900084793567657471e-01
3.965687155723571777e-01
3.552006781101226807e-01
3.627503514289855957e-01
2.994872331619262695e-01
3.617451190948486328e-01
4.427317082881927490e-01
3.175423145294189453e-01
4.148752093315124512e-01
3.750533163547515869e-01
5.186504125595092773e-01
3.885893225669860840e-01
3.242512941360473633e-01
3.544301688671112061e-01
3.914365172386169434e-01
3.966787457466125488e-01
3.783067762851715088e-01
4.223016500473022461e-01
3.885412514209747314e-01
3.841014802455902100e-01
4.118263721466064453e-01
3.569341301918029785e-01
2.996180355548858643e-01
3.387262821197509766e-01
5.460729002952575684e-01
2.925545573234558105e-01
4.248061478137969971e-01
4.029080569744110107e-01
4.869791269302368164e-01
5.136066675186157227e-01
4.931376874446868896e-01
4.978332817554473877e-01
4.541951417922973633e-01
3.884099721908569336e-01
4.642341732978820801e-01
5.487901568412780762e-01
4.725466370582580566e-01
5.930295586585998535e-01
4.937776625156402588e-01
5.375318527221679688e-01
4.477105736732482910e-01
4.400260150432586670e-01
4.476723670959472656e-01
5.189853906631469727e-01
5.008298754692077637e-01
4.290485978126525879e-01
4.812335669994354248e-01
4.614034891128540039e-01
3.840807378292083740e-01
4.576052427291870117e-01
5.209134221076965332e-01
4.228652715682983398e-01
4.708188474178314209e-01
4.916191101074218750e-01
5.026142597198486328e-01
4.193845391273498535e-01
4.009608030319213867e-01
4.465226531028747559e-01
4.511817991733551025e-01
4.844786822795867920e-01
4.752682447433471680e-01
4.933145642280578613e-01
5.097746253013610840e-01
4.786687195301055908e-01
5.317103266716003418e-01
4.368105232715606689e-01
3.398704826831817627e-01
4.972401261329650879e-01
5.401203036308288574e-01
3.696354925632476807e-01
5.053399205207824707e-01
2.960388660430908203e-01
3.713777065277099609e-01
4.485916495323181152e-01
3.848851323127746582e-01
5.537447333335876465e-01
4.431385695934295654e-01
4.704527854919433594e-01
3.625617921352386475e-01
5.044295191764831543e-01
4.654865860939025879e-01
6.382561326026916504e-01
4.713592231273651123e-01
4.401347637176513672e-01
3.922998309135437012e-01
4.549636244773864746e-01
4.001404047012329102e-01
4.543753564357757568e-01
3.824679553508758545e-01
4.311376810073852539e-01
4.743686020374298096e-01
4.706700742244720459e-01
3.847319483757019043e-01
5.532280206680297852e-01
5.279324054718017578e-01
3.246720731258392334e-01
6.170303821563720703e-01
3.701658248901367188e-01
5.137295722961425781e-01
4.000024795532226562e-01
3.279812932014465332e-01
4.404931068420410156e-01
4.035257995128631592e-01
4.365075528621673584e-01
3.854587674140930176e-01
4.386185705661773682e-01
4.440977275371551514e-01
4.171031415462493896e-01
4.103735983371734619e-01
3.540630638599395752e-01
3.428765535354614258e-01
4.300051331520080566e-01
6.538122892379760742e-01
3.190483748912811279e-01
5.327304601669311523e-01
2.978418767452239990e-01
3.672541081905364990e-01
4.431357979774475098e-01
3.460651934146881104e-01
5.790889859199523926e-01
4.452151954174041748e-01
4.530300498008728027e-01
3.973425924777984619e-01
5.001543760299682617e-01
4.705591499805450439e-01
6.059978604316711426e-01
4.592050909996032715e-01
4.567182362079620361e-01
4.199506342411041260e-01
4.914636313915252686e-01
3.987388908863067627e-01
4.622268974781036377e-01
4.081776440143585205e-01
4.036151766777038574e-01
4.743377566337585449e-01
4.630444645881652832e-01
3.989064693450927734e-01
5.603165030479431152e-01
5.636151432991027832e-01
3.543565869331359863e-01
7.454141974449157715e-01
3.783303499221801758e-01
5.405918359756469727e-01
3.617300093173980713e-01
3.475920259952545166e-01
4.431153535842895508e-01
3.839268982410430908e-01
4.682867825031280518e-01
4.349416494369506836e-01
4.739358127117156982e-01
4.935349225997924805e-01
4.528832733631134033e-01
4.327241480350494385e-01
3.698135912418365479e-01
4.074836969375610352e-01
4.357777535915374756e-01
5.872599482536315918e-01
3.417687714099884033e-01
3.342120349407196045e-01
3.908483386039733887e-01
3.563801348209381104e-01
3.548322916030883789e-01
2.745844423770904541e-01
2.610453963279724121e-01
3.084527254104614258e-01
2.413460463285446167e-01
2.919394671916961670e-01
2.802866995334625244e-01
2.585124671459197998e-01
2.641410529613494873e-01
2.678893506526947021e-01
2.717545330524444580e-01
2.946369946002960205e-01
2.953194677829742432e-01
3.470583558082580566e-01
2.822023630142211914e-01
3.090170323848724365e-01
2.835418283939361572e-01
4.137654304504394531e-01
2.591217756271362305e-01
2.460871636867523193e-01
3.418987393379211426e-01
2.691638767719268799e-01
2.360974997282028198e-01
2.969470024108886719e-01
3.684748709201812744e-01
2.938357591629028320e-01
3.255417048931121826e-01
2.970085442066192627e-01
2.639021575450897217e-01
3.167078197002410889e-01
3.023292124271392822e-01
2.907552421092987061e-01
3.238067030906677246e-01
2.779673337936401367e-01
3.022126555442810059e-01
3.111293613910675049e-01
3.007341027259826660e-01
3.156659603118896484e-01
3.217049241065979004e-01
3.994297981262207031e-01
3.129768967628479004e-01
4.000734090805053711e-01
3.455154597759246826e-01
4.091731905937194824e-01
4.751248359680175781e-01
3.728229105472564697e-01
5.045751333236694336e-01
4.303538799285888672e-01
4.094193875789642334e-01
4.164853096008300781e-01
5.176471471786499023e-01
3.951457142829895020e-01
5.570775866508483887e-01
4.921968579292297363e-01
5.135758519172668457e-01
4.589605331420898438e-01
3.966352045536041260e-01
4.461741447448730469e-01
5.150024294853210449e-01
4.269733130931854248e-01
3.904362022876739502e-01
3.659252226352691650e-01
5.063536763191223145e-01
3.824956119060516357e-01
4.642008841037750244e-01
5.469202995300292969e-01
3.179311752319335938e-01
5.199404358863830566e-01
4.073148667812347412e-01
4.583723247051239014e-01
3.540066480636596680e-01
3.989292085170745850e-01
3.549207448959350586e-01
4.263114035129547119e-01
4.694628715515136719e-01
4.229236841201782227e-01
4.536309838294982910e-01
4.107876420021057129e-01
4.209705293178558350e-01
4.272188246250152588e-01
5.028153061866760254e-01
3.241318762302398682e-01
3.952822387218475342e-01
4.901607036590576172e-01
3.168742358684539795e-01
5.180411934852600098e-01
3.400162160396575928e-01
4.265305697917938232e-01
4.824702739715576172e-01
3.726067245006561279e-01
5.159548521041870117e-01
4.505431354045867920e-01
3.990611732006072998e-01
5.283790230751037598e-01
5.278469324111938477e-01
5.330180525779724121e-01
5.937402844429016113e-01
4.647490084171295166e-01
4.824036359786987305e-01
4.167149662971496582e-01
4.281703829765319824e-01
4.700843095779418945e-01
4.939104318618774414e-01
4.801034927368164062e-01
4.471646845340728760e-01
4.657904505729675293e-01
4.155561029911041260e-01
3.664111196994781494e-01
4.277436137199401855e-01
5.353768467903137207e-01
4.049197435379028320e-01
5.479846000671386719e-01
4.060999751091003418e-01
4.423560798168182373e-01
3.837086856365203857e-01
4.646739959716796875e-01
4.351274073123931885e-01
4.689551889896392822e-01
4.771215319633483887e-01
5.962265133857727051e-01
5.484721064567565918e-01
4.888332188129425049e-01
5.775788426399230957e-01
5.363208055496215820e-01
3.924528956413269043e-01
4.076992869377136230e-01
4.437937438488006592e-01
5.160569548606872559e-01
4.402194917201995850e-01
5.105540752410888672e-01
3.657567501068115234e-01
3.975006043910980225e-01
4.715430736541748047e-01
3.231446444988250732e-01
4.114624261856079102e-01
4.352354407310485840e-01
3.520050644874572754e-01
4.305395781993865967e-01
3.561545014381408691e-01
4.403231441974639893e-01
4.189900755882263184e-01
3.691330552101135254e-01
4.106664955615997314e-01
3.509308993816375732e-01
4.366773068904876709e-01
4.393226206302642822e-01
4.175078868865966797e-01
4.045858979225158691e-01
4.034858345985412598e-01
4.400996267795562744e-01
3.651701509952545166e-01
4.126780331134796143e-01
4.018514156341552734e-01
4.062635004520416260e-01
4.068923890590667725e-01
4.236282706260681152e-01
4.213135540485382080e-01
4.807926714420318604e-01
2.840468883514404297e-01
4.425966143608093262e-01
4.239486753940582275e-01
4.476678073406219482e-01
4.036128222942352295e-01
5.254762768745422363e-01
4.448482096195220947e-01
4.382092356681823730e-01
4.097695946693420410e-01
4.289552569389343262e-01
3.333371281623840332e-01
3.639232814311981201e-01
3.662117421627044678e-01
5.504773259162902832e-01
4.522522389888763428e-01
5.622686147689819336e-01
2.877692878246307373e-01
3.747429549694061279e-01
4.301586747169494629e-01
3.156231045722961426e-01
5.116394162178039551e-01
4.110594093799591064e-01
4.068240821361541748e-01
4.150735139846801758e-01
4.462967514991760254e-01
4.943903684616088867e-01
5.582157373428344727e-01
4.131655097007751465e-01
4.370826184749603271e-01
3.517247736454010010e-01
5.094882845878601074e-01
4.000707864761352539e-01
4.395909309387207031e-01
4.344170093536376953e-01
3.676617145538330078e-01
4.484633803367614746e-01
3.839255273342132568e-01
3.322649598121643066e-01
5.192824006080627441e-01
5.009940862655639648e-01
3.548483252525329590e-01
5.919273495674133301e-01
4.162211418151855469e-01
5.959520339965820312e-01
3.264470100402832031e-01
3.041034340858459473e-01
4.404713809490203857e-01
3.869400322437286377e-01
4.264170825481414795e-01
4.621529281139373779e-01
4.682852327823638916e-01
4.644095301628112793e-01
4.877580106258392334e-01
4.418575465679168701e-01
3.391398489475250244e-01
3.833336532115936279e-01
4.015636444091796875e-01
6.011997461318969727e-01
3.244488239288330078e-01
4.760441482067108154e-01
2.610118687152862549e-01
3.210053741931915283e-01
3.435865342617034912e-01
2.680836021900177002e-01
4.376862049102783203e-01
3.465054333209991455e-01
3.260601460933685303e-01
3.196348249912261963e-01
3.816726207733154297e-01
4.297736585140228271e-01
5.351881384849548340e-01
3.943031728267669678e-01
3.926329314708709717e-01
2.844492793083190918e-01
4.441383779048919678e-01
3.952037692070007324e-01
3.418081104755401611e-01
3.774188160896301270e-01
3.213510513305664062e-01
3.747376203536987305e-01
2.886028587818145752e-01
2.863224148750305176e-01
4.366574883460998535e-01
3.893260955810546875e-01
3.274405300617218018e-01
4.738857150077819824e-01
3.011936545372009277e-01
4.557236135005950928e-01
3.410543501377105713e-01
3.059404492378234863e-01
4.024432897567749023e-01
3.649038374423980713e-01
3.481736183166503906e-01
3.704128265380859375e-01
3.763354420661926270e-01
3.686477243900299072e-01
3.802801966667175293e-01
3.698121905326843262e-01
2.793661653995513916e-01
3.770298659801483154e-01
3.376872837543487549e-01
5.903919935226440430e-01
2.948602735996246338e-01
5.469307899475097656e-01
3.282956182956695557e-01
3.934708535671234131e-01
4.899594485759735107e-01
3.968266546726226807e-01
6.432064175605773926e-01
4.807376563549041748e-01
5.111955404281616211e-01
4.213396012783050537e-01
5.740473270416259766e-01
4.796254038810729980e-01
5.951653122901916504e-01
4.749758839607238770e-01
5.081458091735839844e-01
5.268751978874206543e-01
5.167777538299560547e-01
4.521258771419525146e-01
5.126407146453857422e-01
4.640852212905883789e-01
4.652468562126159668e-01
5.132108926773071289e-01
5.353189110755920410e-01
4.256980717182159424e-01
5.902861952781677246e-01
6.556601524353027344e-01
3.468331098556518555e-01
6.625672578811645508e-01
4.374185800552368164e-01
5.734653472900390625e-01
4.054279923439025879e-01
4.021296501159667969e-01
4.607227742671966553e-01
4.349013864994049072e-01
5.045954585075378418e-01
4.749719798564910889e-01
4.869624376296997070e-01
4.945842623710632324e-01
4.960788786411285400e-01
4.617284536361694336e-01
4.399125874042510986e-01
4.098927974700927734e-01
4.644152522087097168e-01
6.145600676536560059e-01
3.621561527252197266e-01
6.090310811996459961e-01
3.247397541999816895e-01
3.809222877025604248e-01
5.046234130859375000e-01
3.718333244323730469e-01
5.184894800186157227e-01
5.015697479248046875e-01
4.737738072872161865e-01
4.831452667713165283e-01
5.298667550086975098e-01
5.266622900962829590e-01
5.093664526939392090e-01
4.030552804470062256e-01
5.160627365112304688e-01
4.174110889434814453e-01
4.180568456649780273e-01
4.637470841407775879e-01
5.527312159538269043e-01
4.560594558715820312e-01
4.801369607448577881e-01
4.813996553421020508e-01
5.201638340950012207e-01
4.388198256492614746e-01
4.886837005615234375e-01
5.788344740867614746e-01
3.177601099014282227e-01
5.616007447242736816e-01
5.064199566841125488e-01
7.810438871383666992e-01
3.752973675727844238e-01
3.701969087123870850e-01
4.287592768669128418e-01
4.094455242156982422e-01
5.120477080345153809e-01
5.385884642601013184e-01
5.694614052772521973e-01
5.540085434913635254e-01
5.583524107933044434e-01
5.469996929168701172e-01
4.477108418941497803e-01
3.558346629142761230e-01
4.399529993534088135e-01
5.572432875633239746e-01
3.759835064411163330e-01
3.072236478328704834e-01
2.052840888500213623e-01
2.698664069175720215e-01
3.166368007659912109e-01
3.228863775730133057e-01
2.825447320938110352e-01
2.396747618913650513e-01
3.026853799819946289e-01
3.208786249160766602e-01
3.037640750408172607e-01
3.508734703063964844e-01
2.980022430419921875e-01
3.119763433933258057e-01
2.362287938594818115e-01
2.185730934143066406e-01
2.189375609159469604e-01
3.201997578144073486e-01
3.038676977157592773e-01
3.038588762283325195e-01
3.224159777164459229e-01
2.919577062129974365e-01
2.813530266284942627e-01
2.226065695285797119e-01
2.502467334270477295e-01
2.550860941410064697e-01
2.749765217304229736e-01
2.779790461063385010e-01
3.103750944137573242e-01
3.103835880756378174e-01
2.456763386726379395e-01
2.565745711326599121e-01
3.099454641342163086e-01
3.119674324989318848e-01
2.641571760177612305e-01
3.396887481212615967e-01
2.591773271560668945e-01
3.130319416522979736e-01
3.018117249011993408e-01
3.311928510665893555e-01
2.556603848934173584e-01
1.998954862356185913e-01
2.953447103500366211e-01
3.487109243869781494e-01
3.076094686985015869e-01
4.820428192615509033e-01
3.187443315982818604e-01
4.353869259357452393e-01
5.022848844528198242e-01
4.346475005149841309e-01
4.655207097530364990e-01
4.573519825935363770e-01
4.004856646060943604e-01
4.617632925510406494e-01
4.681238234043121338e-01
4.599377512931823730e-01
5.753468275070190430e-01
4.968717396259307861e-01
5.255495905876159668e-01
3.871818780899047852e-01
4.404913187026977539e-01
4.263119697570800781e-01
4.870149493217468262e-01
4.328968226909637451e-01
4.371473193168640137e-01
4.494360685348510742e-01
4.708926677703857422e-01
3.802689611911773682e-01
4.531376957893371582e-01
4.585609138011932373e-01
4.124016761779785156e-01
4.866882562637329102e-01
4.494727253913879395e-01
5.415721535682678223e-01
3.544240593910217285e-01
3.641133308410644531e-01
4.480814933776855469e-01
4.526864886283874512e-01
4.780222773551940918e-01
5.073165297508239746e-01
5.004355311393737793e-01
4.428211152553558350e-01
4.244517982006072998e-01
4.635720849037170410e-01
4.073344767093658447e-01
3.624406456947326660e-01
4.418176710605621338e-01
5.658705830574035645e-01
3.542464971542358398e-01
4.598787426948547363e-01
3.672724962234497070e-01
4.806717932224273682e-01
5.439909100532531738e-01
4.799628257751464844e-01
5.833465456962585449e-01
5.095139741897583008e-01
5.035365819931030273e-01
5.140520334243774414e-01
6.018413901329040527e-01
5.268834829330444336e-01
6.610301733016967773e-01
5.509065985679626465e-01
5.577026009559631348e-01
4.962134957313537598e-01
4.155077338218688965e-01
4.742344319820404053e-01
5.930571556091308594e-01
5.429197549819946289e-01
4.841868579387664795e-01
4.824845194816589355e-01
5.311422944068908691e-01
4.441877007484436035e-01
4.243528246879577637e-01
5.766061544418334961e-01
4.054250717163085938e-01
5.895117521286010742e-01
4.525451958179473877e-01
4.292267262935638428e-01
4.673638641834259033e-01
4.824790656566619873e-01
4.820225238800048828e-01
5.250950455665588379e-01
5.350109934806823730e-01
5.359435677528381348e-01
5.369324684143066406e-01
5.185467600822448730e-01
5.281006693840026855e-01
4.978100359439849854e-01
4.739304780960083008e-01
4.031851887702941895e-01
4.773091673851013184e-01
5.356444120407104492e-01
4.193141758441925049e-01
5.086553692817687988e-01
2.987632453441619873e-01
3.707712292671203613e-01
4.585441052913665771e-01
3.672735691070556641e-01
6.189352869987487793e-01
4.660505950450897217e-01
5.003339648246765137e-01
3.789567351341247559e-01
5.554446578025817871e-01
4.484005272388458252e-01
5.674722194671630859e-01
4.621099829673767090e-01
4.760169684886932373e-01
4.951750338077545166e-01
4.817560315132141113e-01
4.402728080749511719e-01
4.948362410068511963e-01
4.462451636791229248e-01
4.437854588031768799e-01
4.751770794391632080e-01
5.292930006980895996e-01
4.176270663738250732e-01
5.633907914161682129e-01
6.564986705780029297e-01
3.011094033718109131e-01
6.085228919982910156e-01
4.069533050060272217e-01
5.471748709678649902e-01
3.932214379310607910e-01
3.819732367992401123e-01
4.239788055419921875e-01
4.021409451961517334e-01
4.794601798057556152e-01
4.327151179313659668e-01
4.622795879840850830e-01
4.545487761497497559e-01
4.535563588142395020e-01
4.278411865234375000e-01
4.163573682308197021e-01
3.720185756683349609e-01
4.310661852359771729e-01
5.741454958915710449e-01
3.252108991146087646e-01
4.794620275497436523e-01
3.138046562671661377e-01
4.278796017169952393e-01
4.482909440994262695e-01
4.082841277122497559e-01
4.705700874328613281e-01
4.212211668491363525e-01
3.937728106975555420e-01
3.629449307918548584e-01
4.681991338729858398e-01
4.597505629062652588e-01
6.122307181358337402e-01
4.632610380649566650e-01
4.183403551578521729e-01
3.463843464851379395e-01
4.572470188140869141e-01
4.240562021732330322e-01
4.181263744831085205e-01
4.477755129337310791e-01
4.124438166618347168e-01
4.567121863365173340e-01
3.661333024501800537e-01
3.761232793331146240e-01
5.678349137306213379e-01
4.227916002273559570e-01
3.741157054901123047e-01
4.965012073516845703e-01
3.815172910690307617e-01
4.548598527908325195e-01
3.742885887622833252e-01
3.603516221046447754e-01
4.476814568042755127e-01
4.341233074665069580e-01
4.368074834346771240e-01
3.816935718059539795e-01
3.950549066066741943e-01
3.874800503253936768e-01
3.669770658016204834e-01
4.302055239677429199e-01
3.197265267372131348e-01
3.473407328128814697e-01
5.120463371276855469e-01
6.335978507995605469e-01
3.510178625583648682e-01
6.394656300544738770e-01
4.606302678585052490e-01
5.952569842338562012e-01
6.876364946365356445e-01
5.337550044059753418e-01
6.785522699356079102e-01
6.323287487030029297e-01
5.762722492218017578e-01
7.109257578849792480e-01
6.790037155151367188e-01
6.495282053947448730e-01
6.315845251083374023e-01
5.795560479164123535e-01
6.567775011062622070e-01
6.092193126678466797e-01
5.696833729743957520e-01
6.265627741813659668e-01
6.860781311988830566e-01
6.308264732360839844e-01
6.124432682991027832e-01
6.399599313735961914e-01
6.226254105567932129e-01
5.388157963752746582e-01
5.312017798423767090e-01
6.842106580734252930e-01
5.731759071350097656e-01
6.446109414100646973e-01
6.247391104698181152e-01
5.795643329620361328e-01
4.957193136215209961e-01
6.059048771858215332e-01
5.836446881294250488e-01
6.436940431594848633e-01
7.107467055320739746e-01
7.558839917182922363e-01
7.295873165130615234e-01
7.031360268592834473e-01
7.088950276374816895e-01
6.688550114631652832e-01
6.089762449264526367e-01
5.224120020866394043e-01
6.047295331954956055e-01
5.844092965126037598e-01
5.460265874862670898e-01
2.742905914783477783e-01
1.942848712205886841e-01
2.642298936843872070e-01
2.546555399894714355e-01
2.340229451656341553e-01
2.699525952339172363e-01
2.591910958290100098e-01
1.945843100547790527e-01
1.944127678871154785e-01
2.644798755645751953e-01
2.440685331821441650e-01
3.524520993232727051e-01
3.080134391784667969e-01
2.049067020416259766e-01
1.900248527526855469e-01
3.004018068313598633e-01
2.436527460813522339e-01
2.439459860324859619e-01
2.416836023330688477e-01
2.278190404176712036e-01
2.112697660923004150e-01
2.141287922859191895e-01
2.366534471511840820e-01
4.024330377578735352e-01
2.316958904266357422e-01
2.789269089698791504e-01
3.215058147907257080e-01
1.949092000722885132e-01
2.759617567062377930e-01
2.096492201089859009e-01
2.328075468540191650e-01
2.503438591957092285e-01
2.383162826299667358e-01
2.247030884027481079e-01
2.136102169752120972e-01
2.207269370555877686e-01
1.993753761053085327e-01
1.966632157564163208e-01
2.116742134094238281e-01
1.599706262350082397e-01
2.164840102195739746e-01
2.401720136404037476e-01
3.744616806507110596e-01
2.277323752641677856e-01
4.381161928176879883e-01
3.288983404636383057e-01
3.569025993347167969e-01
4.223025143146514893e-01
4.169374406337738037e-01
4.127434790134429932e-01
4.023421108722686768e-01
3.161122798919677734e-01
3.656491041183471680e-01
4.147365391254425049e-01
3.903173804283142090e-01
4.646127820014953613e-01
5.071834325790405273e-01
4.763578772544860840e-01
3.583262562751770020e-01
3.832220435142517090e-01
4.193655848503112793e-01
4.407258927822113037e-01
4.533771872520446777e-01
3.817251324653625488e-01
3.742966055870056152e-01
4.007518291473388672e-01
3.530490100383758545e-01
3.792168498039245605e-01
4.248006045818328857e-01
3.201211392879486084e-01
4.368287920951843262e-01
3.866832256317138672e-01
4.842245578765869141e-01
3.304454386234283447e-01
3.680830299854278564e-01
3.494928777217864990e-01
4.003650844097137451e-01
3.673480749130249023e-01
3.988293111324310303e-01
4.501582384109497070e-01
3.910791873931884766e-01
3.781168460845947266e-01
4.139897823333740234e-01
4.135207533836364746e-01
3.345637023448944092e-01
3.914883136749267578e-01
4.931748807430267334e-01
3.071200251579284668e-01
4.184714853763580322e-01
2.329568564891815186e-01
3.113552927970886230e-01
3.678963184356689453e-01
3.301258087158203125e-01
3.732762038707733154e-01
3.427904248237609863e-01
4.162099063396453857e-01
2.628085613250732422e-01
3.201474547386169434e-01
2.521351575851440430e-01
2.821352183818817139e-01
3.088110685348510742e-01
3.308511376380920410e-01
3.511468172073364258e-01
3.165976405143737793e-01
3.272762298583984375e-01
3.129657208919525146e-01
3.350319564342498779e-01
2.840509116649627686e-01
4.252756536006927490e-01
3.810409605503082275e-01
3.142491281032562256e-01
3.764264285564422607e-01
3.391908407211303711e-01
2.246074378490447998e-01
4.002359807491302490e-01
3.737563490867614746e-01
4.339419603347778320e-01
2.065419107675552368e-01
2.549529373645782471e-01
2.818021178245544434e-01
3.095529377460479736e-01
3.179017603397369385e-01
3.188561499118804932e-01
3.055912852287292480e-01
3.009475171566009521e-01
2.981109321117401123e-01
2.568065822124481201e-01
3.132175207138061523e-01
3.570353686809539795e-01
3.080931603908538818e-01
4.061135351657867432e-01
2.864707410335540771e-01
5.592058300971984863e-01
3.149145841598510742e-01
4.483370482921600342e-01
4.600395858287811279e-01
3.700720369815826416e-01
5.009325742721557617e-01
4.379394352436065674e-01
3.940316438674926758e-01
4.118889570236206055e-01
4.650759398937225342e-01
4.545799195766448975e-01
4.696387946605682373e-01
3.918527364730834961e-01
4.670190513134002686e-01
4.259174764156341553e-01
5.269124507904052734e-01
4.722192883491516113e-01
4.603687524795532227e-01
4.784418940544128418e-01
3.741965591907501221e-01
4.859519600868225098e-01
4.235495626926422119e-01
4.295552074909210205e-01
7.370575666427612305e-01
4.701298773288726807e-01
4.114128947257995605e-01
5.021337866783142090e-01
4.068242609500885010e-01
5.651879906654357910e-01
3.471644520759582520e-01
4.015150368213653564e-01
4.778085052967071533e-01
4.893537163734436035e-01
4.924276471138000488e-01
4.648692011833190918e-01
4.695934057235717773e-01
4.526421427726745605e-01
4.618231058120727539e-01
5.018515586853027344e-01
4.221513867378234863e-01
3.629811704158782959e-01
5.600797533988952637e-01
5.549983382225036621e-01
3.758724033832550049e-01
3.092716932296752930e-01
2.382797747850418091e-01
3.609576523303985596e-01
3.096375167369842529e-01
2.897922396659851074e-01
3.330100774765014648e-01
2.635384798049926758e-01
2.376769930124282837e-01
2.793836295604705811e-01
2.754001319408416748e-01
3.086611032485961914e-01
3.926815092563629150e-01
3.205588757991790771e-01
3.236795067787170410e-01
2.323784679174423218e-01
3.839987516403198242e-01
3.079924881458282471e-01
2.695116400718688965e-01
2.778326570987701416e-01
2.212059795856475830e-01
3.090680241584777832e-01
2.286208271980285645e-01
2.345535159111022949e-01
3.676379919052124023e-01
2.735633552074432373e-01
5.066741108894348145e-01
3.393518030643463135e-01
2.812117934226989746e-01
2.317709475755691528e-01
2.403519302606582642e-01
3.558359146118164062e-01
3.362358212471008301e-01
3.186480104923248291e-01
2.447068840265274048e-01
3.001712858676910400e-01
2.430734485387802124e-01
2.692721188068389893e-01
2.723965048789978027e-01
2.788949906826019287e-01
2.194641083478927612e-01
2.555916905403137207e-01
2.917819917201995850e-01
4.436729550361633301e-01
2.519429028034210205e-01
4.198626279830932617e-01
2.748060822486877441e-01
3.860126435756683350e-01
4.961737692356109619e-01
3.093371689319610596e-01
3.313657343387603760e-01
3.873580694198608398e-01
3.218973875045776367e-01
3.107942938804626465e-01
3.203047513961791992e-01
3.055542111396789551e-01
3.004319965839385986e-01
2.637360990047454834e-01
3.118770420551300049e-01
3.256323933601379395e-01
3.265953958034515381e-01
3.966078460216522217e-01
3.431238532066345215e-01
3.181790411472320557e-01
3.032660782337188721e-01
4.305027127265930176e-01
3.109065890312194824e-01
3.325343430042266846e-01
4.000416398048400879e-01
3.351742029190063477e-01
2.386275678873062134e-01
3.621766865253448486e-01
4.014529883861541748e-01
4.487200677394866943e-01
2.695429325103759766e-01
3.028863668441772461e-01
2.776656448841094971e-01
3.378506302833557129e-01
3.206254243850708008e-01
3.499118089675903320e-01
3.315794765949249268e-01
3.513070940971374512e-01
3.211686015129089355e-01
3.356203138828277588e-01
3.081287741661071777e-01
2.650437653064727783e-01
3.424649834632873535e-01
4.836972951889038086e-01
3.571944236755371094e-01
6.393062472343444824e-01
3.450133502483367920e-01
4.309338331222534180e-01
4.944568276405334473e-01
3.851220607757568359e-01
5.042787194252014160e-01
4.324817657470703125e-01
3.929843902587890625e-01
4.872069358825683594e-01
4.901795983314514160e-01
5.450484752655029297e-01
5.284194350242614746e-01
4.442315399646759033e-01
4.701254367828369141e-01
3.916226327419281006e-01
5.548296570777893066e-01
4.561454951763153076e-01
4.536170363426208496e-01
4.563714861869812012e-01
4.382506608963012695e-01
4.957480430603027344e-01
4.065174460411071777e-01
4.004185199737548828e-01
6.374368071556091309e-01
4.874659776687622070e-01
4.399380683898925781e-01
5.242220759391784668e-01
4.228774905204772949e-01
5.987821221351623535e-01
3.629462420940399170e-01
4.270001053810119629e-01
5.240482091903686523e-01
4.497126936912536621e-01
4.657495915889739990e-01
5.489312410354614258e-01
5.149330496788024902e-01
4.941203892230987549e-01
5.099409222602844238e-01
5.306542515754699707e-01
3.810316026210784912e-01
3.853994309902191162e-01
4.872237741947174072e-01
6.277084350585937500e-01
4.086452424526214600e-01
3.496379852294921875e-01
2.637637853622436523e-01
2.772866189479827881e-01
3.175914585590362549e-01
2.742950320243835449e-01
3.298635780811309814e-01
3.090808391571044922e-01
3.370847105979919434e-01
2.596998810768127441e-01
2.553262710571289062e-01
3.669330477714538574e-01
3.457996547222137451e-01
3.026364445686340332e-01
2.764188051223754883e-01
2.741930186748504639e-01
3.572393655776977539e-01
2.895236015319824219e-01
2.720708847045898438e-01
3.060862720012664795e-01
2.865783870220184326e-01
3.595306873321533203e-01
2.678514122962951660e-01
2.691065669059753418e-01
3.439746797084808350e-01
3.013232946395874023e-01
3.060523271560668945e-01
3.821594119071960449e-01
3.736253380775451660e-01
3.474404215812683105e-01
2.966549098491668701e-01
2.398535460233688354e-01
3.502338528633117676e-01
3.095766007900238037e-01
2.556971907615661621e-01
3.044977188110351562e-01
2.728885412216186523e-01
2.913589477539062500e-01
2.915565371513366699e-01
2.807891070842742920e-01
2.340306043624877930e-01
3.447245955467224121e-01
3.063451051712036133e-01
3.920922279357910156e-01
2.685640156269073486e-01
6.133724451065063477e-01
3.533315658569335938e-01
4.577905535697937012e-01
5.177972316741943359e-01
4.058448970317840576e-01
5.673133730888366699e-01
5.012888908386230469e-01
5.273142457008361816e-01
4.534008204936981201e-01
4.881112277507781982e-01
5.314713120460510254e-01
5.550724864006042480e-01
4.297095537185668945e-01
5.652092099189758301e-01
4.227523505687713623e-01
5.517277717590332031e-01
5.048646330833435059e-01
5.302668213844299316e-01
5.011692643165588379e-01
4.522873461246490479e-01
5.064871907234191895e-01
4.914346933364868164e-01
4.533166289329528809e-01
5.633080601692199707e-01
5.448412299156188965e-01
4.181609749794006348e-01
5.841045975685119629e-01
4.715374112129211426e-01
7.047201395034790039e-01
4.031107127666473389e-01
4.216114580631256104e-01
5.201283693313598633e-01
4.943463206291198730e-01
5.307133793830871582e-01
5.198650360107421875e-01
5.321446657180786133e-01
5.427995324134826660e-01
5.202007889747619629e-01
4.889683723449707031e-01
4.203363358974456787e-01
4.021374583244323730e-01
4.511248171329498291e-01
6.610870361328125000e-01
4.062025547027587891e-01
4.867255985736846924e-01
2.450810074806213379e-01
3.230682611465454102e-01
3.518897294998168945e-01
2.393509596586227417e-01
4.513141512870788574e-01
3.653953671455383301e-01
3.565082848072052002e-01
3.508000373840332031e-01
3.661918342113494873e-01
4.138340055942535400e-01
4.973624944686889648e-01
3.754981756210327148e-01
4.149141013622283936e-01
2.878911793231964111e-01
4.734033644199371338e-01
3.882479667663574219e-01
3.681254386901855469e-01
4.120433926582336426e-01
3.294923007488250732e-01
3.364202976226806641e-01
3.070946633815765381e-01
3.086530268192291260e-01
4.284420013427734375e-01
4.293563663959503174e-01
3.179141879081726074e-01
5.317522883415222168e-01
3.130084872245788574e-01
4.943438470363616943e-01
3.047368228435516357e-01
3.199853003025054932e-01
3.751842081546783447e-01
3.653009533882141113e-01
3.949498832225799561e-01
3.913121819496154785e-01
4.338376820087432861e-01
3.523121476173400879e-01
3.782705664634704590e-01
3.558489978313446045e-01
2.914715707302093506e-01
3.711446821689605713e-01
3.096578717231750488e-01
5.177376270294189453e-01
3.186286687850952148e-01
6.347277164459228516e-01
2.817876338958740234e-01
3.608020842075347900e-01
4.643643498420715332e-01
3.708125948905944824e-01
4.617603719234466553e-01
4.172546267509460449e-01
3.999536931514739990e-01
5.386815667152404785e-01
4.229974746704101562e-01
5.380458831787109375e-01
4.429778456687927246e-01
3.576738536357879639e-01
4.471197724342346191e-01
3.570993840694427490e-01
4.644919931888580322e-01
4.180235266685485840e-01
4.890667498111724854e-01
4.915594458580017090e-01
4.802022576332092285e-01
4.538127183914184570e-01
4.395555555820465088e-01
3.635394871234893799e-01
4.176360964775085449e-01
4.784380793571472168e-01
4.372115135192871094e-01
5.306589007377624512e-01
4.649420976638793945e-01
5.996769666671752930e-01
3.062435984611511230e-01
4.035280644893646240e-01
4.800006449222564697e-01
4.635490775108337402e-01
4.988380670547485352e-01
6.027744412422180176e-01
5.202154517173767090e-01
5.175172090530395508e-01
5.731123685836791992e-01
5.319724082946777344e-01
3.609863817691802979e-01
5.004128217697143555e-01
3.865492641925811768e-01
5.609381794929504395e-01
4.546004831790924072e-01
4.099580049514770508e-01
2.841132283210754395e-01
3.279886543750762939e-01
4.299300014972686768e-01
4.479838013648986816e-01
4.240275621414184570e-01
4.028252065181732178e-01
3.831121325492858887e-01
4.180497527122497559e-01
4.571619927883148193e-01
4.083069860935211182e-01
5.251126885414123535e-01
4.609995782375335693e-01
5.950575470924377441e-01
3.793954253196716309e-01
3.887456357479095459e-01
3.557248711585998535e-01
4.511214196681976318e-01
4.146308898925781250e-01
4.016640186309814453e-01
3.522739410400390625e-01
4.237963855266571045e-01
2.875899970531463623e-01
3.280857801437377930e-01
4.415662288665771484e-01
3.276015818119049072e-01
4.442829191684722900e-01
3.579535484313964844e-01
4.370608925819396973e-01
3.888854086399078369e-01
3.523753881454467773e-01
4.026139676570892334e-01
3.867646455764770508e-01
4.385838508605957031e-01
4.275779128074645996e-01
5.412586927413940430e-01
3.567727506160736084e-01
3.747108876705169678e-01
3.839465081691741943e-01
3.892702758312225342e-01
3.165856301784515381e-01
3.652903735637664795e-01
4.150321483612060547e-01
3.163294494152069092e-01
4.641023576259613037e-01
2.674062252044677734e-01
3.448618054389953613e-01
3.591309785842895508e-01
2.703426778316497803e-01
4.621126055717468262e-01
3.727808594703674316e-01
3.747380077838897705e-01
3.549663424491882324e-01
4.195595979690551758e-01
4.251917898654937744e-01
5.464798212051391602e-01
4.050452411174774170e-01
4.421299099922180176e-01
3.183098435401916504e-01
4.488573968410491943e-01
3.805360198020935059e-01
3.901051580905914307e-01
4.281130731105804443e-01
3.401232063770294189e-01
3.740074634552001953e-01
3.380234539508819580e-01
3.182114660739898682e-01
4.138883054256439209e-01
4.560537636280059814e-01
3.120368123054504395e-01
5.199282765388488770e-01
3.095460832118988037e-01
4.211669862270355225e-01
3.069199025630950928e-01
3.174246847629547119e-01
3.900651037693023682e-01
3.836134970188140869e-01
4.262999296188354492e-01
4.068685472011566162e-01
4.295510351657867432e-01
3.657320141792297363e-01
3.952119350433349609e-01
3.671504855155944824e-01
3.166289925575256348e-01
4.086112678050994873e-01
3.451608121395111084e-01
5.321449041366577148e-01
3.307783305644989014e-01
4.091401994228363037e-01
2.506214678287506104e-01
5.476992726325988770e-01
3.398174643516540527e-01
2.736694514751434326e-01
4.000959396362304688e-01
3.186419606208801270e-01
3.306666910648345947e-01
2.916038930416107178e-01
3.455803990364074707e-01
4.022554159164428711e-01
5.472884774208068848e-01
4.015257656574249268e-01
3.483662307262420654e-01
2.592205703258514404e-01
4.148469865322113037e-01
3.075211048126220703e-01
3.271050453186035156e-01
3.137705922126770020e-01
3.049966990947723389e-01
3.469857573509216309e-01
2.899518013000488281e-01
3.209862411022186279e-01
4.642582833766937256e-01
3.416209816932678223e-01
3.875008523464202881e-01
4.683337807655334473e-01
2.966662943363189697e-01
3.682979047298431396e-01
3.034452199935913086e-01
2.644864320755004883e-01
3.675383031368255615e-01
3.642469346523284912e-01
3.324345350265502930e-01
3.274186253547668457e-01
3.088206946849822998e-01
3.408612012863159180e-01
2.818088233470916748e-01
2.864601910114288330e-01
2.023411393165588379e-01
3.344006538391113281e-01
3.207722306251525879e-01
5.692593455314636230e-01
2.690751850605010986e-01
5.413041710853576660e-01
3.361459076404571533e-01
5.055053830146789551e-01
4.869108200073242188e-01
4.388261735439300537e-01
5.036288499832153320e-01
4.350254535675048828e-01
3.955251872539520264e-01
4.251828789710998535e-01
4.704459011554718018e-01
4.841618537902832031e-01
5.561788082122802734e-01
4.421092271804809570e-01
4.746167063713073730e-01
3.971389830112457275e-01
5.753049850463867188e-01
4.785016477108001709e-01
4.689919352531433105e-01
4.739977121353149414e-01
3.983174264430999756e-01
5.424986481666564941e-01
3.901467025279998779e-01
3.525655865669250488e-01
6.996615529060363770e-01
4.797544181346893311e-01
4.670834839344024658e-01
4.924740791320800781e-01
4.521466493606567383e-01
5.222148895263671875e-01
3.777590990066528320e-01
4.216085672378540039e-01
4.882778823375701904e-01
4.958773255348205566e-01
4.843199849128723145e-01
4.813708961009979248e-01
4.463263750076293945e-01
4.619518518447875977e-01
4.474815428256988525e-01
4.990299940109252930e-01
3.754065632820129395e-01
3.701539039611816406e-01
6.344658136367797852e-01
6.660276055335998535e-01
3.935235738754272461e-01
3.044761121273040771e-01
2.136559486389160156e-01
2.557076811790466309e-01
2.731667459011077881e-01
2.949952483177185059e-01
3.057803809642791748e-01
2.487163543701171875e-01
2.635799348354339600e-01
2.571884095668792725e-01
2.627024352550506592e-01
3.120301067829132080e-01
3.614577651023864746e-01
2.775907814502716064e-01
2.796033322811126709e-01
2.596196234226226807e-01
2.829724252223968506e-01
2.675442993640899658e-01
2.510997354984283447e-01
2.387745529413223267e-01
2.467083632946014404e-01
2.471717000007629395e-01
2.521168887615203857e-01
2.192056775093078613e-01
2.424842417240142822e-01
2.690387368202209473e-01
3.016610741615295410e-01
3.283907771110534668e-01
2.289713919162750244e-01
2.989701330661773682e-01
3.123835027217864990e-01
3.017866611480712891e-01
3.766574859619140625e-01
2.865270376205444336e-01
2.293501347303390503e-01
2.884615659713745117e-01
2.666857242584228516e-01
2.763163745403289795e-01
2.495858222246170044e-01
2.513242661952972412e-01
2.126421034336090088e-01
2.253557592630386353e-01
2.884956002235412598e-01
4.019518196582794189e-01
2.711229622364044189e-01
6.607515811920166016e-01
3.813949227333068848e-01
4.876979589462280273e-01
5.756871700286865234e-01
4.166116416454315186e-01
5.575636625289916992e-01
5.113277435302734375e-01
4.545724391937255859e-01
5.623034834861755371e-01
5.129602551460266113e-01
5.868656039237976074e-01
5.745211839675903320e-01
4.564888775348663330e-01
5.260432362556457520e-01
4.535896778106689453e-01
6.001778841018676758e-01
5.553476214408874512e-01
5.242858529090881348e-01
5.304316282272338867e-01
5.035793781280517578e-01
5.591095089912414551e-01
4.653808176517486572e-01
4.325533509254455566e-01
5.621309876441955566e-01
5.582999587059020996e-01
5.060688257217407227e-01
5.870416760444641113e-01
5.013883709907531738e-01
5.850769281387329102e-01
3.734546601772308350e-01
5.545601844787597656e-01
5.520806312561035156e-01
5.466748476028442383e-01
5.055698752403259277e-01
6.942072510719299316e-01
5.780997276306152344e-01
5.533008575439453125e-01
5.492677092552185059e-01
5.505478978157043457e-01
4.298132061958312988e-01
4.597585201263427734e-01
5.017281174659729004e-01
6.688938140869140625e-01
5.363555550575256348e-01
4.787612855434417725e-01
3.235642611980438232e-01
4.331937432289123535e-01
4.574430584907531738e-01
3.730620443820953369e-01
4.560597836971282959e-01
4.665970206260681152e-01
4.017830491065979004e-01
3.768860399723052979e-01
4.414492845535278320e-01
4.193948805332183838e-01
5.803952217102050781e-01
4.224798083305358887e-01
4.778164923191070557e-01
3.659849166870117188e-01
4.012235403060913086e-01
4.011110365390777588e-01
4.589033722877502441e-01
4.140729606151580811e-01
3.502762615680694580e-01
4.187501966953277588e-01
3.935291171073913574e-01
3.443051874637603760e-01
5.121381282806396484e-01
4.541268050670623779e-01
3.476446568965911865e-01
4.935544431209564209e-01
3.752422928810119629e-01
4.777242243289947510e-01
3.290550112724304199e-01
3.500204384326934814e-01
3.682670891284942627e-01
4.068974256515502930e-01
4.378742873668670654e-01
3.922477662563323975e-01
4.391718804836273193e-01
4.254191815853118896e-01
3.903056383132934570e-01
3.994592130184173584e-01
3.472172319889068604e-01
3.253371119499206543e-01
4.585116803646087646e-01
5.627951025962829590e-01
3.296734094619750977e-01
3.828757405281066895e-01
2.369076907634735107e-01
2.610501050949096680e-01
3.169357478618621826e-01
2.748188674449920654e-01
4.295101165771484375e-01
3.493090867996215820e-01
3.657577335834503174e-01
3.029277324676513672e-01
3.186310529708862305e-01
3.688817620277404785e-01
4.174919426441192627e-01
3.353757858276367188e-01
3.793835639953613281e-01
2.769857645034790039e-01
4.750885069370269775e-01
4.859215319156646729e-01
3.251068890094757080e-01
3.823858201503753662e-01
3.357194066047668457e-01
3.126461803913116455e-01
2.694337368011474609e-01
2.494633048772811890e-01
3.755515515804290771e-01
3.933518230915069580e-01
3.287606835365295410e-01
4.287751019001007080e-01
2.857440710067749023e-01
3.971647620201110840e-01
3.117511570453643799e-01
3.605312407016754150e-01
4.179526567459106445e-01
3.522627055644989014e-01
2.979990243911743164e-01
3.165170252323150635e-01
3.696045577526092529e-01
2.978935837745666504e-01
3.478769659996032715e-01
3.346798419952392578e-01
2.773653566837310791e-01
3.019753396511077881e-01
2.867919802665710449e-01
4.352111220359802246e-01
3.050529956817626953e-01
5.411882400512695312e-01
3.155430555343627930e-01
4.502551257610321045e-01
4.452883303165435791e-01
4.185098409652709961e-01
4.736079871654510498e-01
4.016955196857452393e-01
3.674891889095306396e-01
4.586774408817291260e-01
4.430335164070129395e-01
5.160213112831115723e-01
5.238893032073974609e-01
3.926189839839935303e-01
4.338432252407073975e-01
3.468126058578491211e-01
5.703960061073303223e-01
4.479532241821289062e-01
4.464321434497833252e-01
4.418005645275115967e-01
4.303555786609649658e-01
5.284780263900756836e-01
3.879586458206176758e-01
3.596568703651428223e-01
5.489245653152465820e-01
4.345496296882629395e-01
4.770061075687408447e-01
4.862956702709197998e-01
4.143902957439422607e-01
5.277702808380126953e-01
3.262890577316284180e-01
3.944187760353088379e-01
5.660198330879211426e-01
4.709469974040985107e-01
4.684665203094482422e-01
4.932360649108886719e-01
4.314058125019073486e-01
4.941652417182922363e-01
4.760826826095581055e-01
5.384505987167358398e-01
3.415779769420623779e-01
3.640919327735900879e-01
5.405830144882202148e-01
6.391745805740356445e-01
4.225883483886718750e-01
7.043462395668029785e-01
3.006333410739898682e-01
4.062450826168060303e-01
4.826099276542663574e-01
3.656116425991058350e-01
5.225624442100524902e-01
4.441658556461334229e-01
4.066908955574035645e-01
5.276831388473510742e-01
4.856836497783660889e-01
5.467745065689086914e-01
5.298575758934020996e-01
3.779338896274566650e-01
4.419804811477661133e-01
3.914704620838165283e-01
5.415547490119934082e-01
4.425947964191436768e-01
4.714602231979370117e-01
4.646975100040435791e-01
4.693647921085357666e-01
5.240865349769592285e-01
4.144048988819122314e-01
3.638133406639099121e-01
5.167406797409057617e-01
5.243477821350097656e-01
3.743717074394226074e-01
6.170265674591064453e-01
4.294395446777343750e-01
6.696341037750244141e-01
3.298743069171905518e-01
3.879736363887786865e-01
5.015403628349304199e-01
4.703476428985595703e-01
5.206521153450012207e-01
5.907104611396789551e-01
5.576196908950805664e-01
5.608225464820861816e-01
5.777893662452697754e-01
5.264401435852050781e-01
3.698898851871490479e-01
4.646446406841278076e-01
4.331455528736114502e-01
6.865966320037841797e-01
4.297178983688354492e-01
5.549256801605224609e-01
2.589237093925476074e-01
3.994387984275817871e-01
3.900144696235656738e-01
2.916001081466674805e-01
4.991489350795745850e-01
3.718344569206237793e-01
3.504358530044555664e-01
3.913399279117584229e-01
4.009628593921661377e-01
4.752326011657714844e-01
5.164318084716796875e-01
3.569439649581909180e-01
4.398943185806274414e-01
3.319346904754638672e-01
7.669429779052734375e-01
4.299057126045227051e-01
4.392293393611907959e-01
3.893735110759735107e-01
3.718246519565582275e-01
4.189465641975402832e-01
3.289617896080017090e-01
3.303073942661285400e-01
5.499878525733947754e-01
4.759007990360260010e-01
3.988929986953735352e-01
5.024436116218566895e-01
3.326463699340820312e-01
4.917832016944885254e-01
3.220087289810180664e-01
3.689964115619659424e-01
5.462841987609863281e-01
4.082210063934326172e-01
4.231291711330413818e-01
4.540126621723175049e-01
4.063539206981658936e-01
4.126349687576293945e-01
4.262455701828002930e-01
4.543154835700988770e-01
3.249991536140441895e-01
3.752460181713104248e-01
4.213421046733856201e-01
5.689032077789306641e-01
3.934181034564971924e-01
3.762713074684143066e-01
2.410552501678466797e-01
4.054931402206420898e-01
3.349604010581970215e-01
2.821508049964904785e-01
3.420801758766174316e-01
2.925925850868225098e-01
2.753894031047821045e-01
3.279418349266052246e-01
3.241060674190521240e-01
3.722808659076690674e-01
4.698874354362487793e-01
3.481436967849731445e-01
3.109932839870452881e-01
2.537698745727539062e-01
4.099675416946411133e-01
3.256470859050750732e-01
3.469315171241760254e-01
3.364388644695281982e-01
2.778763175010681152e-01
3.340178728103637695e-01
2.423201501369476318e-01
2.664802670478820801e-01
3.750564157962799072e-01
2.801657319068908691e-01
4.370130300521850586e-01
3.704421222209930420e-01
3.101338744163513184e-01
3.748211860656738281e-01
2.381099015474319458e-01
3.307745158672332764e-01
3.683371245861053467e-01
3.667485415935516357e-01
3.034001290798187256e-01
3.600299060344696045e-01
3.262644112110137939e-01
3.360331952571868896e-01
3.069720864295959473e-01
3.335571289062500000e-01
2.302780449390411377e-01
3.149539232254028320e-01
3.396352231502532959e-01
5.102200508117675781e-01
2.991227209568023682e-01
6.019983291625976562e-01
3.348239958286285400e-01
4.567487835884094238e-01
4.976911544799804688e-01
4.328792989253997803e-01
6.335195302963256836e-01
5.047072172164916992e-01
5.014559626579284668e-01
4.523747265338897705e-01
5.885220170021057129e-01
4.923211634159088135e-01
5.618179440498352051e-01
4.460243284702301025e-01
5.077738165855407715e-01
4.989664256572723389e-01
4.718182086944580078e-01
4.876514077186584473e-01
5.828399658203125000e-01
5.056409835815429688e-01
4.528402388095855713e-01
5.133712887763977051e-01
5.327620506286621094e-01
4.310437142848968506e-01
5.376483798027038574e-01
5.901015996932983398e-01
3.690125048160552979e-01
6.414082050323486328e-01
4.537253081798553467e-01
6.511902213096618652e-01
4.010243713855743408e-01
4.068184494972229004e-01
4.832504987716674805e-01
4.782904684543609619e-01
5.455909967422485352e-01
4.952208995819091797e-01
4.947339296340942383e-01
5.351289510726928711e-01
5.061848163604736328e-01
5.088184475898742676e-01
4.427265226840972900e-01
3.951802849769592285e-01
4.879053235054016113e-01
6.331911683082580566e-01
3.662661910057067871e-01
6.105370521545410156e-01
2.832421362400054932e-01
3.603935241699218750e-01
4.513866603374481201e-01
3.368328809738159180e-01
5.621672868728637695e-01
4.282319843769073486e-01
4.684099853038787842e-01
4.379729032516479492e-01
5.165495276451110840e-01
4.610755443572998047e-01
5.217908620834350586e-01
4.076000154018402100e-01
4.689587652683258057e-01
4.335917532444000244e-01
4.755317568778991699e-01
4.207090139389038086e-01
5.044076442718505859e-01
4.707069993019104004e-01
4.351011514663696289e-01
4.546017050743103027e-01
4.805637896060943604e-01
4.050422012805938721e-01
5.052604675292968750e-01
5.712196230888366699e-01
3.484896719455718994e-01
6.225326061248779297e-01
4.046604633331298828e-01
5.900044441223144531e-01
3.538755476474761963e-01
3.801141679286956787e-01
4.333918988704681396e-01
4.267783463001251221e-01
5.327164530754089355e-01
5.622082352638244629e-01
5.350394845008850098e-01
5.439459681510925293e-01
5.512358546257019043e-01
4.605735540390014648e-01
3.926919400691986084e-01
4.223975837230682373e-01
4.083070755004882812e-01
5.775265097618103027e-01
3.375738859176635742e-01
3.936635255813598633e-01
1.948303133249282837e-01
2.436692416667938232e-01
2.626727819442749023e-01
2.819096446037292480e-01
2.610307335853576660e-01
2.632035315036773682e-01
2.340960800647735596e-01
2.422625571489334106e-01
2.189063578844070435e-01
3.224472701549530029e-01
2.816942632198333740e-01
2.502968311309814453e-01
2.724733948707580566e-01
2.170603722333908081e-01
3.256986141204833984e-01
3.108156025409698486e-01
2.130104154348373413e-01
2.503985464572906494e-01
2.935725152492523193e-01
4.581221342086791992e-01
2.443102300167083740e-01
1.449290961027145386e-01
2.988199889659881592e-01
2.369090914726257324e-01
2.455614358186721802e-01
3.479327857494354248e-01
2.644181847572326660e-01
3.105684518814086914e-01
2.648188173770904541e-01
2.596018314361572266e-01
3.564601540565490723e-01
2.761222124099731445e-01
2.189030498266220093e-01
3.366113007068634033e-01
2.915752828121185303e-01
2.507900297641754150e-01
2.808125019073486328e-01
3.051502108573913574e-01
2.128400057554244995e-01
3.251971900463104248e-01
2.623492181301116943e-01
3.871607482433319092e-01
3.661351203918457031e-01
6.772450804710388184e-01
3.175590336322784424e-01
3.914861977100372314e-01
4.907414615154266357e-01
3.778852224349975586e-01
5.348160862922668457e-01
4.766008555889129639e-01
4.406675696372985840e-01
5.306900739669799805e-01
4.535956382751464844e-01
5.306380391120910645e-01
5.057205557823181152e-01
4.003488719463348389e-01
4.587056934833526611e-01
4.052427411079406738e-01
5.047408342361450195e-01
4.464378654956817627e-01
4.862062335014343262e-01
4.694349467754364014e-01
4.743505418300628662e-01
4.909861087799072266e-01
4.374401867389678955e-01
3.933429718017578125e-01
5.015723705291748047e-01
5.274794697761535645e-01
3.881243169307708740e-01
6.024020314216613770e-01
4.579712748527526855e-01
6.832194924354553223e-01
3.273658752441406250e-01
3.982617557048797607e-01
4.915503561496734619e-01
4.478496611118316650e-01
4.772907495498657227e-01
5.552345514297485352e-01
5.392801761627197266e-01
5.193278193473815918e-01
5.794044733047485352e-01
5.188813209533691406e-01
3.653083741664886475e-01
4.634395241737365723e-01
4.110344946384429932e-01
6.553635597229003906e-01
4.379939436912536621e-01
