8.107763528823852539e-01
5.977784395217895508e-01
7.569282650947570801e-01
6.640995144844055176e-01
6.767771244049072266e-01
7.451084256172180176e-01
7.644549608230590820e-01
7.891049981117248535e-01
7.009483575820922852e-01
6.283291578292846680e-01
7.085697650909423828e-01
7.101778388023376465e-01
8.051694035530090332e-01
7.806638479232788086e-01
6.224948763847351074e-01
5.692468881607055664e-01
6.007379293441772461e-01
6.663216352462768555e-01
7.024058699607849121e-01
6.988424062728881836e-01
7.305473089218139648e-01
6.638362407684326172e-01
7.185153961181640625e-01
7.910584807395935059e-01
7.207998037338256836e-01
7.132437825202941895e-01
8.091993927955627441e-01
7.339099645614624023e-01
6.517050862312316895e-01
7.030052542686462402e-01
7.019222974777221680e-01
7.303866744041442871e-01
5.050174593925476074e-01
6.903786063194274902e-01
4.522808194160461426e-01
7.431132197380065918e-01
4.966032803058624268e-01
7.062187194824218750e-01
7.709585428237915039e-01
6.867185235023498535e-01
7.565738558769226074e-01
6.407815217971801758e-01
6.520006060600280762e-01
6.740369200706481934e-01
6.477706432342529297e-01
6.277928352355957031e-01
6.782281994819641113e-01
6.412379741668701172e-01
7.009838223457336426e-01
6.209113001823425293e-01
6.613852977752685547e-01
6.367046236991882324e-01
5.826318264007568359e-01
7.079332470893859863e-01
7.357423305511474609e-01
5.844858884811401367e-01
5.725289583206176758e-01
5.469898581504821777e-01
6.723343133926391602e-01
6.541628837585449219e-01
6.720657944679260254e-01
7.039383649826049805e-01
6.482788324356079102e-01
6.447705626487731934e-01
7.385339140892028809e-01
6.655313968658447266e-01
6.874107718467712402e-01
7.078239917755126953e-01
6.977795362472534180e-01
6.572135686874389648e-01
6.162374615669250488e-01
6.567729115486145020e-01
6.532500386238098145e-01
4.827271103858947754e-01
6.618991494178771973e-01
5.158900618553161621e-01
6.510543227195739746e-01
4.628171622753143311e-01
6.655964851379394531e-01
6.525005102157592773e-01
7.248539328575134277e-01
6.490584015846252441e-01
6.272982954978942871e-01
5.632939934730529785e-01
6.800086498260498047e-01
6.550152897834777832e-01
6.248323917388916016e-01
6.976106166839599609e-01
6.674315929412841797e-01
7.203779220581054688e-01
6.310616135597229004e-01
6.187552213668823242e-01
6.762272715568542480e-01
6.048066020011901855e-01
6.984189152717590332e-01
6.848041415214538574e-01
5.867443680763244629e-01
5.650729537010192871e-01
5.744484663009643555e-01
6.815097332000732422e-01
6.680402159690856934e-01
6.616896986961364746e-01
6.850811243057250977e-01
6.562979221343994141e-01
6.624308228492736816e-01
7.373240590095520020e-01
6.659562587738037109e-01
6.758019924163818359e-01
6.905028820037841797e-01
7.069966197013854980e-01
7.461892366409301758e-01
6.356686353683471680e-01
6.597385406494140625e-01
6.687458157539367676e-01
4.817001521587371826e-01
8.102613091468811035e-01
4.999907314777374268e-01
6.951377987861633301e-01
4.922144114971160889e-01
7.149834632873535156e-01
6.505231857299804688e-01
6.717674136161804199e-01
6.881775856018066406e-01
7.250079512596130371e-01
5.510399937629699707e-01
8.010392785072326660e-01
7.228112220764160156e-01
6.434822082519531250e-01
8.399667143821716309e-01
7.048355937004089355e-01
8.090614676475524902e-01
6.645770072937011719e-01
6.331564784049987793e-01
6.657558083534240723e-01
6.950941681861877441e-01
7.409306764602661133e-01
7.566650509834289551e-01
6.619151234626770020e-01
5.649227499961853027e-01
6.023441553115844727e-01
6.849268078804016113e-01
7.276952266693115234e-01
7.209958434104919434e-01
7.383036017417907715e-01
6.919844746589660645e-01
8.133603930473327637e-01
8.194908499717712402e-01
6.920192241668701172e-01
7.087948918342590332e-01
7.584388852119445801e-01
7.440202236175537109e-01
6.419203877449035645e-01
7.791798710823059082e-01
7.030876874923706055e-01
8.078264594078063965e-01
5.016341209411621094e-01
6.991830468177795410e-01
4.701700508594512939e-01
7.545990347862243652e-01
5.308524966239929199e-01
6.980732679367065430e-01
6.928668022155761719e-01
6.746162772178649902e-01
7.824029326438903809e-01
6.910162568092346191e-01
6.140301227569580078e-01
7.343871593475341797e-01
7.352887988090515137e-01
6.457506418228149414e-01
7.471775412559509277e-01
6.802653670310974121e-01
8.167474865913391113e-01
6.536029577255249023e-01
7.047391533851623535e-01
6.497582793235778809e-01
6.268474459648132324e-01
7.423021793365478516e-01
7.041258811950683594e-01
6.421463489532470703e-01
6.075190901756286621e-01
6.648415327072143555e-01
6.927136182785034180e-01
7.187488079071044922e-01
7.530319690704345703e-01
7.329962253570556641e-01
7.500181794166564941e-01
7.180018424987792969e-01
7.804366350173950195e-01
7.264364957809448242e-01
7.342757582664489746e-01
7.175835371017456055e-01
7.776483297348022461e-01
6.594234108924865723e-01
6.964427828788757324e-01
7.084854245185852051e-01
7.377640008926391602e-01
5.157870054244995117e-01
7.294179201126098633e-01
4.957701563835144043e-01
7.580106854438781738e-01
5.747014284133911133e-01
7.185752391815185547e-01
6.780146360397338867e-01
7.105100750923156738e-01
7.620100975036621094e-01
6.970230340957641602e-01
6.074454188346862793e-01
7.254192829132080078e-01
6.731598973274230957e-01
6.811658143997192383e-01
7.143716812133789062e-01
6.875307559967041016e-01
7.643153667449951172e-01
6.735466718673706055e-01
7.157605886459350586e-01
6.702378988265991211e-01
6.245067715644836426e-01
7.467711567878723145e-01
7.791056632995605469e-01
6.400123238563537598e-01
5.990146398544311523e-01
5.776917338371276855e-01
7.010485529899597168e-01
7.046383023262023926e-01
6.839137077331542969e-01
7.398348450660705566e-01
6.633152961730957031e-01
6.807668209075927734e-01
7.767681479454040527e-01
6.906566023826599121e-01
7.680367827415466309e-01
7.819337248802185059e-01
7.633922696113586426e-01
7.198567390441894531e-01
6.544520258903503418e-01
6.996358036994934082e-01
6.976224780082702637e-01
5.254114866256713867e-01
7.225948572158813477e-01
5.437071323394775391e-01
7.338015437126159668e-01
5.202667117118835449e-01
7.248255610466003418e-01
7.311912775039672852e-01
7.240645289421081543e-01
7.167204022407531738e-01
6.113411188125610352e-01
5.665259361267089844e-01
6.466694474220275879e-01
6.169472336769104004e-01
6.270633339881896973e-01
6.261764764785766602e-01
7.303170561790466309e-01
6.839941143989562988e-01
6.180792450904846191e-01
6.244824528694152832e-01
6.399172544479370117e-01
6.165259480476379395e-01
6.800223588943481445e-01
6.981250643730163574e-01
5.732576847076416016e-01
5.219527482986450195e-01
5.728983879089355469e-01
6.295147538185119629e-01
6.451327800750732422e-01
6.394276618957519531e-01
6.855037212371826172e-01
6.430611610412597656e-01
6.227286458015441895e-01
7.155866622924804688e-01
6.473038196563720703e-01
6.721516847610473633e-01
7.136020064353942871e-01
6.823284626007080078e-01
7.711085677146911621e-01
5.956678986549377441e-01
6.335343718528747559e-01
5.969859957695007324e-01
5.255837440490722656e-01
6.509840488433837891e-01
4.810035228729248047e-01
6.544174551963806152e-01
4.729622304439544678e-01
6.640328168869018555e-01
6.518063545227050781e-01
6.377459168434143066e-01
6.470701098442077637e-01
7.495064139366149902e-01
5.968778133392333984e-01
8.084799051284790039e-01
7.248542308807373047e-01
6.813893914222717285e-01
7.642608880996704102e-01
7.499620318412780762e-01
8.149997591972351074e-01
6.974150538444519043e-01
6.565886139869689941e-01
7.051547765731811523e-01
6.739097237586975098e-01
7.944750785827636719e-01
7.879911065101623535e-01
6.407348513603210449e-01
6.132190823554992676e-01
6.072421073913574219e-01
6.828076839447021484e-01
7.501135468482971191e-01
7.424439787864685059e-01
7.791170477867126465e-01
7.067859172821044922e-01
7.764670848846435547e-01
8.434191942214965820e-01
7.228926420211791992e-01
7.514711618423461914e-01
8.376896977424621582e-01
7.710520625114440918e-01
6.649048924446105957e-01
7.366697192192077637e-01
7.265343070030212402e-01
7.375598549842834473e-01
4.826483130455017090e-01
7.087615132331848145e-01
4.990552067756652832e-01
7.630687952041625977e-01
5.173400044441223145e-01
7.511905431747436523e-01
7.491605877876281738e-01
7.204796075820922852e-01
7.568286061286926270e-01
7.712111473083496094e-01
5.908347964286804199e-01
7.685697078704833984e-01
7.974447011947631836e-01
6.686465144157409668e-01
7.311124801635742188e-01
6.515979170799255371e-01
8.239649534225463867e-01
6.559762358665466309e-01
6.589710116386413574e-01
6.227233409881591797e-01
6.091101765632629395e-01
7.858880758285522461e-01
7.212530970573425293e-01
6.581798791885375977e-01
5.587137341499328613e-01
6.333432793617248535e-01
6.704348325729370117e-01
7.762171626091003418e-01
8.719957470893859863e-01
7.688385248184204102e-01
7.528676390647888184e-01
7.398205995559692383e-01
7.849402427673339844e-01
7.937287688255310059e-01
7.380065321922302246e-01
7.502173185348510742e-01
7.968055009841918945e-01
6.545286178588867188e-01
6.974151134490966797e-01
7.532083392143249512e-01
7.285702824592590332e-01
5.057935714721679688e-01
7.300144433975219727e-01
4.652811884880065918e-01
7.593674659729003906e-01
5.330147147178649902e-01
7.204390764236450195e-01
7.043479084968566895e-01
6.912455558776855469e-01
7.411316037178039551e-01
7.055079340934753418e-01
5.759668350219726562e-01
7.049019336700439453e-01
6.890692710876464844e-01
6.400194168090820312e-01
6.659412384033203125e-01
7.200939059257507324e-01
7.413082718849182129e-01
6.682904362678527832e-01
6.253033876419067383e-01
6.353484392166137695e-01
6.165027022361755371e-01
7.565255165100097656e-01
7.245326042175292969e-01
5.919640064239501953e-01
5.410619974136352539e-01
6.163418292999267578e-01
6.514394283294677734e-01
7.151048183441162109e-01
7.258604764938354492e-01
7.081055045127868652e-01
6.868863701820373535e-01
6.629552245140075684e-01
7.447252869606018066e-01
7.307927012443542480e-01
6.876382827758789062e-01
7.368893623352050781e-01
7.480752468109130859e-01
6.727989912033081055e-01
6.349549889564514160e-01
8.580673933029174805e-01
6.452720761299133301e-01
5.118773579597473145e-01
6.937760710716247559e-01
5.233420729637145996e-01
7.121067047119140625e-01
4.930592179298400879e-01
6.928689479827880859e-01
7.012242078781127930e-01
6.748294234275817871e-01
6.836231350898742676e-01
7.314744591712951660e-01
5.728937983512878418e-01
7.284214496612548828e-01
8.095733523368835449e-01
6.505408883094787598e-01
7.070528864860534668e-01
7.011308670043945312e-01
8.112143278121948242e-01
6.286448240280151367e-01
6.643342971801757812e-01
6.329595446586608887e-01
6.213586926460266113e-01
7.644701004028320312e-01
7.228372693061828613e-01
6.433467268943786621e-01
5.799394249916076660e-01
7.078759074211120605e-01
6.466838717460632324e-01
7.398089170455932617e-01
8.114144206047058105e-01
7.478625178337097168e-01
8.120318651199340820e-01
7.129337787628173828e-01
7.746356129646301270e-01
7.348411083221435547e-01
7.030702829360961914e-01
7.506107091903686523e-01
7.782179713249206543e-01
6.589669585227966309e-01
6.866667866706848145e-01
7.250152826309204102e-01
6.965360641479492188e-01
4.775565266609191895e-01
6.991467475891113281e-01
4.936408996582031250e-01
7.534983754158020020e-01
5.091395974159240723e-01
7.150874733924865723e-01
7.118558287620544434e-01
6.928351521492004395e-01
7.341509461402893066e-01
6.880624294281005859e-01
5.853759646415710449e-01
7.296694517135620117e-01
6.631686091423034668e-01
6.512970328330993652e-01
7.023109793663024902e-01
7.883965969085693359e-01
7.692751884460449219e-01
6.408223509788513184e-01
6.098775863647460938e-01
6.945734620094299316e-01
6.701050400733947754e-01
7.515142560005187988e-01
8.017134070396423340e-01
6.130093336105346680e-01
5.496798157691955566e-01
5.979707241058349609e-01
6.557474732398986816e-01
6.980990767478942871e-01
6.931799054145812988e-01
7.373265027999877930e-01
6.638503074645996094e-01
6.960796713829040527e-01
7.877120971679687500e-01
6.893560886383056641e-01
6.969521045684814453e-01
8.002226948738098145e-01
7.364484667778015137e-01
6.997210979461669922e-01
6.578924059867858887e-01
6.746854186058044434e-01
6.703558564186096191e-01
4.728417694568634033e-01
6.717097163200378418e-01
4.896271228790283203e-01
7.191494107246398926e-01
4.811986684799194336e-01
7.111380100250244141e-01
7.395699620246887207e-01
7.023993134498596191e-01
7.080013155937194824e-01
6.900008916854858398e-01
5.392021536827087402e-01
6.944882273674011230e-01
6.592338681221008301e-01
6.201359033584594727e-01
6.923182606697082520e-01
6.995257139205932617e-01
7.327618598937988281e-01
6.506771445274353027e-01
6.120656132698059082e-01
6.434317231178283691e-01
6.198061704635620117e-01
7.128919363021850586e-01
6.895577907562255859e-01
6.037606596946716309e-01
5.446781516075134277e-01
5.775434374809265137e-01
6.622728705406188965e-01
6.705725193023681641e-01
6.684275865554809570e-01
6.854681968688964844e-01
6.533932089805603027e-01
6.945426464080810547e-01
7.544370889663696289e-01
6.855976581573486328e-01
7.173366546630859375e-01
7.369863986968994141e-01
7.008686065673828125e-01
6.714624166488647461e-01
6.594378948211669922e-01
6.589636802673339844e-01
6.586164236068725586e-01
5.672721266746520996e-01
6.725498437881469727e-01
4.607213139533996582e-01
7.072849869728088379e-01
5.322948694229125977e-01
6.824953556060791016e-01
6.555159091949462891e-01
6.891031265258789062e-01
6.761291623115539551e-01
8.407508134841918945e-01
5.979662537574768066e-01
7.729098796844482422e-01
6.955805420875549316e-01
6.859369277954101562e-01
7.479191422462463379e-01
7.145990133285522461e-01
8.046501278877258301e-01
6.847718954086303711e-01
6.419847011566162109e-01
6.657462120056152344e-01
6.721512079238891602e-01
8.289633393287658691e-01
7.939268350601196289e-01
6.652058959007263184e-01
5.800723433494567871e-01
6.042971014976501465e-01
6.752191781997680664e-01
7.295097112655639648e-01
7.219533324241638184e-01
7.447851300239562988e-01
6.790039539337158203e-01
7.362110614776611328e-01
8.121789693832397461e-01
7.366216778755187988e-01
7.081618309020996094e-01
8.116821050643920898e-01
7.490367293357849121e-01
6.376599669456481934e-01
7.265745997428894043e-01
7.348247170448303223e-01
7.318810224533081055e-01
4.900417923927307129e-01
7.125715613365173340e-01
4.717530906200408936e-01
7.638440132141113281e-01
5.117655396461486816e-01
7.138133049011230469e-01
8.072304129600524902e-01
6.953724026679992676e-01
7.678036689758300781e-01
7.183140516281127930e-01
5.734366178512573242e-01
7.239050865173339844e-01
7.216681838035583496e-01
6.463983058929443359e-01
6.958920955657958984e-01
6.291612386703491211e-01
7.761858701705932617e-01
6.728692650794982910e-01
6.876665949821472168e-01
5.961605310440063477e-01
6.124860644340515137e-01
7.393137216567993164e-01
6.843632459640502930e-01
6.728608608245849609e-01
5.403574705123901367e-01
5.942624211311340332e-01
6.585140824317932129e-01
7.185803055763244629e-01
7.275696992874145508e-01
7.838460803031921387e-01
7.026794552803039551e-01
7.202322483062744141e-01
7.610105872154235840e-01
7.183137536048889160e-01
7.101346254348754883e-01
7.006531953811645508e-01
7.539464831352233887e-01
6.417354941368103027e-01
6.893934011459350586e-01
7.201140522956848145e-01
6.683898568153381348e-01
5.107393264770507812e-01
6.962845325469970703e-01
4.681421220302581787e-01
7.383739352226257324e-01
5.458059906959533691e-01
6.998265385627746582e-01
6.867139935493469238e-01
6.938860416412353516e-01
7.277022600173950195e-01
7.256337404251098633e-01
6.160748600959777832e-01
7.535695433616638184e-01
6.984668374061584473e-01
6.694235205650329590e-01
7.432424426078796387e-01
7.589395046234130859e-01
7.927194833755493164e-01
6.642844080924987793e-01
6.436325907707214355e-01
6.900883913040161133e-01
6.948569416999816895e-01
7.751719951629638672e-01
8.757938146591186523e-01
6.388332843780517578e-01
5.688013434410095215e-01
6.022598147392272949e-01
6.572318673133850098e-01
7.308988571166992188e-01
7.239668965339660645e-01
7.679404020309448242e-01
6.863933801651000977e-01
7.217521071434020996e-01
8.162685632705688477e-01
7.058656215667724609e-01
7.301046252250671387e-01
8.167601823806762695e-01
7.554374337196350098e-01
7.005529999732971191e-01
7.048251032829284668e-01
7.159867882728576660e-01
7.103514075279235840e-01
5.091217160224914551e-01
6.882231831550598145e-01
5.315548181533813477e-01
7.399829030036926270e-01
5.190249085426330566e-01
7.207087874412536621e-01
7.630364894866943359e-01
7.086806893348693848e-01
7.428073883056640625e-01
7.320753335952758789e-01
6.539405584335327148e-01
8.101277351379394531e-01
7.631925344467163086e-01
7.309134602546691895e-01
8.069428205490112305e-01
7.895287871360778809e-01
8.497138023376464844e-01
7.333720326423645020e-01
7.124343514442443848e-01
7.035320401191711426e-01
7.237822413444519043e-01
8.013963699340820312e-01
7.815994024276733398e-01
6.887696981430053711e-01
6.338596940040588379e-01
6.500318646430969238e-01
7.372445464134216309e-01
7.883601784706115723e-01
7.828053236007690430e-01
8.151737451553344727e-01
7.385521531105041504e-01
7.988882064819335938e-01
8.416835069656372070e-01
7.482040524482727051e-01
8.037223815917968750e-01
8.071830272674560547e-01
8.354699611663818359e-01
7.141920328140258789e-01
7.886199951171875000e-01
7.432035207748413086e-01
7.956372499465942383e-01
5.699905753135681152e-01
7.625365257263183594e-01
5.061817169189453125e-01
8.390543460845947266e-01
5.961399674415588379e-01
7.765612006187438965e-01
7.703884243965148926e-01
7.314462661743164062e-01
8.146766424179077148e-01
6.188752055168151855e-01
6.435403227806091309e-01
6.446127295494079590e-01
6.171526908874511719e-01
6.088405847549438477e-01
6.374176144599914551e-01
6.546028852462768555e-01
7.105017900466918945e-01
6.065774559974670410e-01
5.905330777168273926e-01
6.105133891105651855e-01
5.805186629295349121e-01
6.739189028739929199e-01
6.923477053642272949e-01
5.570048689842224121e-01
4.999242424964904785e-01
5.680001378059387207e-01
6.216474771499633789e-01
6.122667193412780762e-01
6.445714831352233887e-01
6.445370316505432129e-01
6.143333911895751953e-01
6.147589087486267090e-01
7.131269574165344238e-01
6.501846313476562500e-01
6.401738524436950684e-01
6.992343068122863770e-01
6.608911156654357910e-01
6.231483221054077148e-01
5.945724248886108398e-01
6.355206966400146484e-01
6.152704358100891113e-01
4.424379467964172363e-01
6.319500803947448730e-01
4.816282093524932861e-01
6.568160057067871094e-01
4.003423452377319336e-01
6.173896193504333496e-01
6.436191201210021973e-01
6.395372152328491211e-01
6.511609554290771484e-01
6.754789352416992188e-01
5.699605345726013184e-01
7.473774552345275879e-01
7.040808796882629395e-01
5.957893729209899902e-01
7.515485882759094238e-01
5.794454216957092285e-01
7.102936506271362305e-01
5.875700116157531738e-01
6.202729344367980957e-01
6.016156673431396484e-01
5.871478915214538574e-01
6.986520886421203613e-01
6.702752709388732910e-01
6.414087414741516113e-01
5.902760624885559082e-01
5.409488081932067871e-01
6.428792476654052734e-01
6.525109410285949707e-01
6.854543685913085938e-01
6.994687914848327637e-01
6.941593885421752930e-01
7.446516752243041992e-01
7.502070069313049316e-01
6.410654187202453613e-01
6.676063537597656250e-01
6.645086407661437988e-01
6.773439049720764160e-01
5.727027654647827148e-01
7.209732532501220703e-01
6.538624763488769531e-01
7.391086816787719727e-01
4.591212272644042969e-01
6.444615721702575684e-01
4.168007969856262207e-01
6.365123987197875977e-01
4.751497209072113037e-01
6.243196129798889160e-01
5.987995266914367676e-01
6.696456670761108398e-01
6.950829029083251953e-01
6.647189259529113770e-01
6.251664161682128906e-01
6.629071235656738281e-01
6.400853395462036133e-01
6.417793035507202148e-01
6.700994968414306641e-01
6.276193857192993164e-01
7.035472989082336426e-01
6.642493605613708496e-01
6.371535062789916992e-01
6.673145294189453125e-01
5.873217582702636719e-01
7.356786727905273438e-01
6.982321739196777344e-01
6.408137679100036621e-01
5.694143176078796387e-01
5.491741299629211426e-01
6.758051514625549316e-01
6.588586568832397461e-01
6.801496744155883789e-01
7.017160654067993164e-01
6.668484807014465332e-01
6.430686116218566895e-01
7.415087223052978516e-01
6.683195829391479492e-01
7.156637310981750488e-01
7.084425687789916992e-01
6.997490525245666504e-01
6.500056982040405273e-01
6.028201580047607422e-01
6.690812706947326660e-01
6.580343246459960938e-01
5.059763193130493164e-01
6.844509840011596680e-01
4.905491173267364502e-01
6.663776040077209473e-01
4.845570027828216553e-01
6.632927656173706055e-01
6.382396221160888672e-01
7.035814523696899414e-01
6.569653153419494629e-01
7.253853082656860352e-01
6.316950321197509766e-01
7.730395793914794922e-01
7.962009906768798828e-01
6.660630702972412109e-01
7.407915592193603516e-01
6.756481528282165527e-01
8.423013687133789062e-01
6.603705883026123047e-01
7.052031159400939941e-01
6.518601179122924805e-01
6.243699789047241211e-01
7.916330099105834961e-01
7.172531485557556152e-01
6.636095643043518066e-01
6.047553420066833496e-01
6.588963270187377930e-01
6.861225366592407227e-01
7.477182745933532715e-01
8.107454776763916016e-01
7.550531625747680664e-01
8.031997084617614746e-01
7.603414058685302734e-01
8.101751208305358887e-01
7.708966135978698730e-01
7.359790802001953125e-01
7.489719390869140625e-01
7.802064418792724609e-01
6.602545380592346191e-01
7.145609259605407715e-01
7.268362045288085938e-01
7.374495267868041992e-01
5.112640857696533203e-01
7.326107025146484375e-01
4.871922433376312256e-01
7.613143324851989746e-01
5.487251877784729004e-01
7.199541330337524414e-01
6.969816088676452637e-01
7.040188312530517578e-01
7.772113084793090820e-01
6.867695450782775879e-01
5.496422648429870605e-01
7.495975494384765625e-01
6.873387694358825684e-01
6.758117079734802246e-01
7.611417770385742188e-01
7.698690891265869141e-01
7.730686068534851074e-01
7.160558700561523438e-01
6.539465188980102539e-01
6.902413368225097656e-01
7.103260755538940430e-01
7.216908335685729980e-01
7.133860588073730469e-01
6.108083128929138184e-01
5.599451661109924316e-01
5.991155505180358887e-01
6.859712004661560059e-01
7.109104394912719727e-01
6.898469924926757812e-01
7.277873158454895020e-01
6.810300350189208984e-01
7.513415813446044922e-01
7.698952555656433105e-01
6.984412074089050293e-01
7.341182231903076172e-01
7.699959278106689453e-01
7.540861368179321289e-01
6.930946707725524902e-01
7.127566337585449219e-01
6.724259853363037109e-01
7.462976574897766113e-01
5.800536274909973145e-01
7.091867327690124512e-01
4.653090536594390869e-01
7.889468073844909668e-01
5.298150777816772461e-01
7.439229488372802734e-01
7.237321734428405762e-01
6.565499901771545410e-01
7.588734030723571777e-01
7.505917549133300781e-01
6.107869148254394531e-01
7.502294182777404785e-01
7.570962309837341309e-01
6.522809267044067383e-01
7.387555837631225586e-01
6.730852723121643066e-01
7.962961792945861816e-01
6.705980896949768066e-01
6.573652625083923340e-01
6.356509923934936523e-01
6.112791895866394043e-01
7.800844907760620117e-01
7.040808200836181641e-01
6.489146351814270020e-01
5.551939010620117188e-01
5.990772843360900879e-01
6.898680925369262695e-01
7.752381563186645508e-01
8.033541440963745117e-01
7.518804669380187988e-01
7.169071435928344727e-01
7.217752933502197266e-01
7.731753587722778320e-01
8.227749466896057129e-01
7.461473345756530762e-01
7.233794927597045898e-01
7.985002994537353516e-01
6.512643098831176758e-01
6.814688444137573242e-01
7.785097956657409668e-01
7.309736609458923340e-01
5.364084839820861816e-01
7.300553917884826660e-01
4.795441627502441406e-01
7.460840940475463867e-01
5.585469007492065430e-01
7.120357751846313477e-01
6.837298870086669922e-01
6.894555091857910156e-01
7.367733716964721680e-01
6.397942304611206055e-01
5.351370573043823242e-01
7.208921909332275391e-01
6.792135238647460938e-01
6.180698871612548828e-01
6.949934959411621094e-01
7.585666775703430176e-01
7.574738264083862305e-01
6.419080495834350586e-01
5.707062482833862305e-01
6.333095431327819824e-01
7.022774815559387207e-01
7.030834555625915527e-01
6.896619796752929688e-01
6.155441999435424805e-01
5.129575729370117188e-01
6.239008903503417969e-01
6.316956281661987305e-01
7.107331752777099609e-01
6.810088157653808594e-01
6.989676952362060547e-01
6.681214570999145508e-01
7.111614942550659180e-01
7.466430664062500000e-01
6.803416609764099121e-01
6.942120194435119629e-01
7.208244800567626953e-01
7.364718317985534668e-01
6.565865874290466309e-01
6.589528918266296387e-01
6.775622367858886719e-01
6.704869270324707031e-01
5.025040507316589355e-01
6.528778672218322754e-01
4.218999445438385010e-01
7.294346690177917480e-01
5.486221909523010254e-01
7.063862681388854980e-01
7.041277885437011719e-01
6.549687981605529785e-01
6.912361979484558105e-01
7.430781722068786621e-01
5.866559743881225586e-01
7.913660407066345215e-01
7.030070424079895020e-01
6.915035843849182129e-01
7.863937020301818848e-01
7.515808939933776855e-01
8.360266685485839844e-01
7.110120654106140137e-01
6.647440791130065918e-01
7.203769087791442871e-01
7.220770716667175293e-01
7.758346796035766602e-01
8.391070365905761719e-01
6.604043245315551758e-01
5.953614115715026855e-01
6.033209562301635742e-01
6.994367837905883789e-01
7.412551045417785645e-01
7.285211086273193359e-01
7.785003185272216797e-01
6.837872862815856934e-01
7.753888368606567383e-01
8.280368447303771973e-01
7.287840843200683594e-01
7.276048660278320312e-01
8.065215349197387695e-01
7.767319083213806152e-01
6.755202412605285645e-01
7.847064733505249023e-01
7.108526229858398438e-01
7.642902731895446777e-01
4.899352788925170898e-01
7.303646206855773926e-01
4.979111254215240479e-01
8.060258030891418457e-01
5.415549278259277344e-01
7.724873423576354980e-01
7.909780740737915039e-01
7.120241522789001465e-01
8.221026062965393066e-01
7.536033391952514648e-01
6.213157773017883301e-01
7.990646362304687500e-01
8.062896728515625000e-01
6.934443116188049316e-01
7.530282735824584961e-01
7.315268516540527344e-01
8.435241580009460449e-01
6.768821477890014648e-01
6.881838440895080566e-01
6.845330595970153809e-01
6.662410497665405273e-01
8.021185398101806641e-01
7.758072614669799805e-01
6.719394922256469727e-01
5.829545259475708008e-01
6.437013745307922363e-01
7.035272121429443359e-01
7.975789308547973633e-01
8.423866629600524902e-01
8.194805979728698730e-01
7.691720724105834961e-01
7.826717495918273926e-01
8.170821666717529297e-01
7.717261314392089844e-01
7.569755315780639648e-01
8.018409609794616699e-01
8.291838169097900391e-01
7.195586562156677246e-01
7.283174991607666016e-01
7.544112801551818848e-01
7.411568760871887207e-01
4.904399514198303223e-01
7.436111569404602051e-01
4.888007938861846924e-01
7.940315604209899902e-01
5.341070890426635742e-01
7.647767663002014160e-01
7.592876553535461426e-01
7.403041124343872070e-01
7.774881720542907715e-01
6.182158589363098145e-01
5.951381325721740723e-01
6.522935628890991211e-01
5.838469862937927246e-01
6.108065843582153320e-01
6.830893158912658691e-01
6.491183638572692871e-01
6.835023164749145508e-01
6.503832936286926270e-01
6.326754093170166016e-01
7.137072086334228516e-01
5.858402848243713379e-01
6.690551638603210449e-01
6.770704388618469238e-01
5.657620429992675781e-01
5.955922603607177734e-01
5.305413603782653809e-01
6.769682168960571289e-01
6.280934214591979980e-01
6.234952211380004883e-01
6.532269716262817383e-01
6.121708750724792480e-01
6.223779916763305664e-01
7.244498729705810547e-01
6.299274563789367676e-01
6.901449561119079590e-01
6.916530728340148926e-01
6.548451185226440430e-01
6.301567554473876953e-01
6.000434756278991699e-01
6.211253404617309570e-01
6.438140869140625000e-01
4.595370292663574219e-01
6.585097312927246094e-01
4.470146894454956055e-01
6.410737037658691406e-01
4.593750536441802979e-01
6.789379715919494629e-01
6.243789196014404297e-01
6.806538701057434082e-01
6.517924070358276367e-01
7.396247982978820801e-01
5.878852009773254395e-01
8.010201454162597656e-01
7.103189826011657715e-01
6.830493807792663574e-01
7.669221162796020508e-01
7.592504024505615234e-01
8.379176855087280273e-01
6.816495656967163086e-01
6.624121665954589844e-01
7.154468297958374023e-01
6.913291215896606445e-01
7.783730626106262207e-01
8.012063503265380859e-01
6.431881785392761230e-01
5.853564143180847168e-01
6.080682873725891113e-01
6.986963152885437012e-01
7.463943362236022949e-01
7.279410362243652344e-01
7.779219746589660645e-01
7.012134194374084473e-01
7.605811953544616699e-01
8.277015686035156250e-01
7.304867506027221680e-01
7.434760928153991699e-01
8.092659711837768555e-01
7.963663935661315918e-01
6.802754402160644531e-01
7.348456382751464844e-01
7.138708233833312988e-01
7.459128499031066895e-01
4.956446588039398193e-01
7.260259389877319336e-01
5.194982290267944336e-01
7.903705835342407227e-01
5.228437781333923340e-01
7.666819691658020020e-01
7.700401544570922852e-01
7.104662060737609863e-01
7.743318080902099609e-01
7.430827021598815918e-01
6.120475530624389648e-01
7.686770558357238770e-01
7.105726003646850586e-01
6.981498003005981445e-01
7.682155966758728027e-01
7.700237631797790527e-01
8.098659515380859375e-01
6.969205141067504883e-01
6.865165829658508301e-01
7.371884584426879883e-01
6.724393963813781738e-01
7.815665006637573242e-01
7.866485118865966797e-01
6.394532918930053711e-01
6.219582557678222656e-01
6.147082448005676270e-01
7.183262109756469727e-01
7.372455000877380371e-01
7.312451601028442383e-01
7.846121191978454590e-01
6.995860338211059570e-01
7.358857393264770508e-01
8.231558203697204590e-01
7.380197644233703613e-01
7.796360850334167480e-01
7.950603961944580078e-01
7.925089001655578613e-01
6.998414397239685059e-01
7.161107659339904785e-01
7.266924381256103516e-01
7.564353346824645996e-01
5.200011134147644043e-01
7.448952794075012207e-01
5.237811207771301270e-01
7.879818081855773926e-01
5.287382602691650391e-01
7.853130698204040527e-01
7.610577940940856934e-01
7.220316529273986816e-01
7.563142776489257812e-01
7.745065689086914062e-01
6.100615262985229492e-01
7.373327612876892090e-01
6.473591923713684082e-01
6.576397418975830078e-01
7.039462327957153320e-01
7.450926899909973145e-01
7.651503682136535645e-01
6.670956611633300781e-01
6.139180660247802734e-01
6.773504018783569336e-01
6.616562008857727051e-01
7.955019474029541016e-01
7.559847831726074219e-01
6.114500761032104492e-01
5.788979530334472656e-01
5.992244482040405273e-01
6.451030969619750977e-01
6.841052174568176270e-01
6.777485013008117676e-01
7.096456289291381836e-01
6.561418771743774414e-01
6.919877529144287109e-01
7.941656708717346191e-01
7.045583128929138184e-01
6.824721097946166992e-01
8.089822530746459961e-01
7.018894553184509277e-01
6.471605896949768066e-01
6.794897317886352539e-01
6.838608980178833008e-01
6.790793538093566895e-01
4.925373196601867676e-01
6.724948883056640625e-01
4.645711481571197510e-01
7.122085690498352051e-01
4.763906300067901611e-01
6.882086992263793945e-01
7.597808241844177246e-01
6.940380334854125977e-01
7.264749407768249512e-01
7.647389173507690430e-01
5.639863610267639160e-01
7.905708551406860352e-01
7.034828066825866699e-01
6.871287226676940918e-01
7.932131886482238770e-01
6.989465951919555664e-01
8.065597414970397949e-01
7.163673043251037598e-01
7.054491639137268066e-01
6.747490167617797852e-01
7.002487778663635254e-01
7.757610678672790527e-01
7.950281500816345215e-01
6.553012132644653320e-01
6.150913834571838379e-01
6.114304065704345703e-01
6.921752691268920898e-01
7.412658333778381348e-01
7.019182443618774414e-01
7.860092520713806152e-01
6.910699605941772461e-01
7.816496491432189941e-01
8.082371950149536133e-01
6.909655332565307617e-01
7.332345843315124512e-01
7.937957048416137695e-01
7.665802240371704102e-01
6.377825736999511719e-01
7.966403961181640625e-01
7.046225070953369141e-01
7.830677628517150879e-01
5.070092678070068359e-01
7.219536304473876953e-01
4.726517200469970703e-01
7.882400751113891602e-01
5.481072664260864258e-01
7.411624193191528320e-01
7.770917415618896484e-01
7.165827751159667969e-01
8.324474692344665527e-01
6.750493049621582031e-01
5.520340204238891602e-01
7.102746963500976562e-01
6.565123200416564941e-01
6.333751678466796875e-01
6.841927766799926758e-01
7.451692819595336914e-01
7.363160252571105957e-01
6.350169181823730469e-01
6.242427825927734375e-01
6.947528123855590820e-01
6.746034026145935059e-01
7.244502902030944824e-01
7.359673976898193359e-01
6.038224697113037109e-01
5.627835988998413086e-01
5.798744559288024902e-01
6.445849537849426270e-01
7.198149561882019043e-01
6.709727048873901367e-01
7.648558020591735840e-01
6.574501991271972656e-01
6.652173399925231934e-01
7.576493620872497559e-01
6.727827191352844238e-01
7.172885537147521973e-01
7.472479939460754395e-01
7.289245724678039551e-01
6.883713603019714355e-01
6.624258756637573242e-01
6.742306351661682129e-01
6.521701812744140625e-01
5.250630378723144531e-01
6.779477000236511230e-01
4.766634404659271240e-01
7.216557264328002930e-01
5.432847738265991211e-01
7.502643465995788574e-01
7.394188642501831055e-01
6.958411335945129395e-01
7.070147395133972168e-01
6.610057950019836426e-01
6.761865019798278809e-01
6.601064205169677734e-01
6.197253465652465820e-01
6.481073498725891113e-01
6.527888774871826172e-01
6.607760787010192871e-01
6.839922070503234863e-01
6.708449125289916992e-01
6.151148080825805664e-01
6.928160190582275391e-01
6.188185214996337891e-01
7.076818943023681641e-01
6.845502853393554688e-01
5.534182190895080566e-01
5.949471592903137207e-01
5.437993407249450684e-01
6.728599667549133301e-01
6.407886743545532227e-01
6.463477015495300293e-01
6.705203056335449219e-01
6.350164413452148438e-01
6.166306138038635254e-01
7.018123269081115723e-01
6.665054559707641602e-01
6.890052556991577148e-01
7.151325941085815430e-01
6.721922755241394043e-01
6.834217905998229980e-01
6.070938706398010254e-01
6.500452756881713867e-01
6.399394273757934570e-01
5.026561617851257324e-01
6.720595955848693848e-01
4.713390171527862549e-01
6.518712639808654785e-01
4.603042900562286377e-01
6.794611215591430664e-01
6.726376414299011230e-01
6.582316160202026367e-01
6.608979105949401855e-01
7.159313559532165527e-01
5.889074802398681641e-01
7.559501528739929199e-01
6.801811456680297852e-01
7.007940411567687988e-01
7.644816040992736816e-01
6.655060052871704102e-01
7.747979164123535156e-01
7.043709158897399902e-01
6.767751574516296387e-01
7.446719408035278320e-01
6.213276386260986328e-01
7.384003400802612305e-01
7.422130703926086426e-01
6.673741340637207031e-01
6.379177570343017578e-01
5.967754721641540527e-01
7.699206471443176270e-01
7.463787198066711426e-01
7.096606492996215820e-01
7.551469206809997559e-01
6.715642809867858887e-01
7.488242983818054199e-01
7.799600958824157715e-01
7.135639786720275879e-01
7.771930098533630371e-01
7.540100216865539551e-01
7.763925194740295410e-01
6.832689046859741211e-01
7.080186605453491211e-01
6.886289119720458984e-01
7.498726844787597656e-01
5.290358662605285645e-01
7.516182661056518555e-01
4.617388844490051270e-01
7.524132132530212402e-01
5.510960817337036133e-01
7.825044989585876465e-01
7.140374183654785156e-01
8.745578527450561523e-01
7.490666508674621582e-01
8.035137057304382324e-01
6.034088730812072754e-01
7.579555511474609375e-01
6.929655075073242188e-01
6.741018295288085938e-01
7.203357219696044922e-01
7.449863553047180176e-01
7.895097136497497559e-01
6.711570620536804199e-01
6.395306587219238281e-01
6.579977869987487793e-01
6.544121503829956055e-01
8.544637560844421387e-01
7.674906253814697266e-01
6.374721527099609375e-01
5.914357304573059082e-01
6.031562685966491699e-01
6.563779115676879883e-01
7.111057639122009277e-01
7.130688428878784180e-01
7.400187253952026367e-01
6.831226944923400879e-01
7.274749279022216797e-01
8.028886914253234863e-01
7.287090420722961426e-01
6.998630762100219727e-01
8.104318976402282715e-01
7.426820397377014160e-01
6.489877104759216309e-01
7.065352797508239746e-01
7.172722816467285156e-01
7.004618644714355469e-01
4.856440722942352295e-01
6.894401311874389648e-01
4.684616625308990479e-01
7.448073625564575195e-01
4.858335256576538086e-01
6.953599452972412109e-01
7.882757186889648438e-01
6.847089529037475586e-01
7.397561073303222656e-01
7.492555379867553711e-01
5.809289813041687012e-01
7.747245430946350098e-01
7.895795106887817383e-01
6.492305994033813477e-01
7.665833234786987305e-01
6.697692871093750000e-01
8.486640453338623047e-01
6.501116752624511719e-01
6.689497232437133789e-01
6.590602397918701172e-01
6.400924324989318848e-01
7.625758647918701172e-01
7.299880981445312500e-01
6.560475230216979980e-01
5.870962738990783691e-01
6.615635156631469727e-01
6.763762235641479492e-01
7.475777864456176758e-01
8.151068091392517090e-01
7.454689145088195801e-01
7.699181437492370605e-01
7.625551223754882812e-01
7.920330762863159180e-01
7.653294801712036133e-01
7.256315350532531738e-01
7.365374565124511719e-01
7.878301143646240234e-01
6.346452236175537109e-01
7.230594158172607422e-01
7.375419139862060547e-01
7.597612142562866211e-01
4.895689189434051514e-01
7.428607940673828125e-01
4.930524528026580811e-01
7.764142155647277832e-01
5.529947280883789062e-01
7.302098870277404785e-01
6.988831162452697754e-01
6.836104989051818848e-01
7.710130810737609863e-01
7.761008143424987793e-01
5.700495243072509766e-01
8.297684788703918457e-01
7.384458184242248535e-01
6.883726119995117188e-01
7.808241844177246094e-01
7.065069675445556641e-01
8.507980108261108398e-01
7.132998704910278320e-01
6.522088050842285156e-01
7.006672620773315430e-01
6.852905750274658203e-01
7.851672768592834473e-01
7.734957337379455566e-01
6.731923222541809082e-01
5.897392630577087402e-01
6.224672198295593262e-01
7.032595276832580566e-01
7.565919160842895508e-01
7.294329404830932617e-01
7.840338945388793945e-01
7.057041525840759277e-01
7.938126325607299805e-01
8.481909632682800293e-01
7.356463670730590820e-01
7.354395985603332520e-01
8.030129075050354004e-01
7.661988735198974609e-01
6.481043100357055664e-01
8.003469109535217285e-01
7.308551669120788574e-01
7.711302638053894043e-01
4.990128576755523682e-01
7.458432912826538086e-01
4.850818216800689697e-01
8.348255753517150879e-01
5.545363426208496094e-01
7.806767821311950684e-01
7.984837293624877930e-01
7.205722928047180176e-01
8.453744649887084961e-01
6.853667497634887695e-01
5.506235957145690918e-01
6.920820474624633789e-01
6.709696054458618164e-01
6.461367011070251465e-01
6.699724793434143066e-01
6.900262832641601562e-01
7.303259968757629395e-01
6.291790604591369629e-01
6.271283626556396484e-01
6.777151226997375488e-01
6.473916769027709961e-01
7.265795469284057617e-01
7.265680432319641113e-01
8.028910756111145020e-01
5.846488475799560547e-01
5.847880840301513672e-01
6.632030010223388672e-01
6.824877858161926270e-01
6.762472391128540039e-01
7.506854534149169922e-01
7.060739398002624512e-01
6.798395514488220215e-01
7.579897642135620117e-01
6.494035720825195312e-01
7.097634673118591309e-01
7.384297251701354980e-01
7.085895538330078125e-01
6.555597782135009766e-01
6.458398699760437012e-01
6.676288843154907227e-01
6.509690284729003906e-01
5.040839314460754395e-01
6.718728542327880859e-01
4.599065482616424561e-01
6.884220242500305176e-01
5.480722784996032715e-01
6.941536068916320801e-01
7.011268734931945801e-01
7.218893766403198242e-01
6.890772581100463867e-01
7.441092133522033691e-01
5.867788791656494141e-01
7.866600751876831055e-01
7.200743556022644043e-01
6.785215735435485840e-01
8.124146461486816406e-01
6.863636374473571777e-01
8.147997856140136719e-01
6.691735982894897461e-01
6.687734723091125488e-01
7.130574584007263184e-01
6.907081007957458496e-01
7.632561922073364258e-01
7.414844036102294922e-01
6.688952445983886719e-01
5.901151299476623535e-01
6.144795417785644531e-01
6.908642649650573730e-01
7.326534390449523926e-01
7.508729100227355957e-01
7.634453773498535156e-01
7.095166444778442383e-01
7.684752941131591797e-01
7.943960428237915039e-01
7.391150593757629395e-01
7.380605936050415039e-01
7.561202645301818848e-01
7.690045237541198730e-01
6.391802430152893066e-01
7.717194557189941406e-01
6.976441144943237305e-01
8.405858874320983887e-01
4.963428080081939697e-01
7.189072370529174805e-01
4.535662233829498291e-01
7.680173516273498535e-01
5.210198760032653809e-01
7.233067154884338379e-01
7.326597571372985840e-01
7.202617526054382324e-01
7.954828739166259766e-01
6.174887418746948242e-01
5.422498583793640137e-01
6.810813546180725098e-01
6.793133616447448730e-01
5.652981400489807129e-01
6.643295288085937500e-01
5.849215388298034668e-01
7.171803712844848633e-01
5.820995569229125977e-01
6.311149001121520996e-01
5.930665135383605957e-01
5.535312294960021973e-01
6.670391559600830078e-01
6.701099872589111328e-01
5.888333916664123535e-01
6.376851201057434082e-01
5.702324509620666504e-01
6.093360781669616699e-01
6.602887511253356934e-01
6.779846549034118652e-01
6.490418910980224609e-01
6.782488226890563965e-01
6.691009402275085449e-01
7.148654460906982422e-01
6.264371275901794434e-01
6.497834920883178711e-01
6.607052087783813477e-01
6.744236350059509277e-01
5.793539881706237793e-01
6.356758475303649902e-01
6.238843202590942383e-01
6.494656205177307129e-01
4.276986718177795410e-01
6.302114129066467285e-01
5.121733546257019043e-01
6.608304381370544434e-01
4.866126775741577148e-01
6.227524876594543457e-01
5.994982123374938965e-01
6.340945959091186523e-01
6.655424833297729492e-01
7.461630702018737793e-01
6.133245229721069336e-01
8.165773749351501465e-01
7.395663857460021973e-01
6.828077435493469238e-01
8.603386878967285156e-01
7.202488780021667480e-01
8.293352723121643066e-01
7.050834894180297852e-01
6.751958727836608887e-01
7.132659554481506348e-01
7.227970361709594727e-01
7.706457376480102539e-01
7.766727805137634277e-01
6.886276006698608398e-01
5.999517440795898438e-01
6.298725008964538574e-01
7.149115204811096191e-01
7.598690986633300781e-01
7.539626359939575195e-01
7.656781673431396484e-01
7.257313132286071777e-01
8.202206492424011230e-01
8.433659672737121582e-01
7.274945378303527832e-01
7.512778639793395996e-01
7.804704308509826660e-01
7.763103842735290527e-01
6.777915954589843750e-01
8.006904721260070801e-01
7.185594439506530762e-01
8.346229791641235352e-01
5.511463284492492676e-01
7.331668138504028320e-01
4.811854362487792969e-01
7.917134761810302734e-01
5.600619316101074219e-01
7.384954094886779785e-01
7.271700501441955566e-01
7.027578949928283691e-01
8.092124462127685547e-01
6.149284243583679199e-01
6.668121218681335449e-01
6.656931638717651367e-01
6.329860091209411621e-01
5.878387093544006348e-01
6.450186371803283691e-01
5.976353883743286133e-01
6.814221143722534180e-01
5.824348330497741699e-01
6.115024089813232422e-01
5.877068042755126953e-01
5.482623577117919922e-01
6.829826831817626953e-01
6.768423318862915039e-01
5.710169672966003418e-01
5.434983968734741211e-01
5.510748624801635742e-01
6.275123357772827148e-01
6.513451933860778809e-01
6.540089845657348633e-01
6.634005308151245117e-01
6.316107511520385742e-01
6.364856958389282227e-01
7.211868166923522949e-01
6.413851976394653320e-01
6.687383651733398438e-01
6.734389662742614746e-01
6.706082224845886230e-01
6.168543696403503418e-01
6.073629260063171387e-01
6.364647150039672852e-01
6.221589446067810059e-01
4.721842110157012939e-01
6.376017928123474121e-01
4.785637259483337402e-01
6.268149614334106445e-01
4.733855724334716797e-01
6.287921667098999023e-01
6.262152791023254395e-01
7.021633386611938477e-01
6.331211328506469727e-01
7.190067768096923828e-01
5.819261074066162109e-01
8.443804979324340820e-01
7.194052934646606445e-01
6.443724632263183594e-01
7.882617115974426270e-01
6.666221618652343750e-01
8.243720531463623047e-01
6.802944540977478027e-01
6.207367181777954102e-01
6.929585337638854980e-01
6.827464699745178223e-01
7.547946572303771973e-01
7.800163030624389648e-01
6.619165539741516113e-01
5.956022739410400391e-01
5.851678252220153809e-01
6.771520376205444336e-01
7.431642413139343262e-01
7.268601059913635254e-01
7.682211995124816895e-01
6.939618587493896484e-01
8.205743432044982910e-01
8.826099038124084473e-01
6.894771456718444824e-01
7.018997073173522949e-01
8.111545443534851074e-01
7.317255735397338867e-01
6.605686545372009277e-01
7.748879194259643555e-01
7.066068053245544434e-01
7.578148245811462402e-01
4.691923558712005615e-01
6.889363527297973633e-01
4.902217388153076172e-01
7.522348761558532715e-01
5.002279877662658691e-01
7.202973365783691406e-01
7.092209458351135254e-01
7.087910175323486328e-01
7.748465538024902344e-01
7.447820901870727539e-01
5.723308324813842773e-01
7.850882411003112793e-01
7.878641486167907715e-01
6.758155226707458496e-01
7.263450622558593750e-01
7.397195100784301758e-01
8.420515060424804688e-01
6.544033885002136230e-01
6.538350582122802734e-01
6.651362776756286621e-01
6.549466252326965332e-01
7.800992727279663086e-01
7.682580947875976562e-01
6.455186605453491211e-01
5.599103569984436035e-01
6.189690828323364258e-01
6.619101166725158691e-01
7.770088315010070801e-01
8.072462081909179688e-01
7.995407581329345703e-01
7.354381680488586426e-01
7.628310918807983398e-01
7.950774431228637695e-01
7.650181055068969727e-01
7.311193943023681641e-01
7.994491457939147949e-01
8.134135007858276367e-01
6.872442960739135742e-01
7.057998776435852051e-01
7.256677150726318359e-01
7.090653777122497559e-01
4.907314479351043701e-01
7.181631922721862793e-01
4.875856041908264160e-01
7.860602736473083496e-01
5.388026237487792969e-01
7.591028809547424316e-01
7.613881230354309082e-01
7.057675123214721680e-01
7.668563127517700195e-01
7.305764555931091309e-01
5.812658667564392090e-01
7.516878843307495117e-01
7.993052601814270020e-01
6.565600633621215820e-01
7.288790345191955566e-01
6.591848731040954590e-01
8.378403186798095703e-01
6.467677354812622070e-01
6.740148067474365234e-01
6.278196573257446289e-01
6.066792607307434082e-01
7.641065120697021484e-01
7.052742242813110352e-01
6.689491271972656250e-01
5.576703548431396484e-01
7.199344038963317871e-01
6.617509126663208008e-01
7.541711330413818359e-01
8.255614042282104492e-01
7.437879443168640137e-01
7.758847475051879883e-01
7.305985093116760254e-01
7.797100543975830078e-01
7.471246719360351562e-01
7.088312506675720215e-01
7.206656932830810547e-01
7.833296060562133789e-01
6.353758573532104492e-01
7.191663980484008789e-01
7.385032176971435547e-01
7.299445867538452148e-01
4.781746864318847656e-01
7.143130898475646973e-01
4.863566160202026367e-01
7.749063968658447266e-01
5.326691865921020508e-01
7.117118239402770996e-01
6.855287551879882812e-01
6.811128258705139160e-01
7.668098211288452148e-01
7.468549609184265137e-01
6.508209705352783203e-01
7.909327149391174316e-01
7.902333736419677734e-01
6.853229999542236328e-01
7.505210041999816895e-01
7.075225114822387695e-01
8.762983679771423340e-01
6.671078801155090332e-01
7.017142176628112793e-01
6.477462053298950195e-01
6.446639895439147949e-01
8.056881427764892578e-01
7.377781271934509277e-01
6.862675547599792480e-01
5.849288702011108398e-01
7.151946425437927246e-01
6.948353052139282227e-01
7.760628461837768555e-01
8.199727535247802734e-01
7.716974020004272461e-01
7.771657109260559082e-01
7.620911598205566406e-01
8.164321184158325195e-01
7.884879708290100098e-01
7.413478493690490723e-01
7.687727808952331543e-01
8.201205134391784668e-01
6.761930584907531738e-01
7.348486185073852539e-01
7.533432841300964355e-01
7.475209832191467285e-01
5.178534984588623047e-01
7.424006462097167969e-01
5.035222172737121582e-01
7.991971969604492188e-01
5.554608702659606934e-01
7.312517762184143066e-01
7.217140197753906250e-01
7.089251875877380371e-01
7.927526235580444336e-01
