8.089844584465026855e-01
7.718494534492492676e-01
7.018789052963256836e-01
7.892761230468750000e-01
6.515904664993286133e-01
7.911704778671264648e-01
7.591192126274108887e-01
6.879386901855468750e-01
7.424802780151367188e-01
8.078888654708862305e-01
7.927158474922180176e-01
7.151682972908020020e-01
8.108451366424560547e-01
7.982837557792663574e-01
7.997897863388061523e-01
7.338273525238037109e-01
7.606546282768249512e-01
7.722906470298767090e-01
8.075800538063049316e-01
8.112709522247314453e-01
7.212825417518615723e-01
7.648160457611083984e-01
8.266919255256652832e-01
8.142846822738647461e-01
8.089903593063354492e-01
8.549211025238037109e-01
7.818271517753601074e-01
7.333048582077026367e-01
6.947439908981323242e-01
7.780680060386657715e-01
6.838765144348144531e-01
7.795638442039489746e-01
7.573565840721130371e-01
7.462083101272583008e-01
7.382348179817199707e-01
8.238184452056884766e-01
7.852045893669128418e-01
7.389539480209350586e-01
8.261073231697082520e-01
8.047991394996643066e-01
7.716351747512817383e-01
7.331194877624511719e-01
7.397761940956115723e-01
7.748680114746093750e-01
7.749750614166259766e-01
8.148545026779174805e-01
7.579440474510192871e-01
7.344228625297546387e-01
8.027172684669494629e-01
7.717096805572509766e-01
7.707800269126892090e-01
8.222161531448364258e-01
8.815809488296508789e-01
7.938820719718933105e-01
7.186617255210876465e-01
8.097788095474243164e-01
6.827831864356994629e-01
8.059056997299194336e-01
8.373783826828002930e-01
7.191040515899658203e-01
7.834364771842956543e-01
8.837386965751647949e-01
8.165934681892395020e-01
7.460827231407165527e-01
8.922976255416870117e-01
8.752744197845458984e-01
8.734878301620483398e-01
7.742380499839782715e-01
7.941030859947204590e-01
7.995788455009460449e-01
8.802069425582885742e-01
8.838390111923217773e-01
7.761334776878356934e-01
8.012567162513732910e-01
8.855502605438232422e-01
8.690214157104492188e-01
8.690428137779235840e-01
8.050612211227416992e-01
8.919057250022888184e-01
8.246406912803649902e-01
7.442800998687744141e-01
8.314502835273742676e-01
6.922107338905334473e-01
8.273749947547912598e-01
8.708020448684692383e-01
7.273794412612915039e-01
8.105055689811706543e-01
9.050821661949157715e-01
8.459428548812866211e-01
7.607228159904479980e-01
9.108818769454956055e-01
9.000593423843383789e-01
8.901897668838500977e-01
8.071248531341552734e-01
8.175398707389831543e-01
8.289084434509277344e-01
8.968987464904785156e-01
9.107027053833007812e-01
7.778251171112060547e-01
8.268743157386779785e-01
9.161768555641174316e-01
8.891665935516357422e-01
8.914393186569213867e-01
8.157595396041870117e-01
8.944208621978759766e-01
8.517862558364868164e-01
7.816921472549438477e-01
8.462191820144653320e-01
7.166573405265808105e-01
8.425729870796203613e-01
8.654941916465759277e-01
7.453193068504333496e-01
8.281962871551513672e-01
8.730701804161071777e-01
8.768629431724548340e-01
7.812309861183166504e-01
8.710188865661621094e-01
8.558297753334045410e-01
8.911229372024536133e-01
8.269853591918945312e-01
8.453009724617004395e-01
8.509531617164611816e-01
9.016234278678894043e-01
8.869673609733581543e-01
7.916664481163024902e-01
8.546340465545654297e-01
8.945100307464599609e-01
8.968333005905151367e-01
8.991618752479553223e-01
8.281493782997131348e-01
7.291025519371032715e-01
6.770716309547424316e-01
6.583210825920104980e-01
7.396916151046752930e-01
6.389725208282470703e-01
7.423416972160339355e-01
7.059521079063415527e-01
6.978359818458557129e-01
6.964579820632934570e-01
7.682667374610900879e-01
7.358167767524719238e-01
6.797674298286437988e-01
7.738195061683654785e-01
7.537581324577331543e-01
7.143431305885314941e-01
6.928356289863586426e-01
6.846344470977783203e-01
7.236248254776000977e-01
7.200962901115417480e-01
7.716952562332153320e-01
7.156900167465209961e-01
6.785861253738403320e-01
7.402764558792114258e-01
7.224067449569702148e-01
7.211511731147766113e-01
7.934648394584655762e-01
8.843125700950622559e-01
7.973763942718505859e-01
7.163524627685546875e-01
8.108940720558166504e-01
6.810821890830993652e-01
8.080519437789916992e-01
8.398653864860534668e-01
7.197049856185913086e-01
7.863699793815612793e-01
8.861113786697387695e-01
8.222377896308898926e-01
7.476719617843627930e-01
8.961265087127685547e-01
8.767991662025451660e-01
8.776615858078002930e-01
7.767850160598754883e-01
7.965493202209472656e-01
8.017551302909851074e-01
8.856380581855773926e-01
8.881837129592895508e-01
7.689735293388366699e-01
8.030804991722106934e-01
8.880302906036376953e-01
8.778010606765747070e-01
8.773295283317565918e-01
8.108208179473876953e-01
8.449863791465759277e-01
8.672184944152832031e-01
7.588868141174316406e-01
8.384128212928771973e-01
7.002869844436645508e-01
8.356214165687561035e-01
8.409892320632934570e-01
7.117073535919189453e-01
8.194722533226013184e-01
8.196869492530822754e-01
8.369361758232116699e-01
7.671100497245788574e-01
8.347156643867492676e-01
8.138467073440551758e-01
8.567959070205688477e-01
8.083640336990356445e-01
8.575935959815979004e-01
8.173203468322753906e-01
8.689650893211364746e-01
8.371993303298950195e-01
7.440764307975769043e-01
8.667833209037780762e-01
8.624739050865173340e-01
8.631552457809448242e-01
8.631647825241088867e-01
7.616831660270690918e-01
8.812074065208435059e-01
8.468449115753173828e-01
7.614281773567199707e-01
8.409628868103027344e-01
6.934271454811096191e-01
8.328675031661987305e-01
8.505293130874633789e-01
7.443035244941711426e-01
8.164908885955810547e-01
8.622406125068664551e-01
8.718875646591186523e-01
7.829920053482055664e-01
8.627032637596130371e-01
8.594782948493957520e-01
8.801825046539306641e-01
8.166773319244384766e-01
8.429648876190185547e-01
8.466150164604187012e-01
8.874171972274780273e-01
8.742146492004394531e-01
7.731680870056152344e-01
8.504328727722167969e-01
8.768139481544494629e-01
8.906931281089782715e-01
8.919869661331176758e-01
8.235968947410583496e-01
8.654444217681884766e-01
8.000605702400207520e-01
7.370331883430480957e-01
8.164278268814086914e-01
7.120621204376220703e-01
8.168584108352661133e-01
8.400481343269348145e-01
7.753116488456726074e-01
7.890655994415283203e-01
8.843985795974731445e-01
8.331411480903625488e-01
7.839332818984985352e-01
8.783485293388366699e-01
8.608895540237426758e-01
8.548873066902160645e-01
7.889310121536254883e-01
8.045831918716430664e-01
8.161126971244812012e-01
8.571463823318481445e-01
8.833826184272766113e-01
7.974869012832641602e-01
7.995964884757995605e-01
8.764266967773437500e-01
8.553763031959533691e-01
8.554581999778747559e-01
8.444052934646606445e-01
8.290712833404541016e-01
8.410296440124511719e-01
7.329627871513366699e-01
8.180088400840759277e-01
6.813671588897705078e-01
8.155528903007507324e-01
8.081454634666442871e-01
7.000717520713806152e-01
7.930113077163696289e-01
7.949460744857788086e-01
8.109989166259765625e-01
7.459971308708190918e-01
8.171513080596923828e-01
7.949690818786621094e-01
8.374624252319335938e-01
7.774785161018371582e-01
8.305201530456542969e-01
7.895161509513854980e-01
8.458352088928222656e-01
8.099164962768554688e-01
7.270720005035400391e-01
8.381139039993286133e-01
8.340373039245605469e-01
8.481177687644958496e-01
8.454647064208984375e-01
7.544833421707153320e-01
8.418663144111633301e-01
8.691402673721313477e-01
7.705966830253601074e-01
8.452475070953369141e-01
7.025061249732971191e-01
8.395149707794189453e-01
8.409407138824462891e-01
7.107197642326354980e-01
8.229694962501525879e-01
8.120622634887695312e-01
8.382527232170104980e-01
7.663336992263793945e-01
8.323467969894409180e-01
8.126887679100036621e-01
8.594188094139099121e-01
8.134235739707946777e-01
8.589576482772827148e-01
8.214001655578613281e-01
8.679080009460449219e-01
8.264853954315185547e-01
7.436630129814147949e-01
8.699464797973632812e-01
8.508051633834838867e-01
8.632708787918090820e-01
8.642709851264953613e-01
7.507273554801940918e-01
8.832488656044006348e-01
8.072475790977478027e-01
7.485820055007934570e-01
8.309347033500671387e-01
7.017483115196228027e-01
8.258121013641357422e-01
8.531185984611511230e-01
7.421097755432128906e-01
8.040474653244018555e-01
8.921975493431091309e-01
8.410136699676513672e-01
7.620620131492614746e-01
8.867936730384826660e-01
8.676106333732604980e-01
8.784819245338439941e-01
8.010344505310058594e-01
8.060523867607116699e-01
8.182814121246337891e-01
8.864228725433349609e-01
9.020817279815673828e-01
7.865012288093566895e-01
8.089916706085205078e-01
8.950090408325195312e-01
8.805692195892333984e-01
8.828951120376586914e-01
8.163702487945556641e-01
8.470431566238403320e-01
8.601839542388916016e-01
7.479417920112609863e-01
8.294371962547302246e-01
6.927129626274108887e-01
8.274063467979431152e-01
8.273468613624572754e-01
7.333756089210510254e-01
8.028272986412048340e-01
8.300696611404418945e-01
8.323320746421813965e-01
7.767142653465270996e-01
8.418732881546020508e-01
8.190023899078369141e-01
8.396162390708923340e-01
7.966560125350952148e-01
8.561109304428100586e-01
8.093017935752868652e-01
8.492538928985595703e-01
8.412657380104064941e-01
7.615075707435607910e-01
8.574873805046081543e-01
8.581793904304504395e-01
8.537058234214782715e-01
8.510841727256774902e-01
7.730762362480163574e-01
8.044680953025817871e-01
7.674059867858886719e-01
7.003579735755920410e-01
8.033548593521118164e-01
7.043421268463134766e-01
8.061339855194091797e-01
8.003436923027038574e-01
7.339645624160766602e-01
7.557730674743652344e-01
8.083620667457580566e-01
8.077617287635803223e-01
7.360515594482421875e-01
8.039543032646179199e-01
7.841529250144958496e-01
7.961790561676025391e-01
7.508764863014221191e-01
7.732986211776733398e-01
7.968772649765014648e-01
7.977678179740905762e-01
8.089300394058227539e-01
7.495024800300598145e-01
7.657199501991271973e-01
8.106355667114257812e-01
7.917859554290771484e-01
7.903314828872680664e-01
7.338597774505615234e-01
8.631911277770996094e-01
7.919947504997253418e-01
7.396767139434814453e-01
8.278436660766601562e-01
7.190105319023132324e-01
8.257997035980224609e-01
8.390487432479858398e-01
7.534045577049255371e-01
7.926982045173645020e-01
8.732998967170715332e-01
8.335762023925781250e-01
7.719988226890563965e-01
8.696374893188476562e-01
8.502045869827270508e-01
8.468580842018127441e-01
7.858137488365173340e-01
7.950622439384460449e-01
8.231809735298156738e-01
8.516973853111267090e-01
8.704078793525695801e-01
7.874464392662048340e-01
7.956435084342956543e-01
8.643264770507812500e-01
8.329727649688720703e-01
8.355259895324707031e-01
7.775195240974426270e-01
8.781103491783142090e-01
8.104024529457092285e-01
7.491150498390197754e-01
8.206479549407958984e-01
7.069407105445861816e-01
8.189921975135803223e-01
8.460329174995422363e-01
7.332997322082519531e-01
8.034609556198120117e-01
8.803423643112182617e-01
8.375514149665832520e-01
7.579557299613952637e-01
8.699285984039306641e-01
8.595281243324279785e-01
8.783099651336669922e-01
8.018662333488464355e-01
8.098356723785400391e-01
8.213682174682617188e-01
8.875278830528259277e-01
8.891407251358032227e-01
7.854462862014770508e-01
8.163162469863891602e-01
8.774194717407226562e-01
8.776635527610778809e-01
8.792375922203063965e-01
8.086144328117370605e-01
8.841937780380249023e-01
8.363182544708251953e-01
7.769272923469543457e-01
8.255440592765808105e-01
7.286880016326904297e-01
8.231594562530517578e-01
8.504946827888488770e-01
7.617847323417663574e-01
8.124893903732299805e-01
8.695838451385498047e-01
8.618592619895935059e-01
7.889361977577209473e-01
8.689573407173156738e-01
8.508199453353881836e-01
8.686488866806030273e-01
8.176686763763427734e-01
8.365852236747741699e-01
8.396883010864257812e-01
8.785677552223205566e-01
8.795107007026672363e-01
7.991342544555664062e-01
8.388704061508178711e-01
8.844357132911682129e-01
8.691966533660888672e-01
8.722102046012878418e-01
8.273302912712097168e-01
8.707655072212219238e-01
7.912135720252990723e-01
7.351739406585693359e-01
7.930071353912353516e-01
7.130745053291320801e-01
7.988770604133605957e-01
8.284153342247009277e-01
7.258044481277465820e-01
7.872084379196166992e-01
8.507978320121765137e-01
8.153243660926818848e-01
7.517018914222717285e-01
8.318806290626525879e-01
8.274782896041870117e-01
8.540337085723876953e-01
7.760350704193115234e-01
7.899710536003112793e-01
8.071898818016052246e-01
8.572519421577453613e-01
8.463010787963867188e-01
7.816988229751586914e-01
7.967904806137084961e-01
8.435744643211364746e-01
8.376234769821166992e-01
8.397293686866760254e-01
7.676788568496704102e-01
8.795361518859863281e-01
8.156830668449401855e-01
7.351899147033691406e-01
8.337631821632385254e-01
6.745613813400268555e-01
8.264629840850830078e-01
8.530803322792053223e-01
7.294552922248840332e-01
8.007752299308776855e-01
9.140670895576477051e-01
8.486229777336120605e-01
7.539952397346496582e-01
9.159716963768005371e-01
9.018351435661315918e-01
8.842776417732238770e-01
7.982600331306457520e-01
8.105850219726562500e-01
8.231556415557861328e-01
8.929500579833984375e-01
9.226468205451965332e-01
7.849261164665222168e-01
8.177523016929626465e-01
9.127767086029052734e-01
8.959938287734985352e-01
8.943414688110351562e-01
8.497989773750305176e-01
8.693945407867431641e-01
8.203293681144714355e-01
7.573522925376892090e-01
8.335629105567932129e-01
7.084622979164123535e-01
8.295773863792419434e-01
8.580077886581420898e-01
7.636889815330505371e-01
8.047668933868408203e-01
9.065504670143127441e-01
8.484777808189392090e-01
7.815935611724853516e-01
8.918646574020385742e-01
8.735686540603637695e-01
8.662659525871276855e-01
8.081494569778442383e-01
8.228344917297363281e-01
8.305549025535583496e-01
8.718435764312744141e-01
9.124900698661804199e-01
8.036257028579711914e-01
8.211582303047180176e-01
9.047291278839111328e-01
8.686223030090332031e-01
8.690252304077148438e-01
8.224480748176574707e-01
8.779470920562744141e-01
8.333689570426940918e-01
7.905868887901306152e-01
8.423027992248535156e-01
7.136248350143432617e-01
8.341022729873657227e-01
8.513092994689941406e-01
7.746922373771667480e-01
8.147571682929992676e-01
9.020916819572448730e-01
8.674924969673156738e-01
7.922704219818115234e-01
8.952404260635375977e-01
8.753068447113037109e-01
8.703185319900512695e-01
8.235455155372619629e-01
8.346698284149169922e-01
8.398048877716064453e-01
8.798899650573730469e-01
9.124438166618347168e-01
8.163456916809082031e-01
8.338732123374938965e-01
9.067092537879943848e-01
8.814061880111694336e-01
8.841630220413208008e-01
8.582362532615661621e-01
8.692385554313659668e-01
7.975174784660339355e-01
7.340366244316101074e-01
8.227168321609497070e-01
6.984161138534545898e-01
8.220553398132324219e-01
8.578654527664184570e-01
7.263516783714294434e-01
8.035094141960144043e-01
8.901084661483764648e-01
8.235499858856201172e-01
7.540546059608459473e-01
8.799295425415039062e-01
8.683577775955200195e-01
8.701369166374206543e-01
7.946612834930419922e-01
7.971309423446655273e-01
8.149887919425964355e-01
8.748677968978881836e-01
8.906682133674621582e-01
7.682738900184631348e-01
8.051875233650207520e-01
8.846701383590698242e-01
8.570388555526733398e-01
8.604434728622436523e-01
7.877331376075744629e-01
8.690075874328613281e-01
8.181903958320617676e-01
7.534185647964477539e-01
8.302193284034729004e-01
7.058225870132446289e-01
8.259649276733398438e-01
8.522164821624755859e-01
7.578566074371337891e-01
8.009862303733825684e-01
9.015979170799255371e-01
8.464807271957397461e-01
7.752485871315002441e-01
8.915317654609680176e-01
8.721373677253723145e-01
8.656135797500610352e-01
8.043056130409240723e-01
8.203064203262329102e-01
8.234840631484985352e-01
8.722277283668518066e-01
9.102442860603332520e-01
7.980753779411315918e-01
8.192657232284545898e-01
9.021970629692077637e-01
8.688408136367797852e-01
8.698774576187133789e-01
8.248031735420227051e-01
8.610177040100097656e-01
7.864811420440673828e-01
7.394915819168090820e-01
7.861543297767639160e-01
6.996700763702392578e-01
7.880452275276184082e-01
8.005214929580688477e-01
7.659849524497985840e-01
7.651997804641723633e-01
8.489320278167724609e-01
7.959972620010375977e-01
7.824947834014892578e-01
8.438829183578491211e-01
8.249098658561706543e-01
8.275222778320312500e-01
7.547428607940673828e-01
7.906503677368164062e-01
7.840054631233215332e-01
8.312764763832092285e-01
8.399437665939331055e-01
7.860918641090393066e-01
7.874279618263244629e-01
8.364408612251281738e-01
8.182049393653869629e-01
8.212876319885253906e-01
7.970570921897888184e-01
8.818700313568115234e-01
8.465334177017211914e-01
7.721506357192993164e-01
8.398489952087402344e-01
7.318647503852844238e-01
8.387497067451477051e-01
8.594295978546142578e-01
7.573748826980590820e-01
8.289097547531127930e-01
8.578047156333923340e-01
8.693920969963073730e-01
7.877210378646850586e-01
8.543010354042053223e-01
8.471643328666687012e-01
8.809835910797119141e-01
8.279623985290527344e-01
8.506783843040466309e-01
8.504980206489562988e-01
8.876508474349975586e-01
8.670665621757507324e-01
7.927608489990234375e-01
8.581506013870239258e-01
8.718482255935668945e-01
8.778390884399414062e-01
8.811135292053222656e-01
8.204067945480346680e-01
