7.278475761413574219e-01
7.072321176528930664e-01
8.574159145355224609e-01
7.240970134735107422e-01
7.465518116950988770e-01
6.869856715202331543e-01
8.403271436691284180e-01
7.349338531494140625e-01
8.447528481483459473e-01
7.545790672302246094e-01
6.783571839332580566e-01
6.925989389419555664e-01
6.591889262199401855e-01
6.850865483283996582e-01
7.190263271331787109e-01
6.385819315910339355e-01
6.156664490699768066e-01
7.026331424713134766e-01
7.014513015747070312e-01
7.148749828338623047e-01
8.495897054672241211e-01
8.736214041709899902e-01
8.623868227005004883e-01
7.268733382225036621e-01
7.364397644996643066e-01
7.355090379714965820e-01
6.887311339378356934e-01
7.051715254783630371e-01
6.612352132797241211e-01
8.570153117179870605e-01
8.614610433578491211e-01
6.600628495216369629e-01
8.461616635322570801e-01
7.058795094490051270e-01
7.398717403411865234e-01
8.411729931831359863e-01
7.247542142868041992e-01
6.820524334907531738e-01
8.771372437477111816e-01
6.611241698265075684e-01
7.237422466278076172e-01
7.435239553451538086e-01
7.195174694061279297e-01
8.914703130722045898e-01
7.175133228302001953e-01
7.550883889198303223e-01
7.070243358612060547e-01
8.118523359298706055e-01
7.384192943572998047e-01
9.045693874359130859e-01
7.525286674499511719e-01
7.043088674545288086e-01
7.108351588249206543e-01
6.881923079490661621e-01
7.040436267852783203e-01
7.608143687248229980e-01
6.815310716629028320e-01
6.566568613052368164e-01
7.181170582771301270e-01
6.984754800796508789e-01
7.170384526252746582e-01
8.879334926605224609e-01
9.027017951011657715e-01
8.982638120651245117e-01
7.308495044708251953e-01
7.523982524871826172e-01
7.385028600692749023e-01
7.109316587448120117e-01
7.181864976882934570e-01
6.808713674545288086e-01
8.642510175704956055e-01
8.578127622604370117e-01
6.676391363143920898e-01
8.096840381622314453e-01
7.036173343658447266e-01
7.598978281021118164e-01
8.502994179725646973e-01
7.195668220520019531e-01
7.363721728324890137e-01
9.052951931953430176e-01
7.096439003944396973e-01
7.054506540298461914e-01
6.614207625389099121e-01
6.567389965057373047e-01
7.442342042922973633e-01
6.812347173690795898e-01
6.820441484451293945e-01
6.681025624275207520e-01
7.935086488723754883e-01
6.794567704200744629e-01
7.234523296356201172e-01
6.782709956169128418e-01
6.347986459732055664e-01
6.597601175308227539e-01
6.401718258857727051e-01
6.444888710975646973e-01
7.178941369056701660e-01
6.138562560081481934e-01
6.162507534027099609e-01
6.704010367393493652e-01
6.625111103057861328e-01
6.686197519302368164e-01
7.635779976844787598e-01
7.782110571861267090e-01
7.421510815620422363e-01
6.708946824073791504e-01
6.455689668655395508e-01
6.699542403221130371e-01
6.630629897117614746e-01
6.339291334152221680e-01
6.208028197288513184e-01
7.391706705093383789e-01
7.615420222282409668e-01
6.191798448562622070e-01
7.894927859306335449e-01
6.598404645919799805e-01
6.836661696434020996e-01
7.674503326416015625e-01
6.790775060653686523e-01
6.542050838470458984e-01
7.771336436271667480e-01
6.405910849571228027e-01
6.598796248435974121e-01
7.416319251060485840e-01
7.098311781883239746e-01
9.052731394767761230e-01
7.152760624885559082e-01
7.443651556968688965e-01
6.920216083526611328e-01
7.910594940185546875e-01
7.399056553840637207e-01
9.191806912422180176e-01
7.622218132019042969e-01
6.981353163719177246e-01
7.030271291732788086e-01
6.722513437271118164e-01
6.965557932853698730e-01
7.359559535980224609e-01
6.703408956527709961e-01
6.268113851547241211e-01
7.034815549850463867e-01
6.973354220390319824e-01
7.179550528526306152e-01
8.968610763549804688e-01
8.981402516365051270e-01
9.115903377532958984e-01
7.286915779113769531e-01
7.636973857879638672e-01
7.446169853210449219e-01
6.991760730743408203e-01
7.126980423927307129e-01
6.699401736259460449e-01
8.976247906684875488e-01
8.596150875091552734e-01
6.674363017082214355e-01
7.690287232398986816e-01
7.080417275428771973e-01
7.601678371429443359e-01
8.749095201492309570e-01
7.257004976272583008e-01
7.167454957962036133e-01
9.009475708007812500e-01
6.915861964225769043e-01
7.023254036903381348e-01
7.251626849174499512e-01
6.842612624168395996e-01
9.081752896308898926e-01
6.853248476982116699e-01
7.269606590270996094e-01
6.666061282157897949e-01
7.982597947120666504e-01
7.151584029197692871e-01
9.355921745300292969e-01
7.369379997253417969e-01
6.707496643066406250e-01
6.722919344902038574e-01
6.504691243171691895e-01
6.656457781791687012e-01
7.380678653717041016e-01
6.364634037017822266e-01
6.061953902244567871e-01
6.855856776237487793e-01
6.594270467758178711e-01
6.873010993003845215e-01
9.156745076179504395e-01
9.133583307266235352e-01
9.203422069549560547e-01
6.969689726829528809e-01
7.437002062797546387e-01
7.178319096565246582e-01
6.762499809265136719e-01
6.928647160530090332e-01
6.422199606895446777e-01
8.872447013854980469e-01
8.729283809661865234e-01
6.297659873962402344e-01
7.922030687332153320e-01
6.719987988471984863e-01
7.373782992362976074e-01
8.758900165557861328e-01
6.948723196983337402e-01
7.031933665275573730e-01
9.203011989593505859e-01
6.748346686363220215e-01
6.752588748931884766e-01
7.044432759284973145e-01
6.595848202705383301e-01
8.487975001335144043e-01
6.683797836303710938e-01
7.012803554534912109e-01
6.439289450645446777e-01
7.830886244773864746e-01
7.017236351966857910e-01
8.681722879409790039e-01
7.157363891601562500e-01
6.405141949653625488e-01
6.503227353096008301e-01
6.301758885383605957e-01
6.432180404663085938e-01
7.119806408882141113e-01
6.163861155509948730e-01
5.874493122100830078e-01
6.633340120315551758e-01
6.420469880104064941e-01
6.643550992012023926e-01
8.655984401702880859e-01
8.731773495674133301e-01
8.585442304611206055e-01
6.808232665061950684e-01
7.204737067222595215e-01
6.978443264961242676e-01
6.517445445060729980e-01
6.734693646430969238e-01
6.193789243698120117e-01
8.345019221305847168e-01
8.633228540420532227e-01
6.191872358322143555e-01
7.950645089149475098e-01
6.566899418830871582e-01
7.098168134689331055e-01
8.396342992782592773e-01
6.799712777137756348e-01
6.691851615905761719e-01
8.857128024101257324e-01
6.393478512763977051e-01
6.643269658088684082e-01
7.581256031990051270e-01
7.522941827774047852e-01
9.268456101417541504e-01
7.633281946182250977e-01
7.991425395011901855e-01
7.367893457412719727e-01
8.726416826248168945e-01
7.678026556968688965e-01
9.108307957649230957e-01
8.061673641204833984e-01
7.288611531257629395e-01
7.351887226104736328e-01
7.134426236152648926e-01
7.254227399826049805e-01
7.585272789001464844e-01
6.756651997566223145e-01
6.614792346954345703e-01
7.504048943519592285e-01
7.372751832008361816e-01
7.544502615928649902e-01
9.214328527450561523e-01
9.172423481941223145e-01
9.253168702125549316e-01
7.645714879035949707e-01
7.710855007171630859e-01
7.813240885734558105e-01
7.355471253395080566e-01
7.446954250335693359e-01
7.129758596420288086e-01
8.818045258522033691e-01
8.867947459220886230e-01
7.062588930130004883e-01
8.471086621284484863e-01
7.423158884048461914e-01
7.831440567970275879e-01
9.016634821891784668e-01
7.623339295387268066e-01
7.308859229087829590e-01
9.149825572967529297e-01
7.246018648147583008e-01
7.518395781517028809e-01
7.744137048721313477e-01
7.646843791007995605e-01
8.827320337295532227e-01
7.650698423385620117e-01
7.973919510841369629e-01
7.302941083908081055e-01
8.237848877906799316e-01
7.871575355529785156e-01
8.771960735321044922e-01
8.064457774162292480e-01
7.307662367820739746e-01
7.467417120933532715e-01
7.113441228866577148e-01
7.405785918235778809e-01
6.960487961769104004e-01
6.930758357048034668e-01
6.513207554817199707e-01
7.497164011001586914e-01
7.429715394973754883e-01
7.617902159690856934e-01
8.626849055290222168e-01
8.522322773933410645e-01
8.891739845275878906e-01
7.719698548316955566e-01
7.981545329093933105e-01
7.788942456245422363e-01
7.458953857421875000e-01
7.492757439613342285e-01
7.161188125610351562e-01
8.511844277381896973e-01
8.008618354797363281e-01
7.026755213737487793e-01
7.902670502662658691e-01
7.477121353149414062e-01
7.964912652969360352e-01
8.217470049858093262e-01
7.692346572875976562e-01
7.547419667243957520e-01
8.709446787834167480e-01
7.326943278312683105e-01
7.592188119888305664e-01
7.376490235328674316e-01
7.077887058258056641e-01
9.029063582420349121e-01
7.150449752807617188e-01
7.546240091323852539e-01
6.962083578109741211e-01
8.065299391746520996e-01
7.378919720649719238e-01
9.169875383377075195e-01
7.704454660415649414e-01
6.990662217140197754e-01
6.998472213745117188e-01
6.768103837966918945e-01
6.892229318618774414e-01
7.460511326789855957e-01
6.652545332908630371e-01
6.253719925880432129e-01
7.153407931327819824e-01
6.956486701965332031e-01
7.135334610939025879e-01
9.015229940414428711e-01
9.264667630195617676e-01
9.140887260437011719e-01
7.337513566017150879e-01
7.691197991371154785e-01
7.526490092277526855e-01
7.039697170257568359e-01
7.109258770942687988e-01
6.636633872985839844e-01
8.992400169372558594e-01
8.761693835258483887e-01
6.583789587020874023e-01
8.055922985076904297e-01
7.050116062164306641e-01
7.617778778076171875e-01
8.810209631919860840e-01
7.287756800651550293e-01
7.150625586509704590e-01
9.270111322402954102e-01
6.920032501220703125e-01
7.128503918647766113e-01
7.533528804779052734e-01
7.157743573188781738e-01
8.878564238548278809e-01
7.478143572807312012e-01
7.624501585960388184e-01
7.182626128196716309e-01
8.593475222587585449e-01
7.614476680755615234e-01
8.715592622756958008e-01
7.836081385612487793e-01
6.959725618362426758e-01
7.130435705184936523e-01
6.944763064384460449e-01
6.991137266159057617e-01
7.564791440963745117e-01
6.627105474472045898e-01
6.546261906623840332e-01
7.290483713150024414e-01
7.221369743347167969e-01
7.353099584579467773e-01
8.724581599235534668e-01
9.007567763328552246e-01
8.836594223976135254e-01
7.517557144165039062e-01
7.569065093994140625e-01
7.686601877212524414e-01
7.093808054924011230e-01
7.320227026939392090e-01
6.767482757568359375e-01
8.743652105331420898e-01
9.061527252197265625e-01
6.849299073219299316e-01
8.690513372421264648e-01
7.346493601799011230e-01
7.700194716453552246e-01
8.820626139640808105e-01
7.479021549224853516e-01
6.968426108360290527e-01
8.997474312782287598e-01
6.824241280555725098e-01
7.416937351226806641e-01
7.548125386238098145e-01
7.047027349472045898e-01
9.233442544937133789e-01
7.273005247116088867e-01
7.555869817733764648e-01
7.012041211128234863e-01
8.253206610679626465e-01
7.480120062828063965e-01
9.209002256393432617e-01
7.755630612373352051e-01
6.891877651214599609e-01
7.011558413505554199e-01
6.812533140182495117e-01
6.867960095405578613e-01
7.271251678466796875e-01
6.544610857963562012e-01
6.326142549514770508e-01
7.131375670433044434e-01
6.965481042861938477e-01
7.185526490211486816e-01
9.137554168701171875e-01
9.163113236427307129e-01
9.242959618568420410e-01
7.316441535949707031e-01
7.802371978759765625e-01
7.570195794105529785e-01
7.027544379234313965e-01
7.273381948471069336e-01
6.663631200790405273e-01
8.746709227561950684e-01
8.757864832878112793e-01
6.621231436729431152e-01
7.905698418617248535e-01
7.138699293136596680e-01
7.709828615188598633e-01
9.022805690765380859e-01
7.324027419090270996e-01
7.049059867858886719e-01
9.153237342834472656e-01
6.894096732139587402e-01
7.104908823966979980e-01
7.194923758506774902e-01
6.810272932052612305e-01
8.841812610626220703e-01
6.810449361801147461e-01
7.246716618537902832e-01
6.655371189117431641e-01
7.848691940307617188e-01
7.112082242965698242e-01
8.986151218414306641e-01
7.245802283287048340e-01
6.613882780075073242e-01
6.704306006431579590e-01
6.510317921638488770e-01
6.601954102516174316e-01
7.623053789138793945e-01
6.370674371719360352e-01
6.138896346092224121e-01
6.838620901107788086e-01
6.554328799247741699e-01
6.773452162742614746e-01
8.830220103263854980e-01
9.037007093429565430e-01
8.925611376762390137e-01
6.913078427314758301e-01
7.347522974014282227e-01
7.069941163063049316e-01
6.707532405853271484e-01
6.901994943618774414e-01
6.342057585716247559e-01
8.639933466911315918e-01
8.699053525924682617e-01
6.243461966514587402e-01
8.036361932754516602e-01
6.615151166915893555e-01
7.320664525032043457e-01
8.612043261528015137e-01
6.871426105499267578e-01
6.991736888885498047e-01
8.982143402099609375e-01
6.726140975952148438e-01
6.698668003082275391e-01
6.204301714897155762e-01
6.309174299240112305e-01
6.466483473777770996e-01
6.868910789489746094e-01
6.702162027359008789e-01
6.797776818275451660e-01
6.801933646202087402e-01
6.532666087150573730e-01
6.332162022590637207e-01
6.629579663276672363e-01
6.477496027946472168e-01
6.663615107536315918e-01
6.449275016784667969e-01
6.228340268135070801e-01
6.582674384117126465e-01
6.193917393684387207e-01
6.328590512275695801e-01
6.721714138984680176e-01
6.729564666748046875e-01
6.701579689979553223e-01
6.347565054893493652e-01
6.351522803306579590e-01
6.480280756950378418e-01
6.833393573760986328e-01
6.026630401611328125e-01
6.688750386238098145e-01
6.709209084510803223e-01
6.170808672904968262e-01
6.266544461250305176e-01
6.005266308784484863e-01
6.295040249824523926e-01
6.286374926567077637e-01
6.847323179244995117e-01
6.805244684219360352e-01
6.719340682029724121e-01
6.080899834632873535e-01
6.725069880485534668e-01
6.465004682540893555e-01
6.438052058219909668e-01
6.453533172607421875e-01
6.854174733161926270e-01
7.509696483612060547e-01
7.409285306930541992e-01
8.903644680976867676e-01
7.456961870193481445e-01
7.934060096740722656e-01
7.204174995422363281e-01
8.453025221824645996e-01
7.543757557868957520e-01
8.708645701408386230e-01
7.892988920211791992e-01
7.091001868247985840e-01
7.208703160285949707e-01
7.032392024993896484e-01
7.089092731475830078e-01
7.489207386970520020e-01
6.581789851188659668e-01
6.463706493377685547e-01
7.387153506278991699e-01
7.205932736396789551e-01
7.266327142715454102e-01
8.903694152832031250e-01
9.091668128967285156e-01
8.947166800498962402e-01
7.470954060554504395e-01
7.685917019844055176e-01
7.567871809005737305e-01
7.235623598098754883e-01
7.234106063842773438e-01
6.864417791366577148e-01
8.544754981994628906e-01
8.619819283485412598e-01
6.665112376213073730e-01
8.507379293441772461e-01
7.177470922470092773e-01
7.653956413269042969e-01
8.755619525909423828e-01
7.473030686378479004e-01
7.210528850555419922e-01
9.010003209114074707e-01
7.042680978775024414e-01
7.311661243438720703e-01
7.087108492851257324e-01
7.071429491043090820e-01
7.961059808731079102e-01
7.305957078933715820e-01
7.563031315803527832e-01
7.266013622283935547e-01
8.379552364349365234e-01
7.320212125778198242e-01
7.765225768089294434e-01
7.469991445541381836e-01
6.891899108886718750e-01
7.122840881347656250e-01
7.075768113136291504e-01
6.831150650978088379e-01
7.263612747192382812e-01
6.458219289779663086e-01
6.755298376083374023e-01
7.321268320083618164e-01
7.056645154953002930e-01
7.091078758239746094e-01
7.815874218940734863e-01
8.292888998985290527e-01
8.017364144325256348e-01
7.308110594749450684e-01
6.841667294502258301e-01
7.309987545013427734e-01
7.145770788192749023e-01
6.932814717292785645e-01
6.658428311347961426e-01
7.713823318481445312e-01
8.225573897361755371e-01
6.573083996772766113e-01
8.465222120285034180e-01
7.069914340972900391e-01
7.365419864654541016e-01
7.899185419082641602e-01
7.167950272560119629e-01
7.015385031700134277e-01
8.258419632911682129e-01
6.906247735023498535e-01
7.166697382926940918e-01
7.382250428199768066e-01
7.013611793518066406e-01
9.151903390884399414e-01
7.260625362396240234e-01
7.630035281181335449e-01
7.052740454673767090e-01
8.555867671966552734e-01
7.452662587165832520e-01
9.175205826759338379e-01
7.800021767616271973e-01
6.893262267112731934e-01
6.951329112052917480e-01
6.918747425079345703e-01
6.799731850624084473e-01
7.483673691749572754e-01
6.451196670532226562e-01
6.288930177688598633e-01
7.272593379020690918e-01
6.894996762275695801e-01
7.146532535552978516e-01
9.105464816093444824e-01
9.111909270286560059e-01
9.194524884223937988e-01
7.331694364547729492e-01
7.585327029228210449e-01
7.542406916618347168e-01
7.088720202445983887e-01
7.131069302558898926e-01
6.555201411247253418e-01
8.789119720458984375e-01
9.049502015113830566e-01
6.518049240112304688e-01
8.450579047203063965e-01
7.079096436500549316e-01
7.661541700363159180e-01
8.926134705543518066e-01
7.300264239311218262e-01
7.074704766273498535e-01
9.126138687133789062e-01
6.955385804176330566e-01
7.102068066596984863e-01
7.222906351089477539e-01
7.078449130058288574e-01
8.082890510559082031e-01
7.426769733428955078e-01
7.640988826751708984e-01
7.344570159912109375e-01
8.442820906639099121e-01
7.391410470008850098e-01
7.914375662803649902e-01
7.665426135063171387e-01
6.917039155960083008e-01
7.112404704093933105e-01
7.119982242584228516e-01
6.800299286842346191e-01
7.436789870262145996e-01
6.463248729705810547e-01
6.727166175842285156e-01
7.414436936378479004e-01
7.117291688919067383e-01
7.188228964805603027e-01
7.975935935974121094e-01
8.504285812377929688e-01
8.125936985015869141e-01
7.400360107421875000e-01
7.017740607261657715e-01
7.472383975982666016e-01
7.189541459083557129e-01
7.067589163780212402e-01
6.668344140052795410e-01
7.704155445098876953e-01
8.478074073791503906e-01
6.609364748001098633e-01
8.756195306777954102e-01
7.214255928993225098e-01
7.489243149757385254e-01
8.047420978546142578e-01
7.324209809303283691e-01
7.034143805503845215e-01
8.507758975028991699e-01
6.973661184310913086e-01
7.260388731956481934e-01
7.410590052604675293e-01
7.250391244888305664e-01
8.955090045928955078e-01
7.359521985054016113e-01
7.651604413986206055e-01
7.062890529632568359e-01
8.584418296813964844e-01
7.431560158729553223e-01
8.791027665138244629e-01
7.647479176521301270e-01
6.973312497138977051e-01
7.071904540061950684e-01
6.836939454078674316e-01
6.977738142013549805e-01
7.629444599151611328e-01
6.496689319610595703e-01
6.367404460906982422e-01
7.196173071861267090e-01
7.080963850021362305e-01
7.285808920860290527e-01
8.907905817031860352e-01
9.115445613861083984e-01
8.921079635620117188e-01
7.362990379333496094e-01
7.413199543952941895e-01
7.449694871902465820e-01
7.065907120704650879e-01
7.245833277702331543e-01
6.801794171333312988e-01
8.639053106307983398e-01
8.803939819335937500e-01
6.761109828948974609e-01
8.719868659973144531e-01
7.149611711502075195e-01
7.573829293251037598e-01
8.803930282592773438e-01
7.385305762290954590e-01
7.043189406394958496e-01
9.066873788833618164e-01
6.916383504867553711e-01
7.241557240486145020e-01
7.309361696243286133e-01
7.379114627838134766e-01
8.502572178840637207e-01
7.369611263275146484e-01
7.959094047546386719e-01
7.271471619606018066e-01
8.542265892028808594e-01
7.569814920425415039e-01
8.378194570541381836e-01
7.825888991355895996e-01
7.220876812934875488e-01
7.276586294174194336e-01
7.047245502471923828e-01
7.128909826278686523e-01
7.131740450859069824e-01
6.608228683471679688e-01
6.556627154350280762e-01
7.368534207344055176e-01
7.205337285995483398e-01
7.214591503143310547e-01
8.351803421974182129e-01
8.289580941200256348e-01
8.629852533340454102e-01
7.495803236961364746e-01
7.265086174011230469e-01
7.543731927871704102e-01
7.339640259742736816e-01
7.035443782806396484e-01
6.946142315864562988e-01
8.366944193840026855e-01
8.192323446273803711e-01
6.731769442558288574e-01
8.213120698928833008e-01
7.093408107757568359e-01
7.566832900047302246e-01
8.031108975410461426e-01
7.358335852622985840e-01
7.226217389106750488e-01
8.418971300125122070e-01
7.169108390808105469e-01
7.377497553825378418e-01
7.606710195541381836e-01
7.109817862510681152e-01
9.186248779296875000e-01
7.330285310745239258e-01
7.680498957633972168e-01
7.088997364044189453e-01
8.294386267662048340e-01
7.529094219207763672e-01
9.176269173622131348e-01
7.841014862060546875e-01
6.964954137802124023e-01
7.062122821807861328e-01
6.876623630523681641e-01
6.843178868293762207e-01
7.548340559005737305e-01
6.549794673919677734e-01
6.361384391784667969e-01
7.279714345932006836e-01
6.973879933357238770e-01
7.236138582229614258e-01
9.007139205932617188e-01
9.272946715354919434e-01
9.274175167083740234e-01
7.389780879020690918e-01
7.823822498321533203e-01
7.658480405807495117e-01
7.106426954269409180e-01
7.297718524932861328e-01
6.628363728523254395e-01
8.855531215667724609e-01
8.932114839553833008e-01
6.567548513412475586e-01
8.224147558212280273e-01
7.135026454925537109e-01
7.796084880828857422e-01
9.043453335762023926e-01
7.351292371749877930e-01
7.216339707374572754e-01
9.198153018951416016e-01
7.050202488899230957e-01
7.189302444458007812e-01
7.429969906806945801e-01
6.961762309074401855e-01
9.319449067115783691e-01
7.132225036621093750e-01
7.388417720794677734e-01
6.892229318618774414e-01
8.228311538696289062e-01
7.309532761573791504e-01
9.325810074806213379e-01
7.586323022842407227e-01
6.822746396064758301e-01
6.865804195404052734e-01
6.697609424591064453e-01
6.807710528373718262e-01
7.597787976264953613e-01
6.536235809326171875e-01
6.231702566146850586e-01
7.023591399192810059e-01
6.857752203941345215e-01
7.135275006294250488e-01
9.226645827293395996e-01
9.154482483863830566e-01
9.312664270401000977e-01
7.192964553833007812e-01
7.682425975799560547e-01
7.462447285652160645e-01
6.932290196418762207e-01
7.203686237335205078e-01
6.586100459098815918e-01
8.919559717178344727e-01
8.900929689407348633e-01
6.549183130264282227e-01
7.967369556427001953e-01
7.015215158462524414e-01
7.614975571632385254e-01
9.128861427307128906e-01
7.201770544052124023e-01
7.025840878486633301e-01
9.149428009986877441e-01
6.879040002822875977e-01
6.994397044181823730e-01
7.440871596336364746e-01
7.214009165763854980e-01
8.763594627380371094e-01
7.158803939819335938e-01
7.521230578422546387e-01
6.972866654396057129e-01
7.838839292526245117e-01
7.387594580650329590e-01
8.812885284423828125e-01
7.499510049819946289e-01
6.994602084159851074e-01
7.110636234283447266e-01
6.777361631393432617e-01
6.992551684379577637e-01
7.571133375167846680e-01
6.793583631515502930e-01
6.392078399658203125e-01
7.054191231727600098e-01
7.037501931190490723e-01
7.121703028678894043e-01
8.739514350891113281e-01
8.776435256004333496e-01
8.838605880737304688e-01
7.242940664291381836e-01
7.501183748245239258e-01
7.382226586341857910e-01
7.047116160392761230e-01
7.079804539680480957e-01
6.710311770439147949e-01
8.857294917106628418e-01
8.354309201240539551e-01
6.573736667633056641e-01
7.763613462448120117e-01
6.977900862693786621e-01
7.558584809303283691e-01
8.608213067054748535e-01
7.201465964317321777e-01
7.276207804679870605e-01
8.728293180465698242e-01
6.977130174636840820e-01
6.986294388771057129e-01
7.093291878700256348e-01
6.686472296714782715e-01
8.670888543128967285e-01
6.776135563850402832e-01
7.079027295112609863e-01
6.459223628044128418e-01
8.390253186225891113e-01
7.051709890365600586e-01
8.529599308967590332e-01
7.167982459068298340e-01
6.402381062507629395e-01
6.526986360549926758e-01
6.248866319656372070e-01
6.467221379280090332e-01
7.111336588859558105e-01
6.047990322113037109e-01
5.808092355728149414e-01
6.656190752983093262e-01
6.517245769500732422e-01
6.689495444297790527e-01
8.642796874046325684e-01
8.795279860496520996e-01
8.709602952003479004e-01
6.807579994201660156e-01
7.163830995559692383e-01
6.970093846321105957e-01
6.518916487693786621e-01
6.690102815628051758e-01
6.177999377250671387e-01
8.601478934288024902e-01
8.639829754829406738e-01
6.111654043197631836e-01
8.182798027992248535e-01
6.561830043792724609e-01
7.069092392921447754e-01
8.662503957748413086e-01
6.802340745925903320e-01
6.541243195533752441e-01
8.791923522949218750e-01
6.335956454277038574e-01
6.713479161262512207e-01
7.720407247543334961e-01
7.939158678054809570e-01
6.639362573623657227e-01
7.975836992263793945e-01
8.122242093086242676e-01
8.168227076530456543e-01
6.329316496849060059e-01
7.979875206947326660e-01
6.720973253250122070e-01
8.048518896102905273e-01
8.028116822242736816e-01
8.248992562294006348e-01
7.975857853889465332e-01
7.817624211311340332e-01
6.503215432167053223e-01
7.843981385231018066e-01
7.840122580528259277e-01
8.099481463432312012e-01
8.006158471107482910e-01
8.051396608352661133e-01
6.390981078147888184e-01
6.734062433242797852e-01
6.782525181770324707e-01
8.238444328308105469e-01
7.400126457214355469e-01
8.121452331542968750e-01
8.179709315299987793e-01
7.590702176094055176e-01
7.801098227500915527e-01
6.708946824073791504e-01
6.564898490905761719e-01
7.678562998771667480e-01
6.765472292900085449e-01
7.977014780044555664e-01
8.116106390953063965e-01
6.275231838226318359e-01
8.050628304481506348e-01
8.157272338867187500e-01
6.859678030014038086e-01
8.020856380462646484e-01
8.108502030372619629e-01
7.468218803405761719e-01
7.272775769233703613e-01
8.783795833587646484e-01
7.309175133705139160e-01
7.700923681259155273e-01
7.112560868263244629e-01
8.471329808235168457e-01
7.529016137123107910e-01
8.587067723274230957e-01
7.646047472953796387e-01
7.024496197700500488e-01
7.135825753211975098e-01
6.938818097114562988e-01
7.028946280479431152e-01
7.540644407272338867e-01
6.576597690582275391e-01
6.532624363899230957e-01
7.205947637557983398e-01
7.068704962730407715e-01
7.194620966911315918e-01
8.715083003044128418e-01
8.753476738929748535e-01
8.747395277023315430e-01
7.359531521797180176e-01
7.348083257675170898e-01
7.456203699111938477e-01
7.123011350631713867e-01
7.201206088066101074e-01
6.812033653259277344e-01
8.466970324516296387e-01
8.708676099777221680e-01
6.633884906768798828e-01
8.755362033843994141e-01
7.068041563034057617e-01
7.580546140670776367e-01
8.580253124237060547e-01
7.311700582504272461e-01
7.128093242645263672e-01
8.729630112648010254e-01
6.998176574707031250e-01
7.185894250869750977e-01
7.437615990638732910e-01
7.073326706886291504e-01
8.783169388771057129e-01
7.187494635581970215e-01
7.502482533454895020e-01
7.059957981109619141e-01
8.121321797370910645e-01
7.372755408287048340e-01
8.750097751617431641e-01
7.531524300575256348e-01
6.992372870445251465e-01
7.019758224487304688e-01
6.863442659378051758e-01
6.968076229095458984e-01
7.722583413124084473e-01
6.675831675529479980e-01
6.485639810562133789e-01
7.230361700057983398e-01
6.991987824440002441e-01
7.162405252456665039e-01
8.696945309638977051e-01
9.361367821693420410e-01
8.745771050453186035e-01
7.326697707176208496e-01
7.533657550811767578e-01
7.393316030502319336e-01
7.049987912178039551e-01
7.201332449913024902e-01
6.744344830513000488e-01
8.621765375137329102e-01
8.900091052055358887e-01
6.738066673278808594e-01
8.607484698295593262e-01
7.067446708679199219e-01
7.589332461357116699e-01
8.643146753311157227e-01
7.274715900421142578e-01
7.132788896560668945e-01
9.257861375808715820e-01
6.992548108100891113e-01
7.130041122436523438e-01
7.817647457122802734e-01
8.380468487739562988e-01
6.105571985244750977e-01
7.774310111999511719e-01
7.929366827011108398e-01
8.014172911643981934e-01
5.908135771751403809e-01
8.052150011062622070e-01
6.128050684928894043e-01
7.623671889305114746e-01
8.327546119689941406e-01
8.403261303901672363e-01
8.036612868309020996e-01
8.364892601966857910e-01
6.102769374847412109e-01
8.334439396858215332e-01
8.015317916870117188e-01
7.857576012611389160e-01
8.147048354148864746e-01
7.938921451568603516e-01
5.805167555809020996e-01
6.199766993522644043e-01
6.249164342880249023e-01
8.118579387664794922e-01
7.162818312644958496e-01
7.618301510810852051e-01
8.194038271903991699e-01
7.458135485649108887e-01
8.271868228912353516e-01
6.636390089988708496e-01
5.755485892295837402e-01
7.708104252815246582e-01
6.240245699882507324e-01
7.809700965881347656e-01
7.829132080078125000e-01
5.617879033088684082e-01
7.770336866378784180e-01
8.397234678268432617e-01
6.308498382568359375e-01
8.112747669219970703e-01
7.727109193801879883e-01
7.162695527076721191e-01
7.065480947494506836e-01
8.512976169586181641e-01
7.200260162353515625e-01
7.525669336318969727e-01
7.113132476806640625e-01
8.103815913200378418e-01
7.380558252334594727e-01
8.605310916900634766e-01
7.477899193763732910e-01
6.922221779823303223e-01
7.065367698669433594e-01
6.912393569946289062e-01
6.776572465896606445e-01
7.283120751380920410e-01
6.539008021354675293e-01
6.539561152458190918e-01
7.286825776100158691e-01
6.966570019721984863e-01
7.068873047828674316e-01
8.449044227600097656e-01
8.233863711357116699e-01
8.689593672752380371e-01
7.266958355903625488e-01
7.212989926338195801e-01
7.342254519462585449e-01
7.116757631301879883e-01
7.007031440734863281e-01
6.598826050758361816e-01
8.068258166313171387e-01
8.155947327613830566e-01
6.455627679824829102e-01
7.877689599990844727e-01
6.948817372322082520e-01
7.555459141731262207e-01
8.001633286476135254e-01
7.160313129425048828e-01
7.299504876136779785e-01
8.347666263580322266e-01
7.110547423362731934e-01
7.067626714706420898e-01
7.410941720008850098e-01
6.907451748847961426e-01
9.086916446685791016e-01
6.981469988822937012e-01
7.305430769920349121e-01
6.681919097900390625e-01
7.865703701972961426e-01
7.285203337669372559e-01
9.109911322593688965e-01
7.507684826850891113e-01
6.607162356376647949e-01
6.710050106048583984e-01
6.486409902572631836e-01
6.718435287475585938e-01
7.356422543525695801e-01
6.352293491363525391e-01
6.019904613494873047e-01
6.841754913330078125e-01
6.749434471130371094e-01
6.966112852096557617e-01
8.978932499885559082e-01
9.003434181213378906e-01
9.090557694435119629e-01
7.047368288040161133e-01
7.684523463249206543e-01
7.298696041107177734e-01
6.675215363502502441e-01
7.112403512001037598e-01
6.453809142112731934e-01
8.752530813217163086e-01
8.773406147956848145e-01
6.439520120620727539e-01
7.847735881805419922e-01
6.846269965171813965e-01
7.470356225967407227e-01
8.856238722801208496e-01
7.084597945213317871e-01
6.874712109565734863e-01
8.972601294517517090e-01
6.627709269523620605e-01
6.841370463371276855e-01
7.568272352218627930e-01
7.221094369888305664e-01
9.137821793556213379e-01
7.287835478782653809e-01
7.461491823196411133e-01
6.927657723426818848e-01
7.845854759216308594e-01
7.447232604026794434e-01
9.159567952156066895e-01
7.690896391868591309e-01
6.982259154319763184e-01
7.005202770233154297e-01
6.799343228340148926e-01
7.084994316101074219e-01
7.585640549659729004e-01
6.759666800498962402e-01
6.231647133827209473e-01
7.120034098625183105e-01
7.111387848854064941e-01
7.435536384582519531e-01
9.010586738586425781e-01
8.914884924888610840e-01
9.093123674392700195e-01
7.383356690406799316e-01
7.935440540313720703e-01
7.579594254493713379e-01
7.028366327285766602e-01
7.456194758415222168e-01
6.836134791374206543e-01
8.902099132537841797e-01
8.693624138832092285e-01
6.927577257156372070e-01
7.768646478652954102e-01
7.235209941864013672e-01
7.756642699241638184e-01
8.964455127716064453e-01
7.459977865219116211e-01
7.149240970611572266e-01
8.930586576461791992e-01
6.967966556549072266e-01
7.155352830886840820e-01
7.143779397010803223e-01
6.654239296913146973e-01
8.978421688079833984e-01
6.721795201301574707e-01
7.204913496971130371e-01
6.569951772689819336e-01
8.066770434379577637e-01
7.031517028808593750e-01
9.078165292739868164e-01
7.317042946815490723e-01
6.447962522506713867e-01
6.503098011016845703e-01
6.358830928802490234e-01
6.417374014854431152e-01
7.501862049102783203e-01
6.098914742469787598e-01
5.916084647178649902e-01
6.758117675781250000e-01
6.421933770179748535e-01
6.662295460700988770e-01
9.036771655082702637e-01
9.126881957054138184e-01
9.068460464477539062e-01
6.818251013755798340e-01
7.345340251922607422e-01
7.103843688964843750e-01
6.574935913085937500e-01
6.796890497207641602e-01
6.177584528923034668e-01
8.664819002151489258e-01
8.933323621749877930e-01
6.059685349464416504e-01
8.080831766128540039e-01
6.525592803955078125e-01
7.240598797798156738e-01
8.876703977584838867e-01
6.805024743080139160e-01
6.767723560333251953e-01
9.080159068107604980e-01
6.557806730270385742e-01
6.623864173889160156e-01
7.193990349769592285e-01
6.751006245613098145e-01
8.940841555595397949e-01
6.827980279922485352e-01
7.101817727088928223e-01
6.618494391441345215e-01
7.874129414558410645e-01
7.091544866561889648e-01
9.177752733230590820e-01
7.210358977317810059e-01
6.664091348648071289e-01
6.677349209785461426e-01
6.447175741195678711e-01
6.609920263290405273e-01
7.438884377479553223e-01
6.359233260154724121e-01
6.057414412498474121e-01
6.776438951492309570e-01
6.587435603141784668e-01
6.856745481491088867e-01
9.027298688888549805e-01
8.835505843162536621e-01
9.012171030044555664e-01
6.916180253028869629e-01
7.255098819732666016e-01
7.087892293930053711e-01
6.702565550804138184e-01
6.903827190399169922e-01
6.362545490264892578e-01
8.946456909179687500e-01
8.705812692642211914e-01
6.337231397628784180e-01
7.832729816436767578e-01
6.701595783233642578e-01
7.297956347465515137e-01
8.692237734794616699e-01
6.855679154396057129e-01
6.916201710700988770e-01
8.868881464004516602e-01
6.691031455993652344e-01
6.696022152900695801e-01
7.366337180137634277e-01
7.035186290740966797e-01
9.253091216087341309e-01
7.264312505722045898e-01
7.554202079772949219e-01
6.992881894111633301e-01
8.451108336448669434e-01
7.371565699577331543e-01
9.186956286430358887e-01
7.664330601692199707e-01
6.858294010162353516e-01
7.016637921333312988e-01
6.693674921989440918e-01
6.821525692939758301e-01
7.008271813392639160e-01
6.522869467735290527e-01
6.232404708862304688e-01
7.079700231552124023e-01
6.962490677833557129e-01
7.144854068756103516e-01
9.052276015281677246e-01
8.853439092636108398e-01
9.302589297294616699e-01
7.306805253028869629e-01
7.513132095336914062e-01
7.478378415107727051e-01
7.040530443191528320e-01
7.056942582130432129e-01
6.585554480552673340e-01
8.687506914138793945e-01
8.543857336044311523e-01
6.502925157546997070e-01
7.851393818855285645e-01
7.099311351776123047e-01
7.577772736549377441e-01
8.838231563568115234e-01
7.263798117637634277e-01
6.978010535240173340e-01
8.869951963424682617e-01
6.841470599174499512e-01
7.114322781562805176e-01
7.525238990783691406e-01
6.930016875267028809e-01
9.272948503494262695e-01
7.169791460037231445e-01
7.437835931777954102e-01
6.906805038452148438e-01
8.233678340911865234e-01
7.434154748916625977e-01
9.312832951545715332e-01
7.670103311538696289e-01
6.755402088165283203e-01
6.857889294624328613e-01
6.679556965827941895e-01
6.728240251541137695e-01
7.535187005996704102e-01
6.445757746696472168e-01
6.230206489562988281e-01
7.065796256065368652e-01
6.845735311508178711e-01
7.124484777450561523e-01
9.196572899818420410e-01
9.103311300277709961e-01
9.309771060943603516e-01
7.210214734077453613e-01
7.747562527656555176e-01
7.520211338996887207e-01
6.893754601478576660e-01
7.247629165649414062e-01
6.519427895545959473e-01
8.778297901153564453e-01
9.024407267570495605e-01
6.507943272590637207e-01
8.065195083618164062e-01
7.007449865341186523e-01
7.679340839385986328e-01
9.072008728981018066e-01
7.201069593429565430e-01
7.030597329139709473e-01
9.075299501419067383e-01
6.835211515426635742e-01
7.023249268531799316e-01
7.513880133628845215e-01
7.116789221763610840e-01
9.224961400032043457e-01
7.347552180290222168e-01
7.652857303619384766e-01
7.178499102592468262e-01
8.632633090019226074e-01
7.507628798484802246e-01
9.185084104537963867e-01
7.808324694633483887e-01
7.015893459320068359e-01
7.091826200485229492e-01
7.000460028648376465e-01
6.948393583297729492e-01
7.607329487800598145e-01
6.651204824447631836e-01
6.514642238616943359e-01
7.331994771957397461e-01
7.076418995857238770e-01
7.231998443603515625e-01
9.229049682617187500e-01
9.331806302070617676e-01
9.234632253646850586e-01
7.428353428840637207e-01
7.663449645042419434e-01
7.622886896133422852e-01
7.181890010833740234e-01
7.221170067787170410e-01
6.725269556045532227e-01
8.843541145324707031e-01
9.132238626480102539e-01
6.694567203521728516e-01
8.371821641921997070e-01
7.213799953460693359e-01
7.724854350090026855e-01
9.210926294326782227e-01
7.413748502731323242e-01
7.133341431617736816e-01
9.309646487236022949e-01
7.026194334030151367e-01
7.196113467216491699e-01
7.339152693748474121e-01
6.897939443588256836e-01
8.947961330413818359e-01
6.947292685508728027e-01
7.356044054031372070e-01
6.758756637573242188e-01
8.180879950523376465e-01
7.259415388107299805e-01
8.927125334739685059e-01
7.483332157135009766e-01
6.758098602294921875e-01
6.816186904907226562e-01
6.574511528015136719e-01
6.680759191513061523e-01
7.409740090370178223e-01
6.400524377822875977e-01
6.121583580970764160e-01
6.883372068405151367e-01
6.727163195610046387e-01
6.843646764755249023e-01
8.879413604736328125e-01
9.174314141273498535e-01
9.013580083847045898e-01
7.046240568161010742e-01
7.428882122039794922e-01
7.301390171051025391e-01
6.809379458427429199e-01
6.917743682861328125e-01
6.415635943412780762e-01
8.814180493354797363e-01
8.731988072395324707e-01
6.286948323249816895e-01
8.173545598983764648e-01
6.759710311889648438e-01
7.407045960426330566e-01
8.869471549987792969e-01
7.001628875732421875e-01
6.944216489791870117e-01
9.128232002258300781e-01
6.692364811897277832e-01
6.860945224761962891e-01
7.247962355613708496e-01
6.892397999763488770e-01
8.748756051063537598e-01
7.142217159271240234e-01
7.437806725502014160e-01
6.944786310195922852e-01
8.516212105751037598e-01
7.253680229187011719e-01
8.676776885986328125e-01
7.516381144523620605e-01
6.785830855369567871e-01
6.955794692039489746e-01
6.667948365211486816e-01
6.647550463676452637e-01
7.198926806449890137e-01
6.348343491554260254e-01
6.274151206016540527e-01
7.001082897186279297e-01
6.847431659698486328e-01
6.910637021064758301e-01
8.754040002822875977e-01
9.051817655563354492e-01
8.792600631713867188e-01
7.157656550407409668e-01
7.234373092651367188e-01
7.363897562026977539e-01
6.930626034736633301e-01
6.871306300163269043e-01
6.486383080482482910e-01
8.489969372749328613e-01
8.453813195228576660e-01
6.366574764251708984e-01
8.198744058609008789e-01
6.929506659507751465e-01
7.398863434791564941e-01
8.652539253234863281e-01
7.090966701507568359e-01
6.860598325729370117e-01
9.046919345855712891e-01
6.707462668418884277e-01
6.981092095375061035e-01
7.594481110572814941e-01
7.092617154121398926e-01
9.170742034912109375e-01
7.332441210746765137e-01
7.634692192077636719e-01
7.122420072555541992e-01
8.071159124374389648e-01
7.579126954078674316e-01
9.257772564888000488e-01
7.900997400283813477e-01
7.079443931579589844e-01
7.094949483871459961e-01
6.938647031784057617e-01
6.963762640953063965e-01
7.624609470367431641e-01
6.712459921836853027e-01
6.443511843681335449e-01
7.296424508094787598e-01
7.055338621139526367e-01
7.276188135147094727e-01
9.068445563316345215e-01
9.372851252555847168e-01
9.207334518432617188e-01
7.473101615905761719e-01
7.872279286384582520e-01
7.725119590759277344e-01
7.136810421943664551e-01
7.336980104446411133e-01
6.775192618370056152e-01
8.796891570091247559e-01
9.083219170570373535e-01
6.762986183166503906e-01
8.279951214790344238e-01
7.238044142723083496e-01
7.836546301841735840e-01
8.979551196098327637e-01
7.457779049873352051e-01
7.240227460861206055e-01
9.356952905654907227e-01
7.065636515617370605e-01
7.262358069419860840e-01
7.221321463584899902e-01
7.963761687278747559e-01
7.090791463851928711e-01
7.791937589645385742e-01
8.156666755676269531e-01
8.118259310722351074e-01
7.231295704841613770e-01
7.797016501426696777e-01
6.977605223655700684e-01
7.522196173667907715e-01
8.062588572502136230e-01
8.190253973007202148e-01
7.985628843307495117e-01
7.880762219429016113e-01
6.877596378326416016e-01
7.799800634384155273e-01
7.936333417892456055e-01
7.991414666175842285e-01
7.985626459121704102e-01
7.643314599990844727e-01
6.711182594299316406e-01
6.986079216003417969e-01
7.180172801017761230e-01
8.009046316146850586e-01
6.720442175865173340e-01
7.538651823997497559e-01
8.153474926948547363e-01
7.137840390205383301e-01
7.637428641319274902e-01
7.216451764106750488e-01
6.795418262481689453e-01
7.341157793998718262e-01
7.138155102729797363e-01
7.643070220947265625e-01
7.724824547767639160e-01
6.377789378166198730e-01
7.600904703140258789e-01
8.033369183540344238e-01
7.021891474723815918e-01
7.967022657394409180e-01
7.688599824905395508e-01
7.068771123886108398e-01
6.805537343025207520e-01
8.814234733581542969e-01
6.869515180587768555e-01
7.289407849311828613e-01
6.532750129699707031e-01
8.645096421241760254e-01
7.060585618019104004e-01
8.535079956054687500e-01
7.222455143928527832e-01
6.418074369430541992e-01
6.525222063064575195e-01
6.330361366271972656e-01
6.515547633171081543e-01
7.248468995094299316e-01
5.956742763519287109e-01
5.839213132858276367e-01
6.696528792381286621e-01
6.602236628532409668e-01
6.720598936080932617e-01
8.946145176887512207e-01
8.532733321189880371e-01
8.755753636360168457e-01
6.822696924209594727e-01
7.095048427581787109e-01
6.997615098953247070e-01
6.532510519027709961e-01
6.773096919059753418e-01
6.284970045089721680e-01
8.373790979385375977e-01
8.442657589912414551e-01
6.147589087486267090e-01
8.273247480392456055e-01
6.587291359901428223e-01
7.064722180366516113e-01
8.825179934501647949e-01
6.821215748786926270e-01
6.484319567680358887e-01
8.507114052772521973e-01
6.412655711174011230e-01
6.710305809974670410e-01
7.552444934844970703e-01
7.487201690673828125e-01
9.143211841583251953e-01
7.459410429000854492e-01
7.914944887161254883e-01
7.390009760856628418e-01
8.670010566711425781e-01
7.703461647033691406e-01
9.157467484474182129e-01
7.862552404403686523e-01
7.376940846443176270e-01
7.430806159973144531e-01
7.217819690704345703e-01
7.275286316871643066e-01
7.529954314231872559e-01
6.954999566078186035e-01
6.759747266769409180e-01
7.522093653678894043e-01
7.275434732437133789e-01
7.371858954429626465e-01
9.035252332687377930e-01
9.064878225326538086e-01
9.244695305824279785e-01
7.633809447288513184e-01
7.616398334503173828e-01
7.638033032417297363e-01
7.463959455490112305e-01
7.234695553779602051e-01
7.004967927932739258e-01
9.045527577400207520e-01
8.842063546180725098e-01
6.836103200912475586e-01
8.471878170967102051e-01
7.292578816413879395e-01
7.790403366088867188e-01
8.682534694671630859e-01
7.463164329528808594e-01
7.501831650733947754e-01
9.087862968444824219e-01
7.342812418937683105e-01
7.361463308334350586e-01
