4.819935560226440430e-01
5.407038331031799316e-01
6.608012318611145020e-01
6.579317450523376465e-01
6.122658848762512207e-01
5.364125370979309082e-01
4.242561757564544678e-01
6.380021572113037109e-01
6.594058275222778320e-01
5.216787457466125488e-01
6.143538355827331543e-01
6.456732153892517090e-01
6.078498363494873047e-01
5.203449726104736328e-01
4.713220298290252686e-01
5.857453942298889160e-01
6.010407805442810059e-01
5.509423613548278809e-01
4.296690821647644043e-01
6.014707088470458984e-01
5.364619493484497070e-01
5.288651585578918457e-01
4.941703081130981445e-01
6.853801608085632324e-01
5.022456049919128418e-01
5.965704917907714844e-01
6.548889279365539551e-01
6.647354960441589355e-01
4.876024127006530762e-01
5.113241076469421387e-01
6.651497483253479004e-01
6.824107170104980469e-01
5.953241586685180664e-01
5.160968899726867676e-01
4.245627522468566895e-01
6.155818104743957520e-01
6.355397105216979980e-01
5.309441685676574707e-01
5.972461104393005371e-01
6.248750090599060059e-01
5.965881347656250000e-01
4.855393767356872559e-01
4.608565866947174072e-01
5.621234178543090820e-01
5.912090539932250977e-01
5.279222130775451660e-01
4.330764412879943848e-01
5.782244205474853516e-01
4.935892522335052490e-01
5.561508536338806152e-01
5.391067266464233398e-01
6.445864439010620117e-01
5.021302103996276855e-01
6.170246005058288574e-01
6.541106104850769043e-01
6.569047570228576660e-01
4.712313413619995117e-01
5.174046754837036133e-01
6.436923146247863770e-01
6.394366025924682617e-01
6.106104850769042969e-01
5.049245953559875488e-01
4.067202210426330566e-01
5.996602773666381836e-01
6.478500962257385254e-01
5.014015436172485352e-01
6.070383787155151367e-01
6.454768776893615723e-01
5.864948034286499023e-01
5.087276697158813477e-01
4.690657556056976318e-01
5.620676875114440918e-01
5.594174265861511230e-01
5.524136424064636230e-01
4.435780942440032959e-01
5.634781718254089355e-01
5.362404584884643555e-01
4.957720935344696045e-01
4.848164618015289307e-01
6.778562664985656738e-01
4.819597005844116211e-01
5.897627472877502441e-01
6.430633664131164551e-01
6.435391902923583984e-01
4.783060252666473389e-01
5.197566151618957520e-01
6.954548358917236328e-01
6.775946617126464844e-01
6.113880276679992676e-01
5.251541733741760254e-01
4.258626103401184082e-01
6.341593265533447266e-01
6.674137711524963379e-01
5.490645170211791992e-01
6.154351830482482910e-01
6.319208741188049316e-01
6.098629832267761230e-01
4.971725642681121826e-01
4.660841226577758789e-01
5.761094093322753906e-01
5.996817946434020996e-01
5.331385135650634766e-01
4.295403659343719482e-01
5.914216637611389160e-01
4.869050979614257812e-01
5.405130386352539062e-01
5.532941818237304688e-01
6.621159911155700684e-01
4.960035681724548340e-01
6.119819283485412598e-01
6.885380148887634277e-01
6.847350597381591797e-01
4.567790031433105469e-01
5.301045179367065430e-01
6.513882279396057129e-01
6.663318872451782227e-01
5.940282344818115234e-01
5.295273661613464355e-01
4.073874056339263916e-01
6.370766162872314453e-01
6.430135965347290039e-01
5.173605680465698242e-01
6.135736703872680664e-01
6.273704767227172852e-01
6.209479570388793945e-01
4.905729591846466064e-01
4.692154526710510254e-01
5.858394503593444824e-01
5.796739459037780762e-01
5.449112057685852051e-01
4.290775954723358154e-01
6.112868189811706543e-01
4.701469838619232178e-01
5.325102806091308594e-01
5.205587148666381836e-01
6.314874887466430664e-01
5.275493860244750977e-01
5.803990960121154785e-01
6.429945826530456543e-01
6.620935201644897461e-01
4.854610562324523926e-01
4.865798354148864746e-01
6.160768270492553711e-01
6.165161728858947754e-01
5.847176909446716309e-01
4.928857088088989258e-01
4.160101711750030518e-01
5.888103842735290527e-01
6.331257224082946777e-01
5.152432918548583984e-01
5.883470773696899414e-01
6.413553357124328613e-01
5.730569958686828613e-01
4.906254708766937256e-01
4.605478048324584961e-01
5.435074567794799805e-01
5.827195644378662109e-01
5.333703160285949707e-01
4.063049256801605225e-01
5.404872298240661621e-01
5.141887068748474121e-01
4.787538647651672363e-01
4.900276660919189453e-01
6.703209280967712402e-01
4.437792301177978516e-01
6.018595099449157715e-01
6.162489056587219238e-01
6.251778602600097656e-01
5.090097784996032715e-01
5.433853268623352051e-01
6.897776722908020020e-01
6.971034407615661621e-01
6.495869159698486328e-01
5.327340960502624512e-01
4.688737690448760986e-01
6.647756099700927734e-01
7.140516042709350586e-01
5.598195195198059082e-01
6.815195679664611816e-01
6.732930541038513184e-01
6.147862672805786133e-01
5.468737483024597168e-01
5.238936543464660645e-01
5.703366398811340332e-01
6.333786249160766602e-01
5.681725144386291504e-01
4.816998839378356934e-01
5.897061824798583984e-01
5.584378838539123535e-01
5.597366690635681152e-01
5.576976537704467773e-01
7.261381745338439941e-01
4.947445392608642578e-01
6.621941328048706055e-01
7.063426375389099121e-01
7.286430001258850098e-01
4.777548313140869141e-01
5.599665045738220215e-01
7.054744958877563477e-01
6.318513751029968262e-01
6.142271161079406738e-01
5.564796328544616699e-01
4.651123285293579102e-01
6.567074060440063477e-01
7.259401082992553711e-01
5.176742672920227051e-01
6.367614865303039551e-01
6.265594959259033203e-01
6.434667110443115234e-01
4.660329520702362061e-01
4.806828498840332031e-01
5.990097522735595703e-01
5.844662189483642578e-01
5.650399327278137207e-01
4.669660627841949463e-01
5.973902940750122070e-01
4.986022412776947021e-01
5.231873393058776855e-01
5.186008810997009277e-01
6.843984723091125488e-01
5.141333937644958496e-01
5.640189647674560547e-01
7.175161838531494141e-01
6.501525044441223145e-01
4.748198091983795166e-01
5.107422471046447754e-01
6.674184799194335938e-01
6.302568912506103516e-01
5.792303681373596191e-01
5.188154578208923340e-01
3.982141613960266113e-01
6.194964647293090820e-01
6.598534584045410156e-01
4.967689216136932373e-01
5.948037505149841309e-01
6.073930859565734863e-01
6.071267724037170410e-01
4.672918021678924561e-01
4.442324936389923096e-01
5.682678818702697754e-01
5.726472735404968262e-01
5.472498536109924316e-01
4.215173125267028809e-01
5.727766156196594238e-01
4.675229787826538086e-01
5.165838599205017090e-01
5.530082583427429199e-01
6.375448703765869141e-01
4.937463402748107910e-01
5.614282488822937012e-01
6.639375686645507812e-01
6.174006462097167969e-01
4.688913524150848389e-01
5.328058004379272461e-01
6.606792211532592773e-01
6.469471454620361328e-01
5.850347280502319336e-01
5.274653434753417969e-01
4.326529204845428467e-01
5.948445200920104980e-01
6.462174654006958008e-01
5.418046116828918457e-01
6.087900400161743164e-01
6.268517971038818359e-01
5.982010364532470703e-01
5.337262153625488281e-01
5.025563240051269531e-01
5.735931396484375000e-01
5.586165189743041992e-01
5.390022993087768555e-01
4.362676143646240234e-01
5.696926712989807129e-01
4.811055362224578857e-01
5.123987197875976562e-01
4.959758818149566650e-01
6.424061059951782227e-01
4.923815429210662842e-01
5.644277930259704590e-01
6.498134732246398926e-01
6.268464326858520508e-01
4.566943347454071045e-01
4.805983304977416992e-01
5.908910632133483887e-01
6.314088702201843262e-01
5.435156226158142090e-01
4.919356107711791992e-01
4.371585845947265625e-01
5.642392039299011230e-01
5.828383564949035645e-01
5.110899209976196289e-01
5.527707934379577637e-01
5.912430882453918457e-01
5.575298666954040527e-01
4.983588457107543945e-01
4.631894528865814209e-01
5.366216301918029785e-01
5.343995690345764160e-01
5.156702399253845215e-01
4.280700385570526123e-01
5.268334746360778809e-01
4.744273126125335693e-01
4.743900895118713379e-01
4.722299575805664062e-01
6.042794585227966309e-01
4.700790643692016602e-01
5.675483942031860352e-01
5.908696055412292480e-01
5.855004787445068359e-01
4.839853048324584961e-01
4.819333255290985107e-01
5.972559452056884766e-01
5.995738506317138672e-01
5.602509379386901855e-01
4.974993169307708740e-01
4.123932421207427979e-01
6.012591123580932617e-01
6.301440000534057617e-01
4.628007411956787109e-01
6.084275245666503906e-01
5.868448615074157715e-01
5.614498853683471680e-01
4.679171741008758545e-01
4.426651895046234131e-01
5.379903912544250488e-01
5.218284130096435547e-01
5.501747727394104004e-01
4.347032308578491211e-01
5.372701287269592285e-01
5.397236943244934082e-01
4.864526093006134033e-01
4.796054065227508545e-01
6.566348671913146973e-01
4.825654923915863037e-01
5.627136230468750000e-01
6.171657443046569824e-01
6.008319854736328125e-01
5.014073848724365234e-01
5.253836512565612793e-01
7.039790153503417969e-01
7.018694281578063965e-01
6.248939037322998047e-01
5.331921577453613281e-01
4.452122151851654053e-01
6.602864861488342285e-01
6.934939026832580566e-01
5.762676000595092773e-01
6.473290920257568359e-01
6.412737965583801270e-01
6.234945654869079590e-01
5.169827938079833984e-01
4.855109155178070068e-01
5.767365097999572754e-01
6.296010017395019531e-01
5.512034893035888672e-01
4.524782896041870117e-01
6.024314761161804199e-01
4.835214912891387939e-01
5.494166016578674316e-01
5.588356852531433105e-01
6.728774905204772949e-01
5.236250758171081543e-01
6.178187131881713867e-01
6.944206953048706055e-01
7.197954654693603516e-01
4.949051141738891602e-01
5.340344905853271484e-01
6.820045709609985352e-01
6.571288108825683594e-01
6.209439635276794434e-01
5.351551771163940430e-01
4.444290697574615479e-01
6.481319665908813477e-01
7.084354758262634277e-01
5.267279148101806641e-01
6.707189679145812988e-01
6.607180833816528320e-01
6.293355822563171387e-01
5.030586123466491699e-01
4.807165265083312988e-01
5.808942914009094238e-01
6.138327717781066895e-01
5.507732629776000977e-01
4.570026993751525879e-01
5.932828187942504883e-01
5.262885093688964844e-01
5.240720510482788086e-01
5.578020811080932617e-01
7.111696600914001465e-01
4.932021200656890869e-01
6.227562427520751953e-01
6.980428695678710938e-01
6.840067505836486816e-01
4.875575900077819824e-01
4.925352334976196289e-01
6.427776217460632324e-01
6.949807405471801758e-01
5.987372398376464844e-01
5.053382515907287598e-01
4.191262722015380859e-01
6.170874238014221191e-01
6.589500308036804199e-01
5.373587012290954590e-01
6.583464145660400391e-01
6.100557446479797363e-01
5.687938928604125977e-01
5.069335103034973145e-01
4.543969333171844482e-01
5.308010578155517578e-01
6.485011577606201172e-01
5.327351093292236328e-01
4.402679502964019775e-01
5.645600557327270508e-01
5.477862954139709473e-01
4.978460371494293213e-01
5.667541027069091797e-01
6.578558683395385742e-01
4.455551803112030029e-01
6.474311947822570801e-01
6.548146009445190430e-01
7.269100546836853027e-01
4.683730006217956543e-01
5.104863047599792480e-01
6.762426495552062988e-01
6.334719657897949219e-01
5.951615571975708008e-01
5.273033380508422852e-01
3.966310024261474609e-01
6.493719220161437988e-01
6.800164580345153809e-01
4.878113269805908203e-01
6.147444248199462891e-01
6.131392121315002441e-01
6.166603565216064453e-01
4.602481424808502197e-01
4.508067965507507324e-01
5.735992789268493652e-01
5.572972893714904785e-01
5.833778381347656250e-01
4.466885924339294434e-01
5.753345489501953125e-01
4.882737100124359131e-01
5.077227950096130371e-01
5.494473576545715332e-01
6.434133052825927734e-01
4.995526075363159180e-01
5.536877512931823730e-01
6.824882626533508301e-01
6.453331708908081055e-01
4.804375171661376953e-01
4.969881474971771240e-01
6.578541398048400879e-01
6.389162540435791016e-01
5.948314666748046875e-01
4.874805212020874023e-01
4.153014719486236572e-01
5.955961346626281738e-01
6.583505868911743164e-01
5.140039920806884766e-01
6.095502972602844238e-01
6.299622058868408203e-01
5.607432126998901367e-01
4.789933860301971436e-01
4.666747450828552246e-01
5.326124429702758789e-01
5.741273760795593262e-01
5.425335168838500977e-01
4.302201271057128906e-01
5.386505126953125000e-01
5.263946056365966797e-01
4.938994050025939941e-01
4.912530779838562012e-01
6.839188337326049805e-01
4.680655598640441895e-01
6.104264855384826660e-01
6.596964597702026367e-01
6.671465635299682617e-01
4.814814329147338867e-01
5.177998542785644531e-01
5.870843529701232910e-01
6.271253824234008789e-01
5.895271897315979004e-01
5.067018866539001465e-01
4.077496528625488281e-01
5.966778993606567383e-01
6.051437258720397949e-01
4.836948215961456299e-01
5.982401371002197266e-01
6.219310760498046875e-01
5.810870528221130371e-01
5.029180049896240234e-01
4.942509233951568604e-01
5.544832944869995117e-01
5.539459586143493652e-01
5.442810058593750000e-01
4.467470645904541016e-01
5.521914958953857422e-01
5.263170599937438965e-01
4.958949387073516846e-01
4.721930623054504395e-01
6.752548813819885254e-01
5.003768205642700195e-01
5.735009312629699707e-01
5.819123983383178711e-01
5.895773768424987793e-01
5.100809335708618164e-01
5.387511253356933594e-01
6.839262247085571289e-01
6.936725378036499023e-01
6.321455240249633789e-01
5.410335659980773926e-01
4.492807090282440186e-01
6.801996231079101562e-01
7.210809588432312012e-01
5.607535839080810547e-01
6.651186943054199219e-01
6.557601094245910645e-01
6.150015592575073242e-01
5.264201760292053223e-01
4.926817417144775391e-01
5.862572789192199707e-01
6.367442011833190918e-01
5.616715550422668457e-01
4.752846956253051758e-01
6.076975464820861816e-01
5.506330728530883789e-01
5.611169934272766113e-01
5.392575263977050781e-01
6.943178176879882812e-01
5.201708078384399414e-01
6.737857460975646973e-01
6.886029839515686035e-01
7.265744209289550781e-01
4.975205957889556885e-01
5.289005041122436523e-01
7.029335498809814453e-01
6.892719864845275879e-01
6.072126030921936035e-01
5.267571806907653809e-01
4.724327623844146729e-01
6.417386531829833984e-01
6.901702880859375000e-01
5.512216687202453613e-01
6.313623785972595215e-01
6.470420956611633301e-01
6.259166002273559570e-01
5.005900859832763672e-01
4.753072559833526611e-01
5.820344686508178711e-01
6.163245439529418945e-01
5.389028787612915039e-01
4.630669355392456055e-01
6.026121973991394043e-01
4.985354542732238770e-01
5.539270639419555664e-01
5.658845901489257812e-01
6.760724782943725586e-01
4.987245202064514160e-01
6.437129974365234375e-01
7.107624411582946777e-01
6.979205012321472168e-01
4.724118411540985107e-01
5.137723684310913086e-01
6.513537168502807617e-01
6.338334679603576660e-01
6.139940619468688965e-01
5.146383047103881836e-01
4.083481431007385254e-01
6.214600205421447754e-01
6.648386120796203613e-01
5.252900123596191406e-01
6.086408495903015137e-01
6.320485472679138184e-01
5.814144611358642578e-01
4.797676205635070801e-01
4.656105935573577881e-01
5.536556839942932129e-01
5.636617541313171387e-01
5.411284565925598145e-01
4.317394495010375977e-01
5.633323788642883301e-01
5.349907875061035156e-01
5.109285712242126465e-01
4.920913577079772949e-01
6.750045418739318848e-01
4.842157363891601562e-01
6.066442131996154785e-01
6.498217582702636719e-01
6.584220528602600098e-01
4.593113660812377930e-01
5.185213685035705566e-01
6.958427429199218750e-01
6.425590515136718750e-01
5.952643752098083496e-01
5.292645692825317383e-01
3.978211283683776855e-01
6.521263122558593750e-01
6.968026161193847656e-01
4.943106770515441895e-01
6.126126050949096680e-01
6.142938137054443359e-01
6.290621757507324219e-01
4.783488810062408447e-01
4.567061960697174072e-01
5.757991075515747070e-01
5.667565464973449707e-01
5.713017582893371582e-01
4.443273246288299561e-01
5.967279672622680664e-01
4.829407632350921631e-01
5.072911381721496582e-01
5.417831540107727051e-01
6.334422230720520020e-01
5.076652765274047852e-01
5.506418347358703613e-01
6.975368261337280273e-01
6.821393370628356934e-01
5.152969360351562500e-01
5.197318792343139648e-01
6.923845410346984863e-01
6.769732236862182617e-01
6.145163774490356445e-01
5.185412764549255371e-01
4.356661140918731689e-01
6.488906741142272949e-01
6.983134746551513672e-01
5.351731777191162109e-01
6.921374201774597168e-01
6.372330784797668457e-01
6.187045574188232422e-01
4.968409240245819092e-01
4.705355167388916016e-01
5.630254149436950684e-01
6.437519192695617676e-01
5.568599700927734375e-01
4.609635770320892334e-01
5.876820087432861328e-01
4.938179850578308105e-01
5.263543128967285156e-01
5.792571306228637695e-01
7.122902274131774902e-01
4.900881946086883545e-01
6.350072622299194336e-01
6.963351964950561523e-01
7.114709615707397461e-01
4.618251025676727295e-01
5.124133825302124023e-01
5.897101759910583496e-01
6.294165253639221191e-01
5.658707022666931152e-01
5.375617146492004395e-01
4.652606844902038574e-01
5.770307779312133789e-01
5.820357203483581543e-01
5.338295102119445801e-01
5.519554018974304199e-01
6.100366711616516113e-01
5.868452191352844238e-01
5.185425877571105957e-01
4.761047959327697754e-01
5.725741982460021973e-01
5.349063277244567871e-01
4.983801543712615967e-01
4.462762176990509033e-01
5.726739764213562012e-01
4.504885375499725342e-01
5.118687748908996582e-01
4.549188315868377686e-01
5.756180286407470703e-01
5.184108614921569824e-01
5.463920235633850098e-01
5.859614610671997070e-01
5.769708156585693359e-01
5.128143429756164551e-01
5.626951456069946289e-01
7.091006636619567871e-01
6.821770071983337402e-01
6.222162842750549316e-01
5.472828149795532227e-01
4.539678096771240234e-01
6.562068462371826172e-01
7.090778946876525879e-01
5.661863088607788086e-01
6.502605080604553223e-01
6.495327949523925781e-01
6.087253689765930176e-01
5.269644260406494141e-01
5.062262415885925293e-01
5.833883881568908691e-01
6.168782711029052734e-01
5.695887207984924316e-01
4.841293096542358398e-01
5.974119901657104492e-01
5.733194351196289062e-01
5.523939728736877441e-01
5.040903687477111816e-01
7.327219843864440918e-01
5.274103879928588867e-01
6.311012506484985352e-01
7.029088735580444336e-01
7.038221359252929688e-01
4.795354604721069336e-01
5.124188661575317383e-01
6.684684157371520996e-01
6.114468574523925781e-01
5.538754463195800781e-01
5.030012726783752441e-01
3.814537525177001953e-01
6.066496372222900391e-01
6.626111268997192383e-01
4.946323037147521973e-01
5.563951730728149414e-01
5.765538215637207031e-01
5.862044095993041992e-01
4.767619371414184570e-01
4.731437861919403076e-01
5.579058527946472168e-01
5.299128293991088867e-01
5.613606572151184082e-01
4.462060034275054932e-01
5.426011681556701660e-01
4.595439434051513672e-01
5.052019953727722168e-01
5.259171724319458008e-01
6.017782688140869141e-01
4.821831583976745605e-01
5.524157285690307617e-01
6.721662282943725586e-01
6.020725369453430176e-01
4.852419495582580566e-01
5.394999384880065918e-01
6.510241627693176270e-01
6.722639799118041992e-01
5.898101925849914551e-01
5.268321633338928223e-01
4.516235888004302979e-01
6.190205812454223633e-01
6.780279278755187988e-01
5.230024456977844238e-01
6.486618518829345703e-01
6.327503919601440430e-01
5.906350612640380859e-01
5.226904749870300293e-01
4.807138741016387939e-01
5.758700966835021973e-01
5.688712000846862793e-01
5.697080492973327637e-01
4.618335068225860596e-01
5.796476006507873535e-01
5.850171446800231934e-01
5.195053219795227051e-01
4.739348888397216797e-01
7.032817006111145020e-01
5.044078826904296875e-01
6.414509415626525879e-01
6.632174253463745117e-01
6.739550232887268066e-01
